{"session":"b975668079c4","build":"183.4284.148","bucket":"-1","time":1550212829152,"group":{"id":"system.os.name","version":"8"},"event":{"data":{"created":1550212829152},"id":"Windows"}}
{"session":"b975668079c4","build":"183.4284.148","bucket":"-1","time":1550212829152,"group":{"id":"system.os.version","version":"8"},"event":{"data":{"created":1550212829200},"id":"10.0"}}
{"session":"b975668079c4","build":"183.4284.148","bucket":"-1","time":1550212829152,"group":{"id":"system.jvm.vendor","version":"8"},"event":{"data":{"created":1550212829221},"id":"JetBrains_s.r.o"}}
{"session":"b975668079c4","build":"183.4284.148","bucket":"-1","time":1550212829152,"group":{"id":"system.jvm.version","version":"8"},"event":{"data":{"created":1550212829222},"id":"1.8"}}
{"session":"b975668079c4","build":"183.4284.148","bucket":"-1","time":1550212829154,"group":{"id":"settings","version":"8"},"event":{"data":{"created":1550212829223,"name":"activeMruEditorOnClose","value":false},"id":"UISettings"}}
{"session":"b975668079c4","build":"183.4284.148","bucket":"-1","time":1550212829154,"group":{"id":"settings","version":"8"},"event":{"data":{"created":1550212829223,"name":"activeRightEditorOnClose","value":false},"id":"UISettings"}}
{"session":"b975668079c4","build":"183.4284.148","bucket":"-1","time":1550212829154,"group":{"id":"settings","version":"8"},"event":{"data":{"created":1550212829224,"name":"allowMergeButtons","value":true},"id":"UISettings"}}
{"session":"b975668079c4","build":"183.4284.148","bucket":"-1","time":1550212829154,"group":{"id":"settings","version":"8"},"event":{"data":{"created":1550212829224,"name":"alwaysShowWindowsButton","value":false},"id":"UISettings"}}
{"session":"b975668079c4","build":"183.4284.148","bucket":"-1","time":1550212829154,"group":{"id":"settings","version":"8"},"event":{"data":{"created":1550212829225,"name":"animateWindows","value":true},"id":"UISettings"}}
{"session":"b975668079c4","build":"183.4284.148","bucket":"-1","time":1550212829154,"group":{"id":"settings","version":"8"},"event":{"data":{"created":1550212829225,"name":"closeNonModifiedFilesFirst","value":false},"id":"UISettings"}}
{"session":"b975668079c4","build":"183.4284.148","bucket":"-1","time":1550212829154,"group":{"id":"settings","version":"8"},"event":{"data":{"created":1550212829225,"name":"closeTabButtonOnTheRight","value":true},"id":"UISettings"}}
{"session":"b975668079c4","build":"183.4284.148","bucket":"-1","time":1550212829154,"group":{"id":"settings","version":"8"},"event":{"data":{"created":1550212829226,"name":"cycleScrolling","value":true},"id":"UISettings"}}
{"session":"b975668079c4","build":"183.4284.148","bucket":"-1","time":1550212829154,"group":{"id":"settings","version":"8"},"event":{"data":{"created":1550212829226,"name":"defaultAutoScrollToSource","value":false},"id":"UISettings"}}
{"session":"b975668079c4","build":"183.4284.148","bucket":"-1","time":1550212829154,"group":{"id":"settings","version":"8"},"event":{"data":{"created":1550212829226,"name":"disableMnemonics","value":false},"id":"UISettings"}}
{"session":"b975668079c4","build":"183.4284.148","bucket":"-1","time":1550212829154,"group":{"id":"settings","version":"8"},"event":{"data":{"created":1550212829227,"name":"disableMnemonicsInControls","value":false},"id":"UISettings"}}
{"session":"b975668079c4","build":"183.4284.148","bucket":"-1","time":1550212829154,"group":{"id":"settings","version":"8"},"event":{"data":{"created":1550212829227,"name":"dndWithPressedAltOnly","value":false},"id":"UISettings"}}
{"session":"b975668079c4","build":"183.4284.148","bucket":"-1","time":1550212829154,"group":{"id":"settings","version":"8"},"event":{"data":{"created":1550212829228,"name":"enableAlphaMode","value":false},"id":"UISettings"}}
{"session":"b975668079c4","build":"183.4284.148","bucket":"-1","time":1550212829154,"group":{"id":"settings","version":"8"},"event":{"data":{"created":1550212829228,"name":"hideKnownExtensionInTabs","value":false},"id":"UISettings"}}
{"session":"b975668079c4","build":"183.4284.148","bucket":"-1","time":1550212829154,"group":{"id":"settings","version":"8"},"event":{"data":{"created":1550212829228,"name":"hideNavigationOnFocusLoss","value":true},"id":"UISettings"}}
{"session":"b975668079c4","build":"183.4284.148","bucket":"-1","time":1550212829154,"group":{"id":"settings","version":"8"},"event":{"data":{"created":1550212829229,"name":"hideTabsIfNeed","value":true},"id":"UISettings"}}
{"session":"b975668079c4","build":"183.4284.148","bucket":"-1","time":1550212829154,"group":{"id":"settings","version":"8"},"event":{"data":{"created":1550212829229,"name":"hideToolStripes","value":false},"id":"UISettings"}}
{"session":"b975668079c4","build":"183.4284.148","bucket":"-1","time":1550212829154,"group":{"id":"settings","version":"8"},"event":{"data":{"created":1550212829229,"name":"leftHorizontalSplit","value":false},"id":"UISettings"}}
{"session":"b975668079c4","build":"183.4284.148","bucket":"-1","time":1550212829154,"group":{"id":"settings","version":"8"},"event":{"data":{"created":1550212829230,"name":"markModifiedTabsWithAsterisk","value":false},"id":"UISettings"}}
{"session":"b975668079c4","build":"183.4284.148","bucket":"-1","time":1550212829154,"group":{"id":"settings","version":"8"},"event":{"data":{"created":1550212829230,"name":"mergeEqualStackTraces","value":true},"id":"UISettings"}}
{"session":"b975668079c4","build":"183.4284.148","bucket":"-1","time":1550212829154,"group":{"id":"settings","version":"8"},"event":{"data":{"created":1550212829230,"name":"moveMouseOnDefaultButton","value":false},"id":"UISettings"}}
{"session":"b975668079c4","build":"183.4284.148","bucket":"-1","time":1550212829154,"group":{"id":"settings","version":"8"},"event":{"data":{"created":1550212829231,"name":"navigateToPreview","value":false},"id":"UISettings"}}
{"session":"b975668079c4","build":"183.4284.148","bucket":"-1","time":1550212829154,"group":{"id":"settings","version":"8"},"event":{"data":{"created":1550212829231,"name":"overrideConsoleCycleBufferSize","value":false},"id":"UISettings"}}
{"session":"b975668079c4","build":"183.4284.148","bucket":"-1","time":1550212829154,"group":{"id":"settings","version":"8"},"event":{"data":{"created":1550212829231,"name":"overrideLafFonts","value":false},"id":"UISettings"}}
{"session":"b975668079c4","build":"183.4284.148","bucket":"-1","time":1550212829154,"group":{"id":"settings","version":"8"},"event":{"data":{"created":1550212829231,"name":"pinFindInPath","value":false},"id":"UISettings"}}
{"session":"b975668079c4","build":"183.4284.148","bucket":"-1","time":1550212829154,"group":{"id":"settings","version":"8"},"event":{"data":{"created":1550212829232,"name":"presentationMode","value":false},"id":"UISettings"}}
{"session":"b975668079c4","build":"183.4284.148","bucket":"-1","time":1550212829154,"group":{"id":"settings","version":"8"},"event":{"data":{"created":1550212829232,"name":"reuseNotModifiedTabs","value":false},"id":"UISettings"}}
{"session":"b975668079c4","build":"183.4284.148","bucket":"-1","time":1550212829154,"group":{"id":"settings","version":"8"},"event":{"data":{"created":1550212829232,"name":"rightHorizontalSplit","value":false},"id":"UISettings"}}
{"session":"b975668079c4","build":"183.4284.148","bucket":"-1","time":1550212829154,"group":{"id":"settings","version":"8"},"event":{"data":{"created":1550212829233,"name":"scrollTabLayoutInEditor","value":true},"id":"UISettings"}}
{"session":"b975668079c4","build":"183.4284.148","bucket":"-1","time":1550212829154,"group":{"id":"settings","version":"8"},"event":{"data":{"created":1550212829233,"name":"showCloseButton","value":true},"id":"UISettings"}}
{"session":"b975668079c4","build":"183.4284.148","bucket":"-1","time":1550212829154,"group":{"id":"settings","version":"8"},"event":{"data":{"created":1550212829233,"name":"showDirectoryForNonUniqueFilenames","value":true},"id":"UISettings"}}
{"session":"b975668079c4","build":"183.4284.148","bucket":"-1","time":1550212829154,"group":{"id":"settings","version":"8"},"event":{"data":{"created":1550212829233,"name":"showEditorToolTip","value":true},"id":"UISettings"}}
{"session":"b975668079c4","build":"183.4284.148","bucket":"-1","time":1550212829154,"group":{"id":"settings","version":"8"},"event":{"data":{"created":1550212829234,"name":"showIconInQuickNavigation","value":true},"id":"UISettings"}}
{"session":"b975668079c4","build":"183.4284.148","bucket":"-1","time":1550212829154,"group":{"id":"settings","version":"8"},"event":{"data":{"created":1550212829234,"name":"showIconsInMenus","value":true},"id":"UISettings"}}
{"session":"b975668079c4","build":"183.4284.148","bucket":"-1","time":1550212829154,"group":{"id":"settings","version":"8"},"event":{"data":{"created":1550212829234,"name":"showMainToolbar","value":false},"id":"UISettings"}}
{"session":"b975668079c4","build":"183.4284.148","bucket":"-1","time":1550212829154,"group":{"id":"settings","version":"8"},"event":{"data":{"created":1550212829235,"name":"showMemoryIndicator","value":false},"id":"UISettings"}}
{"session":"b975668079c4","build":"183.4284.148","bucket":"-1","time":1550212829154,"group":{"id":"settings","version":"8"},"event":{"data":{"created":1550212829235,"name":"showNavigationBar","value":true},"id":"UISettings"}}
{"session":"b975668079c4","build":"183.4284.148","bucket":"-1","time":1550212829154,"group":{"id":"settings","version":"8"},"event":{"data":{"created":1550212829235,"name":"showStatusBar","value":true},"id":"UISettings"}}
{"session":"b975668079c4","build":"183.4284.148","bucket":"-1","time":1550212829154,"group":{"id":"settings","version":"8"},"event":{"data":{"created":1550212829235,"name":"showTabsTooltips","value":true},"id":"UISettings"}}
{"session":"b975668079c4","build":"183.4284.148","bucket":"-1","time":1550212829154,"group":{"id":"settings","version":"8"},"event":{"data":{"created":1550212829235,"name":"showToolWindowsNumbers","value":true},"id":"UISettings"}}
{"session":"b975668079c4","build":"183.4284.148","bucket":"-1","time":1550212829154,"group":{"id":"settings","version":"8"},"event":{"data":{"created":1550212829236,"name":"smoothScrolling","value":false},"id":"UISettings"}}
{"session":"b975668079c4","build":"183.4284.148","bucket":"-1","time":1550212829154,"group":{"id":"settings","version":"8"},"event":{"data":{"created":1550212829236,"name":"sortBookmarks","value":false},"id":"UISettings"}}
{"session":"b975668079c4","build":"183.4284.148","bucket":"-1","time":1550212829154,"group":{"id":"settings","version":"8"},"event":{"data":{"created":1550212829236,"name":"sortLookupElementsLexicographically","value":false},"id":"UISettings"}}
{"session":"b975668079c4","build":"183.4284.148","bucket":"-1","time":1550212829154,"group":{"id":"settings","version":"8"},"event":{"data":{"created":1550212829236,"name":"useSmallLabelsOnTabs","value":false},"id":"UISettings"}}
{"session":"b975668079c4","build":"183.4284.148","bucket":"-1","time":1550212829154,"group":{"id":"settings","version":"8"},"event":{"data":{"created":1550212829236,"name":"wideScreenSupport","value":false},"id":"UISettings"}}
{"session":"b975668079c4","build":"183.4284.148","bucket":"-1","time":1550212832585,"group":{"id":"settings","version":"8"},"event":{"data":{"created":1550212832586,"name":"autoSaveIfInactive","value":false},"id":"GeneralSettings"}}
{"session":"b975668079c4","build":"183.4284.148","bucket":"-1","time":1550212832585,"group":{"id":"settings","version":"8"},"event":{"data":{"created":1550212832587,"name":"confirmExit","value":true},"id":"GeneralSettings"}}
{"session":"b975668079c4","build":"183.4284.148","bucket":"-1","time":1550212832585,"group":{"id":"settings","version":"8"},"event":{"data":{"created":1550212832587,"name":"reopenLastProject","value":true},"id":"GeneralSettings"}}
{"session":"b975668079c4","build":"183.4284.148","bucket":"-1","time":1550212832585,"group":{"id":"settings","version":"8"},"event":{"data":{"created":1550212832587,"name":"saveOnFrameDeactivation","value":true},"id":"GeneralSettings"}}
{"session":"b975668079c4","build":"183.4284.148","bucket":"-1","time":1550212832585,"group":{"id":"settings","version":"8"},"event":{"data":{"created":1550212832587,"name":"searchInBackground","value":false},"id":"GeneralSettings"}}
{"session":"b975668079c4","build":"183.4284.148","bucket":"-1","time":1550212832585,"group":{"id":"settings","version":"8"},"event":{"data":{"default":false,"created":1550212832587,"name":"showTipsOnStartup","value":false},"id":"GeneralSettings"}}
{"session":"b975668079c4","build":"183.4284.148","bucket":"-1","time":1550212832585,"group":{"id":"settings","version":"8"},"event":{"data":{"created":1550212832587,"name":"showWelcomeScreen","value":true},"id":"GeneralSettings"}}
{"session":"b975668079c4","build":"183.4284.148","bucket":"-1","time":1550212832585,"group":{"id":"settings","version":"8"},"event":{"data":{"created":1550212832591,"name":"supportScreenReaders","value":false},"id":"GeneralSettings"}}
{"session":"b975668079c4","build":"183.4284.148","bucket":"-1","time":1550212832585,"group":{"id":"settings","version":"8"},"event":{"data":{"created":1550212832592,"name":"syncOnFrameActivation","value":true},"id":"GeneralSettings"}}
{"session":"b975668079c4","build":"183.4284.148","bucket":"-1","time":1550212832585,"group":{"id":"settings","version":"8"},"event":{"data":{"created":1550212832592,"name":"useDefaultBrowser","value":true},"id":"GeneralSettings"}}
{"session":"b975668079c4","build":"183.4284.148","bucket":"-1","time":1550212832585,"group":{"id":"settings","version":"8"},"event":{"data":{"created":1550212832592,"name":"useSafeWrite","value":true},"id":"GeneralSettings"}}
{"session":"b975668079c4","build":"183.4284.148","bucket":"-1","time":1550212843131,"group":{"id":"ui.dialogs","version":"8"},"event":{"count":1,"data":{"created":1550212843131,"type":"show"},"id":"com.intellij.openapi.progress.util.ProgressDialog$MyDialogWrapper"}}
{"session":"b975668079c4","build":"183.4284.148","bucket":"-1","time":1550212843768,"group":{"id":"statistics.lifecycle.app","version":"8"},"event":{"count":1,"data":{"created":1550212843768,"data_2":"10+","data_1":"timeSecondsGrouped"},"id":"ide.freeze"}}
{"session":"b975668079c4","build":"183.4284.148","bucket":"-1","time":1550212843779,"group":{"id":"lifecycle","version":"8"},"event":{"count":1,"data":{"durationSeconds":12,"created":1550212843779},"id":"ide.freeze"}}
{"session":"b975668079c4","build":"183.4284.148","bucket":"-1","time":1550212853622,"group":{"id":"ui.dialogs","version":"8"},"event":{"count":1,"data":{"code":1,"created":1550212853622,"type":"close"},"id":"com.intellij.openapi.progress.util.ProgressDialog$MyDialogWrapper"}}
{"session":"b975668079c4","build":"183.4284.148","bucket":"-1","time":1550212853765,"group":{"id":"statistics.lifecycle.project","version":"8"},"event":{"count":1,"data":{"created":1550212853765,"project":"1467702432"},"id":"project.opened"}}
{"session":"b975668079c4","build":"183.4284.148","bucket":"-1","time":1550212853765,"group":{"id":"lifecycle","version":"8"},"event":{"count":1,"data":{"created":1550212853766},"id":"project.opened"}}
{"session":"b975668079c4","build":"183.4284.148","bucket":"-1","time":1550212859510,"group":{"id":"ui.dialogs","version":"8"},"event":{"count":1,"data":{"created":1550212859512,"type":"show"},"id":"com.intellij.openapi.progress.util.ProgressDialog$MyDialogWrapper"}}
{"session":"b975668079c4","build":"183.4284.148","bucket":"-1","time":1550212859824,"group":{"id":"statistics.lifecycle.app","version":"8"},"event":{"count":1,"data":{"created":1550212859824,"data_2":"7","data_1":"timeSecondsGrouped"},"id":"ide.freeze"}}
{"session":"b975668079c4","build":"183.4284.148","bucket":"-1","time":1550212859824,"group":{"id":"lifecycle","version":"8"},"event":{"count":1,"data":{"durationSeconds":7,"created":1550212859824},"id":"ide.freeze"}}
{"session":"b975668079c4","build":"183.4284.148","bucket":"-1","time":1550212863738,"group":{"id":"toolwindow","version":"8"},"event":{"count":1,"data":{"created":1550212863738,"data_1":"Windows"},"id":"Project_by_Activation"}}
{"session":"b975668079c4","build":"183.4284.148","bucket":"-1","time":1550212864904,"group":{"id":"statistics.lifecycle.app","version":"8"},"event":{"count":1,"data":{"created":1550212864904},"id":"ide.start"}}
{"session":"b975668079c4","build":"183.4284.148","bucket":"-1","time":1550212864904,"group":{"id":"lifecycle","version":"8"},"event":{"count":1,"data":{"created":1550212864904},"id":"app.started"}}
{"session":"b975668079c4","build":"183.4284.148","bucket":"-1","time":1550212866722,"group":{"id":"ui.dialogs","version":"8"},"event":{"count":1,"data":{"code":1,"created":1550212866722,"type":"close"},"id":"com.intellij.openapi.progress.util.ProgressDialog$MyDialogWrapper"}}
{"session":"b975668079c4","build":"183.4284.148","bucket":"-1","time":1550212866802,"group":{"id":"statistics.lifecycle.project","version":"8"},"event":{"count":1,"data":{"created":1550212866803,"project":"1467702432"},"id":"project.open.time.24"}}
{"session":"b975668079c4","build":"183.4284.148","bucket":"-1","time":1550212866802,"group":{"id":"lifecycle","version":"8"},"event":{"count":1,"data":{"created":1550212866803,"time.ms":24604},"id":"project.opening.finished"}}
{"session":"b975668079c4","build":"183.4284.148","bucket":"-1","time":1550212934090,"group":{"id":"actions.v2","version":"8"},"event":{"count":2,"data":{"context_menu":false,"last":1550212934197,"created":1550212934090,"data_1":"Windows"},"id":"EditorDown"}}
{"session":"b975668079c4","build":"183.4284.148","bucket":"-1","time":1550212934485,"group":{"id":"actions.v2","version":"8"},"event":{"count":1,"data":{"context_menu":false,"created":1550212934485,"data_1":"Windows"},"id":"EditorLeft"}}
{"session":"b975668079c4","build":"183.4284.148","bucket":"-1","time":1550212934672,"group":{"id":"actions.v2","version":"8"},"event":{"count":2,"data":{"context_menu":false,"last":1550212934993,"created":1550212934672,"data_1":"Windows"},"id":"EditorUp"}}
{"session":"b975668079c4","build":"183.4284.148","bucket":"-1","time":1550212935226,"group":{"id":"actions.v2","version":"8"},"event":{"count":12,"data":{"context_menu":false,"last":1550212936884,"created":1550212935226,"data_1":"Windows"},"id":"EditorRight"}}
{"session":"b975668079c4","build":"183.4284.148","bucket":"-1","time":1550212937222,"group":{"id":"actions.v2","version":"8"},"event":{"count":1,"data":{"context_menu":false,"created":1550212937222,"data_1":"Windows"},"id":"ShowIntentionActions"}}
{"session":"b975668079c4","build":"183.4284.148","bucket":"-1","time":1550212964992,"group":{"id":"actions.v2","version":"8"},"event":{"count":1,"data":{"context_menu":false,"created":1550212964992,"data_1":"Windows"},"id":"EditorEnter"}}
{"session":"b975668079c4","build":"183.4284.148","bucket":"-1","time":1550212964995,"group":{"id":"statistics.file.types.edit","version":"8"},"event":{"count":1,"data":{"created":1550212964995,"project":"1467702432"},"id":"JAVA"}}
{"session":"b975668079c4","build":"183.4284.148","bucket":"-1","time":1550212968014,"group":{"id":"actions.v2","version":"8"},"event":{"count":1,"data":{"context_menu":false,"created":1550212968014,"data_1":"Windows"},"id":"EditorRight"}}
{"session":"b975668079c4","build":"183.4284.148","bucket":"-1","time":1550212969926,"group":{"id":"actions.v2","version":"8"},"event":{"count":5,"data":{"context_menu":false,"last":1550212971447,"created":1550212969926,"data_1":"Windows"},"id":"EditorBackSpace"}}
{"session":"b975668079c4","build":"183.4284.148","bucket":"-1","time":1550212972410,"group":{"id":"actions.v2","version":"8"},"event":{"count":1,"data":{"context_menu":false,"created":1550212972410,"data_1":"Windows"},"id":"EditorChooseLookupItem"}}
{"session":"b975668079c4","build":"183.4284.148","bucket":"-1","time":1550212972429,"group":{"id":"statistics.productivity","version":"8"},"event":{"count":1,"data":{"created":1550212972429},"id":"editing.completion.basic"}}
{"session":"b975668079c4","build":"183.4284.148","bucket":"-1","time":1550212973581,"group":{"id":"actions.v2","version":"8"},"event":{"count":1,"data":{"context_menu":false,"created":1550212973581,"data_1":"Windows"},"id":"EditorLineStart"}}
{"session":"b975668079c4","build":"183.4284.148","bucket":"-1","time":1550212974052,"group":{"id":"actions.v2","version":"8"},"event":{"count":1,"data":{"context_menu":false,"created":1550212974052,"data_1":"Windows"},"id":"ShowIntentionActions"}}
{"session":"b975668079c4","build":"183.4284.148","bucket":"-1","time":1550212979193,"group":{"id":"statistics.actions.intentions","version":"8"},"event":{"count":1,"data":{"created":1550212979193,"data_1":"Windows"},"id":"JAVA_intention.impl.IntroduceVariableIntentionAction"}}
{"session":"b975668079c4","build":"183.4284.148","bucket":"-1","time":1550212979243,"group":{"id":"statistics.productivity","version":"8"},"event":{"count":1,"data":{"created":1550212979243},"id":"refactoring.introduceVariable.incompleteStatement"}}
{"session":"b975668079c4","build":"183.4284.148","bucket":"-1","time":1550212980615,"group":{"id":"actions.v2","version":"8"},"event":{"count":1,"data":{"context_menu":false,"created":1550212980615,"data_1":"Windows"},"id":"EditorDown"}}
{"session":"b975668079c4","build":"183.4284.148","bucket":"-1","time":1550212980826,"group":{"id":"actions.v2","version":"8"},"event":{"count":1,"data":{"context_menu":false,"created":1550212980826,"data_1":"Windows"},"id":"EditorChooseLookupItem"}}
{"session":"b975668079c4","build":"183.4284.148","bucket":"-1","time":1550212983821,"group":{"id":"actions.v2","version":"8"},"event":{"count":1,"data":{"context_menu":false,"created":1550212983822,"data_1":"Windows"},"id":"ShowIntentionActions"}}
{"session":"b975668079c4","build":"183.4284.148","bucket":"-1","time":1550212987250,"group":{"id":"actions.v2","version":"8"},"event":{"count":1,"data":{"context_menu":false,"created":1550212987250,"data_1":"Windows"},"id":"EditorLeft"}}
{"session":"b975668079c4","build":"183.4284.148","bucket":"-1","time":1550212987821,"group":{"id":"actions.v2","version":"8"},"event":{"count":1,"data":{"context_menu":false,"created":1550212987821,"data_1":"Windows"},"id":"ShowIntentionActions"}}
{"session":"b975668079c4","build":"183.4284.148","bucket":"-1","time":1550212992562,"group":{"id":"actions.v2","version":"8"},"event":{"count":9,"data":{"context_menu":false,"last":1550212993654,"created":1550212992562,"data_1":"Windows"},"id":"EditorLeft"}}
{"session":"b975668079c4","build":"183.4284.148","bucket":"-1","time":1550212993922,"group":{"id":"actions.v2","version":"8"},"event":{"count":1,"data":{"context_menu":false,"created":1550212993922,"data_1":"Windows"},"id":"ShowIntentionActions"}}
{"session":"b975668079c4","build":"183.4284.148","bucket":"-1","time":1550212995060,"group":{"id":"actions.v2","version":"8"},"event":{"count":1,"data":{"context_menu":false,"created":1550212995060,"data_1":"Windows"},"id":"EditorRight"}}
{"session":"b975668079c4","build":"183.4284.148","bucket":"-1","time":1550212995291,"group":{"id":"actions.v2","version":"8"},"event":{"count":1,"data":{"context_menu":false,"created":1550212995291,"data_1":"Windows"},"id":"ShowIntentionActions"}}
{"session":"b975668079c4","build":"183.4284.148","bucket":"-1","time":1550212996653,"group":{"id":"actions.v2","version":"8"},"event":{"count":14,"data":{"context_menu":false,"last":1550212998172,"created":1550212996653,"data_1":"Windows"},"id":"EditorRight"}}
{"session":"b975668079c4","build":"183.4284.148","bucket":"-1","time":1550212998391,"group":{"id":"actions.v2","version":"8"},"event":{"count":1,"data":{"context_menu":false,"created":1550212998391,"data_1":"Windows"},"id":"ShowIntentionActions"}}
{"session":"b975668079c4","build":"183.4284.148","bucket":"-1","time":1550213035417,"group":{"id":"statistics.actions.main.menu.v2","version":"8"},"event":{"count":1,"data":{"created":1550213035417,"data_1":"Windows"},"id":"Tools_->_View_PSI_Structure_of_Current_File..."}}
{"session":"b975668079c4","build":"183.4284.148","bucket":"-1","time":1550213035421,"group":{"id":"actions.v2","version":"8"},"event":{"count":1,"data":{"context_menu":true,"created":1550213035421,"place":"MainMenu","data_1":"Windows"},"id":"PsiViewerForContext"}}
{"session":"b975668079c4","build":"183.4284.148","bucket":"-1","time":1550213035595,"group":{"id":"ui.dialogs","version":"8"},"event":{"count":1,"data":{"created":1550213035595,"type":"show"},"id":"com.intellij.internal.psiView.PsiViewerDialog"}}
{"session":"b975668079c4","build":"183.4284.148","bucket":"-1","time":1550213102808,"group":{"id":"actions.v2","version":"8"},"event":{"count":1,"data":{"context_menu":false,"created":1550213102808,"data_1":"Windows"},"id":"DialogCancelAction_Esc"}}
{"session":"b975668079c4","build":"183.4284.148","bucket":"-1","time":1550213102808,"group":{"id":"ui.dialogs","version":"8"},"event":{"count":1,"data":{"code":1,"created":1550213102809,"type":"close"},"id":"com.intellij.internal.psiView.PsiViewerDialog"}}
{"session":"b975668079c4","build":"183.4284.148","bucket":"-1","time":1550213146781,"group":{"id":"statistics.file.types.edit","version":"8"},"event":{"count":1,"data":{"created":1550213146781,"project":"1467702432"},"id":"JAVA"}}
{"session":"b975668079c4","build":"183.4284.148","bucket":"-1","time":1550213148697,"group":{"id":"actions.v2","version":"8"},"event":{"count":1,"data":{"context_menu":false,"created":1550213148697,"data_1":"Windows"},"id":"EditorRight"}}
{"session":"b975668079c4","build":"183.4284.148","bucket":"-1","time":1550213150955,"group":{"id":"actions.v2","version":"8"},"event":{"count":2,"data":{"context_menu":false,"last":1550213151092,"created":1550213150955,"data_1":"Windows"},"id":"EditorBackSpace"}}
{"session":"b975668079c4","build":"183.4284.148","bucket":"-1","time":1550213151822,"group":{"id":"actions.v2","version":"8"},"event":{"count":1,"data":{"context_menu":false,"created":1550213151822,"data_1":"Windows"},"id":"EditorChooseLookupItem"}}
{"session":"b975668079c4","build":"183.4284.148","bucket":"-1","time":1550213151835,"group":{"id":"statistics.productivity","version":"8"},"event":{"count":1,"data":{"created":1550213151835},"id":"editing.completion.basic"}}
{"session":"b975668079c4","build":"183.4284.148","bucket":"-1","time":1550213152293,"group":{"id":"actions.v2","version":"8"},"event":{"count":1,"data":{"context_menu":false,"created":1550213152293,"data_1":"Windows"},"id":"EditorRight"}}
{"session":"b975668079c4","build":"183.4284.148","bucket":"-1","time":1550213153330,"group":{"id":"actions.v2","version":"8"},"event":{"count":1,"data":{"context_menu":false,"created":1550213153330,"data_1":"Windows"},"id":"EditorEnter"}}
{"session":"b975668079c4","build":"183.4284.148","bucket":"-1","time":1550213157418,"group":{"id":"actions.v2","version":"8"},"event":{"count":1,"data":{"context_menu":false,"created":1550213157418,"data_1":"Windows"},"id":"ShowIntentionActions"}}
{"session":"b975668079c4","build":"183.4284.148","bucket":"-1","time":1550213161473,"group":{"id":"actions.v2","version":"8"},"event":{"count":2,"data":{"context_menu":false,"last":1550213161626,"created":1550213161473,"data_1":"Windows"},"id":"EditorLeft"}}
{"session":"b975668079c4","build":"183.4284.148","bucket":"-1","time":1550213161892,"group":{"id":"actions.v2","version":"8"},"event":{"count":1,"data":{"context_menu":false,"created":1550213161892,"data_1":"Windows"},"id":"EditorDown"}}
{"session":"b975668079c4","build":"183.4284.148","bucket":"-1","time":1550213162229,"group":{"id":"actions.v2","version":"8"},"event":{"count":1,"data":{"context_menu":false,"created":1550213162229,"data_1":"Windows"},"id":"ShowIntentionActions"}}
{"session":"b975668079c4","build":"183.4284.148","bucket":"-1","time":1550213163039,"group":{"id":"actions.v2","version":"8"},"event":{"count":1,"data":{"context_menu":false,"created":1550213163039,"data_1":"Windows"},"id":"EditorUp"}}
{"session":"b975668079c4","build":"183.4284.148","bucket":"-1","time":1550213163342,"group":{"id":"actions.v2","version":"8"},"event":{"count":4,"data":{"context_menu":false,"last":1550213163811,"created":1550213163342,"data_1":"Windows"},"id":"EditorLeft"}}
{"session":"b975668079c4","build":"183.4284.148","bucket":"-1","time":1550213164060,"group":{"id":"actions.v2","version":"8"},"event":{"count":1,"data":{"context_menu":false,"created":1550213164060,"data_1":"Windows"},"id":"ShowIntentionActions"}}
{"session":"b975668079c4","build":"183.4284.148","bucket":"-1","time":1550213167315,"group":{"id":"statistics.actions.main.menu.v2","version":"8"},"event":{"count":1,"data":{"created":1550213167315,"data_1":"Windows"},"id":"File_->_Settings..."}}
{"session":"b975668079c4","build":"183.4284.148","bucket":"-1","time":1550213167320,"group":{"id":"actions.v2","version":"8"},"event":{"count":1,"data":{"context_menu":true,"created":1550213167321,"place":"MainMenu","data_1":"Windows"},"id":"ShowSettings"}}
{"session":"b975668079c4","build":"183.4284.148","bucket":"-1","time":1550213168437,"group":{"id":"ui.dialogs","version":"8"},"event":{"count":1,"data":{"created":1550213168437,"type":"show"},"id":"com.intellij.openapi.options.newEditor.SettingsDialog"}}
{"session":"b975668079c4","build":"183.4284.148","bucket":"-1","time":1550213233578,"group":{"id":"actions.v2","version":"8"},"event":{"count":1,"data":{"context_menu":false,"created":1550213233579,"data_1":"Windows"},"id":"EditorBackSpace"}}
{"session":"b975668079c4","build":"183.4284.148","bucket":"-1","time":1550213246308,"group":{"id":"actions.v2","version":"8"},"event":{"count":1,"data":{"context_menu":false,"created":1550213246308,"data_1":"Windows"},"id":"EditorPaste"}}
{"session":"b975668079c4","build":"183.4284.148","bucket":"-1","time":1550213256361,"group":{"id":"actions.v2","version":"8"},"event":{"count":27,"data":{"context_menu":false,"last":1550213258168,"created":1550213256361,"data_1":"Windows"},"id":"EditorBackSpace"}}
{"session":"b975668079c4","build":"183.4284.148","bucket":"-1","time":1550213262510,"group":{"id":"ui.dialogs","version":"8"},"event":{"count":1,"data":{"code":1,"created":1550213262510,"type":"close"},"id":"com.intellij.openapi.options.newEditor.SettingsDialog"}}
{"session":"b975668079c4","build":"183.4284.148","bucket":"-1","time":1550213266635,"group":{"id":"statistics.actions.main.menu.v2","version":"8"},"event":{"count":1,"data":{"created":1550213266635,"data_1":"Windows"},"id":"File_->_Settings..."}}
{"session":"b975668079c4","build":"183.4284.148","bucket":"-1","time":1550213266638,"group":{"id":"actions.v2","version":"8"},"event":{"count":1,"data":{"context_menu":true,"created":1550213266638,"place":"MainMenu","data_1":"Windows"},"id":"ShowSettings"}}
{"session":"b975668079c4","build":"183.4284.148","bucket":"-1","time":1550213266711,"group":{"id":"ui.dialogs","version":"8"},"event":{"count":1,"data":{"created":1550213266712,"type":"show"},"id":"com.intellij.openapi.options.newEditor.SettingsDialog"}}
{"session":"b975668079c4","build":"183.4284.148","bucket":"-1","time":1550213295031,"group":{"id":"ui.dialogs","version":"8"},"event":{"count":1,"data":{"code":1,"created":1550213295031,"type":"close"},"id":"com.intellij.openapi.options.newEditor.SettingsDialog"}}
{"session":"b975668079c4","build":"183.4284.148","bucket":"-1","time":1550213300970,"group":{"id":"statistics.actions.main.menu.v2","version":"8"},"event":{"count":1,"data":{"created":1550213300970,"data_1":"Windows"},"id":"File_->_Settings..."}}
{"session":"b975668079c4","build":"183.4284.148","bucket":"-1","time":1550213300973,"group":{"id":"actions.v2","version":"8"},"event":{"count":1,"data":{"context_menu":true,"created":1550213300973,"place":"MainMenu","data_1":"Windows"},"id":"ShowSettings"}}
{"session":"b975668079c4","build":"183.4284.148","bucket":"-1","time":1550213301037,"group":{"id":"ui.dialogs","version":"8"},"event":{"count":1,"data":{"created":1550213301037,"type":"show"},"id":"com.intellij.openapi.options.newEditor.SettingsDialog"}}
{"session":"b975668079c4","build":"183.4284.148","bucket":"-1","time":1550213308067,"group":{"id":"ui.dialogs","version":"8"},"event":{"count":1,"data":{"code":1,"created":1550213308067,"type":"close"},"id":"com.intellij.openapi.options.newEditor.SettingsDialog"}}
{"session":"b975668079c4","build":"183.4284.148","bucket":"-1","time":1550213318909,"group":{"id":"actions.v2","version":"8"},"event":{"count":1,"data":{"context_menu":false,"created":1550213318909,"data_1":"Windows"},"id":"tooltip.actions.show.description.morelink"}}
{"session":"b975668079c4","build":"183.4284.148","bucket":"-1","time":1550213343514,"group":{"id":"statistics.file.types.edit","version":"8"},"event":{"count":1,"data":{"created":1550213343515,"project":"1467702432"},"id":"JAVA"}}
{"session":"b975668079c4","build":"183.4284.148","bucket":"-1","time":1550213344895,"group":{"id":"actions.v2","version":"8"},"event":{"count":1,"data":{"context_menu":false,"created":1550213344895,"data_1":"Windows"},"id":"EditorChooseLookupItem"}}
{"session":"b975668079c4","build":"183.4284.148","bucket":"-1","time":1550213344907,"group":{"id":"statistics.productivity","version":"8"},"event":{"count":1,"data":{"created":1550213344908},"id":"editing.completion.basic"}}
{"session":"b975668079c4","build":"183.4284.148","bucket":"-1","time":1550213345526,"group":{"id":"actions.v2","version":"8"},"event":{"count":2,"data":{"context_menu":false,"last":1550213345675,"created":1550213345526,"data_1":"Windows"},"id":"EditorDelete"}}
{"session":"b975668079c4","build":"183.4284.148","bucket":"-1","time":1550213345988,"group":{"id":"actions.v2","version":"8"},"event":{"count":18,"data":{"context_menu":false,"last":1550213347018,"created":1550213345988,"data_1":"Windows"},"id":"EditorRight"}}
{"session":"b975668079c4","build":"183.4284.148","bucket":"-1","time":1550213347528,"group":{"id":"actions.v2","version":"8"},"event":{"count":3,"data":{"context_menu":false,"last":1550213347785,"created":1550213347528,"data_1":"Windows"},"id":"EditorLeft"}}
{"session":"b975668079c4","build":"183.4284.148","bucket":"-1","time":1550213369931,"group":{"id":"actions.v2","version":"8"},"event":{"count":1,"data":{"context_menu":false,"created":1550213369931,"data_1":"Windows"},"id":"EditorBackSpace"}}
{"session":"b975668079c4","build":"183.4284.148","bucket":"-1","time":1550213383907,"group":{"id":"actions.v2","version":"8"},"event":{"count":1,"data":{"context_menu":false,"created":1550213383907,"data_1":"Windows"},"id":"tooltip.actions.show.description.morelink"}}
{"session":"b975668079c4","build":"183.4284.148","bucket":"-1","time":1550213398050,"group":{"id":"actions.v2","version":"8"},"event":{"count":1,"data":{"context_menu":false,"created":1550213398050,"data_1":"Windows"},"id":"ShowIntentionActions"}}
{"session":"b975668079c4","build":"183.4284.148","bucket":"-1","time":1550213400871,"group":{"id":"actions.v2","version":"8"},"event":{"count":1,"data":{"context_menu":false,"created":1550213400871,"data_1":"Windows"},"id":"EditorRight"}}
{"session":"b975668079c4","build":"183.4284.148","bucket":"-1","time":1550213403890,"group":{"id":"statistics.actions.main.menu.v2","version":"8"},"event":{"count":1,"data":{"created":1550213403890,"data_1":"Windows"},"id":"File_->_Settings..."}}
{"session":"b975668079c4","build":"183.4284.148","bucket":"-1","time":1550213403894,"group":{"id":"actions.v2","version":"8"},"event":{"count":1,"data":{"context_menu":true,"created":1550213403894,"place":"MainMenu","data_1":"Windows"},"id":"ShowSettings"}}
{"session":"b975668079c4","build":"183.4284.148","bucket":"-1","time":1550213403973,"group":{"id":"ui.dialogs","version":"8"},"event":{"count":1,"data":{"created":1550213403974,"type":"show"},"id":"com.intellij.openapi.options.newEditor.SettingsDialog"}}
{"session":"b975668079c4","build":"183.4284.148","bucket":"-1","time":1550213411085,"group":{"id":"ui.dialogs","version":"8"},"event":{"count":1,"data":{"code":0,"created":1550213411085,"type":"close"},"id":"com.intellij.openapi.options.newEditor.SettingsDialog"}}
{"session":"b975668079c4","build":"183.4284.148","bucket":"-1","time":1550213414018,"group":{"id":"actions.v2","version":"8"},"event":{"count":1,"data":{"context_menu":false,"created":1550213414018,"data_1":"Windows"},"id":"tooltip.actions.show.description.morelink"}}
{"session":"b975668079c4","build":"183.4284.148","bucket":"-1","time":1550213421106,"group":{"id":"statistics.actions.main.menu.v2","version":"8"},"event":{"count":1,"data":{"created":1550213421106,"data_1":"Windows"},"id":"File_->_Settings..."}}
{"session":"b975668079c4","build":"183.4284.148","bucket":"-1","time":1550213421108,"group":{"id":"actions.v2","version":"8"},"event":{"count":1,"data":{"context_menu":true,"created":1550213421108,"place":"MainMenu","data_1":"Windows"},"id":"ShowSettings"}}
{"session":"b975668079c4","build":"183.4284.148","bucket":"-1","time":1550213421186,"group":{"id":"ui.dialogs","version":"8"},"event":{"count":1,"data":{"created":1550213421186,"type":"show"},"id":"com.intellij.openapi.options.newEditor.SettingsDialog"}}
{"session":"b975668079c4","build":"183.4284.148","bucket":"-1","time":1550213427284,"group":{"id":"ui.dialogs","version":"8"},"event":{"count":1,"data":{"code":0,"created":1550213427284,"type":"close"},"id":"com.intellij.openapi.options.newEditor.SettingsDialog"}}
{"session":"b975668079c4","build":"183.4284.148","bucket":"-1","time":1550213430555,"group":{"id":"actions.v2","version":"8"},"event":{"count":1,"data":{"context_menu":false,"created":1550213430555,"data_1":"Windows"},"id":"tooltip.actions.show.description.morelink"}}
{"session":"b975668079c4","build":"183.4284.148","bucket":"-1","time":1550213442905,"group":{"id":"actions.v2","version":"8"},"event":{"count":2,"data":{"context_menu":false,"last":1550213443186,"created":1550213442905,"data_1":"Windows"},"id":"EditorBackSpace"}}
{"session":"b975668079c4","build":"183.4284.148","bucket":"-1","time":1550213445002,"group":{"id":"ui.dialogs","version":"8"},"event":{"count":1,"data":{"created":1550213445002,"type":"show"},"id":"com.intellij.openapi.ui.messages.MessageDialog"}}
{"session":"b975668079c4","build":"183.4284.148","bucket":"-1","time":1550213446481,"group":{"id":"statistics.lifecycle.app","version":"8"},"event":{"count":1,"data":{"created":1550213446481},"id":"ide.close"}}
{"session":"b975668079c4","build":"183.4284.148","bucket":"-1","time":1550213446481,"group":{"id":"lifecycle","version":"8"},"event":{"count":1,"data":{"restart":false,"created":1550213446482},"id":"app.closed"}}
{"session":"b975668079c4","build":"183.4284.148","bucket":"-1","time":1550213446511,"group":{"id":"statistics.lifecycle.project","version":"8"},"event":{"count":1,"data":{"created":1550213446511,"project":"1467702432"},"id":"project.closed"}}
{"session":"b975668079c4","build":"183.4284.148","bucket":"-1","time":1550213446610,"group":{"id":"lifecycle","version":"8"},"event":{"count":1,"data":{"created":1550213446610},"id":"project.closed"}}
