{"session":"0de1390544e5","build":"183.4284.148","bucket":"-1","time":1551430736945,"group":{"id":"system.os.name","version":"8"},"event":{"data":{"created":1551430736946},"id":"Windows"}}
{"session":"0de1390544e5","build":"183.4284.148","bucket":"-1","time":1551430736945,"group":{"id":"system.os.version","version":"8"},"event":{"data":{"created":1551430736961},"id":"10.0"}}
{"session":"0de1390544e5","build":"183.4284.148","bucket":"-1","time":1551430736946,"group":{"id":"system.jvm.vendor","version":"8"},"event":{"data":{"created":1551430736972},"id":"JetBrains_s.r.o"}}
{"session":"0de1390544e5","build":"183.4284.148","bucket":"-1","time":1551430736946,"group":{"id":"system.jvm.version","version":"8"},"event":{"data":{"created":1551430736973},"id":"1.8"}}
{"session":"0de1390544e5","build":"183.4284.148","bucket":"-1","time":1551430736946,"group":{"id":"settings","version":"8"},"event":{"data":{"created":1551430736973,"name":"activeMruEditorOnClose","value":false},"id":"UISettings"}}
{"session":"0de1390544e5","build":"183.4284.148","bucket":"-1","time":1551430736946,"group":{"id":"settings","version":"8"},"event":{"data":{"created":1551430736974,"name":"activeRightEditorOnClose","value":false},"id":"UISettings"}}
{"session":"0de1390544e5","build":"183.4284.148","bucket":"-1","time":1551430736946,"group":{"id":"settings","version":"8"},"event":{"data":{"created":1551430736974,"name":"allowMergeButtons","value":true},"id":"UISettings"}}
{"session":"0de1390544e5","build":"183.4284.148","bucket":"-1","time":1551430736946,"group":{"id":"settings","version":"8"},"event":{"data":{"created":1551430736974,"name":"alwaysShowWindowsButton","value":false},"id":"UISettings"}}
{"session":"0de1390544e5","build":"183.4284.148","bucket":"-1","time":1551430736946,"group":{"id":"settings","version":"8"},"event":{"data":{"created":1551430736975,"name":"animateWindows","value":true},"id":"UISettings"}}
{"session":"0de1390544e5","build":"183.4284.148","bucket":"-1","time":1551430736946,"group":{"id":"settings","version":"8"},"event":{"data":{"created":1551430736975,"name":"closeNonModifiedFilesFirst","value":false},"id":"UISettings"}}
{"session":"0de1390544e5","build":"183.4284.148","bucket":"-1","time":1551430736946,"group":{"id":"settings","version":"8"},"event":{"data":{"created":1551430736975,"name":"closeTabButtonOnTheRight","value":true},"id":"UISettings"}}
{"session":"0de1390544e5","build":"183.4284.148","bucket":"-1","time":1551430736946,"group":{"id":"settings","version":"8"},"event":{"data":{"created":1551430736976,"name":"cycleScrolling","value":true},"id":"UISettings"}}
{"session":"0de1390544e5","build":"183.4284.148","bucket":"-1","time":1551430736946,"group":{"id":"settings","version":"8"},"event":{"data":{"created":1551430736976,"name":"defaultAutoScrollToSource","value":false},"id":"UISettings"}}
{"session":"0de1390544e5","build":"183.4284.148","bucket":"-1","time":1551430736946,"group":{"id":"settings","version":"8"},"event":{"data":{"created":1551430736976,"name":"disableMnemonics","value":false},"id":"UISettings"}}
{"session":"0de1390544e5","build":"183.4284.148","bucket":"-1","time":1551430736946,"group":{"id":"settings","version":"8"},"event":{"data":{"created":1551430736977,"name":"disableMnemonicsInControls","value":false},"id":"UISettings"}}
{"session":"0de1390544e5","build":"183.4284.148","bucket":"-1","time":1551430736946,"group":{"id":"settings","version":"8"},"event":{"data":{"created":1551430736977,"name":"dndWithPressedAltOnly","value":false},"id":"UISettings"}}
{"session":"0de1390544e5","build":"183.4284.148","bucket":"-1","time":1551430736946,"group":{"id":"settings","version":"8"},"event":{"data":{"created":1551430736977,"name":"enableAlphaMode","value":false},"id":"UISettings"}}
{"session":"0de1390544e5","build":"183.4284.148","bucket":"-1","time":1551430736946,"group":{"id":"settings","version":"8"},"event":{"data":{"created":1551430736978,"name":"hideKnownExtensionInTabs","value":false},"id":"UISettings"}}
{"session":"0de1390544e5","build":"183.4284.148","bucket":"-1","time":1551430736946,"group":{"id":"settings","version":"8"},"event":{"data":{"created":1551430736978,"name":"hideNavigationOnFocusLoss","value":true},"id":"UISettings"}}
{"session":"0de1390544e5","build":"183.4284.148","bucket":"-1","time":1551430736946,"group":{"id":"settings","version":"8"},"event":{"data":{"created":1551430736978,"name":"hideTabsIfNeed","value":true},"id":"UISettings"}}
{"session":"0de1390544e5","build":"183.4284.148","bucket":"-1","time":1551430736946,"group":{"id":"settings","version":"8"},"event":{"data":{"created":1551430736979,"name":"hideToolStripes","value":false},"id":"UISettings"}}
{"session":"0de1390544e5","build":"183.4284.148","bucket":"-1","time":1551430736946,"group":{"id":"settings","version":"8"},"event":{"data":{"created":1551430736979,"name":"leftHorizontalSplit","value":false},"id":"UISettings"}}
{"session":"0de1390544e5","build":"183.4284.148","bucket":"-1","time":1551430736946,"group":{"id":"settings","version":"8"},"event":{"data":{"created":1551430736979,"name":"markModifiedTabsWithAsterisk","value":false},"id":"UISettings"}}
{"session":"0de1390544e5","build":"183.4284.148","bucket":"-1","time":1551430736946,"group":{"id":"settings","version":"8"},"event":{"data":{"created":1551430736980,"name":"mergeEqualStackTraces","value":true},"id":"UISettings"}}
{"session":"0de1390544e5","build":"183.4284.148","bucket":"-1","time":1551430736946,"group":{"id":"settings","version":"8"},"event":{"data":{"created":1551430736980,"name":"moveMouseOnDefaultButton","value":false},"id":"UISettings"}}
{"session":"0de1390544e5","build":"183.4284.148","bucket":"-1","time":1551430736946,"group":{"id":"settings","version":"8"},"event":{"data":{"created":1551430736980,"name":"navigateToPreview","value":false},"id":"UISettings"}}
{"session":"0de1390544e5","build":"183.4284.148","bucket":"-1","time":1551430736946,"group":{"id":"settings","version":"8"},"event":{"data":{"created":1551430736980,"name":"overrideConsoleCycleBufferSize","value":false},"id":"UISettings"}}
{"session":"0de1390544e5","build":"183.4284.148","bucket":"-1","time":1551430736946,"group":{"id":"settings","version":"8"},"event":{"data":{"created":1551430736981,"name":"overrideLafFonts","value":false},"id":"UISettings"}}
{"session":"0de1390544e5","build":"183.4284.148","bucket":"-1","time":1551430736946,"group":{"id":"settings","version":"8"},"event":{"data":{"created":1551430736981,"name":"pinFindInPath","value":false},"id":"UISettings"}}
{"session":"0de1390544e5","build":"183.4284.148","bucket":"-1","time":1551430736946,"group":{"id":"settings","version":"8"},"event":{"data":{"created":1551430736981,"name":"presentationMode","value":false},"id":"UISettings"}}
{"session":"0de1390544e5","build":"183.4284.148","bucket":"-1","time":1551430736946,"group":{"id":"settings","version":"8"},"event":{"data":{"created":1551430736982,"name":"reuseNotModifiedTabs","value":false},"id":"UISettings"}}
{"session":"0de1390544e5","build":"183.4284.148","bucket":"-1","time":1551430736946,"group":{"id":"settings","version":"8"},"event":{"data":{"created":1551430736982,"name":"rightHorizontalSplit","value":false},"id":"UISettings"}}
{"session":"0de1390544e5","build":"183.4284.148","bucket":"-1","time":1551430736946,"group":{"id":"settings","version":"8"},"event":{"data":{"created":1551430736982,"name":"scrollTabLayoutInEditor","value":true},"id":"UISettings"}}
{"session":"0de1390544e5","build":"183.4284.148","bucket":"-1","time":1551430736946,"group":{"id":"settings","version":"8"},"event":{"data":{"created":1551430736983,"name":"showCloseButton","value":true},"id":"UISettings"}}
{"session":"0de1390544e5","build":"183.4284.148","bucket":"-1","time":1551430736946,"group":{"id":"settings","version":"8"},"event":{"data":{"created":1551430736984,"name":"showDirectoryForNonUniqueFilenames","value":true},"id":"UISettings"}}
{"session":"0de1390544e5","build":"183.4284.148","bucket":"-1","time":1551430736946,"group":{"id":"settings","version":"8"},"event":{"data":{"created":1551430736984,"name":"showEditorToolTip","value":true},"id":"UISettings"}}
{"session":"0de1390544e5","build":"183.4284.148","bucket":"-1","time":1551430736946,"group":{"id":"settings","version":"8"},"event":{"data":{"created":1551430736984,"name":"showIconInQuickNavigation","value":true},"id":"UISettings"}}
{"session":"0de1390544e5","build":"183.4284.148","bucket":"-1","time":1551430736946,"group":{"id":"settings","version":"8"},"event":{"data":{"created":1551430736984,"name":"showIconsInMenus","value":true},"id":"UISettings"}}
{"session":"0de1390544e5","build":"183.4284.148","bucket":"-1","time":1551430736946,"group":{"id":"settings","version":"8"},"event":{"data":{"created":1551430736985,"name":"showMainToolbar","value":false},"id":"UISettings"}}
{"session":"0de1390544e5","build":"183.4284.148","bucket":"-1","time":1551430736946,"group":{"id":"settings","version":"8"},"event":{"data":{"created":1551430736985,"name":"showMemoryIndicator","value":false},"id":"UISettings"}}
{"session":"0de1390544e5","build":"183.4284.148","bucket":"-1","time":1551430736946,"group":{"id":"settings","version":"8"},"event":{"data":{"created":1551430736985,"name":"showNavigationBar","value":true},"id":"UISettings"}}
{"session":"0de1390544e5","build":"183.4284.148","bucket":"-1","time":1551430736946,"group":{"id":"settings","version":"8"},"event":{"data":{"created":1551430736985,"name":"showStatusBar","value":true},"id":"UISettings"}}
{"session":"0de1390544e5","build":"183.4284.148","bucket":"-1","time":1551430736946,"group":{"id":"settings","version":"8"},"event":{"data":{"created":1551430736986,"name":"showTabsTooltips","value":true},"id":"UISettings"}}
{"session":"0de1390544e5","build":"183.4284.148","bucket":"-1","time":1551430736946,"group":{"id":"settings","version":"8"},"event":{"data":{"created":1551430736986,"name":"showToolWindowsNumbers","value":true},"id":"UISettings"}}
{"session":"0de1390544e5","build":"183.4284.148","bucket":"-1","time":1551430736946,"group":{"id":"settings","version":"8"},"event":{"data":{"created":1551430736986,"name":"smoothScrolling","value":false},"id":"UISettings"}}
{"session":"0de1390544e5","build":"183.4284.148","bucket":"-1","time":1551430736946,"group":{"id":"settings","version":"8"},"event":{"data":{"created":1551430736986,"name":"sortBookmarks","value":false},"id":"UISettings"}}
{"session":"0de1390544e5","build":"183.4284.148","bucket":"-1","time":1551430736946,"group":{"id":"settings","version":"8"},"event":{"data":{"created":1551430736986,"name":"sortLookupElementsLexicographically","value":false},"id":"UISettings"}}
{"session":"0de1390544e5","build":"183.4284.148","bucket":"-1","time":1551430736946,"group":{"id":"settings","version":"8"},"event":{"data":{"created":1551430736986,"name":"useSmallLabelsOnTabs","value":false},"id":"UISettings"}}
{"session":"0de1390544e5","build":"183.4284.148","bucket":"-1","time":1551430736946,"group":{"id":"settings","version":"8"},"event":{"data":{"created":1551430736987,"name":"wideScreenSupport","value":false},"id":"UISettings"}}
{"session":"0de1390544e5","build":"183.4284.148","bucket":"-1","time":1551430737648,"group":{"id":"settings","version":"8"},"event":{"data":{"created":1551430737650,"name":"autoSaveIfInactive","value":false},"id":"GeneralSettings"}}
{"session":"0de1390544e5","build":"183.4284.148","bucket":"-1","time":1551430737648,"group":{"id":"settings","version":"8"},"event":{"data":{"created":1551430737652,"name":"confirmExit","value":true},"id":"GeneralSettings"}}
{"session":"0de1390544e5","build":"183.4284.148","bucket":"-1","time":1551430737648,"group":{"id":"settings","version":"8"},"event":{"data":{"created":1551430737652,"name":"reopenLastProject","value":true},"id":"GeneralSettings"}}
{"session":"0de1390544e5","build":"183.4284.148","bucket":"-1","time":1551430737648,"group":{"id":"settings","version":"8"},"event":{"data":{"created":1551430737653,"name":"saveOnFrameDeactivation","value":true},"id":"GeneralSettings"}}
{"session":"0de1390544e5","build":"183.4284.148","bucket":"-1","time":1551430737648,"group":{"id":"settings","version":"8"},"event":{"data":{"created":1551430737653,"name":"searchInBackground","value":false},"id":"GeneralSettings"}}
{"session":"0de1390544e5","build":"183.4284.148","bucket":"-1","time":1551430737648,"group":{"id":"settings","version":"8"},"event":{"data":{"default":false,"created":1551430737653,"name":"showTipsOnStartup","value":false},"id":"GeneralSettings"}}
{"session":"0de1390544e5","build":"183.4284.148","bucket":"-1","time":1551430737648,"group":{"id":"settings","version":"8"},"event":{"data":{"created":1551430737653,"name":"showWelcomeScreen","value":true},"id":"GeneralSettings"}}
{"session":"0de1390544e5","build":"183.4284.148","bucket":"-1","time":1551430737648,"group":{"id":"settings","version":"8"},"event":{"data":{"created":1551430737653,"name":"supportScreenReaders","value":false},"id":"GeneralSettings"}}
{"session":"0de1390544e5","build":"183.4284.148","bucket":"-1","time":1551430737648,"group":{"id":"settings","version":"8"},"event":{"data":{"created":1551430737653,"name":"syncOnFrameActivation","value":true},"id":"GeneralSettings"}}
{"session":"0de1390544e5","build":"183.4284.148","bucket":"-1","time":1551430737648,"group":{"id":"settings","version":"8"},"event":{"data":{"created":1551430737654,"name":"useDefaultBrowser","value":true},"id":"GeneralSettings"}}
{"session":"0de1390544e5","build":"183.4284.148","bucket":"-1","time":1551430737648,"group":{"id":"settings","version":"8"},"event":{"data":{"created":1551430737654,"name":"useSafeWrite","value":true},"id":"GeneralSettings"}}
{"session":"0de1390544e5","build":"183.4284.148","bucket":"-1","time":1551430739745,"group":{"id":"ui.dialogs","version":"8"},"event":{"count":1,"data":{"created":1551430739745,"type":"show"},"id":"com.intellij.openapi.progress.util.ProgressDialog$MyDialogWrapper"}}
{"session":"0de1390544e5","build":"183.4284.148","bucket":"-1","time":1551430742834,"group":{"id":"ui.dialogs","version":"8"},"event":{"count":1,"data":{"code":1,"created":1551430742838,"type":"close"},"id":"com.intellij.openapi.progress.util.ProgressDialog$MyDialogWrapper"}}
{"session":"0de1390544e5","build":"183.4284.148","bucket":"-1","time":1551430742873,"group":{"id":"statistics.lifecycle.project","version":"8"},"event":{"count":1,"data":{"created":1551430742873,"project":"1467702432"},"id":"project.opened"}}
{"session":"0de1390544e5","build":"183.4284.148","bucket":"-1","time":1551430742874,"group":{"id":"lifecycle","version":"8"},"event":{"count":1,"data":{"created":1551430742874},"id":"project.opened"}}
{"session":"0de1390544e5","build":"183.4284.148","bucket":"-1","time":1551430744217,"group":{"id":"ui.dialogs","version":"8"},"event":{"count":1,"data":{"created":1551430744218,"type":"show"},"id":"com.intellij.openapi.progress.util.ProgressDialog$MyDialogWrapper"}}
{"session":"0de1390544e5","build":"183.4284.148","bucket":"-1","time":1551430746557,"group":{"id":"toolwindow","version":"8"},"event":{"count":1,"data":{"created":1551430746559,"data_1":"Windows"},"id":"Project_by_Activation"}}
{"session":"0de1390544e5","build":"183.4284.148","bucket":"-1","time":1551430746921,"group":{"id":"statistics.lifecycle.app","version":"8"},"event":{"count":1,"data":{"created":1551430746922},"id":"ide.start"}}
{"session":"0de1390544e5","build":"183.4284.148","bucket":"-1","time":1551430746922,"group":{"id":"lifecycle","version":"8"},"event":{"count":1,"data":{"created":1551430746922},"id":"app.started"}}
{"session":"0de1390544e5","build":"183.4284.148","bucket":"-1","time":1551430747963,"group":{"id":"ui.dialogs","version":"8"},"event":{"count":1,"data":{"code":1,"created":1551430747963,"type":"close"},"id":"com.intellij.openapi.progress.util.ProgressDialog$MyDialogWrapper"}}
{"session":"0de1390544e5","build":"183.4284.148","bucket":"-1","time":1551430748129,"group":{"id":"statistics.lifecycle.project","version":"8"},"event":{"count":1,"data":{"created":1551430748130,"project":"1467702432"},"id":"project.open.time.9"}}
{"session":"0de1390544e5","build":"183.4284.148","bucket":"-1","time":1551430748130,"group":{"id":"lifecycle","version":"8"},"event":{"count":1,"data":{"created":1551430748130,"time.ms":9010},"id":"project.opening.finished"}}
