{"session":"f027597b422a","build":"183.4284.148","bucket":"-1","time":1550136646415,"group":{"id":"system.os.name","version":"8"},"event":{"data":{"created":1550136646415},"id":"Windows"}}
{"session":"f027597b422a","build":"183.4284.148","bucket":"-1","time":1550136646415,"group":{"id":"system.os.version","version":"8"},"event":{"data":{"created":1550136646460},"id":"10.0"}}
{"session":"f027597b422a","build":"183.4284.148","bucket":"-1","time":1550136646415,"group":{"id":"system.jvm.vendor","version":"8"},"event":{"data":{"created":1550136646491},"id":"JetBrains_s.r.o"}}
{"session":"f027597b422a","build":"183.4284.148","bucket":"-1","time":1550136646415,"group":{"id":"system.jvm.version","version":"8"},"event":{"data":{"created":1550136646492},"id":"1.8"}}
{"session":"f027597b422a","build":"183.4284.148","bucket":"-1","time":1550136646416,"group":{"id":"settings","version":"8"},"event":{"data":{"created":1550136646493,"name":"activeMruEditorOnClose","value":false},"id":"UISettings"}}
{"session":"f027597b422a","build":"183.4284.148","bucket":"-1","time":1550136646416,"group":{"id":"settings","version":"8"},"event":{"data":{"created":1550136646494,"name":"activeRightEditorOnClose","value":false},"id":"UISettings"}}
{"session":"f027597b422a","build":"183.4284.148","bucket":"-1","time":1550136646416,"group":{"id":"settings","version":"8"},"event":{"data":{"created":1550136646494,"name":"allowMergeButtons","value":true},"id":"UISettings"}}
{"session":"f027597b422a","build":"183.4284.148","bucket":"-1","time":1550136646416,"group":{"id":"settings","version":"8"},"event":{"data":{"created":1550136646495,"name":"alwaysShowWindowsButton","value":false},"id":"UISettings"}}
{"session":"f027597b422a","build":"183.4284.148","bucket":"-1","time":1550136646416,"group":{"id":"settings","version":"8"},"event":{"data":{"created":1550136646495,"name":"animateWindows","value":true},"id":"UISettings"}}
{"session":"f027597b422a","build":"183.4284.148","bucket":"-1","time":1550136646416,"group":{"id":"settings","version":"8"},"event":{"data":{"created":1550136646496,"name":"closeNonModifiedFilesFirst","value":false},"id":"UISettings"}}
{"session":"f027597b422a","build":"183.4284.148","bucket":"-1","time":1550136646416,"group":{"id":"settings","version":"8"},"event":{"data":{"created":1550136646496,"name":"closeTabButtonOnTheRight","value":true},"id":"UISettings"}}
{"session":"f027597b422a","build":"183.4284.148","bucket":"-1","time":1550136646416,"group":{"id":"settings","version":"8"},"event":{"data":{"created":1550136646496,"name":"cycleScrolling","value":true},"id":"UISettings"}}
{"session":"f027597b422a","build":"183.4284.148","bucket":"-1","time":1550136646416,"group":{"id":"settings","version":"8"},"event":{"data":{"created":1550136646497,"name":"defaultAutoScrollToSource","value":false},"id":"UISettings"}}
{"session":"f027597b422a","build":"183.4284.148","bucket":"-1","time":1550136646416,"group":{"id":"settings","version":"8"},"event":{"data":{"created":1550136646497,"name":"disableMnemonics","value":false},"id":"UISettings"}}
{"session":"f027597b422a","build":"183.4284.148","bucket":"-1","time":1550136646416,"group":{"id":"settings","version":"8"},"event":{"data":{"created":1550136646497,"name":"disableMnemonicsInControls","value":false},"id":"UISettings"}}
{"session":"f027597b422a","build":"183.4284.148","bucket":"-1","time":1550136646416,"group":{"id":"settings","version":"8"},"event":{"data":{"created":1550136646497,"name":"dndWithPressedAltOnly","value":false},"id":"UISettings"}}
{"session":"f027597b422a","build":"183.4284.148","bucket":"-1","time":1550136646416,"group":{"id":"settings","version":"8"},"event":{"data":{"created":1550136646499,"name":"enableAlphaMode","value":false},"id":"UISettings"}}
{"session":"f027597b422a","build":"183.4284.148","bucket":"-1","time":1550136646416,"group":{"id":"settings","version":"8"},"event":{"data":{"created":1550136646501,"name":"hideKnownExtensionInTabs","value":false},"id":"UISettings"}}
{"session":"f027597b422a","build":"183.4284.148","bucket":"-1","time":1550136646416,"group":{"id":"settings","version":"8"},"event":{"data":{"created":1550136646502,"name":"hideNavigationOnFocusLoss","value":true},"id":"UISettings"}}
{"session":"f027597b422a","build":"183.4284.148","bucket":"-1","time":1550136646416,"group":{"id":"settings","version":"8"},"event":{"data":{"created":1550136646503,"name":"hideTabsIfNeed","value":true},"id":"UISettings"}}
{"session":"f027597b422a","build":"183.4284.148","bucket":"-1","time":1550136646416,"group":{"id":"settings","version":"8"},"event":{"data":{"created":1550136646503,"name":"hideToolStripes","value":false},"id":"UISettings"}}
{"session":"f027597b422a","build":"183.4284.148","bucket":"-1","time":1550136646416,"group":{"id":"settings","version":"8"},"event":{"data":{"created":1550136646504,"name":"leftHorizontalSplit","value":false},"id":"UISettings"}}
{"session":"f027597b422a","build":"183.4284.148","bucket":"-1","time":1550136646416,"group":{"id":"settings","version":"8"},"event":{"data":{"created":1550136646504,"name":"markModifiedTabsWithAsterisk","value":false},"id":"UISettings"}}
{"session":"f027597b422a","build":"183.4284.148","bucket":"-1","time":1550136646416,"group":{"id":"settings","version":"8"},"event":{"data":{"created":1550136646504,"name":"mergeEqualStackTraces","value":true},"id":"UISettings"}}
{"session":"f027597b422a","build":"183.4284.148","bucket":"-1","time":1550136646416,"group":{"id":"settings","version":"8"},"event":{"data":{"created":1550136646504,"name":"moveMouseOnDefaultButton","value":false},"id":"UISettings"}}
{"session":"f027597b422a","build":"183.4284.148","bucket":"-1","time":1550136646416,"group":{"id":"settings","version":"8"},"event":{"data":{"created":1550136646505,"name":"navigateToPreview","value":false},"id":"UISettings"}}
{"session":"f027597b422a","build":"183.4284.148","bucket":"-1","time":1550136646416,"group":{"id":"settings","version":"8"},"event":{"data":{"created":1550136646505,"name":"overrideConsoleCycleBufferSize","value":false},"id":"UISettings"}}
{"session":"f027597b422a","build":"183.4284.148","bucket":"-1","time":1550136646416,"group":{"id":"settings","version":"8"},"event":{"data":{"created":1550136646505,"name":"overrideLafFonts","value":false},"id":"UISettings"}}
{"session":"f027597b422a","build":"183.4284.148","bucket":"-1","time":1550136646416,"group":{"id":"settings","version":"8"},"event":{"data":{"created":1550136646505,"name":"pinFindInPath","value":false},"id":"UISettings"}}
{"session":"f027597b422a","build":"183.4284.148","bucket":"-1","time":1550136646416,"group":{"id":"settings","version":"8"},"event":{"data":{"created":1550136646506,"name":"presentationMode","value":false},"id":"UISettings"}}
{"session":"f027597b422a","build":"183.4284.148","bucket":"-1","time":1550136646416,"group":{"id":"settings","version":"8"},"event":{"data":{"created":1550136646506,"name":"reuseNotModifiedTabs","value":false},"id":"UISettings"}}
{"session":"f027597b422a","build":"183.4284.148","bucket":"-1","time":1550136646416,"group":{"id":"settings","version":"8"},"event":{"data":{"created":1550136646506,"name":"rightHorizontalSplit","value":false},"id":"UISettings"}}
{"session":"f027597b422a","build":"183.4284.148","bucket":"-1","time":1550136646416,"group":{"id":"settings","version":"8"},"event":{"data":{"created":1550136646506,"name":"scrollTabLayoutInEditor","value":true},"id":"UISettings"}}
{"session":"f027597b422a","build":"183.4284.148","bucket":"-1","time":1550136646416,"group":{"id":"settings","version":"8"},"event":{"data":{"created":1550136646507,"name":"showCloseButton","value":true},"id":"UISettings"}}
{"session":"f027597b422a","build":"183.4284.148","bucket":"-1","time":1550136646416,"group":{"id":"settings","version":"8"},"event":{"data":{"created":1550136646507,"name":"showDirectoryForNonUniqueFilenames","value":true},"id":"UISettings"}}
{"session":"f027597b422a","build":"183.4284.148","bucket":"-1","time":1550136646416,"group":{"id":"settings","version":"8"},"event":{"data":{"created":1550136646507,"name":"showEditorToolTip","value":true},"id":"UISettings"}}
{"session":"f027597b422a","build":"183.4284.148","bucket":"-1","time":1550136646416,"group":{"id":"settings","version":"8"},"event":{"data":{"created":1550136646507,"name":"showIconInQuickNavigation","value":true},"id":"UISettings"}}
{"session":"f027597b422a","build":"183.4284.148","bucket":"-1","time":1550136646417,"group":{"id":"settings","version":"8"},"event":{"data":{"created":1550136646508,"name":"showIconsInMenus","value":true},"id":"UISettings"}}
{"session":"f027597b422a","build":"183.4284.148","bucket":"-1","time":1550136646417,"group":{"id":"settings","version":"8"},"event":{"data":{"created":1550136646508,"name":"showMainToolbar","value":false},"id":"UISettings"}}
{"session":"f027597b422a","build":"183.4284.148","bucket":"-1","time":1550136646417,"group":{"id":"settings","version":"8"},"event":{"data":{"created":1550136646508,"name":"showMemoryIndicator","value":false},"id":"UISettings"}}
{"session":"f027597b422a","build":"183.4284.148","bucket":"-1","time":1550136646417,"group":{"id":"settings","version":"8"},"event":{"data":{"created":1550136646508,"name":"showNavigationBar","value":true},"id":"UISettings"}}
{"session":"f027597b422a","build":"183.4284.148","bucket":"-1","time":1550136646417,"group":{"id":"settings","version":"8"},"event":{"data":{"created":1550136646509,"name":"showStatusBar","value":true},"id":"UISettings"}}
{"session":"f027597b422a","build":"183.4284.148","bucket":"-1","time":1550136646417,"group":{"id":"settings","version":"8"},"event":{"data":{"created":1550136646509,"name":"showTabsTooltips","value":true},"id":"UISettings"}}
{"session":"f027597b422a","build":"183.4284.148","bucket":"-1","time":1550136646417,"group":{"id":"settings","version":"8"},"event":{"data":{"created":1550136646509,"name":"showToolWindowsNumbers","value":true},"id":"UISettings"}}
{"session":"f027597b422a","build":"183.4284.148","bucket":"-1","time":1550136646417,"group":{"id":"settings","version":"8"},"event":{"data":{"created":1550136646509,"name":"smoothScrolling","value":false},"id":"UISettings"}}
{"session":"f027597b422a","build":"183.4284.148","bucket":"-1","time":1550136646417,"group":{"id":"settings","version":"8"},"event":{"data":{"created":1550136646509,"name":"sortBookmarks","value":false},"id":"UISettings"}}
{"session":"f027597b422a","build":"183.4284.148","bucket":"-1","time":1550136646417,"group":{"id":"settings","version":"8"},"event":{"data":{"created":1550136646510,"name":"sortLookupElementsLexicographically","value":false},"id":"UISettings"}}
{"session":"f027597b422a","build":"183.4284.148","bucket":"-1","time":1550136646417,"group":{"id":"settings","version":"8"},"event":{"data":{"created":1550136646510,"name":"useSmallLabelsOnTabs","value":false},"id":"UISettings"}}
{"session":"f027597b422a","build":"183.4284.148","bucket":"-1","time":1550136646417,"group":{"id":"settings","version":"8"},"event":{"data":{"created":1550136646510,"name":"wideScreenSupport","value":false},"id":"UISettings"}}
{"session":"f027597b422a","build":"183.4284.148","bucket":"-1","time":1550136649333,"group":{"id":"settings","version":"8"},"event":{"data":{"created":1550136649334,"name":"autoSaveIfInactive","value":false},"id":"GeneralSettings"}}
{"session":"f027597b422a","build":"183.4284.148","bucket":"-1","time":1550136649333,"group":{"id":"settings","version":"8"},"event":{"data":{"created":1550136649336,"name":"confirmExit","value":true},"id":"GeneralSettings"}}
{"session":"f027597b422a","build":"183.4284.148","bucket":"-1","time":1550136649333,"group":{"id":"settings","version":"8"},"event":{"data":{"created":1550136649336,"name":"reopenLastProject","value":true},"id":"GeneralSettings"}}
{"session":"f027597b422a","build":"183.4284.148","bucket":"-1","time":1550136649333,"group":{"id":"settings","version":"8"},"event":{"data":{"created":1550136649336,"name":"saveOnFrameDeactivation","value":true},"id":"GeneralSettings"}}
{"session":"f027597b422a","build":"183.4284.148","bucket":"-1","time":1550136649333,"group":{"id":"settings","version":"8"},"event":{"data":{"created":1550136649336,"name":"searchInBackground","value":false},"id":"GeneralSettings"}}
{"session":"f027597b422a","build":"183.4284.148","bucket":"-1","time":1550136649333,"group":{"id":"settings","version":"8"},"event":{"data":{"default":false,"created":1550136649336,"name":"showTipsOnStartup","value":false},"id":"GeneralSettings"}}
{"session":"f027597b422a","build":"183.4284.148","bucket":"-1","time":1550136649333,"group":{"id":"settings","version":"8"},"event":{"data":{"created":1550136649336,"name":"showWelcomeScreen","value":true},"id":"GeneralSettings"}}
{"session":"f027597b422a","build":"183.4284.148","bucket":"-1","time":1550136649333,"group":{"id":"settings","version":"8"},"event":{"data":{"created":1550136649337,"name":"supportScreenReaders","value":false},"id":"GeneralSettings"}}
{"session":"f027597b422a","build":"183.4284.148","bucket":"-1","time":1550136649333,"group":{"id":"settings","version":"8"},"event":{"data":{"created":1550136649337,"name":"syncOnFrameActivation","value":true},"id":"GeneralSettings"}}
{"session":"f027597b422a","build":"183.4284.148","bucket":"-1","time":1550136649333,"group":{"id":"settings","version":"8"},"event":{"data":{"created":1550136649338,"name":"useDefaultBrowser","value":true},"id":"GeneralSettings"}}
{"session":"f027597b422a","build":"183.4284.148","bucket":"-1","time":1550136649333,"group":{"id":"settings","version":"8"},"event":{"data":{"created":1550136649338,"name":"useSafeWrite","value":true},"id":"GeneralSettings"}}
{"session":"f027597b422a","build":"183.4284.148","bucket":"-1","time":1550136659493,"group":{"id":"ui.dialogs","version":"8"},"event":{"count":1,"data":{"created":1550136659493,"type":"show"},"id":"com.intellij.openapi.progress.util.ProgressDialog$MyDialogWrapper"}}
{"session":"f027597b422a","build":"183.4284.148","bucket":"-1","time":1550136660296,"group":{"id":"statistics.lifecycle.app","version":"8"},"event":{"count":1,"data":{"created":1550136660296,"data_2":"10+","data_1":"timeSecondsGrouped"},"id":"ide.freeze"}}
{"session":"f027597b422a","build":"183.4284.148","bucket":"-1","time":1550136660317,"group":{"id":"lifecycle","version":"8"},"event":{"count":1,"data":{"durationSeconds":11,"created":1550136660317},"id":"ide.freeze"}}
{"session":"f027597b422a","build":"183.4284.148","bucket":"-1","time":1550136694479,"group":{"id":"ui.dialogs","version":"8"},"event":{"count":1,"data":{"code":1,"created":1550136694479,"type":"close"},"id":"com.intellij.openapi.progress.util.ProgressDialog$MyDialogWrapper"}}
{"session":"f027597b422a","build":"183.4284.148","bucket":"-1","time":1550136695322,"group":{"id":"statistics.lifecycle.project","version":"8"},"event":{"count":1,"data":{"created":1550136695322,"project":"1467702432"},"id":"project.opened"}}
{"session":"f027597b422a","build":"183.4284.148","bucket":"-1","time":1550136695322,"group":{"id":"lifecycle","version":"8"},"event":{"count":1,"data":{"created":1550136695323},"id":"project.opened"}}
{"session":"f027597b422a","build":"183.4284.148","bucket":"-1","time":1550136703395,"group":{"id":"statistics.lifecycle.app","version":"8"},"event":{"count":1,"data":{"created":1550136703395,"data_2":"9","data_1":"timeSecondsGrouped"},"id":"ide.freeze"}}
{"session":"f027597b422a","build":"183.4284.148","bucket":"-1","time":1550136703395,"group":{"id":"lifecycle","version":"8"},"event":{"count":1,"data":{"durationSeconds":9,"created":1550136703395},"id":"ide.freeze"}}
{"session":"f027597b422a","build":"183.4284.148","bucket":"-1","time":1550136703529,"group":{"id":"ui.dialogs","version":"8"},"event":{"count":1,"data":{"created":1550136703531,"type":"show"},"id":"com.intellij.openapi.progress.util.ProgressDialog$MyDialogWrapper"}}
{"session":"f027597b422a","build":"183.4284.148","bucket":"-1","time":1550136707894,"group":{"id":"toolwindow","version":"8"},"event":{"count":1,"data":{"created":1550136707895,"data_1":"Windows"},"id":"Project_by_Activation"}}
{"session":"f027597b422a","build":"183.4284.148","bucket":"-1","time":1550136710406,"group":{"id":"statistics.lifecycle.app","version":"8"},"event":{"count":1,"data":{"created":1550136710406},"id":"ide.start"}}
{"session":"f027597b422a","build":"183.4284.148","bucket":"-1","time":1550136710406,"group":{"id":"lifecycle","version":"8"},"event":{"count":1,"data":{"created":1550136710406},"id":"app.started"}}
{"session":"f027597b422a","build":"183.4284.148","bucket":"-1","time":1550136714116,"group":{"id":"ui.dialogs","version":"8"},"event":{"count":1,"data":{"code":1,"created":1550136714116,"type":"close"},"id":"com.intellij.openapi.progress.util.ProgressDialog$MyDialogWrapper"}}
{"session":"f027597b422a","build":"183.4284.148","bucket":"-1","time":1550136715105,"group":{"id":"statistics.lifecycle.project","version":"8"},"event":{"count":1,"data":{"created":1550136715107,"project":"1467702432"},"id":"project.open.time.56"}}
{"session":"f027597b422a","build":"183.4284.148","bucket":"-1","time":1550136715105,"group":{"id":"lifecycle","version":"8"},"event":{"count":1,"data":{"created":1550136715108,"time.ms":56810},"id":"project.opening.finished"}}
{"session":"f027597b422a","build":"183.4284.148","bucket":"-1","time":1550136745751,"group":{"id":"statistics.actions.main.menu.v2","version":"8"},"event":{"count":1,"data":{"created":1550136745751,"data_1":"Windows"},"id":"File_->_Settings..."}}
{"session":"f027597b422a","build":"183.4284.148","bucket":"-1","time":1550136745948,"group":{"id":"actions.v2","version":"8"},"event":{"count":1,"data":{"context_menu":true,"created":1550136745948,"place":"MainMenu","data_1":"Windows"},"id":"ShowSettings"}}
{"session":"f027597b422a","build":"183.4284.148","bucket":"-1","time":1550136748163,"group":{"id":"ui.dialogs","version":"8"},"event":{"count":1,"data":{"created":1550136748163,"type":"show"},"id":"com.intellij.openapi.options.newEditor.SettingsDialog"}}
{"session":"f027597b422a","build":"183.4284.148","bucket":"-1","time":1550136762149,"group":{"id":"ui.dialogs","version":"8"},"event":{"count":1,"data":{"created":1550136762149,"type":"show"},"id":"com.intellij.openapi.fileChooser.ex.FileChooserDialogImpl"}}
{"session":"f027597b422a","build":"183.4284.148","bucket":"-1","time":1550136775437,"group":{"id":"ui.dialogs","version":"8"},"event":{"count":1,"data":{"code":0,"created":1550136775437,"type":"close"},"id":"com.intellij.openapi.fileChooser.ex.FileChooserDialogImpl"}}
{"session":"f027597b422a","build":"183.4284.148","bucket":"-1","time":1550136780073,"group":{"id":"ui.dialogs","version":"8"},"event":{"count":1,"data":{"code":0,"created":1550136780073,"type":"close"},"id":"com.intellij.openapi.options.newEditor.SettingsDialog"}}
{"session":"f027597b422a","build":"183.4284.148","bucket":"-1","time":1550136850913,"group":{"id":"statistics.file.types.open","version":"8"},"event":{"count":1,"data":{"created":1550136850913,"project":"1467702432"},"id":"PLAIN_TEXT"}}
{"session":"f027597b422a","build":"183.4284.148","bucket":"-1","time":1550136862786,"group":{"id":"ui.dialogs","version":"8"},"event":{"count":1,"data":{"created":1550136862786,"type":"show"},"id":"com.intellij.ui.components.LegalNoticeDialog"}}
{"session":"f027597b422a","build":"183.4284.148","bucket":"-1","time":1550136864763,"group":{"id":"ui.dialogs","version":"8"},"event":{"count":1,"data":{"code":0,"created":1550136864763,"type":"close"},"id":"com.intellij.ui.components.LegalNoticeDialog"}}
{"session":"f027597b422a","build":"183.4284.148","bucket":"-1","time":1550136864817,"group":{"id":"statistics.file.types.open","version":"8"},"event":{"count":1,"data":{"created":1550136864817,"project":"1467702432"},"id":"CLASS"}}
{"session":"f027597b422a","build":"183.4284.148","bucket":"-1","time":1550136876823,"group":{"id":"statistics.file.types.open","version":"8"},"event":{"count":1,"data":{"created":1550136876823,"project":"1467702432"},"id":"CLASS"}}
{"session":"f027597b422a","build":"183.4284.148","bucket":"-1","time":1550136894937,"group":{"id":"statistics.productivity","version":"8"},"event":{"count":1,"data":{"created":1550136894937},"id":"editing.select.word"}}
{"session":"f027597b422a","build":"183.4284.148","bucket":"-1","time":1550136896580,"group":{"id":"statistics.file.types.open","version":"8"},"event":{"count":1,"data":{"created":1550136896580,"project":"1467702432"},"id":"CLASS"}}
{"session":"f027597b422a","build":"183.4284.148","bucket":"-1","time":1550136902564,"group":{"id":"statistics.productivity","version":"8"},"event":{"count":1,"data":{"created":1550136902564},"id":"editing.select.word"}}
{"session":"f027597b422a","build":"183.4284.148","bucket":"-1","time":1550136920746,"group":{"id":"statistics.file.types.open","version":"8"},"event":{"count":4,"data":{"last":1550136927131,"created":1550136920746,"project":"1467702432"},"id":"CLASS"}}
{"session":"f027597b422a","build":"183.4284.148","bucket":"-1","time":1550136943807,"group":{"id":"statistics.file.types.open","version":"8"},"event":{"count":1,"data":{"created":1550136943807,"project":"1467702432"},"id":"CLASS"}}
{"session":"f027597b422a","build":"183.4284.148","bucket":"-1","time":1550136955270,"group":{"id":"statistics.file.types.open","version":"8"},"event":{"count":3,"data":{"last":1550136958398,"created":1550136955270,"project":"1467702432"},"id":"CLASS"}}
{"session":"f027597b422a","build":"183.4284.148","bucket":"-1","time":1550136987845,"group":{"id":"statistics.file.types.open","version":"8"},"event":{"count":1,"data":{"created":1550136987845,"project":"1467702432"},"id":"CLASS"}}
{"session":"f027597b422a","build":"183.4284.148","bucket":"-1","time":1550136992276,"group":{"id":"statistics.productivity","version":"8"},"event":{"count":7,"data":{"last":1550137020315,"created":1550136992276},"id":"editing.select.word"}}
{"session":"f027597b422a","build":"183.4284.148","bucket":"-1","time":1550137020857,"group":{"id":"actions.v2","version":"8"},"event":{"count":6,"data":{"context_menu":false,"last":1550137022757,"created":1550137020857,"data_1":"Windows"},"id":"EditorCopy"}}
{"session":"f027597b422a","build":"183.4284.148","bucket":"-1","time":1550137024740,"group":{"id":"statistics.productivity","version":"8"},"event":{"count":4,"data":{"last":1550137032638,"created":1550137024740},"id":"editing.select.word"}}
{"session":"f027597b422a","build":"183.4284.148","bucket":"-1","time":1550137035769,"group":{"id":"actions.v2","version":"8"},"event":{"count":1,"data":{"context_menu":false,"created":1550137035769,"data_1":"Windows"},"id":"EditorCopy"}}
{"session":"f027597b422a","build":"183.4284.148","bucket":"-1","time":1550137037083,"group":{"id":"actions.v2","version":"8"},"event":{"count":1,"data":{"context_menu":false,"created":1550137037083,"data_1":"Windows"},"id":"Find"}}
{"session":"f027597b422a","build":"183.4284.148","bucket":"-1","time":1550137037450,"group":{"id":"actions.v2","version":"8"},"event":{"count":1,"data":{"context_menu":false,"created":1550137037450,"data_1":"Windows"},"id":"EditorPaste"}}
{"session":"f027597b422a","build":"183.4284.148","bucket":"-1","time":1550137039343,"group":{"id":"actions.v2","version":"8"},"event":{"count":24,"data":{"context_menu":false,"last":1550137047091,"created":1550137039343,"data_1":"Windows"},"id":"EditorBackSpace"}}
{"session":"f027597b422a","build":"183.4284.148","bucket":"-1","time":1550137054292,"group":{"id":"statistics.productivity","version":"8"},"event":{"count":1,"data":{"created":1550137054292},"id":"editing.select.word"}}
{"session":"f027597b422a","build":"183.4284.148","bucket":"-1","time":1550137054606,"group":{"id":"actions.v2","version":"8"},"event":{"count":1,"data":{"context_menu":false,"created":1550137054606,"data_1":"Windows"},"id":"EditorCopy"}}
{"session":"f027597b422a","build":"183.4284.148","bucket":"-1","time":1550137055726,"group":{"id":"actions.v2","version":"8"},"event":{"count":1,"data":{"context_menu":false,"created":1550137055726,"data_1":"Windows"},"id":"EditorPaste"}}
{"session":"f027597b422a","build":"183.4284.148","bucket":"-1","time":1550137069034,"group":{"id":"statistics.productivity","version":"8"},"event":{"count":2,"data":{"last":1550137075331,"created":1550137069036},"id":"editing.select.word"}}
{"session":"f027597b422a","build":"183.4284.148","bucket":"-1","time":1550137082108,"group":{"id":"statistics.file.types.open","version":"8"},"event":{"count":1,"data":{"created":1550137082108,"project":"1467702432"},"id":"CLASS"}}
{"session":"f027597b422a","build":"183.4284.148","bucket":"-1","time":1550137084830,"group":{"id":"actions.v2","version":"8"},"event":{"count":1,"data":{"context_menu":false,"created":1550137084830,"data_1":"Windows"},"id":"EditorCopy"}}
{"session":"f027597b422a","build":"183.4284.148","bucket":"-1","time":1550137085900,"group":{"id":"statistics.file.types.open","version":"8"},"event":{"count":3,"data":{"last":1550137094756,"created":1550137085900,"project":"1467702432"},"id":"CLASS"}}
{"session":"f027597b422a","build":"183.4284.148","bucket":"-1","time":1550137103949,"group":{"id":"statistics.productivity","version":"8"},"event":{"count":1,"data":{"created":1550137103950},"id":"editing.select.word"}}
{"session":"f027597b422a","build":"183.4284.148","bucket":"-1","time":1550137108472,"group":{"id":"actions.v2","version":"8"},"event":{"count":1,"data":{"context_menu":false,"created":1550137108472,"data_1":"Windows"},"id":"GotoDeclaration"}}
{"session":"f027597b422a","build":"183.4284.148","bucket":"-1","time":1550137108476,"group":{"id":"statistics.productivity","version":"8"},"event":{"count":1,"data":{"created":1550137108476},"id":"navigation.goto.declaration"}}
{"session":"f027597b422a","build":"183.4284.148","bucket":"-1","time":1550137110029,"group":{"id":"statistics.productivity","version":"8"},"event":{"count":1,"data":{"created":1550137110029},"id":"editing.select.word"}}
{"session":"f027597b422a","build":"183.4284.148","bucket":"-1","time":1550137127565,"group":{"id":"statistics.productivity","version":"8"},"event":{"count":3,"data":{"last":1550137129786,"created":1550137127565},"id":"editing.select.word"}}
{"session":"f027597b422a","build":"183.4284.148","bucket":"-1","time":1550137142811,"group":{"id":"statistics.productivity","version":"8"},"event":{"count":1,"data":{"created":1550137142811},"id":"editing.select.word"}}
{"session":"f027597b422a","build":"183.4284.148","bucket":"-1","time":1550137233453,"group":{"id":"statistics.productivity","version":"8"},"event":{"count":2,"data":{"last":1550137234243,"created":1550137233453},"id":"editing.select.word"}}
{"session":"f027597b422a","build":"183.4284.148","bucket":"-1","time":1550137249280,"group":{"id":"statistics.file.types.open","version":"8"},"event":{"count":1,"data":{"created":1550137249280,"project":"1467702432"},"id":"XML"}}
{"session":"f027597b422a","build":"183.4284.148","bucket":"-1","time":1550137261790,"group":{"id":"actions.v2","version":"8"},"event":{"count":1,"data":{"context_menu":true,"created":1550137261790,"place":"EditorTabPopup","data_1":"Windows"},"id":"CloseAllEditorsButActive"}}
{"session":"f027597b422a","build":"183.4284.148","bucket":"-1","time":1550137327233,"group":{"id":"ui.dialogs","version":"8"},"event":{"count":1,"data":{"created":1550137327233,"type":"show"},"id":"com.intellij.openapi.ui.messages.MessageDialog"}}
{"session":"f027597b422a","build":"183.4284.148","bucket":"-1","time":1550137329158,"group":{"id":"statistics.lifecycle.app","version":"8"},"event":{"count":1,"data":{"created":1550137329159},"id":"ide.close"}}
{"session":"f027597b422a","build":"183.4284.148","bucket":"-1","time":1550137329159,"group":{"id":"lifecycle","version":"8"},"event":{"count":1,"data":{"restart":false,"created":1550137329159},"id":"app.closed"}}
{"session":"f027597b422a","build":"183.4284.148","bucket":"-1","time":1550137329178,"group":{"id":"statistics.lifecycle.project","version":"8"},"event":{"count":1,"data":{"created":1550137329179,"project":"1467702432"},"id":"project.closed"}}
{"session":"f027597b422a","build":"183.4284.148","bucket":"-1","time":1550137329370,"group":{"id":"lifecycle","version":"8"},"event":{"count":1,"data":{"created":1550137329370},"id":"project.closed"}}
