{"session":"f7f33a8bb973","build":"183.4284.148","bucket":"-1","time":1551427722571,"group":{"id":"system.os.name","version":"8"},"event":{"data":{"created":1551427722571},"id":"Windows"}}
{"session":"f7f33a8bb973","build":"183.4284.148","bucket":"-1","time":1551427722571,"group":{"id":"system.os.version","version":"8"},"event":{"data":{"created":1551427722613},"id":"10.0"}}
{"session":"f7f33a8bb973","build":"183.4284.148","bucket":"-1","time":1551427722571,"group":{"id":"system.jvm.vendor","version":"8"},"event":{"data":{"created":1551427722655},"id":"JetBrains_s.r.o"}}
{"session":"f7f33a8bb973","build":"183.4284.148","bucket":"-1","time":1551427722571,"group":{"id":"settings","version":"8"},"event":{"data":{"created":1551427722656,"name":"activeMruEditorOnClose","value":false},"id":"UISettings"}}
{"session":"f7f33a8bb973","build":"183.4284.148","bucket":"-1","time":1551427722571,"group":{"id":"settings","version":"8"},"event":{"data":{"created":1551427722658,"name":"activeRightEditorOnClose","value":false},"id":"UISettings"}}
{"session":"f7f33a8bb973","build":"183.4284.148","bucket":"-1","time":1551427722571,"group":{"id":"system.jvm.version","version":"8"},"event":{"data":{"created":1551427722658},"id":"1.8"}}
{"session":"f7f33a8bb973","build":"183.4284.148","bucket":"-1","time":1551427722571,"group":{"id":"settings","version":"8"},"event":{"data":{"created":1551427722658,"name":"allowMergeButtons","value":true},"id":"UISettings"}}
{"session":"f7f33a8bb973","build":"183.4284.148","bucket":"-1","time":1551427722571,"group":{"id":"settings","version":"8"},"event":{"data":{"created":1551427722659,"name":"alwaysShowWindowsButton","value":false},"id":"UISettings"}}
{"session":"f7f33a8bb973","build":"183.4284.148","bucket":"-1","time":1551427722571,"group":{"id":"settings","version":"8"},"event":{"data":{"created":1551427722659,"name":"animateWindows","value":true},"id":"UISettings"}}
{"session":"f7f33a8bb973","build":"183.4284.148","bucket":"-1","time":1551427722571,"group":{"id":"settings","version":"8"},"event":{"data":{"created":1551427722659,"name":"closeNonModifiedFilesFirst","value":false},"id":"UISettings"}}
{"session":"f7f33a8bb973","build":"183.4284.148","bucket":"-1","time":1551427722571,"group":{"id":"settings","version":"8"},"event":{"data":{"created":1551427722660,"name":"closeTabButtonOnTheRight","value":true},"id":"UISettings"}}
{"session":"f7f33a8bb973","build":"183.4284.148","bucket":"-1","time":1551427722571,"group":{"id":"settings","version":"8"},"event":{"data":{"created":1551427722660,"name":"cycleScrolling","value":true},"id":"UISettings"}}
{"session":"f7f33a8bb973","build":"183.4284.148","bucket":"-1","time":1551427722571,"group":{"id":"settings","version":"8"},"event":{"data":{"created":1551427722660,"name":"defaultAutoScrollToSource","value":false},"id":"UISettings"}}
{"session":"f7f33a8bb973","build":"183.4284.148","bucket":"-1","time":1551427722571,"group":{"id":"settings","version":"8"},"event":{"data":{"created":1551427722661,"name":"disableMnemonics","value":false},"id":"UISettings"}}
{"session":"f7f33a8bb973","build":"183.4284.148","bucket":"-1","time":1551427722571,"group":{"id":"settings","version":"8"},"event":{"data":{"created":1551427722661,"name":"disableMnemonicsInControls","value":false},"id":"UISettings"}}
{"session":"f7f33a8bb973","build":"183.4284.148","bucket":"-1","time":1551427722571,"group":{"id":"settings","version":"8"},"event":{"data":{"created":1551427722661,"name":"dndWithPressedAltOnly","value":false},"id":"UISettings"}}
{"session":"f7f33a8bb973","build":"183.4284.148","bucket":"-1","time":1551427722571,"group":{"id":"settings","version":"8"},"event":{"data":{"created":1551427722662,"name":"enableAlphaMode","value":false},"id":"UISettings"}}
{"session":"f7f33a8bb973","build":"183.4284.148","bucket":"-1","time":1551427722571,"group":{"id":"settings","version":"8"},"event":{"data":{"created":1551427722662,"name":"hideKnownExtensionInTabs","value":false},"id":"UISettings"}}
{"session":"f7f33a8bb973","build":"183.4284.148","bucket":"-1","time":1551427722571,"group":{"id":"settings","version":"8"},"event":{"data":{"created":1551427722662,"name":"hideNavigationOnFocusLoss","value":true},"id":"UISettings"}}
{"session":"f7f33a8bb973","build":"183.4284.148","bucket":"-1","time":1551427722571,"group":{"id":"settings","version":"8"},"event":{"data":{"created":1551427722663,"name":"hideTabsIfNeed","value":true},"id":"UISettings"}}
{"session":"f7f33a8bb973","build":"183.4284.148","bucket":"-1","time":1551427722571,"group":{"id":"settings","version":"8"},"event":{"data":{"created":1551427722663,"name":"hideToolStripes","value":false},"id":"UISettings"}}
{"session":"f7f33a8bb973","build":"183.4284.148","bucket":"-1","time":1551427722571,"group":{"id":"settings","version":"8"},"event":{"data":{"created":1551427722663,"name":"leftHorizontalSplit","value":false},"id":"UISettings"}}
{"session":"f7f33a8bb973","build":"183.4284.148","bucket":"-1","time":1551427722571,"group":{"id":"settings","version":"8"},"event":{"data":{"created":1551427722663,"name":"markModifiedTabsWithAsterisk","value":false},"id":"UISettings"}}
{"session":"f7f33a8bb973","build":"183.4284.148","bucket":"-1","time":1551427722571,"group":{"id":"settings","version":"8"},"event":{"data":{"created":1551427722664,"name":"mergeEqualStackTraces","value":true},"id":"UISettings"}}
{"session":"f7f33a8bb973","build":"183.4284.148","bucket":"-1","time":1551427722572,"group":{"id":"settings","version":"8"},"event":{"data":{"created":1551427722664,"name":"moveMouseOnDefaultButton","value":false},"id":"UISettings"}}
{"session":"f7f33a8bb973","build":"183.4284.148","bucket":"-1","time":1551427722572,"group":{"id":"settings","version":"8"},"event":{"data":{"created":1551427722664,"name":"navigateToPreview","value":false},"id":"UISettings"}}
{"session":"f7f33a8bb973","build":"183.4284.148","bucket":"-1","time":1551427722572,"group":{"id":"settings","version":"8"},"event":{"data":{"created":1551427722664,"name":"overrideConsoleCycleBufferSize","value":false},"id":"UISettings"}}
{"session":"f7f33a8bb973","build":"183.4284.148","bucket":"-1","time":1551427722572,"group":{"id":"settings","version":"8"},"event":{"data":{"created":1551427722665,"name":"overrideLafFonts","value":false},"id":"UISettings"}}
{"session":"f7f33a8bb973","build":"183.4284.148","bucket":"-1","time":1551427722572,"group":{"id":"settings","version":"8"},"event":{"data":{"created":1551427722665,"name":"pinFindInPath","value":false},"id":"UISettings"}}
{"session":"f7f33a8bb973","build":"183.4284.148","bucket":"-1","time":1551427722572,"group":{"id":"settings","version":"8"},"event":{"data":{"created":1551427722665,"name":"presentationMode","value":false},"id":"UISettings"}}
{"session":"f7f33a8bb973","build":"183.4284.148","bucket":"-1","time":1551427722572,"group":{"id":"settings","version":"8"},"event":{"data":{"created":1551427722665,"name":"reuseNotModifiedTabs","value":false},"id":"UISettings"}}
{"session":"f7f33a8bb973","build":"183.4284.148","bucket":"-1","time":1551427722572,"group":{"id":"settings","version":"8"},"event":{"data":{"created":1551427722666,"name":"rightHorizontalSplit","value":false},"id":"UISettings"}}
{"session":"f7f33a8bb973","build":"183.4284.148","bucket":"-1","time":1551427722572,"group":{"id":"settings","version":"8"},"event":{"data":{"created":1551427722667,"name":"scrollTabLayoutInEditor","value":true},"id":"UISettings"}}
{"session":"f7f33a8bb973","build":"183.4284.148","bucket":"-1","time":1551427722572,"group":{"id":"settings","version":"8"},"event":{"data":{"created":1551427722667,"name":"showCloseButton","value":true},"id":"UISettings"}}
{"session":"f7f33a8bb973","build":"183.4284.148","bucket":"-1","time":1551427722572,"group":{"id":"settings","version":"8"},"event":{"data":{"created":1551427722667,"name":"showDirectoryForNonUniqueFilenames","value":true},"id":"UISettings"}}
{"session":"f7f33a8bb973","build":"183.4284.148","bucket":"-1","time":1551427722572,"group":{"id":"settings","version":"8"},"event":{"data":{"created":1551427722667,"name":"showEditorToolTip","value":true},"id":"UISettings"}}
{"session":"f7f33a8bb973","build":"183.4284.148","bucket":"-1","time":1551427722572,"group":{"id":"settings","version":"8"},"event":{"data":{"created":1551427722668,"name":"showIconInQuickNavigation","value":true},"id":"UISettings"}}
{"session":"f7f33a8bb973","build":"183.4284.148","bucket":"-1","time":1551427722572,"group":{"id":"settings","version":"8"},"event":{"data":{"created":1551427722668,"name":"showIconsInMenus","value":true},"id":"UISettings"}}
{"session":"f7f33a8bb973","build":"183.4284.148","bucket":"-1","time":1551427722572,"group":{"id":"settings","version":"8"},"event":{"data":{"created":1551427722669,"name":"showMainToolbar","value":false},"id":"UISettings"}}
{"session":"f7f33a8bb973","build":"183.4284.148","bucket":"-1","time":1551427722572,"group":{"id":"settings","version":"8"},"event":{"data":{"created":1551427722669,"name":"showMemoryIndicator","value":false},"id":"UISettings"}}
{"session":"f7f33a8bb973","build":"183.4284.148","bucket":"-1","time":1551427722572,"group":{"id":"settings","version":"8"},"event":{"data":{"created":1551427722669,"name":"showNavigationBar","value":true},"id":"UISettings"}}
{"session":"f7f33a8bb973","build":"183.4284.148","bucket":"-1","time":1551427722572,"group":{"id":"settings","version":"8"},"event":{"data":{"created":1551427722669,"name":"showStatusBar","value":true},"id":"UISettings"}}
{"session":"f7f33a8bb973","build":"183.4284.148","bucket":"-1","time":1551427722572,"group":{"id":"settings","version":"8"},"event":{"data":{"created":1551427722670,"name":"showTabsTooltips","value":true},"id":"UISettings"}}
{"session":"f7f33a8bb973","build":"183.4284.148","bucket":"-1","time":1551427722572,"group":{"id":"settings","version":"8"},"event":{"data":{"created":1551427722670,"name":"showToolWindowsNumbers","value":true},"id":"UISettings"}}
{"session":"f7f33a8bb973","build":"183.4284.148","bucket":"-1","time":1551427722572,"group":{"id":"settings","version":"8"},"event":{"data":{"created":1551427722670,"name":"smoothScrolling","value":false},"id":"UISettings"}}
{"session":"f7f33a8bb973","build":"183.4284.148","bucket":"-1","time":1551427722572,"group":{"id":"settings","version":"8"},"event":{"data":{"created":1551427722670,"name":"sortBookmarks","value":false},"id":"UISettings"}}
{"session":"f7f33a8bb973","build":"183.4284.148","bucket":"-1","time":1551427722572,"group":{"id":"settings","version":"8"},"event":{"data":{"created":1551427722670,"name":"sortLookupElementsLexicographically","value":false},"id":"UISettings"}}
{"session":"f7f33a8bb973","build":"183.4284.148","bucket":"-1","time":1551427722572,"group":{"id":"settings","version":"8"},"event":{"data":{"created":1551427722671,"name":"useSmallLabelsOnTabs","value":false},"id":"UISettings"}}
{"session":"f7f33a8bb973","build":"183.4284.148","bucket":"-1","time":1551427722572,"group":{"id":"settings","version":"8"},"event":{"data":{"created":1551427722671,"name":"wideScreenSupport","value":false},"id":"UISettings"}}
{"session":"f7f33a8bb973","build":"183.4284.148","bucket":"-1","time":1551427725767,"group":{"id":"settings","version":"8"},"event":{"data":{"created":1551427725767,"name":"autoSaveIfInactive","value":false},"id":"GeneralSettings"}}
{"session":"f7f33a8bb973","build":"183.4284.148","bucket":"-1","time":1551427725767,"group":{"id":"settings","version":"8"},"event":{"data":{"created":1551427725768,"name":"confirmExit","value":true},"id":"GeneralSettings"}}
{"session":"f7f33a8bb973","build":"183.4284.148","bucket":"-1","time":1551427725767,"group":{"id":"settings","version":"8"},"event":{"data":{"created":1551427725769,"name":"reopenLastProject","value":true},"id":"GeneralSettings"}}
{"session":"f7f33a8bb973","build":"183.4284.148","bucket":"-1","time":1551427725767,"group":{"id":"settings","version":"8"},"event":{"data":{"created":1551427725769,"name":"saveOnFrameDeactivation","value":true},"id":"GeneralSettings"}}
{"session":"f7f33a8bb973","build":"183.4284.148","bucket":"-1","time":1551427725767,"group":{"id":"settings","version":"8"},"event":{"data":{"created":1551427725769,"name":"searchInBackground","value":false},"id":"GeneralSettings"}}
{"session":"f7f33a8bb973","build":"183.4284.148","bucket":"-1","time":1551427725767,"group":{"id":"settings","version":"8"},"event":{"data":{"default":false,"created":1551427725769,"name":"showTipsOnStartup","value":false},"id":"GeneralSettings"}}
{"session":"f7f33a8bb973","build":"183.4284.148","bucket":"-1","time":1551427725767,"group":{"id":"settings","version":"8"},"event":{"data":{"created":1551427725769,"name":"showWelcomeScreen","value":true},"id":"GeneralSettings"}}
{"session":"f7f33a8bb973","build":"183.4284.148","bucket":"-1","time":1551427725767,"group":{"id":"settings","version":"8"},"event":{"data":{"created":1551427725769,"name":"supportScreenReaders","value":false},"id":"GeneralSettings"}}
{"session":"f7f33a8bb973","build":"183.4284.148","bucket":"-1","time":1551427725767,"group":{"id":"settings","version":"8"},"event":{"data":{"created":1551427725770,"name":"syncOnFrameActivation","value":true},"id":"GeneralSettings"}}
{"session":"f7f33a8bb973","build":"183.4284.148","bucket":"-1","time":1551427725767,"group":{"id":"settings","version":"8"},"event":{"data":{"created":1551427725770,"name":"useDefaultBrowser","value":true},"id":"GeneralSettings"}}
{"session":"f7f33a8bb973","build":"183.4284.148","bucket":"-1","time":1551427725767,"group":{"id":"settings","version":"8"},"event":{"data":{"created":1551427725770,"name":"useSafeWrite","value":true},"id":"GeneralSettings"}}
{"session":"f7f33a8bb973","build":"183.4284.148","bucket":"-1","time":1551427735216,"group":{"id":"ui.dialogs","version":"8"},"event":{"count":1,"data":{"created":1551427735216,"type":"show"},"id":"com.intellij.openapi.progress.util.ProgressDialog$MyDialogWrapper"}}
{"session":"f7f33a8bb973","build":"183.4284.148","bucket":"-1","time":1551427735357,"group":{"id":"statistics.lifecycle.app","version":"8"},"event":{"count":1,"data":{"created":1551427735358,"data_2":"10","data_1":"timeSecondsGrouped"},"id":"ide.freeze"}}
{"session":"f7f33a8bb973","build":"183.4284.148","bucket":"-1","time":1551427735476,"group":{"id":"lifecycle","version":"8"},"event":{"count":1,"data":{"durationSeconds":10,"created":1551427735476},"id":"ide.freeze"}}
{"session":"f7f33a8bb973","build":"183.4284.148","bucket":"-1","time":1551427746827,"group":{"id":"ui.dialogs","version":"8"},"event":{"count":1,"data":{"code":1,"created":1551427746830,"type":"close"},"id":"com.intellij.openapi.progress.util.ProgressDialog$MyDialogWrapper"}}
{"session":"f7f33a8bb973","build":"183.4284.148","bucket":"-1","time":1551427746956,"group":{"id":"statistics.lifecycle.project","version":"8"},"event":{"count":1,"data":{"created":1551427746956,"project":"1467702432"},"id":"project.opened"}}
{"session":"f7f33a8bb973","build":"183.4284.148","bucket":"-1","time":1551427746956,"group":{"id":"lifecycle","version":"8"},"event":{"count":1,"data":{"created":1551427746958},"id":"project.opened"}}
{"session":"f7f33a8bb973","build":"183.4284.148","bucket":"-1","time":1551427754314,"group":{"id":"ui.dialogs","version":"8"},"event":{"count":1,"data":{"created":1551427754314,"type":"show"},"id":"com.intellij.openapi.progress.util.ProgressDialog$MyDialogWrapper"}}
{"session":"f7f33a8bb973","build":"183.4284.148","bucket":"-1","time":1551427754520,"group":{"id":"statistics.lifecycle.app","version":"8"},"event":{"count":1,"data":{"created":1551427754520,"data_2":"8","data_1":"timeSecondsGrouped"},"id":"ide.freeze"}}
{"session":"f7f33a8bb973","build":"183.4284.148","bucket":"-1","time":1551427754521,"group":{"id":"lifecycle","version":"8"},"event":{"count":1,"data":{"durationSeconds":8,"created":1551427754521},"id":"ide.freeze"}}
{"session":"f7f33a8bb973","build":"183.4284.148","bucket":"-1","time":1551427762304,"group":{"id":"statistics.lifecycle.app","version":"8"},"event":{"count":1,"data":{"created":1551427762304},"id":"ide.start"}}
{"session":"f7f33a8bb973","build":"183.4284.148","bucket":"-1","time":1551427762304,"group":{"id":"lifecycle","version":"8"},"event":{"count":1,"data":{"created":1551427762307},"id":"app.started"}}
{"session":"f7f33a8bb973","build":"183.4284.148","bucket":"-1","time":1551427763638,"group":{"id":"statistics.lifecycle.app","version":"8"},"event":{"count":1,"data":{"created":1551427763638},"id":"ide.error"}}
{"session":"f7f33a8bb973","build":"183.4284.148","bucket":"-1","time":1551427763930,"group":{"id":"ui.dialogs","version":"8"},"event":{"count":1,"data":{"code":1,"created":1551427763930,"type":"close"},"id":"com.intellij.openapi.progress.util.ProgressDialog$MyDialogWrapper"}}
{"session":"f7f33a8bb973","build":"183.4284.148","bucket":"-1","time":1551427764318,"group":{"id":"statistics.lifecycle.project","version":"8"},"event":{"count":1,"data":{"created":1551427764318,"project":"1467702432"},"id":"project.open.time.30"}}
{"session":"f7f33a8bb973","build":"183.4284.148","bucket":"-1","time":1551427764318,"group":{"id":"lifecycle","version":"8"},"event":{"count":1,"data":{"created":1551427764319,"time.ms":30342},"id":"project.opening.finished"}}
{"session":"f7f33a8bb973","build":"183.4284.148","bucket":"-1","time":1551427764784,"group":{"id":"statistics.lifecycle.app","version":"8"},"event":{"count":8,"data":{"last":1551427780222,"created":1551427764784},"id":"ide.error"}}
{"session":"f7f33a8bb973","build":"183.4284.148","bucket":"-1","time":1551427781664,"group":{"id":"toolwindow","version":"8"},"event":{"count":1,"data":{"created":1551427781664,"data_1":"Windows"},"id":"Project_by_Activation"}}
{"session":"f7f33a8bb973","build":"183.4284.148","bucket":"-1","time":1551427781916,"group":{"id":"statistics.lifecycle.app","version":"8"},"event":{"count":2,"data":{"last":1551427783048,"created":1551427781916},"id":"ide.error"}}
{"session":"f7f33a8bb973","build":"183.4284.148","bucket":"-1","time":1551427785404,"group":{"id":"ui.dialogs","version":"8"},"event":{"count":1,"data":{"created":1551427785404,"type":"show"},"id":"com.intellij.diagnostic.IdeMessagePanel$3"}}
{"session":"f7f33a8bb973","build":"183.4284.148","bucket":"-1","time":1551427785864,"group":{"id":"statistics.lifecycle.app","version":"8"},"event":{"count":12,"data":{"last":1551427795149,"created":1551427785864},"id":"ide.error"}}
{"session":"f7f33a8bb973","build":"183.4284.148","bucket":"-1","time":1551427796669,"group":{"id":"ui.dialogs","version":"8"},"event":{"count":1,"data":{"code":1,"created":1551427796669,"type":"close"},"id":"com.intellij.diagnostic.IdeMessagePanel$3"}}
{"session":"f7f33a8bb973","build":"183.4284.148","bucket":"-1","time":1551427797029,"group":{"id":"statistics.lifecycle.app","version":"8"},"event":{"count":2,"data":{"last":1551427800447,"created":1551427797029},"id":"ide.error"}}
{"session":"f7f33a8bb973","build":"183.4284.148","bucket":"-1","time":1551427800714,"group":{"id":"ui.dialogs","version":"8"},"event":{"count":1,"data":{"created":1551427800715,"type":"show"},"id":"com.intellij.diagnostic.IdeMessagePanel$3"}}
{"session":"f7f33a8bb973","build":"183.4284.148","bucket":"-1","time":1551427801104,"group":{"id":"statistics.lifecycle.app","version":"8"},"event":{"count":8,"data":{"last":1551427806964,"created":1551427801104},"id":"ide.error"}}
{"session":"f7f33a8bb973","build":"183.4284.148","bucket":"-1","time":1551427807636,"group":{"id":"ui.dialogs","version":"8"},"event":{"count":1,"data":{"code":1,"created":1551427807636,"type":"close"},"id":"com.intellij.diagnostic.IdeMessagePanel$3"}}
{"session":"f7f33a8bb973","build":"183.4284.148","bucket":"-1","time":1551427807961,"group":{"id":"statistics.lifecycle.app","version":"8"},"event":{"count":2,"data":{"last":1551427808703,"created":1551427807961},"id":"ide.error"}}
{"session":"f7f33a8bb973","build":"183.4284.148","bucket":"-1","time":1551427810044,"group":{"id":"ui.dialogs","version":"8"},"event":{"count":1,"data":{"created":1551427810044,"type":"show"},"id":"com.intellij.openapi.ui.messages.MessageDialog"}}
{"session":"f7f33a8bb973","build":"183.4284.148","bucket":"-1","time":1551427812120,"group":{"id":"statistics.lifecycle.app","version":"8"},"event":{"count":1,"data":{"created":1551427812120},"id":"ide.close"}}
{"session":"f7f33a8bb973","build":"183.4284.148","bucket":"-1","time":1551427812120,"group":{"id":"lifecycle","version":"8"},"event":{"count":1,"data":{"restart":false,"created":1551427812120},"id":"app.closed"}}
{"session":"f7f33a8bb973","build":"183.4284.148","bucket":"-1","time":1551427812143,"group":{"id":"statistics.lifecycle.project","version":"8"},"event":{"count":1,"data":{"created":1551427812143,"project":"1467702432"},"id":"project.closed"}}
{"session":"f7f33a8bb973","build":"183.4284.148","bucket":"-1","time":1551427812382,"group":{"id":"lifecycle","version":"8"},"event":{"count":1,"data":{"created":1551427812382},"id":"project.closed"}}
