{"session":"9949063283ca","build":"183.4284.148","bucket":"-1","time":1550209212830,"group":{"id":"settings","version":"8"},"event":{"data":{"created":1550209212831,"name":"activeMruEditorOnClose","value":false},"id":"UISettings"}}
{"session":"9949063283ca","build":"183.4284.148","bucket":"-1","time":1550209212830,"group":{"id":"settings","version":"8"},"event":{"data":{"created":1550209212848,"name":"activeRightEditorOnClose","value":false},"id":"UISettings"}}
{"session":"9949063283ca","build":"183.4284.148","bucket":"-1","time":1550209212830,"group":{"id":"settings","version":"8"},"event":{"data":{"created":1550209212856,"name":"allowMergeButtons","value":true},"id":"UISettings"}}
{"session":"9949063283ca","build":"183.4284.148","bucket":"-1","time":1550209212830,"group":{"id":"settings","version":"8"},"event":{"data":{"created":1550209212856,"name":"alwaysShowWindowsButton","value":false},"id":"UISettings"}}
{"session":"9949063283ca","build":"183.4284.148","bucket":"-1","time":1550209212830,"group":{"id":"settings","version":"8"},"event":{"data":{"created":1550209212858,"name":"animateWindows","value":true},"id":"UISettings"}}
{"session":"9949063283ca","build":"183.4284.148","bucket":"-1","time":1550209212830,"group":{"id":"settings","version":"8"},"event":{"data":{"created":1550209212859,"name":"closeNonModifiedFilesFirst","value":false},"id":"UISettings"}}
{"session":"9949063283ca","build":"183.4284.148","bucket":"-1","time":1550209212830,"group":{"id":"settings","version":"8"},"event":{"data":{"created":1550209212859,"name":"closeTabButtonOnTheRight","value":true},"id":"UISettings"}}
{"session":"9949063283ca","build":"183.4284.148","bucket":"-1","time":1550209212830,"group":{"id":"settings","version":"8"},"event":{"data":{"created":1550209212859,"name":"cycleScrolling","value":true},"id":"UISettings"}}
{"session":"9949063283ca","build":"183.4284.148","bucket":"-1","time":1550209212830,"group":{"id":"settings","version":"8"},"event":{"data":{"created":1550209212860,"name":"defaultAutoScrollToSource","value":false},"id":"UISettings"}}
{"session":"9949063283ca","build":"183.4284.148","bucket":"-1","time":1550209212830,"group":{"id":"settings","version":"8"},"event":{"data":{"created":1550209212860,"name":"disableMnemonics","value":false},"id":"UISettings"}}
{"session":"9949063283ca","build":"183.4284.148","bucket":"-1","time":1550209212830,"group":{"id":"settings","version":"8"},"event":{"data":{"created":1550209212860,"name":"disableMnemonicsInControls","value":false},"id":"UISettings"}}
{"session":"9949063283ca","build":"183.4284.148","bucket":"-1","time":1550209212830,"group":{"id":"settings","version":"8"},"event":{"data":{"created":1550209212861,"name":"dndWithPressedAltOnly","value":false},"id":"UISettings"}}
{"session":"9949063283ca","build":"183.4284.148","bucket":"-1","time":1550209212830,"group":{"id":"settings","version":"8"},"event":{"data":{"created":1550209212861,"name":"enableAlphaMode","value":false},"id":"UISettings"}}
{"session":"9949063283ca","build":"183.4284.148","bucket":"-1","time":1550209212830,"group":{"id":"settings","version":"8"},"event":{"data":{"created":1550209212864,"name":"hideKnownExtensionInTabs","value":false},"id":"UISettings"}}
{"session":"9949063283ca","build":"183.4284.148","bucket":"-1","time":1550209212830,"group":{"id":"settings","version":"8"},"event":{"data":{"created":1550209212864,"name":"hideNavigationOnFocusLoss","value":true},"id":"UISettings"}}
{"session":"9949063283ca","build":"183.4284.148","bucket":"-1","time":1550209212830,"group":{"id":"settings","version":"8"},"event":{"data":{"created":1550209212865,"name":"hideTabsIfNeed","value":true},"id":"UISettings"}}
{"session":"9949063283ca","build":"183.4284.148","bucket":"-1","time":1550209212830,"group":{"id":"settings","version":"8"},"event":{"data":{"created":1550209212865,"name":"hideToolStripes","value":false},"id":"UISettings"}}
{"session":"9949063283ca","build":"183.4284.148","bucket":"-1","time":1550209212830,"group":{"id":"settings","version":"8"},"event":{"data":{"created":1550209212867,"name":"leftHorizontalSplit","value":false},"id":"UISettings"}}
{"session":"9949063283ca","build":"183.4284.148","bucket":"-1","time":1550209212830,"group":{"id":"settings","version":"8"},"event":{"data":{"created":1550209212867,"name":"markModifiedTabsWithAsterisk","value":false},"id":"UISettings"}}
{"session":"9949063283ca","build":"183.4284.148","bucket":"-1","time":1550209212830,"group":{"id":"settings","version":"8"},"event":{"data":{"created":1550209212867,"name":"mergeEqualStackTraces","value":true},"id":"UISettings"}}
{"session":"9949063283ca","build":"183.4284.148","bucket":"-1","time":1550209212830,"group":{"id":"settings","version":"8"},"event":{"data":{"created":1550209212868,"name":"moveMouseOnDefaultButton","value":false},"id":"UISettings"}}
{"session":"9949063283ca","build":"183.4284.148","bucket":"-1","time":1550209212830,"group":{"id":"settings","version":"8"},"event":{"data":{"created":1550209212868,"name":"navigateToPreview","value":false},"id":"UISettings"}}
{"session":"9949063283ca","build":"183.4284.148","bucket":"-1","time":1550209212830,"group":{"id":"settings","version":"8"},"event":{"data":{"created":1550209212868,"name":"overrideConsoleCycleBufferSize","value":false},"id":"UISettings"}}
{"session":"9949063283ca","build":"183.4284.148","bucket":"-1","time":1550209212830,"group":{"id":"settings","version":"8"},"event":{"data":{"created":1550209212868,"name":"overrideLafFonts","value":false},"id":"UISettings"}}
{"session":"9949063283ca","build":"183.4284.148","bucket":"-1","time":1550209212830,"group":{"id":"settings","version":"8"},"event":{"data":{"created":1550209212869,"name":"pinFindInPath","value":false},"id":"UISettings"}}
{"session":"9949063283ca","build":"183.4284.148","bucket":"-1","time":1550209212830,"group":{"id":"settings","version":"8"},"event":{"data":{"created":1550209212869,"name":"presentationMode","value":false},"id":"UISettings"}}
{"session":"9949063283ca","build":"183.4284.148","bucket":"-1","time":1550209212830,"group":{"id":"settings","version":"8"},"event":{"data":{"created":1550209212869,"name":"reuseNotModifiedTabs","value":false},"id":"UISettings"}}
{"session":"9949063283ca","build":"183.4284.148","bucket":"-1","time":1550209212830,"group":{"id":"settings","version":"8"},"event":{"data":{"created":1550209212869,"name":"rightHorizontalSplit","value":false},"id":"UISettings"}}
{"session":"9949063283ca","build":"183.4284.148","bucket":"-1","time":1550209212830,"group":{"id":"settings","version":"8"},"event":{"data":{"created":1550209212869,"name":"scrollTabLayoutInEditor","value":true},"id":"UISettings"}}
{"session":"9949063283ca","build":"183.4284.148","bucket":"-1","time":1550209212830,"group":{"id":"settings","version":"8"},"event":{"data":{"created":1550209212870,"name":"showCloseButton","value":true},"id":"UISettings"}}
{"session":"9949063283ca","build":"183.4284.148","bucket":"-1","time":1550209212830,"group":{"id":"settings","version":"8"},"event":{"data":{"created":1550209212870,"name":"showDirectoryForNonUniqueFilenames","value":true},"id":"UISettings"}}
{"session":"9949063283ca","build":"183.4284.148","bucket":"-1","time":1550209212830,"group":{"id":"settings","version":"8"},"event":{"data":{"created":1550209212870,"name":"showEditorToolTip","value":true},"id":"UISettings"}}
{"session":"9949063283ca","build":"183.4284.148","bucket":"-1","time":1550209212830,"group":{"id":"settings","version":"8"},"event":{"data":{"created":1550209212871,"name":"showIconInQuickNavigation","value":true},"id":"UISettings"}}
{"session":"9949063283ca","build":"183.4284.148","bucket":"-1","time":1550209212830,"group":{"id":"settings","version":"8"},"event":{"data":{"created":1550209212871,"name":"showIconsInMenus","value":true},"id":"UISettings"}}
{"session":"9949063283ca","build":"183.4284.148","bucket":"-1","time":1550209212830,"group":{"id":"settings","version":"8"},"event":{"data":{"created":1550209212871,"name":"showMainToolbar","value":false},"id":"UISettings"}}
{"session":"9949063283ca","build":"183.4284.148","bucket":"-1","time":1550209212830,"group":{"id":"settings","version":"8"},"event":{"data":{"created":1550209212871,"name":"showMemoryIndicator","value":false},"id":"UISettings"}}
{"session":"9949063283ca","build":"183.4284.148","bucket":"-1","time":1550209212830,"group":{"id":"settings","version":"8"},"event":{"data":{"created":1550209212871,"name":"showNavigationBar","value":true},"id":"UISettings"}}
{"session":"9949063283ca","build":"183.4284.148","bucket":"-1","time":1550209212830,"group":{"id":"settings","version":"8"},"event":{"data":{"created":1550209212872,"name":"showStatusBar","value":true},"id":"UISettings"}}
{"session":"9949063283ca","build":"183.4284.148","bucket":"-1","time":1550209212830,"group":{"id":"settings","version":"8"},"event":{"data":{"created":1550209212872,"name":"showTabsTooltips","value":true},"id":"UISettings"}}
{"session":"9949063283ca","build":"183.4284.148","bucket":"-1","time":1550209212830,"group":{"id":"settings","version":"8"},"event":{"data":{"created":1550209212872,"name":"showToolWindowsNumbers","value":true},"id":"UISettings"}}
{"session":"9949063283ca","build":"183.4284.148","bucket":"-1","time":1550209212830,"group":{"id":"settings","version":"8"},"event":{"data":{"created":1550209212872,"name":"smoothScrolling","value":false},"id":"UISettings"}}
{"session":"9949063283ca","build":"183.4284.148","bucket":"-1","time":1550209212830,"group":{"id":"settings","version":"8"},"event":{"data":{"created":1550209212872,"name":"sortBookmarks","value":false},"id":"UISettings"}}
{"session":"9949063283ca","build":"183.4284.148","bucket":"-1","time":1550209212830,"group":{"id":"settings","version":"8"},"event":{"data":{"created":1550209212873,"name":"sortLookupElementsLexicographically","value":false},"id":"UISettings"}}
{"session":"9949063283ca","build":"183.4284.148","bucket":"-1","time":1550209212830,"group":{"id":"settings","version":"8"},"event":{"data":{"created":1550209212873,"name":"useSmallLabelsOnTabs","value":false},"id":"UISettings"}}
{"session":"9949063283ca","build":"183.4284.148","bucket":"-1","time":1550209212830,"group":{"id":"settings","version":"8"},"event":{"data":{"created":1550209212873,"name":"wideScreenSupport","value":false},"id":"UISettings"}}
{"session":"9949063283ca","build":"183.4284.148","bucket":"-1","time":1550209212841,"group":{"id":"system.os.name","version":"8"},"event":{"data":{"created":1550209212874},"id":"Windows"}}
{"session":"9949063283ca","build":"183.4284.148","bucket":"-1","time":1550209212841,"group":{"id":"system.os.version","version":"8"},"event":{"data":{"created":1550209212874},"id":"10.0"}}
{"session":"9949063283ca","build":"183.4284.148","bucket":"-1","time":1550209212841,"group":{"id":"system.jvm.vendor","version":"8"},"event":{"data":{"created":1550209212874},"id":"JetBrains_s.r.o"}}
{"session":"9949063283ca","build":"183.4284.148","bucket":"-1","time":1550209212846,"group":{"id":"system.jvm.version","version":"8"},"event":{"data":{"created":1550209212874},"id":"1.8"}}
{"session":"9949063283ca","build":"183.4284.148","bucket":"-1","time":1550209213462,"group":{"id":"settings","version":"8"},"event":{"data":{"created":1550209213462,"name":"autoSaveIfInactive","value":false},"id":"GeneralSettings"}}
{"session":"9949063283ca","build":"183.4284.148","bucket":"-1","time":1550209213462,"group":{"id":"settings","version":"8"},"event":{"data":{"created":1550209213463,"name":"confirmExit","value":true},"id":"GeneralSettings"}}
{"session":"9949063283ca","build":"183.4284.148","bucket":"-1","time":1550209213462,"group":{"id":"settings","version":"8"},"event":{"data":{"created":1550209213463,"name":"reopenLastProject","value":true},"id":"GeneralSettings"}}
{"session":"9949063283ca","build":"183.4284.148","bucket":"-1","time":1550209213462,"group":{"id":"settings","version":"8"},"event":{"data":{"created":1550209213463,"name":"saveOnFrameDeactivation","value":true},"id":"GeneralSettings"}}
{"session":"9949063283ca","build":"183.4284.148","bucket":"-1","time":1550209213462,"group":{"id":"settings","version":"8"},"event":{"data":{"created":1550209213463,"name":"searchInBackground","value":false},"id":"GeneralSettings"}}
{"session":"9949063283ca","build":"183.4284.148","bucket":"-1","time":1550209213462,"group":{"id":"settings","version":"8"},"event":{"data":{"default":false,"created":1550209213464,"name":"showTipsOnStartup","value":false},"id":"GeneralSettings"}}
{"session":"9949063283ca","build":"183.4284.148","bucket":"-1","time":1550209213462,"group":{"id":"settings","version":"8"},"event":{"data":{"created":1550209213464,"name":"showWelcomeScreen","value":true},"id":"GeneralSettings"}}
{"session":"9949063283ca","build":"183.4284.148","bucket":"-1","time":1550209213462,"group":{"id":"settings","version":"8"},"event":{"data":{"created":1550209213464,"name":"supportScreenReaders","value":false},"id":"GeneralSettings"}}
{"session":"9949063283ca","build":"183.4284.148","bucket":"-1","time":1550209213462,"group":{"id":"settings","version":"8"},"event":{"data":{"created":1550209213464,"name":"syncOnFrameActivation","value":true},"id":"GeneralSettings"}}
{"session":"9949063283ca","build":"183.4284.148","bucket":"-1","time":1550209213462,"group":{"id":"settings","version":"8"},"event":{"data":{"created":1550209213464,"name":"useDefaultBrowser","value":true},"id":"GeneralSettings"}}
{"session":"9949063283ca","build":"183.4284.148","bucket":"-1","time":1550209213462,"group":{"id":"settings","version":"8"},"event":{"data":{"created":1550209213464,"name":"useSafeWrite","value":true},"id":"GeneralSettings"}}
{"session":"9949063283ca","build":"183.4284.148","bucket":"-1","time":1550209215290,"group":{"id":"ui.dialogs","version":"8"},"event":{"count":1,"data":{"created":1550209215290,"type":"show"},"id":"com.intellij.openapi.progress.util.ProgressDialog$MyDialogWrapper"}}
{"session":"9949063283ca","build":"183.4284.148","bucket":"-1","time":1550209217892,"group":{"id":"ui.dialogs","version":"8"},"event":{"count":1,"data":{"code":1,"created":1550209217908,"type":"close"},"id":"com.intellij.openapi.progress.util.ProgressDialog$MyDialogWrapper"}}
{"session":"9949063283ca","build":"183.4284.148","bucket":"-1","time":1550209218003,"group":{"id":"statistics.lifecycle.project","version":"8"},"event":{"count":1,"data":{"created":1550209218003,"project":"1467702432"},"id":"project.opened"}}
{"session":"9949063283ca","build":"183.4284.148","bucket":"-1","time":1550209218004,"group":{"id":"lifecycle","version":"8"},"event":{"count":1,"data":{"created":1550209218004},"id":"project.opened"}}
{"session":"9949063283ca","build":"183.4284.148","bucket":"-1","time":1550209219649,"group":{"id":"ui.dialogs","version":"8"},"event":{"count":1,"data":{"created":1550209219649,"type":"show"},"id":"com.intellij.openapi.progress.util.ProgressDialog$MyDialogWrapper"}}
{"session":"9949063283ca","build":"183.4284.148","bucket":"-1","time":1550209221258,"group":{"id":"toolwindow","version":"8"},"event":{"count":1,"data":{"created":1550209221258,"data_1":"Windows"},"id":"Project_by_Activation"}}
{"session":"9949063283ca","build":"183.4284.148","bucket":"-1","time":1550209221640,"group":{"id":"statistics.lifecycle.app","version":"8"},"event":{"count":1,"data":{"created":1550209221642},"id":"ide.start"}}
{"session":"9949063283ca","build":"183.4284.148","bucket":"-1","time":1550209221641,"group":{"id":"lifecycle","version":"8"},"event":{"count":1,"data":{"created":1550209221642},"id":"app.started"}}
{"session":"9949063283ca","build":"183.4284.148","bucket":"-1","time":1550209222594,"group":{"id":"ui.dialogs","version":"8"},"event":{"count":1,"data":{"code":1,"created":1550209222612,"type":"close"},"id":"com.intellij.openapi.progress.util.ProgressDialog$MyDialogWrapper"}}
{"session":"9949063283ca","build":"183.4284.148","bucket":"-1","time":1550209222725,"group":{"id":"statistics.lifecycle.project","version":"8"},"event":{"count":1,"data":{"created":1550209222725,"project":"1467702432"},"id":"project.open.time.7"}}
{"session":"9949063283ca","build":"183.4284.148","bucket":"-1","time":1550209222725,"group":{"id":"lifecycle","version":"8"},"event":{"count":1,"data":{"created":1550209222726,"time.ms":7881},"id":"project.opening.finished"}}
{"session":"9949063283ca","build":"183.4284.148","bucket":"-1","time":1550209257288,"group":{"id":"statistics.file.types.open","version":"8"},"event":{"count":2,"data":{"last":1550209258405,"created":1550209257288,"project":"1467702432"},"id":"JAVA"}}
{"session":"9949063283ca","build":"183.4284.148","bucket":"-1","time":1550209262318,"group":{"id":"actions.v2","version":"8"},"event":{"count":1,"data":{"context_menu":false,"created":1550209262318,"data_1":"Windows"},"id":"EditorEnter"}}
{"session":"9949063283ca","build":"183.4284.148","bucket":"-1","time":1550209262321,"group":{"id":"statistics.file.types.edit","version":"8"},"event":{"count":1,"data":{"created":1550209262321,"project":"1467702432"},"id":"JAVA"}}
{"session":"9949063283ca","build":"183.4284.148","bucket":"-1","time":1550209267618,"group":{"id":"actions.v2","version":"8"},"event":{"count":1,"data":{"context_menu":false,"created":1550209267618,"data_1":"Windows"},"id":"EditorBackSpace"}}
{"session":"9949063283ca","build":"183.4284.148","bucket":"-1","time":1550209268946,"group":{"id":"actions.v2","version":"8"},"event":{"count":1,"data":{"context_menu":false,"created":1550209268946,"data_1":"Windows"},"id":"EditorDelete"}}
{"session":"9949063283ca","build":"183.4284.148","bucket":"-1","time":1550209271331,"group":{"id":"statistics.actions.intentions","version":"8"},"event":{"count":1,"data":{"created":1550209271331,"data_1":"Windows"},"id":"JAVA_codeInspection.magicConstant.MagicConstantInspection$2"}}
{"session":"9949063283ca","build":"183.4284.148","bucket":"-1","time":1550209280713,"group":{"id":"actions.v2","version":"8"},"event":{"count":1,"data":{"context_menu":false,"created":1550209280713,"data_1":"Windows"},"id":"EditorDeleteLine"}}
{"session":"9949063283ca","build":"183.4284.148","bucket":"-1","time":1550209280715,"group":{"id":"statistics.productivity","version":"8"},"event":{"count":1,"data":{"created":1550209280715},"id":"editor.delete.line"}}
{"session":"9949063283ca","build":"183.4284.148","bucket":"-1","time":1550209287355,"group":{"id":"statistics.actions.main.menu.v2","version":"8"},"event":{"count":1,"data":{"created":1550209287355,"data_1":"Windows"},"id":"Tools_->_View_PSI_Structure_of_Current_File..."}}
{"session":"9949063283ca","build":"183.4284.148","bucket":"-1","time":1550209287388,"group":{"id":"actions.v2","version":"8"},"event":{"count":1,"data":{"context_menu":true,"created":1550209287388,"place":"MainMenu","data_1":"Windows"},"id":"PsiViewerForContext"}}
{"session":"9949063283ca","build":"183.4284.148","bucket":"-1","time":1550209288215,"group":{"id":"ui.dialogs","version":"8"},"event":{"count":1,"data":{"created":1550209288215,"type":"show"},"id":"com.intellij.internal.psiView.PsiViewerDialog"}}
{"session":"9949063283ca","build":"183.4284.148","bucket":"-1","time":1550209299986,"group":{"id":"ui.dialogs","version":"8"},"event":{"count":1,"data":{"code":1,"created":1550209299986,"type":"close"},"id":"com.intellij.internal.psiView.PsiViewerDialog"}}
{"session":"9949063283ca","build":"183.4284.148","bucket":"-1","time":1550209499185,"group":{"id":"statistics.file.types.edit","version":"8"},"event":{"count":1,"data":{"created":1550209499185,"project":"1467702432"},"id":"JAVA"}}
