{"session":"98cffa77e3b7","build":"183.4284.148","bucket":"-1","time":1550200343164,"group":{"id":"settings","version":"8"},"event":{"data":{"created":1550200343164,"name":"activeMruEditorOnClose","value":false},"id":"UISettings"}}
{"session":"98cffa77e3b7","build":"183.4284.148","bucket":"-1","time":1550200343164,"group":{"id":"settings","version":"8"},"event":{"data":{"created":1550200343176,"name":"activeRightEditorOnClose","value":false},"id":"UISettings"}}
{"session":"98cffa77e3b7","build":"183.4284.148","bucket":"-1","time":1550200343164,"group":{"id":"settings","version":"8"},"event":{"data":{"created":1550200343186,"name":"allowMergeButtons","value":true},"id":"UISettings"}}
{"session":"98cffa77e3b7","build":"183.4284.148","bucket":"-1","time":1550200343164,"group":{"id":"settings","version":"8"},"event":{"data":{"created":1550200343187,"name":"alwaysShowWindowsButton","value":false},"id":"UISettings"}}
{"session":"98cffa77e3b7","build":"183.4284.148","bucket":"-1","time":1550200343164,"group":{"id":"settings","version":"8"},"event":{"data":{"created":1550200343188,"name":"animateWindows","value":true},"id":"UISettings"}}
{"session":"98cffa77e3b7","build":"183.4284.148","bucket":"-1","time":1550200343164,"group":{"id":"settings","version":"8"},"event":{"data":{"created":1550200343188,"name":"closeNonModifiedFilesFirst","value":false},"id":"UISettings"}}
{"session":"98cffa77e3b7","build":"183.4284.148","bucket":"-1","time":1550200343164,"group":{"id":"settings","version":"8"},"event":{"data":{"created":1550200343188,"name":"closeTabButtonOnTheRight","value":true},"id":"UISettings"}}
{"session":"98cffa77e3b7","build":"183.4284.148","bucket":"-1","time":1550200343164,"group":{"id":"settings","version":"8"},"event":{"data":{"created":1550200343189,"name":"cycleScrolling","value":true},"id":"UISettings"}}
{"session":"98cffa77e3b7","build":"183.4284.148","bucket":"-1","time":1550200343164,"group":{"id":"settings","version":"8"},"event":{"data":{"created":1550200343189,"name":"defaultAutoScrollToSource","value":false},"id":"UISettings"}}
{"session":"98cffa77e3b7","build":"183.4284.148","bucket":"-1","time":1550200343164,"group":{"id":"settings","version":"8"},"event":{"data":{"created":1550200343189,"name":"disableMnemonics","value":false},"id":"UISettings"}}
{"session":"98cffa77e3b7","build":"183.4284.148","bucket":"-1","time":1550200343164,"group":{"id":"settings","version":"8"},"event":{"data":{"created":1550200343190,"name":"disableMnemonicsInControls","value":false},"id":"UISettings"}}
{"session":"98cffa77e3b7","build":"183.4284.148","bucket":"-1","time":1550200343164,"group":{"id":"settings","version":"8"},"event":{"data":{"created":1550200343190,"name":"dndWithPressedAltOnly","value":false},"id":"UISettings"}}
{"session":"98cffa77e3b7","build":"183.4284.148","bucket":"-1","time":1550200343164,"group":{"id":"settings","version":"8"},"event":{"data":{"created":1550200343190,"name":"enableAlphaMode","value":false},"id":"UISettings"}}
{"session":"98cffa77e3b7","build":"183.4284.148","bucket":"-1","time":1550200343164,"group":{"id":"settings","version":"8"},"event":{"data":{"created":1550200343191,"name":"hideKnownExtensionInTabs","value":false},"id":"UISettings"}}
{"session":"98cffa77e3b7","build":"183.4284.148","bucket":"-1","time":1550200343164,"group":{"id":"settings","version":"8"},"event":{"data":{"created":1550200343191,"name":"hideNavigationOnFocusLoss","value":true},"id":"UISettings"}}
{"session":"98cffa77e3b7","build":"183.4284.148","bucket":"-1","time":1550200343164,"group":{"id":"settings","version":"8"},"event":{"data":{"created":1550200343191,"name":"hideTabsIfNeed","value":true},"id":"UISettings"}}
{"session":"98cffa77e3b7","build":"183.4284.148","bucket":"-1","time":1550200343164,"group":{"id":"settings","version":"8"},"event":{"data":{"created":1550200343192,"name":"hideToolStripes","value":false},"id":"UISettings"}}
{"session":"98cffa77e3b7","build":"183.4284.148","bucket":"-1","time":1550200343164,"group":{"id":"settings","version":"8"},"event":{"data":{"created":1550200343192,"name":"leftHorizontalSplit","value":false},"id":"UISettings"}}
{"session":"98cffa77e3b7","build":"183.4284.148","bucket":"-1","time":1550200343164,"group":{"id":"settings","version":"8"},"event":{"data":{"created":1550200343192,"name":"markModifiedTabsWithAsterisk","value":false},"id":"UISettings"}}
{"session":"98cffa77e3b7","build":"183.4284.148","bucket":"-1","time":1550200343164,"group":{"id":"settings","version":"8"},"event":{"data":{"created":1550200343193,"name":"mergeEqualStackTraces","value":true},"id":"UISettings"}}
{"session":"98cffa77e3b7","build":"183.4284.148","bucket":"-1","time":1550200343164,"group":{"id":"settings","version":"8"},"event":{"data":{"created":1550200343193,"name":"moveMouseOnDefaultButton","value":false},"id":"UISettings"}}
{"session":"98cffa77e3b7","build":"183.4284.148","bucket":"-1","time":1550200343164,"group":{"id":"settings","version":"8"},"event":{"data":{"created":1550200343193,"name":"navigateToPreview","value":false},"id":"UISettings"}}
{"session":"98cffa77e3b7","build":"183.4284.148","bucket":"-1","time":1550200343164,"group":{"id":"settings","version":"8"},"event":{"data":{"created":1550200343193,"name":"overrideConsoleCycleBufferSize","value":false},"id":"UISettings"}}
{"session":"98cffa77e3b7","build":"183.4284.148","bucket":"-1","time":1550200343164,"group":{"id":"settings","version":"8"},"event":{"data":{"created":1550200343194,"name":"overrideLafFonts","value":false},"id":"UISettings"}}
{"session":"98cffa77e3b7","build":"183.4284.148","bucket":"-1","time":1550200343164,"group":{"id":"settings","version":"8"},"event":{"data":{"created":1550200343194,"name":"pinFindInPath","value":false},"id":"UISettings"}}
{"session":"98cffa77e3b7","build":"183.4284.148","bucket":"-1","time":1550200343164,"group":{"id":"settings","version":"8"},"event":{"data":{"created":1550200343194,"name":"presentationMode","value":false},"id":"UISettings"}}
{"session":"98cffa77e3b7","build":"183.4284.148","bucket":"-1","time":1550200343164,"group":{"id":"settings","version":"8"},"event":{"data":{"created":1550200343206,"name":"reuseNotModifiedTabs","value":false},"id":"UISettings"}}
{"session":"98cffa77e3b7","build":"183.4284.148","bucket":"-1","time":1550200343164,"group":{"id":"settings","version":"8"},"event":{"data":{"created":1550200343206,"name":"rightHorizontalSplit","value":false},"id":"UISettings"}}
{"session":"98cffa77e3b7","build":"183.4284.148","bucket":"-1","time":1550200343164,"group":{"id":"settings","version":"8"},"event":{"data":{"created":1550200343206,"name":"scrollTabLayoutInEditor","value":true},"id":"UISettings"}}
{"session":"98cffa77e3b7","build":"183.4284.148","bucket":"-1","time":1550200343164,"group":{"id":"settings","version":"8"},"event":{"data":{"created":1550200343206,"name":"showCloseButton","value":true},"id":"UISettings"}}
{"session":"98cffa77e3b7","build":"183.4284.148","bucket":"-1","time":1550200343164,"group":{"id":"settings","version":"8"},"event":{"data":{"created":1550200343209,"name":"showDirectoryForNonUniqueFilenames","value":true},"id":"UISettings"}}
{"session":"98cffa77e3b7","build":"183.4284.148","bucket":"-1","time":1550200343164,"group":{"id":"settings","version":"8"},"event":{"data":{"created":1550200343209,"name":"showEditorToolTip","value":true},"id":"UISettings"}}
{"session":"98cffa77e3b7","build":"183.4284.148","bucket":"-1","time":1550200343164,"group":{"id":"settings","version":"8"},"event":{"data":{"created":1550200343209,"name":"showIconInQuickNavigation","value":true},"id":"UISettings"}}
{"session":"98cffa77e3b7","build":"183.4284.148","bucket":"-1","time":1550200343164,"group":{"id":"settings","version":"8"},"event":{"data":{"created":1550200343209,"name":"showIconsInMenus","value":true},"id":"UISettings"}}
{"session":"98cffa77e3b7","build":"183.4284.148","bucket":"-1","time":1550200343164,"group":{"id":"settings","version":"8"},"event":{"data":{"created":1550200343210,"name":"showMainToolbar","value":false},"id":"UISettings"}}
{"session":"98cffa77e3b7","build":"183.4284.148","bucket":"-1","time":1550200343165,"group":{"id":"settings","version":"8"},"event":{"data":{"created":1550200343210,"name":"showMemoryIndicator","value":false},"id":"UISettings"}}
{"session":"98cffa77e3b7","build":"183.4284.148","bucket":"-1","time":1550200343165,"group":{"id":"settings","version":"8"},"event":{"data":{"created":1550200343210,"name":"showNavigationBar","value":true},"id":"UISettings"}}
{"session":"98cffa77e3b7","build":"183.4284.148","bucket":"-1","time":1550200343165,"group":{"id":"settings","version":"8"},"event":{"data":{"created":1550200343210,"name":"showStatusBar","value":true},"id":"UISettings"}}
{"session":"98cffa77e3b7","build":"183.4284.148","bucket":"-1","time":1550200343165,"group":{"id":"settings","version":"8"},"event":{"data":{"created":1550200343211,"name":"showTabsTooltips","value":true},"id":"UISettings"}}
{"session":"98cffa77e3b7","build":"183.4284.148","bucket":"-1","time":1550200343165,"group":{"id":"settings","version":"8"},"event":{"data":{"created":1550200343211,"name":"showToolWindowsNumbers","value":true},"id":"UISettings"}}
{"session":"98cffa77e3b7","build":"183.4284.148","bucket":"-1","time":1550200343165,"group":{"id":"settings","version":"8"},"event":{"data":{"created":1550200343211,"name":"smoothScrolling","value":false},"id":"UISettings"}}
{"session":"98cffa77e3b7","build":"183.4284.148","bucket":"-1","time":1550200343165,"group":{"id":"settings","version":"8"},"event":{"data":{"created":1550200343211,"name":"sortBookmarks","value":false},"id":"UISettings"}}
{"session":"98cffa77e3b7","build":"183.4284.148","bucket":"-1","time":1550200343165,"group":{"id":"settings","version":"8"},"event":{"data":{"created":1550200343211,"name":"sortLookupElementsLexicographically","value":false},"id":"UISettings"}}
{"session":"98cffa77e3b7","build":"183.4284.148","bucket":"-1","time":1550200343165,"group":{"id":"settings","version":"8"},"event":{"data":{"created":1550200343211,"name":"useSmallLabelsOnTabs","value":false},"id":"UISettings"}}
{"session":"98cffa77e3b7","build":"183.4284.148","bucket":"-1","time":1550200343165,"group":{"id":"settings","version":"8"},"event":{"data":{"created":1550200343212,"name":"wideScreenSupport","value":false},"id":"UISettings"}}
{"session":"98cffa77e3b7","build":"183.4284.148","bucket":"-1","time":1550200343165,"group":{"id":"system.os.name","version":"8"},"event":{"data":{"created":1550200343212},"id":"Windows"}}
{"session":"98cffa77e3b7","build":"183.4284.148","bucket":"-1","time":1550200343165,"group":{"id":"system.os.version","version":"8"},"event":{"data":{"created":1550200343212},"id":"10.0"}}
{"session":"98cffa77e3b7","build":"183.4284.148","bucket":"-1","time":1550200343165,"group":{"id":"system.jvm.vendor","version":"8"},"event":{"data":{"created":1550200343212},"id":"JetBrains_s.r.o"}}
{"session":"98cffa77e3b7","build":"183.4284.148","bucket":"-1","time":1550200343165,"group":{"id":"system.jvm.version","version":"8"},"event":{"data":{"created":1550200343213},"id":"1.8"}}
{"session":"98cffa77e3b7","build":"183.4284.148","bucket":"-1","time":1550200343745,"group":{"id":"settings","version":"8"},"event":{"data":{"created":1550200343745,"name":"autoSaveIfInactive","value":false},"id":"GeneralSettings"}}
{"session":"98cffa77e3b7","build":"183.4284.148","bucket":"-1","time":1550200343745,"group":{"id":"settings","version":"8"},"event":{"data":{"created":1550200343745,"name":"confirmExit","value":true},"id":"GeneralSettings"}}
{"session":"98cffa77e3b7","build":"183.4284.148","bucket":"-1","time":1550200343746,"group":{"id":"settings","version":"8"},"event":{"data":{"created":1550200343746,"name":"reopenLastProject","value":true},"id":"GeneralSettings"}}
{"session":"98cffa77e3b7","build":"183.4284.148","bucket":"-1","time":1550200343746,"group":{"id":"settings","version":"8"},"event":{"data":{"created":1550200343746,"name":"saveOnFrameDeactivation","value":true},"id":"GeneralSettings"}}
{"session":"98cffa77e3b7","build":"183.4284.148","bucket":"-1","time":1550200343746,"group":{"id":"settings","version":"8"},"event":{"data":{"created":1550200343746,"name":"searchInBackground","value":false},"id":"GeneralSettings"}}
{"session":"98cffa77e3b7","build":"183.4284.148","bucket":"-1","time":1550200343746,"group":{"id":"settings","version":"8"},"event":{"data":{"default":false,"created":1550200343746,"name":"showTipsOnStartup","value":false},"id":"GeneralSettings"}}
{"session":"98cffa77e3b7","build":"183.4284.148","bucket":"-1","time":1550200343746,"group":{"id":"settings","version":"8"},"event":{"data":{"created":1550200343746,"name":"showWelcomeScreen","value":true},"id":"GeneralSettings"}}
{"session":"98cffa77e3b7","build":"183.4284.148","bucket":"-1","time":1550200343746,"group":{"id":"settings","version":"8"},"event":{"data":{"created":1550200343746,"name":"supportScreenReaders","value":false},"id":"GeneralSettings"}}
{"session":"98cffa77e3b7","build":"183.4284.148","bucket":"-1","time":1550200343747,"group":{"id":"settings","version":"8"},"event":{"data":{"created":1550200343747,"name":"syncOnFrameActivation","value":true},"id":"GeneralSettings"}}
{"session":"98cffa77e3b7","build":"183.4284.148","bucket":"-1","time":1550200343747,"group":{"id":"settings","version":"8"},"event":{"data":{"created":1550200343747,"name":"useDefaultBrowser","value":true},"id":"GeneralSettings"}}
{"session":"98cffa77e3b7","build":"183.4284.148","bucket":"-1","time":1550200343747,"group":{"id":"settings","version":"8"},"event":{"data":{"created":1550200343747,"name":"useSafeWrite","value":true},"id":"GeneralSettings"}}
{"session":"98cffa77e3b7","build":"183.4284.148","bucket":"-1","time":1550200345532,"group":{"id":"ui.dialogs","version":"8"},"event":{"count":1,"data":{"created":1550200345532,"type":"show"},"id":"com.intellij.openapi.progress.util.ProgressDialog$MyDialogWrapper"}}
{"session":"98cffa77e3b7","build":"183.4284.148","bucket":"-1","time":1550200347365,"group":{"id":"ui.dialogs","version":"8"},"event":{"count":1,"data":{"code":1,"created":1550200347365,"type":"close"},"id":"com.intellij.openapi.progress.util.ProgressDialog$MyDialogWrapper"}}
{"session":"98cffa77e3b7","build":"183.4284.148","bucket":"-1","time":1550200347400,"group":{"id":"statistics.lifecycle.project","version":"8"},"event":{"count":1,"data":{"created":1550200347400,"project":"1467702432"},"id":"project.opened"}}
{"session":"98cffa77e3b7","build":"183.4284.148","bucket":"-1","time":1550200347402,"group":{"id":"lifecycle","version":"8"},"event":{"count":1,"data":{"created":1550200347402},"id":"project.opened"}}
{"session":"98cffa77e3b7","build":"183.4284.148","bucket":"-1","time":1550200348689,"group":{"id":"ui.dialogs","version":"8"},"event":{"count":1,"data":{"created":1550200348689,"type":"show"},"id":"com.intellij.openapi.progress.util.ProgressDialog$MyDialogWrapper"}}
{"session":"98cffa77e3b7","build":"183.4284.148","bucket":"-1","time":1550200350042,"group":{"id":"toolwindow","version":"8"},"event":{"count":1,"data":{"created":1550200350042,"data_1":"Windows"},"id":"Project_by_Activation"}}
{"session":"98cffa77e3b7","build":"183.4284.148","bucket":"-1","time":1550200350361,"group":{"id":"statistics.lifecycle.app","version":"8"},"event":{"count":1,"data":{"created":1550200350366},"id":"ide.start"}}
{"session":"98cffa77e3b7","build":"183.4284.148","bucket":"-1","time":1550200350361,"group":{"id":"lifecycle","version":"8"},"event":{"count":1,"data":{"created":1550200350366},"id":"app.started"}}
{"session":"98cffa77e3b7","build":"183.4284.148","bucket":"-1","time":1550200351097,"group":{"id":"ui.dialogs","version":"8"},"event":{"count":1,"data":{"code":1,"created":1550200351097,"type":"close"},"id":"com.intellij.openapi.progress.util.ProgressDialog$MyDialogWrapper"}}
{"session":"98cffa77e3b7","build":"183.4284.148","bucket":"-1","time":1550200351278,"group":{"id":"statistics.lifecycle.project","version":"8"},"event":{"count":1,"data":{"created":1550200351278,"project":"1467702432"},"id":"project.open.time.6"}}
{"session":"98cffa77e3b7","build":"183.4284.148","bucket":"-1","time":1550200351278,"group":{"id":"lifecycle","version":"8"},"event":{"count":1,"data":{"created":1550200351278,"time.ms":6234},"id":"project.opening.finished"}}
{"session":"98cffa77e3b7","build":"183.4284.148","bucket":"-1","time":1550200365536,"group":{"id":"statistics.productivity","version":"8"},"event":{"count":1,"data":{"created":1550200365536},"id":"editing.select.word"}}
{"session":"98cffa77e3b7","build":"183.4284.148","bucket":"-1","time":1550200369854,"group":{"id":"actions.v2","version":"8"},"event":{"count":1,"data":{"context_menu":true,"created":1550200369854,"place":"EditorPopup","data_1":"Windows"},"id":"third.party.plugin.action"}}
{"session":"98cffa77e3b7","build":"183.4284.148","bucket":"-1","time":1550200373093,"group":{"id":"statistics.productivity","version":"8"},"event":{"count":1,"data":{"created":1550200373093},"id":"editing.select.word"}}
{"session":"98cffa77e3b7","build":"183.4284.148","bucket":"-1","time":1550200375967,"group":{"id":"actions.v2","version":"8"},"event":{"count":7,"data":{"context_menu":true,"last":1550200395262,"created":1550200375967,"place":"EditorPopup","data_1":"Windows"},"id":"third.party.plugin.action"}}
{"session":"98cffa77e3b7","build":"183.4284.148","bucket":"-1","time":1550200399067,"group":{"id":"actions.v2","version":"8"},"event":{"count":1,"data":{"context_menu":false,"created":1550200399067,"data_1":"Windows"},"id":"$Undo"}}
{"session":"98cffa77e3b7","build":"183.4284.148","bucket":"-1","time":1550200401322,"group":{"id":"ui.dialogs","version":"8"},"event":{"count":1,"data":{"created":1550200401322,"type":"show"},"id":"com.intellij.openapi.ui.messages.MessageDialog"}}
{"session":"98cffa77e3b7","build":"183.4284.148","bucket":"-1","time":1550200402355,"group":{"id":"statistics.lifecycle.app","version":"8"},"event":{"count":1,"data":{"created":1550200402355},"id":"ide.close"}}
{"session":"98cffa77e3b7","build":"183.4284.148","bucket":"-1","time":1550200402355,"group":{"id":"lifecycle","version":"8"},"event":{"count":1,"data":{"restart":false,"created":1550200402355},"id":"app.closed"}}
{"session":"98cffa77e3b7","build":"183.4284.148","bucket":"-1","time":1550200402418,"group":{"id":"statistics.lifecycle.project","version":"8"},"event":{"count":1,"data":{"created":1550200402418,"project":"1467702432"},"id":"project.closed"}}
{"session":"98cffa77e3b7","build":"183.4284.148","bucket":"-1","time":1550200402878,"group":{"id":"lifecycle","version":"8"},"event":{"count":1,"data":{"created":1550200402879},"id":"project.closed"}}
