{"session":"7c903a8fb5f4","build":"183.4284.148","bucket":"-1","time":1551429026922,"group":{"id":"settings","version":"8"},"event":{"data":{"created":1551429026932,"name":"activeMruEditorOnClose","value":false},"id":"UISettings"}}
{"session":"7c903a8fb5f4","build":"183.4284.148","bucket":"-1","time":1551429026924,"group":{"id":"settings","version":"8"},"event":{"data":{"created":1551429026951,"name":"activeRightEditorOnClose","value":false},"id":"UISettings"}}
{"session":"7c903a8fb5f4","build":"183.4284.148","bucket":"-1","time":1551429026924,"group":{"id":"settings","version":"8"},"event":{"data":{"created":1551429026969,"name":"allowMergeButtons","value":true},"id":"UISettings"}}
{"session":"7c903a8fb5f4","build":"183.4284.148","bucket":"-1","time":1551429026924,"group":{"id":"settings","version":"8"},"event":{"data":{"created":1551429026969,"name":"alwaysShowWindowsButton","value":false},"id":"UISettings"}}
{"session":"7c903a8fb5f4","build":"183.4284.148","bucket":"-1","time":1551429026924,"group":{"id":"settings","version":"8"},"event":{"data":{"created":1551429026972,"name":"animateWindows","value":true},"id":"UISettings"}}
{"session":"7c903a8fb5f4","build":"183.4284.148","bucket":"-1","time":1551429026924,"group":{"id":"settings","version":"8"},"event":{"data":{"created":1551429026973,"name":"closeNonModifiedFilesFirst","value":false},"id":"UISettings"}}
{"session":"7c903a8fb5f4","build":"183.4284.148","bucket":"-1","time":1551429026924,"group":{"id":"settings","version":"8"},"event":{"data":{"created":1551429026973,"name":"closeTabButtonOnTheRight","value":true},"id":"UISettings"}}
{"session":"7c903a8fb5f4","build":"183.4284.148","bucket":"-1","time":1551429026924,"group":{"id":"settings","version":"8"},"event":{"data":{"created":1551429026973,"name":"cycleScrolling","value":true},"id":"UISettings"}}
{"session":"7c903a8fb5f4","build":"183.4284.148","bucket":"-1","time":1551429026924,"group":{"id":"settings","version":"8"},"event":{"data":{"created":1551429026974,"name":"defaultAutoScrollToSource","value":false},"id":"UISettings"}}
{"session":"7c903a8fb5f4","build":"183.4284.148","bucket":"-1","time":1551429026924,"group":{"id":"settings","version":"8"},"event":{"data":{"created":1551429026974,"name":"disableMnemonics","value":false},"id":"UISettings"}}
{"session":"7c903a8fb5f4","build":"183.4284.148","bucket":"-1","time":1551429026924,"group":{"id":"settings","version":"8"},"event":{"data":{"created":1551429026975,"name":"disableMnemonicsInControls","value":false},"id":"UISettings"}}
{"session":"7c903a8fb5f4","build":"183.4284.148","bucket":"-1","time":1551429026924,"group":{"id":"settings","version":"8"},"event":{"data":{"created":1551429026981,"name":"dndWithPressedAltOnly","value":false},"id":"UISettings"}}
{"session":"7c903a8fb5f4","build":"183.4284.148","bucket":"-1","time":1551429026924,"group":{"id":"settings","version":"8"},"event":{"data":{"created":1551429026981,"name":"enableAlphaMode","value":false},"id":"UISettings"}}
{"session":"7c903a8fb5f4","build":"183.4284.148","bucket":"-1","time":1551429026924,"group":{"id":"settings","version":"8"},"event":{"data":{"created":1551429026982,"name":"hideKnownExtensionInTabs","value":false},"id":"UISettings"}}
{"session":"7c903a8fb5f4","build":"183.4284.148","bucket":"-1","time":1551429026924,"group":{"id":"settings","version":"8"},"event":{"data":{"created":1551429026982,"name":"hideNavigationOnFocusLoss","value":true},"id":"UISettings"}}
{"session":"7c903a8fb5f4","build":"183.4284.148","bucket":"-1","time":1551429026924,"group":{"id":"settings","version":"8"},"event":{"data":{"created":1551429026982,"name":"hideTabsIfNeed","value":true},"id":"UISettings"}}
{"session":"7c903a8fb5f4","build":"183.4284.148","bucket":"-1","time":1551429026924,"group":{"id":"settings","version":"8"},"event":{"data":{"created":1551429026982,"name":"hideToolStripes","value":false},"id":"UISettings"}}
{"session":"7c903a8fb5f4","build":"183.4284.148","bucket":"-1","time":1551429026924,"group":{"id":"settings","version":"8"},"event":{"data":{"created":1551429026983,"name":"leftHorizontalSplit","value":false},"id":"UISettings"}}
{"session":"7c903a8fb5f4","build":"183.4284.148","bucket":"-1","time":1551429026924,"group":{"id":"settings","version":"8"},"event":{"data":{"created":1551429026983,"name":"markModifiedTabsWithAsterisk","value":false},"id":"UISettings"}}
{"session":"7c903a8fb5f4","build":"183.4284.148","bucket":"-1","time":1551429026924,"group":{"id":"settings","version":"8"},"event":{"data":{"created":1551429026983,"name":"mergeEqualStackTraces","value":true},"id":"UISettings"}}
{"session":"7c903a8fb5f4","build":"183.4284.148","bucket":"-1","time":1551429026924,"group":{"id":"settings","version":"8"},"event":{"data":{"created":1551429026984,"name":"moveMouseOnDefaultButton","value":false},"id":"UISettings"}}
{"session":"7c903a8fb5f4","build":"183.4284.148","bucket":"-1","time":1551429026924,"group":{"id":"settings","version":"8"},"event":{"data":{"created":1551429026984,"name":"navigateToPreview","value":false},"id":"UISettings"}}
{"session":"7c903a8fb5f4","build":"183.4284.148","bucket":"-1","time":1551429026924,"group":{"id":"settings","version":"8"},"event":{"data":{"created":1551429026984,"name":"overrideConsoleCycleBufferSize","value":false},"id":"UISettings"}}
{"session":"7c903a8fb5f4","build":"183.4284.148","bucket":"-1","time":1551429026924,"group":{"id":"settings","version":"8"},"event":{"data":{"created":1551429026986,"name":"overrideLafFonts","value":false},"id":"UISettings"}}
{"session":"7c903a8fb5f4","build":"183.4284.148","bucket":"-1","time":1551429026924,"group":{"id":"settings","version":"8"},"event":{"data":{"created":1551429026986,"name":"pinFindInPath","value":false},"id":"UISettings"}}
{"session":"7c903a8fb5f4","build":"183.4284.148","bucket":"-1","time":1551429026924,"group":{"id":"settings","version":"8"},"event":{"data":{"created":1551429026986,"name":"presentationMode","value":false},"id":"UISettings"}}
{"session":"7c903a8fb5f4","build":"183.4284.148","bucket":"-1","time":1551429026924,"group":{"id":"settings","version":"8"},"event":{"data":{"created":1551429026986,"name":"reuseNotModifiedTabs","value":false},"id":"UISettings"}}
{"session":"7c903a8fb5f4","build":"183.4284.148","bucket":"-1","time":1551429026924,"group":{"id":"settings","version":"8"},"event":{"data":{"created":1551429026986,"name":"rightHorizontalSplit","value":false},"id":"UISettings"}}
{"session":"7c903a8fb5f4","build":"183.4284.148","bucket":"-1","time":1551429026924,"group":{"id":"settings","version":"8"},"event":{"data":{"created":1551429026987,"name":"scrollTabLayoutInEditor","value":true},"id":"UISettings"}}
{"session":"7c903a8fb5f4","build":"183.4284.148","bucket":"-1","time":1551429026924,"group":{"id":"settings","version":"8"},"event":{"data":{"created":1551429026987,"name":"showCloseButton","value":true},"id":"UISettings"}}
{"session":"7c903a8fb5f4","build":"183.4284.148","bucket":"-1","time":1551429026924,"group":{"id":"settings","version":"8"},"event":{"data":{"created":1551429026987,"name":"showDirectoryForNonUniqueFilenames","value":true},"id":"UISettings"}}
{"session":"7c903a8fb5f4","build":"183.4284.148","bucket":"-1","time":1551429026924,"group":{"id":"settings","version":"8"},"event":{"data":{"created":1551429026987,"name":"showEditorToolTip","value":true},"id":"UISettings"}}
{"session":"7c903a8fb5f4","build":"183.4284.148","bucket":"-1","time":1551429026924,"group":{"id":"settings","version":"8"},"event":{"data":{"created":1551429026988,"name":"showIconInQuickNavigation","value":true},"id":"UISettings"}}
{"session":"7c903a8fb5f4","build":"183.4284.148","bucket":"-1","time":1551429026924,"group":{"id":"settings","version":"8"},"event":{"data":{"created":1551429026988,"name":"showIconsInMenus","value":true},"id":"UISettings"}}
{"session":"7c903a8fb5f4","build":"183.4284.148","bucket":"-1","time":1551429026924,"group":{"id":"settings","version":"8"},"event":{"data":{"created":1551429026988,"name":"showMainToolbar","value":false},"id":"UISettings"}}
{"session":"7c903a8fb5f4","build":"183.4284.148","bucket":"-1","time":1551429026924,"group":{"id":"settings","version":"8"},"event":{"data":{"created":1551429026988,"name":"showMemoryIndicator","value":false},"id":"UISettings"}}
{"session":"7c903a8fb5f4","build":"183.4284.148","bucket":"-1","time":1551429026924,"group":{"id":"settings","version":"8"},"event":{"data":{"created":1551429026988,"name":"showNavigationBar","value":true},"id":"UISettings"}}
{"session":"7c903a8fb5f4","build":"183.4284.148","bucket":"-1","time":1551429026924,"group":{"id":"settings","version":"8"},"event":{"data":{"created":1551429026988,"name":"showStatusBar","value":true},"id":"UISettings"}}
{"session":"7c903a8fb5f4","build":"183.4284.148","bucket":"-1","time":1551429026924,"group":{"id":"settings","version":"8"},"event":{"data":{"created":1551429026989,"name":"showTabsTooltips","value":true},"id":"UISettings"}}
{"session":"7c903a8fb5f4","build":"183.4284.148","bucket":"-1","time":1551429026924,"group":{"id":"settings","version":"8"},"event":{"data":{"created":1551429026989,"name":"showToolWindowsNumbers","value":true},"id":"UISettings"}}
{"session":"7c903a8fb5f4","build":"183.4284.148","bucket":"-1","time":1551429026924,"group":{"id":"settings","version":"8"},"event":{"data":{"created":1551429026989,"name":"smoothScrolling","value":false},"id":"UISettings"}}
{"session":"7c903a8fb5f4","build":"183.4284.148","bucket":"-1","time":1551429026924,"group":{"id":"settings","version":"8"},"event":{"data":{"created":1551429026989,"name":"sortBookmarks","value":false},"id":"UISettings"}}
{"session":"7c903a8fb5f4","build":"183.4284.148","bucket":"-1","time":1551429026924,"group":{"id":"settings","version":"8"},"event":{"data":{"created":1551429026989,"name":"sortLookupElementsLexicographically","value":false},"id":"UISettings"}}
{"session":"7c903a8fb5f4","build":"183.4284.148","bucket":"-1","time":1551429026924,"group":{"id":"settings","version":"8"},"event":{"data":{"created":1551429026989,"name":"useSmallLabelsOnTabs","value":false},"id":"UISettings"}}
{"session":"7c903a8fb5f4","build":"183.4284.148","bucket":"-1","time":1551429026924,"group":{"id":"settings","version":"8"},"event":{"data":{"created":1551429026989,"name":"wideScreenSupport","value":false},"id":"UISettings"}}
{"session":"7c903a8fb5f4","build":"183.4284.148","bucket":"-1","time":1551429026998,"group":{"id":"system.os.name","version":"8"},"event":{"data":{"created":1551429026998},"id":"Windows"}}
{"session":"7c903a8fb5f4","build":"183.4284.148","bucket":"-1","time":1551429026998,"group":{"id":"system.os.version","version":"8"},"event":{"data":{"created":1551429026998},"id":"10.0"}}
{"session":"7c903a8fb5f4","build":"183.4284.148","bucket":"-1","time":1551429027002,"group":{"id":"system.jvm.vendor","version":"8"},"event":{"data":{"created":1551429027002},"id":"JetBrains_s.r.o"}}
{"session":"7c903a8fb5f4","build":"183.4284.148","bucket":"-1","time":1551429027002,"group":{"id":"system.jvm.version","version":"8"},"event":{"data":{"created":1551429027003},"id":"1.8"}}
{"session":"7c903a8fb5f4","build":"183.4284.148","bucket":"-1","time":1551429027646,"group":{"id":"settings","version":"8"},"event":{"data":{"created":1551429027646,"name":"autoSaveIfInactive","value":false},"id":"GeneralSettings"}}
{"session":"7c903a8fb5f4","build":"183.4284.148","bucket":"-1","time":1551429027646,"group":{"id":"settings","version":"8"},"event":{"data":{"created":1551429027646,"name":"confirmExit","value":true},"id":"GeneralSettings"}}
{"session":"7c903a8fb5f4","build":"183.4284.148","bucket":"-1","time":1551429027646,"group":{"id":"settings","version":"8"},"event":{"data":{"created":1551429027646,"name":"reopenLastProject","value":true},"id":"GeneralSettings"}}
{"session":"7c903a8fb5f4","build":"183.4284.148","bucket":"-1","time":1551429027646,"group":{"id":"settings","version":"8"},"event":{"data":{"created":1551429027647,"name":"saveOnFrameDeactivation","value":true},"id":"GeneralSettings"}}
{"session":"7c903a8fb5f4","build":"183.4284.148","bucket":"-1","time":1551429027646,"group":{"id":"settings","version":"8"},"event":{"data":{"created":1551429027647,"name":"searchInBackground","value":false},"id":"GeneralSettings"}}
{"session":"7c903a8fb5f4","build":"183.4284.148","bucket":"-1","time":1551429027646,"group":{"id":"settings","version":"8"},"event":{"data":{"default":false,"created":1551429027647,"name":"showTipsOnStartup","value":false},"id":"GeneralSettings"}}
{"session":"7c903a8fb5f4","build":"183.4284.148","bucket":"-1","time":1551429027646,"group":{"id":"settings","version":"8"},"event":{"data":{"created":1551429027647,"name":"showWelcomeScreen","value":true},"id":"GeneralSettings"}}
{"session":"7c903a8fb5f4","build":"183.4284.148","bucket":"-1","time":1551429027646,"group":{"id":"settings","version":"8"},"event":{"data":{"created":1551429027647,"name":"supportScreenReaders","value":false},"id":"GeneralSettings"}}
{"session":"7c903a8fb5f4","build":"183.4284.148","bucket":"-1","time":1551429027646,"group":{"id":"settings","version":"8"},"event":{"data":{"created":1551429027648,"name":"syncOnFrameActivation","value":true},"id":"GeneralSettings"}}
{"session":"7c903a8fb5f4","build":"183.4284.148","bucket":"-1","time":1551429027646,"group":{"id":"settings","version":"8"},"event":{"data":{"created":1551429027648,"name":"useDefaultBrowser","value":true},"id":"GeneralSettings"}}
{"session":"7c903a8fb5f4","build":"183.4284.148","bucket":"-1","time":1551429027646,"group":{"id":"settings","version":"8"},"event":{"data":{"created":1551429027648,"name":"useSafeWrite","value":true},"id":"GeneralSettings"}}
{"session":"7c903a8fb5f4","build":"183.4284.148","bucket":"-1","time":1551429029583,"group":{"id":"ui.dialogs","version":"8"},"event":{"count":1,"data":{"created":1551429029583,"type":"show"},"id":"com.intellij.openapi.progress.util.ProgressDialog$MyDialogWrapper"}}
{"session":"7c903a8fb5f4","build":"183.4284.148","bucket":"-1","time":1551429031969,"group":{"id":"ui.dialogs","version":"8"},"event":{"count":1,"data":{"code":1,"created":1551429031970,"type":"close"},"id":"com.intellij.openapi.progress.util.ProgressDialog$MyDialogWrapper"}}
{"session":"7c903a8fb5f4","build":"183.4284.148","bucket":"-1","time":1551429032013,"group":{"id":"statistics.lifecycle.project","version":"8"},"event":{"count":1,"data":{"created":1551429032013,"project":"1467702432"},"id":"project.opened"}}
{"session":"7c903a8fb5f4","build":"183.4284.148","bucket":"-1","time":1551429032013,"group":{"id":"lifecycle","version":"8"},"event":{"count":1,"data":{"created":1551429032014},"id":"project.opened"}}
{"session":"7c903a8fb5f4","build":"183.4284.148","bucket":"-1","time":1551429033621,"group":{"id":"ui.dialogs","version":"8"},"event":{"count":1,"data":{"created":1551429033622,"type":"show"},"id":"com.intellij.openapi.progress.util.ProgressDialog$MyDialogWrapper"}}
{"session":"7c903a8fb5f4","build":"183.4284.148","bucket":"-1","time":1551429035566,"group":{"id":"toolwindow","version":"8"},"event":{"count":1,"data":{"created":1551429035567,"data_1":"Windows"},"id":"Project_by_Activation"}}
{"session":"7c903a8fb5f4","build":"183.4284.148","bucket":"-1","time":1551429035982,"group":{"id":"statistics.lifecycle.app","version":"8"},"event":{"count":1,"data":{"created":1551429035982},"id":"ide.start"}}
{"session":"7c903a8fb5f4","build":"183.4284.148","bucket":"-1","time":1551429035982,"group":{"id":"lifecycle","version":"8"},"event":{"count":1,"data":{"created":1551429035983},"id":"app.started"}}
{"session":"7c903a8fb5f4","build":"183.4284.148","bucket":"-1","time":1551429036859,"group":{"id":"ui.dialogs","version":"8"},"event":{"count":1,"data":{"code":1,"created":1551429036859,"type":"close"},"id":"com.intellij.openapi.progress.util.ProgressDialog$MyDialogWrapper"}}
{"session":"7c903a8fb5f4","build":"183.4284.148","bucket":"-1","time":1551429036911,"group":{"id":"statistics.lifecycle.project","version":"8"},"event":{"count":1,"data":{"created":1551429036911,"project":"1467702432"},"id":"project.open.time.7"}}
{"session":"7c903a8fb5f4","build":"183.4284.148","bucket":"-1","time":1551429036911,"group":{"id":"lifecycle","version":"8"},"event":{"count":1,"data":{"created":1551429036914,"time.ms":7840},"id":"project.opening.finished"}}
{"session":"7c903a8fb5f4","build":"183.4284.148","bucket":"-1","time":1551429041706,"group":{"id":"statistics.file.types.open","version":"8"},"event":{"count":1,"data":{"created":1551429041706,"project":"1467702432"},"id":"test_file_name"}}
{"session":"7c903a8fb5f4","build":"183.4284.148","bucket":"-1","time":1551429095334,"group":{"id":"ui.dialogs","version":"8"},"event":{"count":1,"data":{"created":1551429095334,"type":"show"},"id":"com.intellij.openapi.ui.messages.MessageDialog"}}
{"session":"7c903a8fb5f4","build":"183.4284.148","bucket":"-1","time":1551429097067,"group":{"id":"statistics.lifecycle.app","version":"8"},"event":{"count":1,"data":{"created":1551429097067},"id":"ide.close"}}
{"session":"7c903a8fb5f4","build":"183.4284.148","bucket":"-1","time":1551429097067,"group":{"id":"lifecycle","version":"8"},"event":{"count":1,"data":{"restart":false,"created":1551429097067},"id":"app.closed"}}
{"session":"7c903a8fb5f4","build":"183.4284.148","bucket":"-1","time":1551429097093,"group":{"id":"statistics.lifecycle.project","version":"8"},"event":{"count":1,"data":{"created":1551429097094,"project":"1467702432"},"id":"project.closed"}}
{"session":"7c903a8fb5f4","build":"183.4284.148","bucket":"-1","time":1551429097459,"group":{"id":"lifecycle","version":"8"},"event":{"count":1,"data":{"created":1551429097459},"id":"project.closed"}}
