{"session":"ec59052f0c0a","build":"183.4284.148","bucket":"-1","time":1551341374712,"group":{"id":"settings","version":"8"},"event":{"data":{"created":1551341374713,"name":"activeMruEditorOnClose","value":false},"id":"UISettings"}}
{"session":"ec59052f0c0a","build":"183.4284.148","bucket":"-1","time":1551341374712,"group":{"id":"system.os.name","version":"8"},"event":{"data":{"created":1551341374726},"id":"Windows"}}
{"session":"ec59052f0c0a","build":"183.4284.148","bucket":"-1","time":1551341374712,"group":{"id":"system.os.version","version":"8"},"event":{"data":{"created":1551341374738},"id":"10.0"}}
{"session":"ec59052f0c0a","build":"183.4284.148","bucket":"-1","time":1551341374712,"group":{"id":"settings","version":"8"},"event":{"data":{"created":1551341374738,"name":"activeRightEditorOnClose","value":false},"id":"UISettings"}}
{"session":"ec59052f0c0a","build":"183.4284.148","bucket":"-1","time":1551341374712,"group":{"id":"system.jvm.vendor","version":"8"},"event":{"data":{"created":1551341374739},"id":"JetBrains_s.r.o"}}
{"session":"ec59052f0c0a","build":"183.4284.148","bucket":"-1","time":1551341374712,"group":{"id":"settings","version":"8"},"event":{"data":{"created":1551341374740,"name":"allowMergeButtons","value":true},"id":"UISettings"}}
{"session":"ec59052f0c0a","build":"183.4284.148","bucket":"-1","time":1551341374712,"group":{"id":"settings","version":"8"},"event":{"data":{"created":1551341374741,"name":"alwaysShowWindowsButton","value":false},"id":"UISettings"}}
{"session":"ec59052f0c0a","build":"183.4284.148","bucket":"-1","time":1551341374712,"group":{"id":"system.jvm.version","version":"8"},"event":{"data":{"created":1551341374741},"id":"1.8"}}
{"session":"ec59052f0c0a","build":"183.4284.148","bucket":"-1","time":1551341374712,"group":{"id":"settings","version":"8"},"event":{"data":{"created":1551341374741,"name":"animateWindows","value":true},"id":"UISettings"}}
{"session":"ec59052f0c0a","build":"183.4284.148","bucket":"-1","time":1551341374712,"group":{"id":"settings","version":"8"},"event":{"data":{"created":1551341374742,"name":"closeNonModifiedFilesFirst","value":false},"id":"UISettings"}}
{"session":"ec59052f0c0a","build":"183.4284.148","bucket":"-1","time":1551341374712,"group":{"id":"settings","version":"8"},"event":{"data":{"created":1551341374742,"name":"closeTabButtonOnTheRight","value":true},"id":"UISettings"}}
{"session":"ec59052f0c0a","build":"183.4284.148","bucket":"-1","time":1551341374712,"group":{"id":"settings","version":"8"},"event":{"data":{"created":1551341374743,"name":"cycleScrolling","value":true},"id":"UISettings"}}
{"session":"ec59052f0c0a","build":"183.4284.148","bucket":"-1","time":1551341374712,"group":{"id":"settings","version":"8"},"event":{"data":{"created":1551341374743,"name":"defaultAutoScrollToSource","value":false},"id":"UISettings"}}
{"session":"ec59052f0c0a","build":"183.4284.148","bucket":"-1","time":1551341374712,"group":{"id":"settings","version":"8"},"event":{"data":{"created":1551341374743,"name":"disableMnemonics","value":false},"id":"UISettings"}}
{"session":"ec59052f0c0a","build":"183.4284.148","bucket":"-1","time":1551341374712,"group":{"id":"settings","version":"8"},"event":{"data":{"created":1551341374744,"name":"disableMnemonicsInControls","value":false},"id":"UISettings"}}
{"session":"ec59052f0c0a","build":"183.4284.148","bucket":"-1","time":1551341374712,"group":{"id":"settings","version":"8"},"event":{"data":{"created":1551341374744,"name":"dndWithPressedAltOnly","value":false},"id":"UISettings"}}
{"session":"ec59052f0c0a","build":"183.4284.148","bucket":"-1","time":1551341374712,"group":{"id":"settings","version":"8"},"event":{"data":{"created":1551341374744,"name":"enableAlphaMode","value":false},"id":"UISettings"}}
{"session":"ec59052f0c0a","build":"183.4284.148","bucket":"-1","time":1551341374712,"group":{"id":"settings","version":"8"},"event":{"data":{"created":1551341374745,"name":"hideKnownExtensionInTabs","value":false},"id":"UISettings"}}
{"session":"ec59052f0c0a","build":"183.4284.148","bucket":"-1","time":1551341374712,"group":{"id":"settings","version":"8"},"event":{"data":{"created":1551341374745,"name":"hideNavigationOnFocusLoss","value":true},"id":"UISettings"}}
{"session":"ec59052f0c0a","build":"183.4284.148","bucket":"-1","time":1551341374712,"group":{"id":"settings","version":"8"},"event":{"data":{"created":1551341374747,"name":"hideTabsIfNeed","value":true},"id":"UISettings"}}
{"session":"ec59052f0c0a","build":"183.4284.148","bucket":"-1","time":1551341374713,"group":{"id":"settings","version":"8"},"event":{"data":{"created":1551341374747,"name":"hideToolStripes","value":false},"id":"UISettings"}}
{"session":"ec59052f0c0a","build":"183.4284.148","bucket":"-1","time":1551341374713,"group":{"id":"settings","version":"8"},"event":{"data":{"created":1551341374748,"name":"leftHorizontalSplit","value":false},"id":"UISettings"}}
{"session":"ec59052f0c0a","build":"183.4284.148","bucket":"-1","time":1551341374713,"group":{"id":"settings","version":"8"},"event":{"data":{"created":1551341374748,"name":"markModifiedTabsWithAsterisk","value":false},"id":"UISettings"}}
{"session":"ec59052f0c0a","build":"183.4284.148","bucket":"-1","time":1551341374713,"group":{"id":"settings","version":"8"},"event":{"data":{"created":1551341374749,"name":"mergeEqualStackTraces","value":true},"id":"UISettings"}}
{"session":"ec59052f0c0a","build":"183.4284.148","bucket":"-1","time":1551341374713,"group":{"id":"settings","version":"8"},"event":{"data":{"created":1551341374749,"name":"moveMouseOnDefaultButton","value":false},"id":"UISettings"}}
{"session":"ec59052f0c0a","build":"183.4284.148","bucket":"-1","time":1551341374713,"group":{"id":"settings","version":"8"},"event":{"data":{"created":1551341374749,"name":"navigateToPreview","value":false},"id":"UISettings"}}
{"session":"ec59052f0c0a","build":"183.4284.148","bucket":"-1","time":1551341374713,"group":{"id":"settings","version":"8"},"event":{"data":{"created":1551341374749,"name":"overrideConsoleCycleBufferSize","value":false},"id":"UISettings"}}
{"session":"ec59052f0c0a","build":"183.4284.148","bucket":"-1","time":1551341374713,"group":{"id":"settings","version":"8"},"event":{"data":{"created":1551341374750,"name":"overrideLafFonts","value":false},"id":"UISettings"}}
{"session":"ec59052f0c0a","build":"183.4284.148","bucket":"-1","time":1551341374713,"group":{"id":"settings","version":"8"},"event":{"data":{"created":1551341374750,"name":"pinFindInPath","value":false},"id":"UISettings"}}
{"session":"ec59052f0c0a","build":"183.4284.148","bucket":"-1","time":1551341374713,"group":{"id":"settings","version":"8"},"event":{"data":{"created":1551341374750,"name":"presentationMode","value":false},"id":"UISettings"}}
{"session":"ec59052f0c0a","build":"183.4284.148","bucket":"-1","time":1551341374713,"group":{"id":"settings","version":"8"},"event":{"data":{"created":1551341374751,"name":"reuseNotModifiedTabs","value":false},"id":"UISettings"}}
{"session":"ec59052f0c0a","build":"183.4284.148","bucket":"-1","time":1551341374713,"group":{"id":"settings","version":"8"},"event":{"data":{"created":1551341374751,"name":"rightHorizontalSplit","value":false},"id":"UISettings"}}
{"session":"ec59052f0c0a","build":"183.4284.148","bucket":"-1","time":1551341374713,"group":{"id":"settings","version":"8"},"event":{"data":{"created":1551341374751,"name":"scrollTabLayoutInEditor","value":true},"id":"UISettings"}}
{"session":"ec59052f0c0a","build":"183.4284.148","bucket":"-1","time":1551341374713,"group":{"id":"settings","version":"8"},"event":{"data":{"created":1551341374751,"name":"showCloseButton","value":true},"id":"UISettings"}}
{"session":"ec59052f0c0a","build":"183.4284.148","bucket":"-1","time":1551341374713,"group":{"id":"settings","version":"8"},"event":{"data":{"created":1551341374751,"name":"showDirectoryForNonUniqueFilenames","value":true},"id":"UISettings"}}
{"session":"ec59052f0c0a","build":"183.4284.148","bucket":"-1","time":1551341374713,"group":{"id":"settings","version":"8"},"event":{"data":{"created":1551341374752,"name":"showEditorToolTip","value":true},"id":"UISettings"}}
{"session":"ec59052f0c0a","build":"183.4284.148","bucket":"-1","time":1551341374713,"group":{"id":"settings","version":"8"},"event":{"data":{"created":1551341374752,"name":"showIconInQuickNavigation","value":true},"id":"UISettings"}}
{"session":"ec59052f0c0a","build":"183.4284.148","bucket":"-1","time":1551341374713,"group":{"id":"settings","version":"8"},"event":{"data":{"created":1551341374752,"name":"showIconsInMenus","value":true},"id":"UISettings"}}
{"session":"ec59052f0c0a","build":"183.4284.148","bucket":"-1","time":1551341374713,"group":{"id":"settings","version":"8"},"event":{"data":{"created":1551341374752,"name":"showMainToolbar","value":false},"id":"UISettings"}}
{"session":"ec59052f0c0a","build":"183.4284.148","bucket":"-1","time":1551341374713,"group":{"id":"settings","version":"8"},"event":{"data":{"created":1551341374753,"name":"showMemoryIndicator","value":false},"id":"UISettings"}}
{"session":"ec59052f0c0a","build":"183.4284.148","bucket":"-1","time":1551341374713,"group":{"id":"settings","version":"8"},"event":{"data":{"created":1551341374753,"name":"showNavigationBar","value":true},"id":"UISettings"}}
{"session":"ec59052f0c0a","build":"183.4284.148","bucket":"-1","time":1551341374713,"group":{"id":"settings","version":"8"},"event":{"data":{"created":1551341374753,"name":"showStatusBar","value":true},"id":"UISettings"}}
{"session":"ec59052f0c0a","build":"183.4284.148","bucket":"-1","time":1551341374713,"group":{"id":"settings","version":"8"},"event":{"data":{"created":1551341374753,"name":"showTabsTooltips","value":true},"id":"UISettings"}}
{"session":"ec59052f0c0a","build":"183.4284.148","bucket":"-1","time":1551341374713,"group":{"id":"settings","version":"8"},"event":{"data":{"created":1551341374754,"name":"showToolWindowsNumbers","value":true},"id":"UISettings"}}
{"session":"ec59052f0c0a","build":"183.4284.148","bucket":"-1","time":1551341374713,"group":{"id":"settings","version":"8"},"event":{"data":{"created":1551341374754,"name":"smoothScrolling","value":false},"id":"UISettings"}}
{"session":"ec59052f0c0a","build":"183.4284.148","bucket":"-1","time":1551341374713,"group":{"id":"settings","version":"8"},"event":{"data":{"created":1551341374754,"name":"sortBookmarks","value":false},"id":"UISettings"}}
{"session":"ec59052f0c0a","build":"183.4284.148","bucket":"-1","time":1551341374713,"group":{"id":"settings","version":"8"},"event":{"data":{"created":1551341374754,"name":"sortLookupElementsLexicographically","value":false},"id":"UISettings"}}
{"session":"ec59052f0c0a","build":"183.4284.148","bucket":"-1","time":1551341374713,"group":{"id":"settings","version":"8"},"event":{"data":{"created":1551341374755,"name":"useSmallLabelsOnTabs","value":false},"id":"UISettings"}}
{"session":"ec59052f0c0a","build":"183.4284.148","bucket":"-1","time":1551341374713,"group":{"id":"settings","version":"8"},"event":{"data":{"created":1551341374755,"name":"wideScreenSupport","value":false},"id":"UISettings"}}
{"session":"ec59052f0c0a","build":"183.4284.148","bucket":"-1","time":1551341376691,"group":{"id":"settings","version":"8"},"event":{"data":{"created":1551341376691,"name":"autoSaveIfInactive","value":false},"id":"GeneralSettings"}}
{"session":"ec59052f0c0a","build":"183.4284.148","bucket":"-1","time":1551341376691,"group":{"id":"settings","version":"8"},"event":{"data":{"created":1551341376691,"name":"confirmExit","value":true},"id":"GeneralSettings"}}
{"session":"ec59052f0c0a","build":"183.4284.148","bucket":"-1","time":1551341376691,"group":{"id":"settings","version":"8"},"event":{"data":{"created":1551341376691,"name":"reopenLastProject","value":true},"id":"GeneralSettings"}}
{"session":"ec59052f0c0a","build":"183.4284.148","bucket":"-1","time":1551341376691,"group":{"id":"settings","version":"8"},"event":{"data":{"created":1551341376692,"name":"saveOnFrameDeactivation","value":true},"id":"GeneralSettings"}}
{"session":"ec59052f0c0a","build":"183.4284.148","bucket":"-1","time":1551341376691,"group":{"id":"settings","version":"8"},"event":{"data":{"created":1551341376692,"name":"searchInBackground","value":false},"id":"GeneralSettings"}}
{"session":"ec59052f0c0a","build":"183.4284.148","bucket":"-1","time":1551341376691,"group":{"id":"settings","version":"8"},"event":{"data":{"default":false,"created":1551341376692,"name":"showTipsOnStartup","value":false},"id":"GeneralSettings"}}
{"session":"ec59052f0c0a","build":"183.4284.148","bucket":"-1","time":1551341376691,"group":{"id":"settings","version":"8"},"event":{"data":{"created":1551341376692,"name":"showWelcomeScreen","value":true},"id":"GeneralSettings"}}
{"session":"ec59052f0c0a","build":"183.4284.148","bucket":"-1","time":1551341376691,"group":{"id":"settings","version":"8"},"event":{"data":{"created":1551341376692,"name":"supportScreenReaders","value":false},"id":"GeneralSettings"}}
{"session":"ec59052f0c0a","build":"183.4284.148","bucket":"-1","time":1551341376691,"group":{"id":"settings","version":"8"},"event":{"data":{"created":1551341376693,"name":"syncOnFrameActivation","value":true},"id":"GeneralSettings"}}
{"session":"ec59052f0c0a","build":"183.4284.148","bucket":"-1","time":1551341376691,"group":{"id":"settings","version":"8"},"event":{"data":{"created":1551341376693,"name":"useDefaultBrowser","value":true},"id":"GeneralSettings"}}
{"session":"ec59052f0c0a","build":"183.4284.148","bucket":"-1","time":1551341376691,"group":{"id":"settings","version":"8"},"event":{"data":{"created":1551341376693,"name":"useSafeWrite","value":true},"id":"GeneralSettings"}}
{"session":"ec59052f0c0a","build":"183.4284.148","bucket":"-1","time":1551341380741,"group":{"id":"ui.dialogs","version":"8"},"event":{"count":1,"data":{"created":1551341380741,"type":"show"},"id":"com.intellij.openapi.progress.util.ProgressDialog$MyDialogWrapper"}}
{"session":"ec59052f0c0a","build":"183.4284.148","bucket":"-1","time":1551341383375,"group":{"id":"ui.dialogs","version":"8"},"event":{"count":1,"data":{"code":1,"created":1551341383375,"type":"close"},"id":"com.intellij.openapi.progress.util.ProgressDialog$MyDialogWrapper"}}
{"session":"ec59052f0c0a","build":"183.4284.148","bucket":"-1","time":1551341383449,"group":{"id":"statistics.lifecycle.project","version":"8"},"event":{"count":1,"data":{"created":1551341383449,"project":"1467702432"},"id":"project.opened"}}
{"session":"ec59052f0c0a","build":"183.4284.148","bucket":"-1","time":1551341383450,"group":{"id":"lifecycle","version":"8"},"event":{"count":1,"data":{"created":1551341383450},"id":"project.opened"}}
{"session":"ec59052f0c0a","build":"183.4284.148","bucket":"-1","time":1551341384920,"group":{"id":"ui.dialogs","version":"8"},"event":{"count":1,"data":{"created":1551341384920,"type":"show"},"id":"com.intellij.openapi.progress.util.ProgressDialog$MyDialogWrapper"}}
{"session":"ec59052f0c0a","build":"183.4284.148","bucket":"-1","time":1551341386725,"group":{"id":"toolwindow","version":"8"},"event":{"count":1,"data":{"created":1551341386725,"data_1":"Windows"},"id":"Project_by_Activation"}}
{"session":"ec59052f0c0a","build":"183.4284.148","bucket":"-1","time":1551341387233,"group":{"id":"statistics.lifecycle.app","version":"8"},"event":{"count":1,"data":{"created":1551341387234},"id":"ide.start"}}
{"session":"ec59052f0c0a","build":"183.4284.148","bucket":"-1","time":1551341387233,"group":{"id":"lifecycle","version":"8"},"event":{"count":1,"data":{"created":1551341387234},"id":"app.started"}}
{"session":"ec59052f0c0a","build":"183.4284.148","bucket":"-1","time":1551341388646,"group":{"id":"ui.dialogs","version":"8"},"event":{"count":1,"data":{"code":1,"created":1551341388646,"type":"close"},"id":"com.intellij.openapi.progress.util.ProgressDialog$MyDialogWrapper"}}
{"session":"ec59052f0c0a","build":"183.4284.148","bucket":"-1","time":1551341388791,"group":{"id":"statistics.lifecycle.project","version":"8"},"event":{"count":1,"data":{"created":1551341388791,"project":"1467702432"},"id":"project.open.time.8"}}
{"session":"ec59052f0c0a","build":"183.4284.148","bucket":"-1","time":1551341388791,"group":{"id":"lifecycle","version":"8"},"event":{"count":1,"data":{"created":1551341388791,"time.ms":8735},"id":"project.opening.finished"}}
{"session":"ec59052f0c0a","build":"183.4284.148","bucket":"-1","time":1551341396734,"group":{"id":"toolwindow","version":"8"},"event":{"count":1,"data":{"created":1551341396734,"data_1":"Windows"},"id":"PsiViewer_by_Activation"}}
{"session":"ec59052f0c0a","build":"183.4284.148","bucket":"-1","time":1551341400686,"group":{"id":"toolwindow","version":"8"},"event":{"count":1,"data":{"created":1551341400686,"data_1":"Windows"},"id":"Project_by_Activation"}}
{"session":"ec59052f0c0a","build":"183.4284.148","bucket":"-1","time":1551341412796,"group":{"id":"actions.v2","version":"8"},"event":{"count":1,"data":{"context_menu":true,"created":1551341412796,"place":"ProjectViewPopup","data_1":"Windows"},"id":"NewFile"}}
{"session":"ec59052f0c0a","build":"183.4284.148","bucket":"-1","time":1551341412829,"group":{"id":"ui.dialogs","version":"8"},"event":{"count":1,"data":{"created":1551341412829,"type":"show"},"id":"com.intellij.openapi.ui.Messages$InputDialog"}}
{"session":"ec59052f0c0a","build":"183.4284.148","bucket":"-1","time":1551341415583,"group":{"id":"actions.v2","version":"8"},"event":{"count":1,"data":{"context_menu":false,"created":1551341415583,"data_1":"Windows"},"id":"DialogOkAction_Enter"}}
{"session":"ec59052f0c0a","build":"183.4284.148","bucket":"-1","time":1551341415642,"group":{"id":"ui.dialogs","version":"8"},"event":{"count":1,"data":{"code":0,"created":1551341415643,"type":"close"},"id":"com.intellij.openapi.ui.Messages$InputDialog"}}
{"session":"ec59052f0c0a","build":"183.4284.148","bucket":"-1","time":1551341415697,"group":{"id":"statistics.file.types.open","version":"8"},"event":{"count":1,"data":{"created":1551341415697,"project":"1467702432"},"id":"test_file_name"}}
{"session":"ec59052f0c0a","build":"183.4284.148","bucket":"-1","time":1551341415986,"group":{"id":"ui.dialogs","version":"8"},"event":{"count":1,"data":{"created":1551341415986,"type":"show"},"id":"com.intellij.util.ui.ConfirmationDialog"}}
{"session":"ec59052f0c0a","build":"183.4284.148","bucket":"-1","time":1551341417819,"group":{"id":"ui.dialogs","version":"8"},"event":{"count":1,"data":{"code":1,"created":1551341417819,"type":"close"},"id":"com.intellij.util.ui.ConfirmationDialog"}}
{"session":"ec59052f0c0a","build":"183.4284.148","bucket":"-1","time":1551341423657,"group":{"id":"actions.v2","version":"8"},"event":{"count":1,"data":{"context_menu":true,"created":1551341423657,"place":"EditorPopup","data_1":"Windows"},"id":"third.party.plugin.action"}}
{"session":"ec59052f0c0a","build":"183.4284.148","bucket":"-1","time":1551341423659,"group":{"id":"toolwindow","version":"8"},"event":{"count":1,"data":{"created":1551341423659,"data_1":"Windows"},"id":"PsiViewer_by_Activation"}}
{"session":"ec59052f0c0a","build":"183.4284.148","bucket":"-1","time":1551341427122,"group":{"id":"statistics.file.types.edit","version":"8"},"event":{"count":1,"data":{"created":1551341427122,"project":"1467702432"},"id":"test_file_name"}}
{"session":"ec59052f0c0a","build":"183.4284.148","bucket":"-1","time":1551341496383,"group":{"id":"statistics.lifecycle.app","version":"8"},"event":{"count":1,"data":{"created":1551341496383,"data_2":"50+","data_1":"timeSecondsGrouped"},"id":"ide.freeze"}}
{"session":"ec59052f0c0a","build":"183.4284.148","bucket":"-1","time":1551341496383,"group":{"id":"lifecycle","version":"8"},"event":{"count":1,"data":{"durationSeconds":51,"created":1551341496383},"id":"ide.freeze"}}
{"session":"ec59052f0c0a","build":"183.4284.148","bucket":"-1","time":1551341516398,"group":{"id":"statistics.file.types.edit","version":"8"},"event":{"count":1,"data":{"created":1551341516398,"project":"1467702432"},"id":"test_file_name"}}
{"session":"ec59052f0c0a","build":"183.4284.148","bucket":"-1","time":1551341578671,"group":{"id":"statistics.lifecycle.app","version":"8"},"event":{"count":1,"data":{"created":1551341578671,"data_2":"40+","data_1":"timeSecondsGrouped"},"id":"ide.freeze"}}
{"session":"ec59052f0c0a","build":"183.4284.148","bucket":"-1","time":1551341578671,"group":{"id":"lifecycle","version":"8"},"event":{"count":1,"data":{"durationSeconds":48,"created":1551341578671},"id":"ide.freeze"}}
{"session":"ec59052f0c0a","build":"183.4284.148","bucket":"-1","time":1551341593507,"group":{"id":"statistics.file.types.edit","version":"8"},"event":{"count":1,"data":{"created":1551341593508,"project":"1467702432"},"id":"test_file_name"}}
{"session":"ec59052f0c0a","build":"183.4284.148","bucket":"-1","time":1551341647299,"group":{"id":"statistics.lifecycle.app","version":"8"},"event":{"count":1,"data":{"created":1551341647299,"data_2":"50+","data_1":"timeSecondsGrouped"},"id":"ide.freeze"}}
{"session":"ec59052f0c0a","build":"183.4284.148","bucket":"-1","time":1551341647299,"group":{"id":"lifecycle","version":"8"},"event":{"count":1,"data":{"durationSeconds":54,"created":1551341647299},"id":"ide.freeze"}}
{"session":"ec59052f0c0a","build":"183.4284.148","bucket":"-1","time":1551341657015,"group":{"id":"statistics.file.types.edit","version":"8"},"event":{"count":1,"data":{"created":1551341657018,"project":"1467702432"},"id":"test_file_name"}}
{"session":"ec59052f0c0a","build":"183.4284.148","bucket":"-1","time":1551341696921,"group":{"id":"statistics.ui.toolbar.clicks","version":"8"},"event":{"count":3,"data":{"last":1551341697956,"created":1551341696921,"data_1":"Windows"},"id":"idea.plugin.psiviewer.controller.actions.PropertyToggleAction@PsiActionToolbar"}}
{"session":"ec59052f0c0a","build":"183.4284.148","bucket":"-1","time":1551341699898,"group":{"id":"actions.v2","version":"8"},"event":{"count":2,"data":{"context_menu":false,"last":1551341700494,"created":1551341699898,"data_1":"Windows"},"id":"EditorLeft"}}
{"session":"ec59052f0c0a","build":"183.4284.148","bucket":"-1","time":1551341701050,"group":{"id":"actions.v2","version":"8"},"event":{"count":1,"data":{"context_menu":false,"created":1551341701050,"data_1":"Windows"},"id":"EditorRight"}}
{"session":"ec59052f0c0a","build":"183.4284.148","bucket":"-1","time":1551341701312,"group":{"id":"actions.v2","version":"8"},"event":{"count":1,"data":{"context_menu":false,"created":1551341701312,"data_1":"Windows"},"id":"EditorLeft"}}
{"session":"ec59052f0c0a","build":"183.4284.148","bucket":"-1","time":1551341701511,"group":{"id":"actions.v2","version":"8"},"event":{"count":1,"data":{"context_menu":false,"created":1551341701511,"data_1":"Windows"},"id":"EditorRight"}}
{"session":"ec59052f0c0a","build":"183.4284.148","bucket":"-1","time":1551341701653,"group":{"id":"actions.v2","version":"8"},"event":{"count":2,"data":{"context_menu":false,"last":1551341701819,"created":1551341701653,"data_1":"Windows"},"id":"EditorLeft"}}
{"session":"ec59052f0c0a","build":"183.4284.148","bucket":"-1","time":1551341702273,"group":{"id":"actions.v2","version":"8"},"event":{"count":2,"data":{"context_menu":false,"last":1551341703076,"created":1551341702273,"data_1":"Windows"},"id":"EditorRight"}}
{"session":"ec59052f0c0a","build":"183.4284.148","bucket":"-1","time":1551341703778,"group":{"id":"actions.v2","version":"8"},"event":{"count":2,"data":{"context_menu":false,"last":1551341704322,"created":1551341703778,"data_1":"Windows"},"id":"EditorBackSpace"}}
{"session":"ec59052f0c0a","build":"183.4284.148","bucket":"-1","time":1551341704999,"group":{"id":"actions.v2","version":"8"},"event":{"count":1,"data":{"context_menu":false,"created":1551341704999,"data_1":"Windows"},"id":"EditorLeft"}}
{"session":"ec59052f0c0a","build":"183.4284.148","bucket":"-1","time":1551341705528,"group":{"id":"actions.v2","version":"8"},"event":{"count":1,"data":{"context_menu":false,"created":1551341705528,"data_1":"Windows"},"id":"EditorRight"}}
{"session":"ec59052f0c0a","build":"183.4284.148","bucket":"-1","time":1551341705880,"group":{"id":"actions.v2","version":"8"},"event":{"count":4,"data":{"context_menu":false,"last":1551341706750,"created":1551341705880,"data_1":"Windows"},"id":"EditorLeft"}}
{"session":"ec59052f0c0a","build":"183.4284.148","bucket":"-1","time":1551341707145,"group":{"id":"actions.v2","version":"8"},"event":{"count":5,"data":{"context_menu":false,"last":1551341708126,"created":1551341707145,"data_1":"Windows"},"id":"EditorRight"}}
{"session":"ec59052f0c0a","build":"183.4284.148","bucket":"-1","time":1551341710330,"group":{"id":"actions.v2","version":"8"},"event":{"count":2,"data":{"context_menu":false,"last":1551341711121,"created":1551341710330,"data_1":"Windows"},"id":"EditorToggleInsertState"}}
{"session":"ec59052f0c0a","build":"183.4284.148","bucket":"-1","time":1551341711542,"group":{"id":"actions.v2","version":"8"},"event":{"count":2,"data":{"context_menu":false,"last":1551341717463,"created":1551341711542,"data_1":"Windows"},"id":"EditorBackSpace"}}
{"session":"ec59052f0c0a","build":"183.4284.148","bucket":"-1","time":1551341720234,"group":{"id":"statistics.file.types.edit","version":"8"},"event":{"count":1,"data":{"created":1551341720235,"project":"1467702432"},"id":"test_file_name"}}
{"session":"ec59052f0c0a","build":"183.4284.148","bucket":"-1","time":1551341723342,"group":{"id":"actions.v2","version":"8"},"event":{"count":1,"data":{"context_menu":false,"created":1551341723342,"data_1":"Windows"},"id":"EditorBackSpace"}}
{"session":"ec59052f0c0a","build":"183.4284.148","bucket":"-1","time":1551341931100,"group":{"id":"ui.dialogs","version":"8"},"event":{"count":1,"data":{"created":1551341931100,"type":"show"},"id":"com.intellij.openapi.ui.messages.MessageDialog"}}
{"session":"ec59052f0c0a","build":"183.4284.148","bucket":"-1","time":1551341932547,"group":{"id":"statistics.lifecycle.app","version":"8"},"event":{"count":1,"data":{"created":1551341932547},"id":"ide.close"}}
{"session":"ec59052f0c0a","build":"183.4284.148","bucket":"-1","time":1551341932547,"group":{"id":"lifecycle","version":"8"},"event":{"count":1,"data":{"restart":false,"created":1551341932548},"id":"app.closed"}}
{"session":"ec59052f0c0a","build":"183.4284.148","bucket":"-1","time":1551341932564,"group":{"id":"statistics.lifecycle.project","version":"8"},"event":{"count":1,"data":{"created":1551341932564,"project":"1467702432"},"id":"project.closed"}}
{"session":"ec59052f0c0a","build":"183.4284.148","bucket":"-1","time":1551341932743,"group":{"id":"lifecycle","version":"8"},"event":{"count":1,"data":{"created":1551341932743},"id":"project.closed"}}
