{"session":"854bd8c50534","build":"183.4284.148","bucket":"-1","time":1551428029243,"group":{"id":"system.os.name","version":"8"},"event":{"data":{"created":1551428029244},"id":"Windows"}}
{"session":"854bd8c50534","build":"183.4284.148","bucket":"-1","time":1551428029244,"group":{"id":"system.os.version","version":"8"},"event":{"data":{"created":1551428029261},"id":"10.0"}}
{"session":"854bd8c50534","build":"183.4284.148","bucket":"-1","time":1551428029244,"group":{"id":"system.jvm.vendor","version":"8"},"event":{"data":{"created":1551428029275},"id":"JetBrains_s.r.o"}}
{"session":"854bd8c50534","build":"183.4284.148","bucket":"-1","time":1551428029244,"group":{"id":"system.jvm.version","version":"8"},"event":{"data":{"created":1551428029276},"id":"1.8"}}
{"session":"854bd8c50534","build":"183.4284.148","bucket":"-1","time":1551428029244,"group":{"id":"settings","version":"8"},"event":{"data":{"created":1551428029277,"name":"activeMruEditorOnClose","value":false},"id":"UISettings"}}
{"session":"854bd8c50534","build":"183.4284.148","bucket":"-1","time":1551428029244,"group":{"id":"settings","version":"8"},"event":{"data":{"created":1551428029277,"name":"activeRightEditorOnClose","value":false},"id":"UISettings"}}
{"session":"854bd8c50534","build":"183.4284.148","bucket":"-1","time":1551428029244,"group":{"id":"settings","version":"8"},"event":{"data":{"created":1551428029278,"name":"allowMergeButtons","value":true},"id":"UISettings"}}
{"session":"854bd8c50534","build":"183.4284.148","bucket":"-1","time":1551428029244,"group":{"id":"settings","version":"8"},"event":{"data":{"created":1551428029278,"name":"alwaysShowWindowsButton","value":false},"id":"UISettings"}}
{"session":"854bd8c50534","build":"183.4284.148","bucket":"-1","time":1551428029244,"group":{"id":"settings","version":"8"},"event":{"data":{"created":1551428029278,"name":"animateWindows","value":true},"id":"UISettings"}}
{"session":"854bd8c50534","build":"183.4284.148","bucket":"-1","time":1551428029244,"group":{"id":"settings","version":"8"},"event":{"data":{"created":1551428029279,"name":"closeNonModifiedFilesFirst","value":false},"id":"UISettings"}}
{"session":"854bd8c50534","build":"183.4284.148","bucket":"-1","time":1551428029244,"group":{"id":"settings","version":"8"},"event":{"data":{"created":1551428029279,"name":"closeTabButtonOnTheRight","value":true},"id":"UISettings"}}
{"session":"854bd8c50534","build":"183.4284.148","bucket":"-1","time":1551428029244,"group":{"id":"settings","version":"8"},"event":{"data":{"created":1551428029279,"name":"cycleScrolling","value":true},"id":"UISettings"}}
{"session":"854bd8c50534","build":"183.4284.148","bucket":"-1","time":1551428029244,"group":{"id":"settings","version":"8"},"event":{"data":{"created":1551428029280,"name":"defaultAutoScrollToSource","value":false},"id":"UISettings"}}
{"session":"854bd8c50534","build":"183.4284.148","bucket":"-1","time":1551428029244,"group":{"id":"settings","version":"8"},"event":{"data":{"created":1551428029280,"name":"disableMnemonics","value":false},"id":"UISettings"}}
{"session":"854bd8c50534","build":"183.4284.148","bucket":"-1","time":1551428029244,"group":{"id":"settings","version":"8"},"event":{"data":{"created":1551428029280,"name":"disableMnemonicsInControls","value":false},"id":"UISettings"}}
{"session":"854bd8c50534","build":"183.4284.148","bucket":"-1","time":1551428029244,"group":{"id":"settings","version":"8"},"event":{"data":{"created":1551428029280,"name":"dndWithPressedAltOnly","value":false},"id":"UISettings"}}
{"session":"854bd8c50534","build":"183.4284.148","bucket":"-1","time":1551428029244,"group":{"id":"settings","version":"8"},"event":{"data":{"created":1551428029281,"name":"enableAlphaMode","value":false},"id":"UISettings"}}
{"session":"854bd8c50534","build":"183.4284.148","bucket":"-1","time":1551428029244,"group":{"id":"settings","version":"8"},"event":{"data":{"created":1551428029281,"name":"hideKnownExtensionInTabs","value":false},"id":"UISettings"}}
{"session":"854bd8c50534","build":"183.4284.148","bucket":"-1","time":1551428029244,"group":{"id":"settings","version":"8"},"event":{"data":{"created":1551428029281,"name":"hideNavigationOnFocusLoss","value":true},"id":"UISettings"}}
{"session":"854bd8c50534","build":"183.4284.148","bucket":"-1","time":1551428029244,"group":{"id":"settings","version":"8"},"event":{"data":{"created":1551428029283,"name":"hideTabsIfNeed","value":true},"id":"UISettings"}}
{"session":"854bd8c50534","build":"183.4284.148","bucket":"-1","time":1551428029244,"group":{"id":"settings","version":"8"},"event":{"data":{"created":1551428029283,"name":"hideToolStripes","value":false},"id":"UISettings"}}
{"session":"854bd8c50534","build":"183.4284.148","bucket":"-1","time":1551428029244,"group":{"id":"settings","version":"8"},"event":{"data":{"created":1551428029284,"name":"leftHorizontalSplit","value":false},"id":"UISettings"}}
{"session":"854bd8c50534","build":"183.4284.148","bucket":"-1","time":1551428029244,"group":{"id":"settings","version":"8"},"event":{"data":{"created":1551428029284,"name":"markModifiedTabsWithAsterisk","value":false},"id":"UISettings"}}
{"session":"854bd8c50534","build":"183.4284.148","bucket":"-1","time":1551428029244,"group":{"id":"settings","version":"8"},"event":{"data":{"created":1551428029284,"name":"mergeEqualStackTraces","value":true},"id":"UISettings"}}
{"session":"854bd8c50534","build":"183.4284.148","bucket":"-1","time":1551428029244,"group":{"id":"settings","version":"8"},"event":{"data":{"created":1551428029284,"name":"moveMouseOnDefaultButton","value":false},"id":"UISettings"}}
{"session":"854bd8c50534","build":"183.4284.148","bucket":"-1","time":1551428029244,"group":{"id":"settings","version":"8"},"event":{"data":{"created":1551428029285,"name":"navigateToPreview","value":false},"id":"UISettings"}}
{"session":"854bd8c50534","build":"183.4284.148","bucket":"-1","time":1551428029244,"group":{"id":"settings","version":"8"},"event":{"data":{"created":1551428029285,"name":"overrideConsoleCycleBufferSize","value":false},"id":"UISettings"}}
{"session":"854bd8c50534","build":"183.4284.148","bucket":"-1","time":1551428029244,"group":{"id":"settings","version":"8"},"event":{"data":{"created":1551428029285,"name":"overrideLafFonts","value":false},"id":"UISettings"}}
{"session":"854bd8c50534","build":"183.4284.148","bucket":"-1","time":1551428029244,"group":{"id":"settings","version":"8"},"event":{"data":{"created":1551428029286,"name":"pinFindInPath","value":false},"id":"UISettings"}}
{"session":"854bd8c50534","build":"183.4284.148","bucket":"-1","time":1551428029244,"group":{"id":"settings","version":"8"},"event":{"data":{"created":1551428029286,"name":"presentationMode","value":false},"id":"UISettings"}}
{"session":"854bd8c50534","build":"183.4284.148","bucket":"-1","time":1551428029244,"group":{"id":"settings","version":"8"},"event":{"data":{"created":1551428029286,"name":"reuseNotModifiedTabs","value":false},"id":"UISettings"}}
{"session":"854bd8c50534","build":"183.4284.148","bucket":"-1","time":1551428029244,"group":{"id":"settings","version":"8"},"event":{"data":{"created":1551428029286,"name":"rightHorizontalSplit","value":false},"id":"UISettings"}}
{"session":"854bd8c50534","build":"183.4284.148","bucket":"-1","time":1551428029244,"group":{"id":"settings","version":"8"},"event":{"data":{"created":1551428029287,"name":"scrollTabLayoutInEditor","value":true},"id":"UISettings"}}
{"session":"854bd8c50534","build":"183.4284.148","bucket":"-1","time":1551428029244,"group":{"id":"settings","version":"8"},"event":{"data":{"created":1551428029287,"name":"showCloseButton","value":true},"id":"UISettings"}}
{"session":"854bd8c50534","build":"183.4284.148","bucket":"-1","time":1551428029244,"group":{"id":"settings","version":"8"},"event":{"data":{"created":1551428029287,"name":"showDirectoryForNonUniqueFilenames","value":true},"id":"UISettings"}}
{"session":"854bd8c50534","build":"183.4284.148","bucket":"-1","time":1551428029244,"group":{"id":"settings","version":"8"},"event":{"data":{"created":1551428029287,"name":"showEditorToolTip","value":true},"id":"UISettings"}}
{"session":"854bd8c50534","build":"183.4284.148","bucket":"-1","time":1551428029244,"group":{"id":"settings","version":"8"},"event":{"data":{"created":1551428029288,"name":"showIconInQuickNavigation","value":true},"id":"UISettings"}}
{"session":"854bd8c50534","build":"183.4284.148","bucket":"-1","time":1551428029244,"group":{"id":"settings","version":"8"},"event":{"data":{"created":1551428029288,"name":"showIconsInMenus","value":true},"id":"UISettings"}}
{"session":"854bd8c50534","build":"183.4284.148","bucket":"-1","time":1551428029244,"group":{"id":"settings","version":"8"},"event":{"data":{"created":1551428029288,"name":"showMainToolbar","value":false},"id":"UISettings"}}
{"session":"854bd8c50534","build":"183.4284.148","bucket":"-1","time":1551428029244,"group":{"id":"settings","version":"8"},"event":{"data":{"created":1551428029288,"name":"showMemoryIndicator","value":false},"id":"UISettings"}}
{"session":"854bd8c50534","build":"183.4284.148","bucket":"-1","time":1551428029244,"group":{"id":"settings","version":"8"},"event":{"data":{"created":1551428029289,"name":"showNavigationBar","value":true},"id":"UISettings"}}
{"session":"854bd8c50534","build":"183.4284.148","bucket":"-1","time":1551428029244,"group":{"id":"settings","version":"8"},"event":{"data":{"created":1551428029289,"name":"showStatusBar","value":true},"id":"UISettings"}}
{"session":"854bd8c50534","build":"183.4284.148","bucket":"-1","time":1551428029244,"group":{"id":"settings","version":"8"},"event":{"data":{"created":1551428029290,"name":"showTabsTooltips","value":true},"id":"UISettings"}}
{"session":"854bd8c50534","build":"183.4284.148","bucket":"-1","time":1551428029244,"group":{"id":"settings","version":"8"},"event":{"data":{"created":1551428029290,"name":"showToolWindowsNumbers","value":true},"id":"UISettings"}}
{"session":"854bd8c50534","build":"183.4284.148","bucket":"-1","time":1551428029244,"group":{"id":"settings","version":"8"},"event":{"data":{"created":1551428029290,"name":"smoothScrolling","value":false},"id":"UISettings"}}
{"session":"854bd8c50534","build":"183.4284.148","bucket":"-1","time":1551428029244,"group":{"id":"settings","version":"8"},"event":{"data":{"created":1551428029290,"name":"sortBookmarks","value":false},"id":"UISettings"}}
{"session":"854bd8c50534","build":"183.4284.148","bucket":"-1","time":1551428029244,"group":{"id":"settings","version":"8"},"event":{"data":{"created":1551428029291,"name":"sortLookupElementsLexicographically","value":false},"id":"UISettings"}}
{"session":"854bd8c50534","build":"183.4284.148","bucket":"-1","time":1551428029244,"group":{"id":"settings","version":"8"},"event":{"data":{"created":1551428029291,"name":"useSmallLabelsOnTabs","value":false},"id":"UISettings"}}
{"session":"854bd8c50534","build":"183.4284.148","bucket":"-1","time":1551428029244,"group":{"id":"settings","version":"8"},"event":{"data":{"created":1551428029291,"name":"wideScreenSupport","value":false},"id":"UISettings"}}
{"session":"854bd8c50534","build":"183.4284.148","bucket":"-1","time":1551428030944,"group":{"id":"settings","version":"8"},"event":{"data":{"created":1551428030952,"name":"autoSaveIfInactive","value":false},"id":"GeneralSettings"}}
{"session":"854bd8c50534","build":"183.4284.148","bucket":"-1","time":1551428030944,"group":{"id":"settings","version":"8"},"event":{"data":{"created":1551428030953,"name":"confirmExit","value":true},"id":"GeneralSettings"}}
{"session":"854bd8c50534","build":"183.4284.148","bucket":"-1","time":1551428030944,"group":{"id":"settings","version":"8"},"event":{"data":{"created":1551428030954,"name":"reopenLastProject","value":true},"id":"GeneralSettings"}}
{"session":"854bd8c50534","build":"183.4284.148","bucket":"-1","time":1551428030944,"group":{"id":"settings","version":"8"},"event":{"data":{"created":1551428030954,"name":"saveOnFrameDeactivation","value":true},"id":"GeneralSettings"}}
{"session":"854bd8c50534","build":"183.4284.148","bucket":"-1","time":1551428030944,"group":{"id":"settings","version":"8"},"event":{"data":{"created":1551428030954,"name":"searchInBackground","value":false},"id":"GeneralSettings"}}
{"session":"854bd8c50534","build":"183.4284.148","bucket":"-1","time":1551428030944,"group":{"id":"settings","version":"8"},"event":{"data":{"default":false,"created":1551428030955,"name":"showTipsOnStartup","value":false},"id":"GeneralSettings"}}
{"session":"854bd8c50534","build":"183.4284.148","bucket":"-1","time":1551428030944,"group":{"id":"settings","version":"8"},"event":{"data":{"created":1551428030956,"name":"showWelcomeScreen","value":true},"id":"GeneralSettings"}}
{"session":"854bd8c50534","build":"183.4284.148","bucket":"-1","time":1551428030944,"group":{"id":"settings","version":"8"},"event":{"data":{"created":1551428030956,"name":"supportScreenReaders","value":false},"id":"GeneralSettings"}}
{"session":"854bd8c50534","build":"183.4284.148","bucket":"-1","time":1551428030944,"group":{"id":"settings","version":"8"},"event":{"data":{"created":1551428030956,"name":"syncOnFrameActivation","value":true},"id":"GeneralSettings"}}
{"session":"854bd8c50534","build":"183.4284.148","bucket":"-1","time":1551428030944,"group":{"id":"settings","version":"8"},"event":{"data":{"created":1551428030956,"name":"useDefaultBrowser","value":true},"id":"GeneralSettings"}}
{"session":"854bd8c50534","build":"183.4284.148","bucket":"-1","time":1551428030944,"group":{"id":"settings","version":"8"},"event":{"data":{"created":1551428030956,"name":"useSafeWrite","value":true},"id":"GeneralSettings"}}
{"session":"854bd8c50534","build":"183.4284.148","bucket":"-1","time":1551428035911,"group":{"id":"ui.dialogs","version":"8"},"event":{"count":1,"data":{"created":1551428035911,"type":"show"},"id":"com.intellij.openapi.progress.util.ProgressDialog$MyDialogWrapper"}}
{"session":"854bd8c50534","build":"183.4284.148","bucket":"-1","time":1551428039654,"group":{"id":"ui.dialogs","version":"8"},"event":{"count":1,"data":{"code":1,"created":1551428039654,"type":"close"},"id":"com.intellij.openapi.progress.util.ProgressDialog$MyDialogWrapper"}}
{"session":"854bd8c50534","build":"183.4284.148","bucket":"-1","time":1551428039718,"group":{"id":"statistics.lifecycle.project","version":"8"},"event":{"count":1,"data":{"created":1551428039718,"project":"1467702432"},"id":"project.opened"}}
{"session":"854bd8c50534","build":"183.4284.148","bucket":"-1","time":1551428039719,"group":{"id":"lifecycle","version":"8"},"event":{"count":1,"data":{"created":1551428039719},"id":"project.opened"}}
{"session":"854bd8c50534","build":"183.4284.148","bucket":"-1","time":1551428041451,"group":{"id":"ui.dialogs","version":"8"},"event":{"count":1,"data":{"created":1551428041451,"type":"show"},"id":"com.intellij.openapi.progress.util.ProgressDialog$MyDialogWrapper"}}
{"session":"854bd8c50534","build":"183.4284.148","bucket":"-1","time":1551428044109,"group":{"id":"toolwindow","version":"8"},"event":{"count":1,"data":{"created":1551428044112,"data_1":"Windows"},"id":"Project_by_Activation"}}
{"session":"854bd8c50534","build":"183.4284.148","bucket":"-1","time":1551428044745,"group":{"id":"statistics.lifecycle.app","version":"8"},"event":{"count":1,"data":{"created":1551428044745},"id":"ide.start"}}
{"session":"854bd8c50534","build":"183.4284.148","bucket":"-1","time":1551428044745,"group":{"id":"lifecycle","version":"8"},"event":{"count":1,"data":{"created":1551428044746},"id":"app.started"}}
{"session":"854bd8c50534","build":"183.4284.148","bucket":"-1","time":1551428045234,"group":{"id":"statistics.lifecycle.app","version":"8"},"event":{"count":1,"data":{"created":1551428045234},"id":"ide.error"}}
{"session":"854bd8c50534","build":"183.4284.148","bucket":"-1","time":1551428045437,"group":{"id":"ui.dialogs","version":"8"},"event":{"count":1,"data":{"code":1,"created":1551428045437,"type":"close"},"id":"com.intellij.openapi.progress.util.ProgressDialog$MyDialogWrapper"}}
{"session":"854bd8c50534","build":"183.4284.148","bucket":"-1","time":1551428045543,"group":{"id":"statistics.lifecycle.project","version":"8"},"event":{"count":1,"data":{"created":1551428045543,"project":"1467702432"},"id":"project.open.time.10"}}
{"session":"854bd8c50534","build":"183.4284.148","bucket":"-1","time":1551428045543,"group":{"id":"lifecycle","version":"8"},"event":{"count":1,"data":{"created":1551428045543,"time.ms":10340},"id":"project.opening.finished"}}
{"session":"854bd8c50534","build":"183.4284.148","bucket":"-1","time":1551428045788,"group":{"id":"statistics.lifecycle.app","version":"8"},"event":{"count":10,"data":{"last":1551428049961,"created":1551428045803},"id":"ide.error"}}
{"session":"854bd8c50534","build":"183.4284.148","bucket":"-1","time":1551428060929,"group":{"id":"statistics.lifecycle.app","version":"8"},"event":{"count":1,"data":{"created":1551428060929},"id":"ide.error"}}
{"session":"854bd8c50534","build":"183.4284.148","bucket":"-1","time":1551428063930,"group":{"id":"ui.dialogs","version":"8"},"event":{"count":1,"data":{"created":1551428063932,"type":"show"},"id":"com.intellij.diagnostic.IdeMessagePanel$3"}}
{"session":"854bd8c50534","build":"183.4284.148","bucket":"-1","time":1551428064119,"group":{"id":"statistics.lifecycle.app","version":"8"},"event":{"count":10,"data":{"last":1551428083582,"created":1551428064119},"id":"ide.error"}}
{"session":"854bd8c50534","build":"183.4284.148","bucket":"-1","time":1551428085744,"group":{"id":"ui.dialogs","version":"8"},"event":{"count":1,"data":{"code":1,"created":1551428085744,"type":"close"},"id":"com.intellij.diagnostic.IdeMessagePanel$3"}}
{"session":"854bd8c50534","build":"183.4284.148","bucket":"-1","time":1551428085765,"group":{"id":"toolwindow","version":"8"},"event":{"count":1,"data":{"created":1551428085765,"data_1":"Windows"},"id":"Run_by_Activation"}}
{"session":"854bd8c50534","build":"183.4284.148","bucket":"-1","time":1551428086217,"group":{"id":"statistics.lifecycle.app","version":"8"},"event":{"count":10,"data":{"last":1551428098777,"created":1551428086217},"id":"ide.error"}}
{"session":"854bd8c50534","build":"183.4284.148","bucket":"-1","time":1551428163581,"group":{"id":"statistics.lifecycle.app","version":"8"},"event":{"count":1,"data":{"created":1551428163581},"id":"ide.error"}}
{"session":"854bd8c50534","build":"183.4284.148","bucket":"-1","time":1551428163968,"group":{"id":"ui.dialogs","version":"8"},"event":{"count":1,"data":{"created":1551428163968,"type":"show"},"id":"com.intellij.openapi.ui.messages.MessageDialog"}}
{"session":"854bd8c50534","build":"183.4284.148","bucket":"-1","time":1551428165190,"group":{"id":"statistics.lifecycle.app","version":"8"},"event":{"count":1,"data":{"created":1551428165190},"id":"ide.close"}}
{"session":"854bd8c50534","build":"183.4284.148","bucket":"-1","time":1551428165190,"group":{"id":"lifecycle","version":"8"},"event":{"count":1,"data":{"restart":false,"created":1551428165190},"id":"app.closed"}}
{"session":"854bd8c50534","build":"183.4284.148","bucket":"-1","time":1551428165213,"group":{"id":"statistics.lifecycle.project","version":"8"},"event":{"count":1,"data":{"created":1551428165213,"project":"1467702432"},"id":"project.closed"}}
{"session":"854bd8c50534","build":"183.4284.148","bucket":"-1","time":1551428165478,"group":{"id":"lifecycle","version":"8"},"event":{"count":1,"data":{"created":1551428165479},"id":"project.closed"}}
