{"session":"416fbd9c9fc6","build":"183.4284.148","bucket":"-1","time":1551429998437,"group":{"id":"settings","version":"8"},"event":{"data":{"created":1551429998441,"name":"activeMruEditorOnClose","value":false},"id":"UISettings"}}
{"session":"416fbd9c9fc6","build":"183.4284.148","bucket":"-1","time":1551429998438,"group":{"id":"settings","version":"8"},"event":{"data":{"created":1551429998459,"name":"activeRightEditorOnClose","value":false},"id":"UISettings"}}
{"session":"416fbd9c9fc6","build":"183.4284.148","bucket":"-1","time":1551429998438,"group":{"id":"settings","version":"8"},"event":{"data":{"created":1551429998485,"name":"allowMergeButtons","value":true},"id":"UISettings"}}
{"session":"416fbd9c9fc6","build":"183.4284.148","bucket":"-1","time":1551429998438,"group":{"id":"settings","version":"8"},"event":{"data":{"created":1551429998487,"name":"alwaysShowWindowsButton","value":false},"id":"UISettings"}}
{"session":"416fbd9c9fc6","build":"183.4284.148","bucket":"-1","time":1551429998438,"group":{"id":"settings","version":"8"},"event":{"data":{"created":1551429998487,"name":"animateWindows","value":true},"id":"UISettings"}}
{"session":"416fbd9c9fc6","build":"183.4284.148","bucket":"-1","time":1551429998438,"group":{"id":"settings","version":"8"},"event":{"data":{"created":1551429998488,"name":"closeNonModifiedFilesFirst","value":false},"id":"UISettings"}}
{"session":"416fbd9c9fc6","build":"183.4284.148","bucket":"-1","time":1551429998438,"group":{"id":"settings","version":"8"},"event":{"data":{"created":1551429998488,"name":"closeTabButtonOnTheRight","value":true},"id":"UISettings"}}
{"session":"416fbd9c9fc6","build":"183.4284.148","bucket":"-1","time":1551429998438,"group":{"id":"settings","version":"8"},"event":{"data":{"created":1551429998489,"name":"cycleScrolling","value":true},"id":"UISettings"}}
{"session":"416fbd9c9fc6","build":"183.4284.148","bucket":"-1","time":1551429998438,"group":{"id":"settings","version":"8"},"event":{"data":{"created":1551429998489,"name":"defaultAutoScrollToSource","value":false},"id":"UISettings"}}
{"session":"416fbd9c9fc6","build":"183.4284.148","bucket":"-1","time":1551429998438,"group":{"id":"settings","version":"8"},"event":{"data":{"created":1551429998490,"name":"disableMnemonics","value":false},"id":"UISettings"}}
{"session":"416fbd9c9fc6","build":"183.4284.148","bucket":"-1","time":1551429998438,"group":{"id":"settings","version":"8"},"event":{"data":{"created":1551429998490,"name":"disableMnemonicsInControls","value":false},"id":"UISettings"}}
{"session":"416fbd9c9fc6","build":"183.4284.148","bucket":"-1","time":1551429998438,"group":{"id":"settings","version":"8"},"event":{"data":{"created":1551429998490,"name":"dndWithPressedAltOnly","value":false},"id":"UISettings"}}
{"session":"416fbd9c9fc6","build":"183.4284.148","bucket":"-1","time":1551429998438,"group":{"id":"settings","version":"8"},"event":{"data":{"created":1551429998491,"name":"enableAlphaMode","value":false},"id":"UISettings"}}
{"session":"416fbd9c9fc6","build":"183.4284.148","bucket":"-1","time":1551429998438,"group":{"id":"settings","version":"8"},"event":{"data":{"created":1551429998491,"name":"hideKnownExtensionInTabs","value":false},"id":"UISettings"}}
{"session":"416fbd9c9fc6","build":"183.4284.148","bucket":"-1","time":1551429998438,"group":{"id":"settings","version":"8"},"event":{"data":{"created":1551429998492,"name":"hideNavigationOnFocusLoss","value":true},"id":"UISettings"}}
{"session":"416fbd9c9fc6","build":"183.4284.148","bucket":"-1","time":1551429998438,"group":{"id":"settings","version":"8"},"event":{"data":{"created":1551429998492,"name":"hideTabsIfNeed","value":true},"id":"UISettings"}}
{"session":"416fbd9c9fc6","build":"183.4284.148","bucket":"-1","time":1551429998438,"group":{"id":"settings","version":"8"},"event":{"data":{"created":1551429998492,"name":"hideToolStripes","value":false},"id":"UISettings"}}
{"session":"416fbd9c9fc6","build":"183.4284.148","bucket":"-1","time":1551429998438,"group":{"id":"settings","version":"8"},"event":{"data":{"created":1551429998492,"name":"leftHorizontalSplit","value":false},"id":"UISettings"}}
{"session":"416fbd9c9fc6","build":"183.4284.148","bucket":"-1","time":1551429998438,"group":{"id":"settings","version":"8"},"event":{"data":{"created":1551429998493,"name":"markModifiedTabsWithAsterisk","value":false},"id":"UISettings"}}
{"session":"416fbd9c9fc6","build":"183.4284.148","bucket":"-1","time":1551429998438,"group":{"id":"settings","version":"8"},"event":{"data":{"created":1551429998493,"name":"mergeEqualStackTraces","value":true},"id":"UISettings"}}
{"session":"416fbd9c9fc6","build":"183.4284.148","bucket":"-1","time":1551429998438,"group":{"id":"settings","version":"8"},"event":{"data":{"created":1551429998493,"name":"moveMouseOnDefaultButton","value":false},"id":"UISettings"}}
{"session":"416fbd9c9fc6","build":"183.4284.148","bucket":"-1","time":1551429998438,"group":{"id":"settings","version":"8"},"event":{"data":{"created":1551429998494,"name":"navigateToPreview","value":false},"id":"UISettings"}}
{"session":"416fbd9c9fc6","build":"183.4284.148","bucket":"-1","time":1551429998438,"group":{"id":"settings","version":"8"},"event":{"data":{"created":1551429998494,"name":"overrideConsoleCycleBufferSize","value":false},"id":"UISettings"}}
{"session":"416fbd9c9fc6","build":"183.4284.148","bucket":"-1","time":1551429998438,"group":{"id":"settings","version":"8"},"event":{"data":{"created":1551429998494,"name":"overrideLafFonts","value":false},"id":"UISettings"}}
{"session":"416fbd9c9fc6","build":"183.4284.148","bucket":"-1","time":1551429998438,"group":{"id":"settings","version":"8"},"event":{"data":{"created":1551429998494,"name":"pinFindInPath","value":false},"id":"UISettings"}}
{"session":"416fbd9c9fc6","build":"183.4284.148","bucket":"-1","time":1551429998438,"group":{"id":"settings","version":"8"},"event":{"data":{"created":1551429998495,"name":"presentationMode","value":false},"id":"UISettings"}}
{"session":"416fbd9c9fc6","build":"183.4284.148","bucket":"-1","time":1551429998438,"group":{"id":"settings","version":"8"},"event":{"data":{"created":1551429998495,"name":"reuseNotModifiedTabs","value":false},"id":"UISettings"}}
{"session":"416fbd9c9fc6","build":"183.4284.148","bucket":"-1","time":1551429998438,"group":{"id":"settings","version":"8"},"event":{"data":{"created":1551429998495,"name":"rightHorizontalSplit","value":false},"id":"UISettings"}}
{"session":"416fbd9c9fc6","build":"183.4284.148","bucket":"-1","time":1551429998438,"group":{"id":"settings","version":"8"},"event":{"data":{"created":1551429998495,"name":"scrollTabLayoutInEditor","value":true},"id":"UISettings"}}
{"session":"416fbd9c9fc6","build":"183.4284.148","bucket":"-1","time":1551429998438,"group":{"id":"settings","version":"8"},"event":{"data":{"created":1551429998497,"name":"showCloseButton","value":true},"id":"UISettings"}}
{"session":"416fbd9c9fc6","build":"183.4284.148","bucket":"-1","time":1551429998438,"group":{"id":"settings","version":"8"},"event":{"data":{"created":1551429998497,"name":"showDirectoryForNonUniqueFilenames","value":true},"id":"UISettings"}}
{"session":"416fbd9c9fc6","build":"183.4284.148","bucket":"-1","time":1551429998438,"group":{"id":"settings","version":"8"},"event":{"data":{"created":1551429998497,"name":"showEditorToolTip","value":true},"id":"UISettings"}}
{"session":"416fbd9c9fc6","build":"183.4284.148","bucket":"-1","time":1551429998438,"group":{"id":"settings","version":"8"},"event":{"data":{"created":1551429998498,"name":"showIconInQuickNavigation","value":true},"id":"UISettings"}}
{"session":"416fbd9c9fc6","build":"183.4284.148","bucket":"-1","time":1551429998438,"group":{"id":"settings","version":"8"},"event":{"data":{"created":1551429998498,"name":"showIconsInMenus","value":true},"id":"UISettings"}}
{"session":"416fbd9c9fc6","build":"183.4284.148","bucket":"-1","time":1551429998438,"group":{"id":"settings","version":"8"},"event":{"data":{"created":1551429998498,"name":"showMainToolbar","value":false},"id":"UISettings"}}
{"session":"416fbd9c9fc6","build":"183.4284.148","bucket":"-1","time":1551429998438,"group":{"id":"settings","version":"8"},"event":{"data":{"created":1551429998498,"name":"showMemoryIndicator","value":false},"id":"UISettings"}}
{"session":"416fbd9c9fc6","build":"183.4284.148","bucket":"-1","time":1551429998438,"group":{"id":"settings","version":"8"},"event":{"data":{"created":1551429998499,"name":"showNavigationBar","value":true},"id":"UISettings"}}
{"session":"416fbd9c9fc6","build":"183.4284.148","bucket":"-1","time":1551429998438,"group":{"id":"settings","version":"8"},"event":{"data":{"created":1551429998499,"name":"showStatusBar","value":true},"id":"UISettings"}}
{"session":"416fbd9c9fc6","build":"183.4284.148","bucket":"-1","time":1551429998438,"group":{"id":"settings","version":"8"},"event":{"data":{"created":1551429998499,"name":"showTabsTooltips","value":true},"id":"UISettings"}}
{"session":"416fbd9c9fc6","build":"183.4284.148","bucket":"-1","time":1551429998438,"group":{"id":"settings","version":"8"},"event":{"data":{"created":1551429998499,"name":"showToolWindowsNumbers","value":true},"id":"UISettings"}}
{"session":"416fbd9c9fc6","build":"183.4284.148","bucket":"-1","time":1551429998438,"group":{"id":"settings","version":"8"},"event":{"data":{"created":1551429998499,"name":"smoothScrolling","value":false},"id":"UISettings"}}
{"session":"416fbd9c9fc6","build":"183.4284.148","bucket":"-1","time":1551429998438,"group":{"id":"settings","version":"8"},"event":{"data":{"created":1551429998500,"name":"sortBookmarks","value":false},"id":"UISettings"}}
{"session":"416fbd9c9fc6","build":"183.4284.148","bucket":"-1","time":1551429998438,"group":{"id":"settings","version":"8"},"event":{"data":{"created":1551429998500,"name":"sortLookupElementsLexicographically","value":false},"id":"UISettings"}}
{"session":"416fbd9c9fc6","build":"183.4284.148","bucket":"-1","time":1551429998438,"group":{"id":"settings","version":"8"},"event":{"data":{"created":1551429998500,"name":"useSmallLabelsOnTabs","value":false},"id":"UISettings"}}
{"session":"416fbd9c9fc6","build":"183.4284.148","bucket":"-1","time":1551429998438,"group":{"id":"settings","version":"8"},"event":{"data":{"created":1551429998500,"name":"wideScreenSupport","value":false},"id":"UISettings"}}
{"session":"416fbd9c9fc6","build":"183.4284.148","bucket":"-1","time":1551429998507,"group":{"id":"system.os.name","version":"8"},"event":{"data":{"created":1551429998507},"id":"Windows"}}
{"session":"416fbd9c9fc6","build":"183.4284.148","bucket":"-1","time":1551429998508,"group":{"id":"system.os.version","version":"8"},"event":{"data":{"created":1551429998508},"id":"10.0"}}
{"session":"416fbd9c9fc6","build":"183.4284.148","bucket":"-1","time":1551429998511,"group":{"id":"system.jvm.vendor","version":"8"},"event":{"data":{"created":1551429998511},"id":"JetBrains_s.r.o"}}
{"session":"416fbd9c9fc6","build":"183.4284.148","bucket":"-1","time":1551429998515,"group":{"id":"system.jvm.version","version":"8"},"event":{"data":{"created":1551429998515},"id":"1.8"}}
{"session":"416fbd9c9fc6","build":"183.4284.148","bucket":"-1","time":1551429999203,"group":{"id":"settings","version":"8"},"event":{"data":{"created":1551429999204,"name":"autoSaveIfInactive","value":false},"id":"GeneralSettings"}}
{"session":"416fbd9c9fc6","build":"183.4284.148","bucket":"-1","time":1551429999203,"group":{"id":"settings","version":"8"},"event":{"data":{"created":1551429999206,"name":"confirmExit","value":true},"id":"GeneralSettings"}}
{"session":"416fbd9c9fc6","build":"183.4284.148","bucket":"-1","time":1551429999203,"group":{"id":"settings","version":"8"},"event":{"data":{"created":1551429999210,"name":"reopenLastProject","value":true},"id":"GeneralSettings"}}
{"session":"416fbd9c9fc6","build":"183.4284.148","bucket":"-1","time":1551429999203,"group":{"id":"settings","version":"8"},"event":{"data":{"created":1551429999210,"name":"saveOnFrameDeactivation","value":true},"id":"GeneralSettings"}}
{"session":"416fbd9c9fc6","build":"183.4284.148","bucket":"-1","time":1551429999203,"group":{"id":"settings","version":"8"},"event":{"data":{"created":1551429999210,"name":"searchInBackground","value":false},"id":"GeneralSettings"}}
{"session":"416fbd9c9fc6","build":"183.4284.148","bucket":"-1","time":1551429999203,"group":{"id":"settings","version":"8"},"event":{"data":{"default":false,"created":1551429999210,"name":"showTipsOnStartup","value":false},"id":"GeneralSettings"}}
{"session":"416fbd9c9fc6","build":"183.4284.148","bucket":"-1","time":1551429999203,"group":{"id":"settings","version":"8"},"event":{"data":{"created":1551429999210,"name":"showWelcomeScreen","value":true},"id":"GeneralSettings"}}
{"session":"416fbd9c9fc6","build":"183.4284.148","bucket":"-1","time":1551429999203,"group":{"id":"settings","version":"8"},"event":{"data":{"created":1551429999210,"name":"supportScreenReaders","value":false},"id":"GeneralSettings"}}
{"session":"416fbd9c9fc6","build":"183.4284.148","bucket":"-1","time":1551429999203,"group":{"id":"settings","version":"8"},"event":{"data":{"created":1551429999210,"name":"syncOnFrameActivation","value":true},"id":"GeneralSettings"}}
{"session":"416fbd9c9fc6","build":"183.4284.148","bucket":"-1","time":1551429999203,"group":{"id":"settings","version":"8"},"event":{"data":{"created":1551429999210,"name":"useDefaultBrowser","value":true},"id":"GeneralSettings"}}
{"session":"416fbd9c9fc6","build":"183.4284.148","bucket":"-1","time":1551429999203,"group":{"id":"settings","version":"8"},"event":{"data":{"created":1551429999211,"name":"useSafeWrite","value":true},"id":"GeneralSettings"}}
{"session":"416fbd9c9fc6","build":"183.4284.148","bucket":"-1","time":1551430001287,"group":{"id":"ui.dialogs","version":"8"},"event":{"count":1,"data":{"created":1551430001288,"type":"show"},"id":"com.intellij.openapi.progress.util.ProgressDialog$MyDialogWrapper"}}
{"session":"416fbd9c9fc6","build":"183.4284.148","bucket":"-1","time":1551430003764,"group":{"id":"ui.dialogs","version":"8"},"event":{"count":1,"data":{"code":1,"created":1551430003764,"type":"close"},"id":"com.intellij.openapi.progress.util.ProgressDialog$MyDialogWrapper"}}
{"session":"416fbd9c9fc6","build":"183.4284.148","bucket":"-1","time":1551430003808,"group":{"id":"statistics.lifecycle.project","version":"8"},"event":{"count":1,"data":{"created":1551430003808,"project":"1467702432"},"id":"project.opened"}}
{"session":"416fbd9c9fc6","build":"183.4284.148","bucket":"-1","time":1551430003809,"group":{"id":"lifecycle","version":"8"},"event":{"count":1,"data":{"created":1551430003809},"id":"project.opened"}}
{"session":"416fbd9c9fc6","build":"183.4284.148","bucket":"-1","time":1551430005283,"group":{"id":"ui.dialogs","version":"8"},"event":{"count":1,"data":{"created":1551430005286,"type":"show"},"id":"com.intellij.openapi.progress.util.ProgressDialog$MyDialogWrapper"}}
{"session":"416fbd9c9fc6","build":"183.4284.148","bucket":"-1","time":1551430007807,"group":{"id":"toolwindow","version":"8"},"event":{"count":1,"data":{"created":1551430007810,"data_1":"Windows"},"id":"Project_by_Activation"}}
{"session":"416fbd9c9fc6","build":"183.4284.148","bucket":"-1","time":1551430008393,"group":{"id":"statistics.lifecycle.app","version":"8"},"event":{"count":1,"data":{"created":1551430008394},"id":"ide.start"}}
{"session":"416fbd9c9fc6","build":"183.4284.148","bucket":"-1","time":1551430008394,"group":{"id":"lifecycle","version":"8"},"event":{"count":1,"data":{"created":1551430008394},"id":"app.started"}}
{"session":"416fbd9c9fc6","build":"183.4284.148","bucket":"-1","time":1551430009374,"group":{"id":"ui.dialogs","version":"8"},"event":{"count":1,"data":{"code":1,"created":1551430009374,"type":"close"},"id":"com.intellij.openapi.progress.util.ProgressDialog$MyDialogWrapper"}}
{"session":"416fbd9c9fc6","build":"183.4284.148","bucket":"-1","time":1551430009513,"group":{"id":"statistics.lifecycle.project","version":"8"},"event":{"count":1,"data":{"created":1551430009514,"project":"1467702432"},"id":"project.open.time.8"}}
{"session":"416fbd9c9fc6","build":"183.4284.148","bucket":"-1","time":1551430009513,"group":{"id":"lifecycle","version":"8"},"event":{"count":1,"data":{"created":1551430009514,"time.ms":8714},"id":"project.opening.finished"}}
{"session":"416fbd9c9fc6","build":"183.4284.148","bucket":"-1","time":1551430678286,"group":{"id":"actions.v2","version":"8"},"event":{"count":1,"data":{"context_menu":true,"created":1551430678287,"place":"ProjectViewPopup","data_1":"Windows"},"id":"NewFile"}}
{"session":"416fbd9c9fc6","build":"183.4284.148","bucket":"-1","time":1551430678314,"group":{"id":"ui.dialogs","version":"8"},"event":{"count":1,"data":{"created":1551430678314,"type":"show"},"id":"com.intellij.openapi.ui.Messages$InputDialog"}}
{"session":"416fbd9c9fc6","build":"183.4284.148","bucket":"-1","time":1551430681986,"group":{"id":"actions.v2","version":"8"},"event":{"count":4,"data":{"context_menu":false,"last":1551430682372,"created":1551430681986,"data_1":"Windows"},"id":"EditorBackSpace"}}
{"session":"416fbd9c9fc6","build":"183.4284.148","bucket":"-1","time":1551430684120,"group":{"id":"actions.v2","version":"8"},"event":{"count":1,"data":{"context_menu":false,"created":1551430684120,"data_1":"Windows"},"id":"DialogOkAction_Enter"}}
{"session":"416fbd9c9fc6","build":"183.4284.148","bucket":"-1","time":1551430684220,"group":{"id":"ui.dialogs","version":"8"},"event":{"count":1,"data":{"code":0,"created":1551430684220,"type":"close"},"id":"com.intellij.openapi.ui.Messages$InputDialog"}}
{"session":"416fbd9c9fc6","build":"183.4284.148","bucket":"-1","time":1551430684436,"group":{"id":"statistics.file.types.open","version":"8"},"event":{"count":1,"data":{"created":1551430684437,"project":"1467702432"},"id":"Beetl_file"}}
{"session":"416fbd9c9fc6","build":"183.4284.148","bucket":"-1","time":1551430684528,"group":{"id":"ui.dialogs","version":"8"},"event":{"count":1,"data":{"created":1551430684528,"type":"show"},"id":"com.intellij.util.ui.ConfirmationDialog"}}
{"session":"416fbd9c9fc6","build":"183.4284.148","bucket":"-1","time":1551430686718,"group":{"id":"ui.dialogs","version":"8"},"event":{"count":1,"data":{"code":1,"created":1551430686718,"type":"close"},"id":"com.intellij.util.ui.ConfirmationDialog"}}
{"session":"416fbd9c9fc6","build":"183.4284.148","bucket":"-1","time":1551430694321,"group":{"id":"ui.dialogs","version":"8"},"event":{"count":1,"data":{"created":1551430694321,"type":"show"},"id":"com.intellij.refactoring.move.moveFilesOrDirectories.MoveFilesOrDirectoriesUtil$1"}}
{"session":"416fbd9c9fc6","build":"183.4284.148","bucket":"-1","time":1551430695765,"group":{"id":"ui.dialogs","version":"8"},"event":{"count":1,"data":{"code":1,"created":1551430695765,"type":"close"},"id":"com.intellij.refactoring.move.moveFilesOrDirectories.MoveFilesOrDirectoriesUtil$1"}}
{"session":"416fbd9c9fc6","build":"183.4284.148","bucket":"-1","time":1551430705819,"group":{"id":"ui.dialogs","version":"8"},"event":{"count":1,"data":{"created":1551430705819,"type":"show"},"id":"com.intellij.openapi.ui.messages.MessageDialog"}}
{"session":"416fbd9c9fc6","build":"183.4284.148","bucket":"-1","time":1551430707530,"group":{"id":"statistics.lifecycle.app","version":"8"},"event":{"count":1,"data":{"created":1551430707530},"id":"ide.close"}}
{"session":"416fbd9c9fc6","build":"183.4284.148","bucket":"-1","time":1551430707530,"group":{"id":"lifecycle","version":"8"},"event":{"count":1,"data":{"restart":false,"created":1551430707530},"id":"app.closed"}}
{"session":"416fbd9c9fc6","build":"183.4284.148","bucket":"-1","time":1551430707612,"group":{"id":"statistics.lifecycle.project","version":"8"},"event":{"count":1,"data":{"created":1551430707613,"project":"1467702432"},"id":"project.closed"}}
{"session":"416fbd9c9fc6","build":"183.4284.148","bucket":"-1","time":1551430708161,"group":{"id":"lifecycle","version":"8"},"event":{"count":1,"data":{"created":1551430708161},"id":"project.closed"}}
