{"session":"b66ef5e665aa","build":"183.4284.148","bucket":"-1","time":1550128591221,"group":{"id":"system.os.name","version":"8"},"event":{"data":{"created":1550128591222},"id":"Windows"}}
{"session":"b66ef5e665aa","build":"183.4284.148","bucket":"-1","time":1550128591222,"group":{"id":"system.os.version","version":"8"},"event":{"data":{"created":1550128591236},"id":"10.0"}}
{"session":"b66ef5e665aa","build":"183.4284.148","bucket":"-1","time":1550128591222,"group":{"id":"system.jvm.vendor","version":"8"},"event":{"data":{"created":1550128591244},"id":"JetBrains_s.r.o"}}
{"session":"b66ef5e665aa","build":"183.4284.148","bucket":"-1","time":1550128591222,"group":{"id":"system.jvm.version","version":"8"},"event":{"data":{"created":1550128591246},"id":"1.8"}}
{"session":"b66ef5e665aa","build":"183.4284.148","bucket":"-1","time":1550128591223,"group":{"id":"settings","version":"8"},"event":{"data":{"created":1550128591247,"name":"activeMruEditorOnClose","value":false},"id":"UISettings"}}
{"session":"b66ef5e665aa","build":"183.4284.148","bucket":"-1","time":1550128591223,"group":{"id":"settings","version":"8"},"event":{"data":{"created":1550128591247,"name":"activeRightEditorOnClose","value":false},"id":"UISettings"}}
{"session":"b66ef5e665aa","build":"183.4284.148","bucket":"-1","time":1550128591223,"group":{"id":"settings","version":"8"},"event":{"data":{"created":1550128591247,"name":"allowMergeButtons","value":true},"id":"UISettings"}}
{"session":"b66ef5e665aa","build":"183.4284.148","bucket":"-1","time":1550128591223,"group":{"id":"settings","version":"8"},"event":{"data":{"created":1550128591248,"name":"alwaysShowWindowsButton","value":false},"id":"UISettings"}}
{"session":"b66ef5e665aa","build":"183.4284.148","bucket":"-1","time":1550128591223,"group":{"id":"settings","version":"8"},"event":{"data":{"created":1550128591248,"name":"animateWindows","value":true},"id":"UISettings"}}
{"session":"b66ef5e665aa","build":"183.4284.148","bucket":"-1","time":1550128591223,"group":{"id":"settings","version":"8"},"event":{"data":{"created":1550128591248,"name":"closeNonModifiedFilesFirst","value":false},"id":"UISettings"}}
{"session":"b66ef5e665aa","build":"183.4284.148","bucket":"-1","time":1550128591223,"group":{"id":"settings","version":"8"},"event":{"data":{"created":1550128591249,"name":"closeTabButtonOnTheRight","value":true},"id":"UISettings"}}
{"session":"b66ef5e665aa","build":"183.4284.148","bucket":"-1","time":1550128591223,"group":{"id":"settings","version":"8"},"event":{"data":{"created":1550128591249,"name":"cycleScrolling","value":true},"id":"UISettings"}}
{"session":"b66ef5e665aa","build":"183.4284.148","bucket":"-1","time":1550128591223,"group":{"id":"settings","version":"8"},"event":{"data":{"created":1550128591253,"name":"defaultAutoScrollToSource","value":false},"id":"UISettings"}}
{"session":"b66ef5e665aa","build":"183.4284.148","bucket":"-1","time":1550128591223,"group":{"id":"settings","version":"8"},"event":{"data":{"created":1550128591253,"name":"disableMnemonics","value":false},"id":"UISettings"}}
{"session":"b66ef5e665aa","build":"183.4284.148","bucket":"-1","time":1550128591223,"group":{"id":"settings","version":"8"},"event":{"data":{"created":1550128591254,"name":"disableMnemonicsInControls","value":false},"id":"UISettings"}}
{"session":"b66ef5e665aa","build":"183.4284.148","bucket":"-1","time":1550128591223,"group":{"id":"settings","version":"8"},"event":{"data":{"created":1550128591254,"name":"dndWithPressedAltOnly","value":false},"id":"UISettings"}}
{"session":"b66ef5e665aa","build":"183.4284.148","bucket":"-1","time":1550128591223,"group":{"id":"settings","version":"8"},"event":{"data":{"created":1550128591254,"name":"enableAlphaMode","value":false},"id":"UISettings"}}
{"session":"b66ef5e665aa","build":"183.4284.148","bucket":"-1","time":1550128591223,"group":{"id":"settings","version":"8"},"event":{"data":{"created":1550128591254,"name":"hideKnownExtensionInTabs","value":false},"id":"UISettings"}}
{"session":"b66ef5e665aa","build":"183.4284.148","bucket":"-1","time":1550128591223,"group":{"id":"settings","version":"8"},"event":{"data":{"created":1550128591255,"name":"hideNavigationOnFocusLoss","value":true},"id":"UISettings"}}
{"session":"b66ef5e665aa","build":"183.4284.148","bucket":"-1","time":1550128591224,"group":{"id":"settings","version":"8"},"event":{"data":{"created":1550128591255,"name":"hideTabsIfNeed","value":true},"id":"UISettings"}}
{"session":"b66ef5e665aa","build":"183.4284.148","bucket":"-1","time":1550128591224,"group":{"id":"settings","version":"8"},"event":{"data":{"created":1550128591256,"name":"hideToolStripes","value":false},"id":"UISettings"}}
{"session":"b66ef5e665aa","build":"183.4284.148","bucket":"-1","time":1550128591224,"group":{"id":"settings","version":"8"},"event":{"data":{"created":1550128591256,"name":"leftHorizontalSplit","value":false},"id":"UISettings"}}
{"session":"b66ef5e665aa","build":"183.4284.148","bucket":"-1","time":1550128591224,"group":{"id":"settings","version":"8"},"event":{"data":{"created":1550128591256,"name":"markModifiedTabsWithAsterisk","value":false},"id":"UISettings"}}
{"session":"b66ef5e665aa","build":"183.4284.148","bucket":"-1","time":1550128591224,"group":{"id":"settings","version":"8"},"event":{"data":{"created":1550128591257,"name":"mergeEqualStackTraces","value":true},"id":"UISettings"}}
{"session":"b66ef5e665aa","build":"183.4284.148","bucket":"-1","time":1550128591224,"group":{"id":"settings","version":"8"},"event":{"data":{"created":1550128591257,"name":"moveMouseOnDefaultButton","value":false},"id":"UISettings"}}
{"session":"b66ef5e665aa","build":"183.4284.148","bucket":"-1","time":1550128591224,"group":{"id":"settings","version":"8"},"event":{"data":{"created":1550128591257,"name":"navigateToPreview","value":false},"id":"UISettings"}}
{"session":"b66ef5e665aa","build":"183.4284.148","bucket":"-1","time":1550128591224,"group":{"id":"settings","version":"8"},"event":{"data":{"created":1550128591257,"name":"overrideConsoleCycleBufferSize","value":false},"id":"UISettings"}}
{"session":"b66ef5e665aa","build":"183.4284.148","bucket":"-1","time":1550128591224,"group":{"id":"settings","version":"8"},"event":{"data":{"created":1550128591266,"name":"overrideLafFonts","value":false},"id":"UISettings"}}
{"session":"b66ef5e665aa","build":"183.4284.148","bucket":"-1","time":1550128591224,"group":{"id":"settings","version":"8"},"event":{"data":{"created":1550128591266,"name":"pinFindInPath","value":false},"id":"UISettings"}}
{"session":"b66ef5e665aa","build":"183.4284.148","bucket":"-1","time":1550128591224,"group":{"id":"settings","version":"8"},"event":{"data":{"created":1550128591266,"name":"presentationMode","value":false},"id":"UISettings"}}
{"session":"b66ef5e665aa","build":"183.4284.148","bucket":"-1","time":1550128591224,"group":{"id":"settings","version":"8"},"event":{"data":{"created":1550128591266,"name":"reuseNotModifiedTabs","value":false},"id":"UISettings"}}
{"session":"b66ef5e665aa","build":"183.4284.148","bucket":"-1","time":1550128591224,"group":{"id":"settings","version":"8"},"event":{"data":{"created":1550128591266,"name":"rightHorizontalSplit","value":false},"id":"UISettings"}}
{"session":"b66ef5e665aa","build":"183.4284.148","bucket":"-1","time":1550128591224,"group":{"id":"settings","version":"8"},"event":{"data":{"created":1550128591267,"name":"scrollTabLayoutInEditor","value":true},"id":"UISettings"}}
{"session":"b66ef5e665aa","build":"183.4284.148","bucket":"-1","time":1550128591224,"group":{"id":"settings","version":"8"},"event":{"data":{"created":1550128591267,"name":"showCloseButton","value":true},"id":"UISettings"}}
{"session":"b66ef5e665aa","build":"183.4284.148","bucket":"-1","time":1550128591224,"group":{"id":"settings","version":"8"},"event":{"data":{"created":1550128591267,"name":"showDirectoryForNonUniqueFilenames","value":true},"id":"UISettings"}}
{"session":"b66ef5e665aa","build":"183.4284.148","bucket":"-1","time":1550128591224,"group":{"id":"settings","version":"8"},"event":{"data":{"created":1550128591267,"name":"showEditorToolTip","value":true},"id":"UISettings"}}
{"session":"b66ef5e665aa","build":"183.4284.148","bucket":"-1","time":1550128591224,"group":{"id":"settings","version":"8"},"event":{"data":{"created":1550128591268,"name":"showIconInQuickNavigation","value":true},"id":"UISettings"}}
{"session":"b66ef5e665aa","build":"183.4284.148","bucket":"-1","time":1550128591224,"group":{"id":"settings","version":"8"},"event":{"data":{"created":1550128591268,"name":"showIconsInMenus","value":true},"id":"UISettings"}}
{"session":"b66ef5e665aa","build":"183.4284.148","bucket":"-1","time":1550128591224,"group":{"id":"settings","version":"8"},"event":{"data":{"created":1550128591268,"name":"showMainToolbar","value":false},"id":"UISettings"}}
{"session":"b66ef5e665aa","build":"183.4284.148","bucket":"-1","time":1550128591224,"group":{"id":"settings","version":"8"},"event":{"data":{"created":1550128591268,"name":"showMemoryIndicator","value":false},"id":"UISettings"}}
{"session":"b66ef5e665aa","build":"183.4284.148","bucket":"-1","time":1550128591224,"group":{"id":"settings","version":"8"},"event":{"data":{"created":1550128591268,"name":"showNavigationBar","value":true},"id":"UISettings"}}
{"session":"b66ef5e665aa","build":"183.4284.148","bucket":"-1","time":1550128591224,"group":{"id":"settings","version":"8"},"event":{"data":{"created":1550128591269,"name":"showStatusBar","value":true},"id":"UISettings"}}
{"session":"b66ef5e665aa","build":"183.4284.148","bucket":"-1","time":1550128591224,"group":{"id":"settings","version":"8"},"event":{"data":{"created":1550128591269,"name":"showTabsTooltips","value":true},"id":"UISettings"}}
{"session":"b66ef5e665aa","build":"183.4284.148","bucket":"-1","time":1550128591224,"group":{"id":"settings","version":"8"},"event":{"data":{"created":1550128591269,"name":"showToolWindowsNumbers","value":true},"id":"UISettings"}}
{"session":"b66ef5e665aa","build":"183.4284.148","bucket":"-1","time":1550128591224,"group":{"id":"settings","version":"8"},"event":{"data":{"created":1550128591270,"name":"smoothScrolling","value":false},"id":"UISettings"}}
{"session":"b66ef5e665aa","build":"183.4284.148","bucket":"-1","time":1550128591224,"group":{"id":"settings","version":"8"},"event":{"data":{"created":1550128591270,"name":"sortBookmarks","value":false},"id":"UISettings"}}
{"session":"b66ef5e665aa","build":"183.4284.148","bucket":"-1","time":1550128591224,"group":{"id":"settings","version":"8"},"event":{"data":{"created":1550128591270,"name":"sortLookupElementsLexicographically","value":false},"id":"UISettings"}}
{"session":"b66ef5e665aa","build":"183.4284.148","bucket":"-1","time":1550128591224,"group":{"id":"settings","version":"8"},"event":{"data":{"created":1550128591270,"name":"useSmallLabelsOnTabs","value":false},"id":"UISettings"}}
{"session":"b66ef5e665aa","build":"183.4284.148","bucket":"-1","time":1550128591224,"group":{"id":"settings","version":"8"},"event":{"data":{"created":1550128591270,"name":"wideScreenSupport","value":false},"id":"UISettings"}}
{"session":"b66ef5e665aa","build":"183.4284.148","bucket":"-1","time":1550128591826,"group":{"id":"settings","version":"8"},"event":{"data":{"created":1550128591827,"name":"autoSaveIfInactive","value":false},"id":"GeneralSettings"}}
{"session":"b66ef5e665aa","build":"183.4284.148","bucket":"-1","time":1550128591826,"group":{"id":"settings","version":"8"},"event":{"data":{"created":1550128591828,"name":"confirmExit","value":true},"id":"GeneralSettings"}}
{"session":"b66ef5e665aa","build":"183.4284.148","bucket":"-1","time":1550128591826,"group":{"id":"settings","version":"8"},"event":{"data":{"created":1550128591828,"name":"reopenLastProject","value":true},"id":"GeneralSettings"}}
{"session":"b66ef5e665aa","build":"183.4284.148","bucket":"-1","time":1550128591826,"group":{"id":"settings","version":"8"},"event":{"data":{"created":1550128591828,"name":"saveOnFrameDeactivation","value":true},"id":"GeneralSettings"}}
{"session":"b66ef5e665aa","build":"183.4284.148","bucket":"-1","time":1550128591826,"group":{"id":"settings","version":"8"},"event":{"data":{"created":1550128591829,"name":"searchInBackground","value":false},"id":"GeneralSettings"}}
{"session":"b66ef5e665aa","build":"183.4284.148","bucket":"-1","time":1550128591826,"group":{"id":"settings","version":"8"},"event":{"data":{"default":false,"created":1550128591829,"name":"showTipsOnStartup","value":false},"id":"GeneralSettings"}}
{"session":"b66ef5e665aa","build":"183.4284.148","bucket":"-1","time":1550128591826,"group":{"id":"settings","version":"8"},"event":{"data":{"created":1550128591829,"name":"showWelcomeScreen","value":true},"id":"GeneralSettings"}}
{"session":"b66ef5e665aa","build":"183.4284.148","bucket":"-1","time":1550128591826,"group":{"id":"settings","version":"8"},"event":{"data":{"created":1550128591829,"name":"supportScreenReaders","value":false},"id":"GeneralSettings"}}
{"session":"b66ef5e665aa","build":"183.4284.148","bucket":"-1","time":1550128591826,"group":{"id":"settings","version":"8"},"event":{"data":{"created":1550128591829,"name":"syncOnFrameActivation","value":true},"id":"GeneralSettings"}}
{"session":"b66ef5e665aa","build":"183.4284.148","bucket":"-1","time":1550128591826,"group":{"id":"settings","version":"8"},"event":{"data":{"created":1550128591829,"name":"useDefaultBrowser","value":true},"id":"GeneralSettings"}}
{"session":"b66ef5e665aa","build":"183.4284.148","bucket":"-1","time":1550128591826,"group":{"id":"settings","version":"8"},"event":{"data":{"created":1550128591829,"name":"useSafeWrite","value":true},"id":"GeneralSettings"}}
{"session":"b66ef5e665aa","build":"183.4284.148","bucket":"-1","time":1550128593755,"group":{"id":"ui.dialogs","version":"8"},"event":{"count":1,"data":{"created":1550128593755,"type":"show"},"id":"com.intellij.openapi.progress.util.ProgressDialog$MyDialogWrapper"}}
{"session":"b66ef5e665aa","build":"183.4284.148","bucket":"-1","time":1550128596007,"group":{"id":"ui.dialogs","version":"8"},"event":{"count":1,"data":{"code":1,"created":1550128596007,"type":"close"},"id":"com.intellij.openapi.progress.util.ProgressDialog$MyDialogWrapper"}}
{"session":"b66ef5e665aa","build":"183.4284.148","bucket":"-1","time":1550128596047,"group":{"id":"statistics.lifecycle.project","version":"8"},"event":{"count":1,"data":{"created":1550128596047,"project":"1467702432"},"id":"project.opened"}}
{"session":"b66ef5e665aa","build":"183.4284.148","bucket":"-1","time":1550128596048,"group":{"id":"lifecycle","version":"8"},"event":{"count":1,"data":{"created":1550128596048},"id":"project.opened"}}
{"session":"b66ef5e665aa","build":"183.4284.148","bucket":"-1","time":1550128597409,"group":{"id":"ui.dialogs","version":"8"},"event":{"count":1,"data":{"created":1550128597421,"type":"show"},"id":"com.intellij.openapi.progress.util.ProgressDialog$MyDialogWrapper"}}
{"session":"b66ef5e665aa","build":"183.4284.148","bucket":"-1","time":1550128597904,"group":{"id":"toolwindow","version":"8"},"event":{"count":1,"data":{"created":1550128597904,"data_1":"Windows"},"id":"Project_by_Activation"}}
{"session":"b66ef5e665aa","build":"183.4284.148","bucket":"-1","time":1550128598335,"group":{"id":"statistics.lifecycle.app","version":"8"},"event":{"count":1,"data":{"created":1550128598335},"id":"ide.start"}}
{"session":"b66ef5e665aa","build":"183.4284.148","bucket":"-1","time":1550128598335,"group":{"id":"lifecycle","version":"8"},"event":{"count":1,"data":{"created":1550128598335},"id":"app.started"}}
{"session":"b66ef5e665aa","build":"183.4284.148","bucket":"-1","time":1550128599129,"group":{"id":"ui.dialogs","version":"8"},"event":{"count":1,"data":{"code":1,"created":1550128599130,"type":"close"},"id":"com.intellij.openapi.progress.util.ProgressDialog$MyDialogWrapper"}}
{"session":"b66ef5e665aa","build":"183.4284.148","bucket":"-1","time":1550128599218,"group":{"id":"statistics.lifecycle.project","version":"8"},"event":{"count":1,"data":{"created":1550128599222,"project":"1467702432"},"id":"project.open.time.5"}}
{"session":"b66ef5e665aa","build":"183.4284.148","bucket":"-1","time":1550128599218,"group":{"id":"lifecycle","version":"8"},"event":{"count":1,"data":{"created":1550128599223,"time.ms":5917},"id":"project.opening.finished"}}
{"session":"b66ef5e665aa","build":"183.4284.148","bucket":"-1","time":1550128621889,"group":{"id":"statistics.file.types.open","version":"8"},"event":{"count":1,"data":{"created":1550128621889,"project":"1467702432"},"id":"JAVA"}}
{"session":"b66ef5e665aa","build":"183.4284.148","bucket":"-1","time":1550128628770,"group":{"id":"toolwindow","version":"8"},"event":{"count":1,"data":{"created":1550128628770,"data_1":"Windows"},"id":"Project_by_Activation"}}
{"session":"b66ef5e665aa","build":"183.4284.148","bucket":"-1","time":1550128633853,"group":{"id":"statistics.file.types.open","version":"8"},"event":{"count":1,"data":{"created":1550128633856,"project":"1467702432"},"id":"JAVA"}}
{"session":"b66ef5e665aa","build":"183.4284.148","bucket":"-1","time":1550128637213,"group":{"id":"actions.v2","version":"8"},"event":{"count":1,"data":{"context_menu":true,"created":1550128637213,"place":"MainMenu","data_1":"Windows"},"id":"third.party.plugin.action"}}
{"session":"b66ef5e665aa","build":"183.4284.148","bucket":"-1","time":1550128637243,"group":{"id":"ui.dialogs","version":"8"},"event":{"count":1,"data":{"created":1550128637243,"type":"show"},"id":"com.intellij.openapi.ui.messages.MessageDialog"}}
{"session":"b66ef5e665aa","build":"183.4284.148","bucket":"-1","time":1550128642989,"group":{"id":"actions.v2","version":"8"},"event":{"count":1,"data":{"context_menu":true,"created":1550128642989,"place":"MainMenu","data_1":"Windows"},"id":"third.party.plugin.action"}}
{"session":"b66ef5e665aa","build":"183.4284.148","bucket":"-1","time":1550128642994,"group":{"id":"ui.dialogs","version":"8"},"event":{"count":1,"data":{"created":1550128642994,"type":"show"},"id":"com.intellij.openapi.ui.messages.MessageDialog"}}
{"session":"b66ef5e665aa","build":"183.4284.148","bucket":"-1","time":1550128650505,"group":{"id":"toolwindow","version":"8"},"event":{"count":1,"data":{"created":1550128650505,"data_1":"Windows"},"id":"Project_by_Activation"}}
{"session":"b66ef5e665aa","build":"183.4284.148","bucket":"-1","time":1550128652656,"group":{"id":"statistics.file.types.open","version":"8"},"event":{"count":1,"data":{"created":1550128652658,"project":"1467702432"},"id":"JAVA"}}
{"session":"b66ef5e665aa","build":"183.4284.148","bucket":"-1","time":1550128657227,"group":{"id":"actions.v2","version":"8"},"event":{"count":1,"data":{"context_menu":true,"created":1550128657227,"place":"MainMenu","data_1":"Windows"},"id":"third.party.plugin.action"}}
{"session":"b66ef5e665aa","build":"183.4284.148","bucket":"-1","time":1550128657231,"group":{"id":"ui.dialogs","version":"8"},"event":{"count":1,"data":{"created":1550128657232,"type":"show"},"id":"com.intellij.openapi.ui.messages.MessageDialog"}}
{"session":"b66ef5e665aa","build":"183.4284.148","bucket":"-1","time":1550128675883,"group":{"id":"actions.v2","version":"8"},"event":{"count":1,"data":{"context_menu":false,"created":1550128675883,"data_1":"Windows"},"id":"GotoAction"}}
{"session":"b66ef5e665aa","build":"183.4284.148","bucket":"-1","time":1550128683839,"group":{"id":"actions.v2","version":"8"},"event":{"count":1,"data":{"context_menu":false,"created":1550128683839,"data_1":"Windows"},"id":"EditorBackSpace"}}
{"session":"b66ef5e665aa","build":"183.4284.148","bucket":"-1","time":1550128696487,"group":{"id":"ui.dialogs","version":"8"},"event":{"count":1,"data":{"created":1550128696487,"type":"show"},"id":"com.intellij.openapi.options.newEditor.SettingsDialog"}}
