{"session":"41b180faa2a4","build":"183.4284.148","bucket":"-1","time":1550209752425,"group":{"id":"system.os.name","version":"8"},"event":{"data":{"created":1550209752426},"id":"Windows"}}
{"session":"41b180faa2a4","build":"183.4284.148","bucket":"-1","time":1550209752425,"group":{"id":"settings","version":"8"},"event":{"data":{"created":1550209752443,"name":"activeMruEditorOnClose","value":false},"id":"UISettings"}}
{"session":"41b180faa2a4","build":"183.4284.148","bucket":"-1","time":1550209752425,"group":{"id":"settings","version":"8"},"event":{"data":{"created":1550209752452,"name":"activeRightEditorOnClose","value":false},"id":"UISettings"}}
{"session":"41b180faa2a4","build":"183.4284.148","bucket":"-1","time":1550209752425,"group":{"id":"settings","version":"8"},"event":{"data":{"created":1550209752453,"name":"allowMergeButtons","value":true},"id":"UISettings"}}
{"session":"41b180faa2a4","build":"183.4284.148","bucket":"-1","time":1550209752425,"group":{"id":"settings","version":"8"},"event":{"data":{"created":1550209752454,"name":"alwaysShowWindowsButton","value":false},"id":"UISettings"}}
{"session":"41b180faa2a4","build":"183.4284.148","bucket":"-1","time":1550209752425,"group":{"id":"settings","version":"8"},"event":{"data":{"created":1550209752454,"name":"animateWindows","value":true},"id":"UISettings"}}
{"session":"41b180faa2a4","build":"183.4284.148","bucket":"-1","time":1550209752425,"group":{"id":"settings","version":"8"},"event":{"data":{"created":1550209752455,"name":"closeNonModifiedFilesFirst","value":false},"id":"UISettings"}}
{"session":"41b180faa2a4","build":"183.4284.148","bucket":"-1","time":1550209752425,"group":{"id":"settings","version":"8"},"event":{"data":{"created":1550209752455,"name":"closeTabButtonOnTheRight","value":true},"id":"UISettings"}}
{"session":"41b180faa2a4","build":"183.4284.148","bucket":"-1","time":1550209752425,"group":{"id":"settings","version":"8"},"event":{"data":{"created":1550209752456,"name":"cycleScrolling","value":true},"id":"UISettings"}}
{"session":"41b180faa2a4","build":"183.4284.148","bucket":"-1","time":1550209752425,"group":{"id":"settings","version":"8"},"event":{"data":{"created":1550209752456,"name":"defaultAutoScrollToSource","value":false},"id":"UISettings"}}
{"session":"41b180faa2a4","build":"183.4284.148","bucket":"-1","time":1550209752425,"group":{"id":"settings","version":"8"},"event":{"data":{"created":1550209752456,"name":"disableMnemonics","value":false},"id":"UISettings"}}
{"session":"41b180faa2a4","build":"183.4284.148","bucket":"-1","time":1550209752425,"group":{"id":"settings","version":"8"},"event":{"data":{"created":1550209752457,"name":"disableMnemonicsInControls","value":false},"id":"UISettings"}}
{"session":"41b180faa2a4","build":"183.4284.148","bucket":"-1","time":1550209752425,"group":{"id":"settings","version":"8"},"event":{"data":{"created":1550209752457,"name":"dndWithPressedAltOnly","value":false},"id":"UISettings"}}
{"session":"41b180faa2a4","build":"183.4284.148","bucket":"-1","time":1550209752425,"group":{"id":"settings","version":"8"},"event":{"data":{"created":1550209752457,"name":"enableAlphaMode","value":false},"id":"UISettings"}}
{"session":"41b180faa2a4","build":"183.4284.148","bucket":"-1","time":1550209752425,"group":{"id":"system.os.version","version":"8"},"event":{"data":{"created":1550209752458},"id":"10.0"}}
{"session":"41b180faa2a4","build":"183.4284.148","bucket":"-1","time":1550209752425,"group":{"id":"settings","version":"8"},"event":{"data":{"created":1550209752459,"name":"hideKnownExtensionInTabs","value":false},"id":"UISettings"}}
{"session":"41b180faa2a4","build":"183.4284.148","bucket":"-1","time":1550209752425,"group":{"id":"settings","version":"8"},"event":{"data":{"created":1550209752459,"name":"hideNavigationOnFocusLoss","value":true},"id":"UISettings"}}
{"session":"41b180faa2a4","build":"183.4284.148","bucket":"-1","time":1550209752425,"group":{"id":"settings","version":"8"},"event":{"data":{"created":1550209752459,"name":"hideTabsIfNeed","value":true},"id":"UISettings"}}
{"session":"41b180faa2a4","build":"183.4284.148","bucket":"-1","time":1550209752425,"group":{"id":"system.jvm.vendor","version":"8"},"event":{"data":{"created":1550209752460},"id":"JetBrains_s.r.o"}}
{"session":"41b180faa2a4","build":"183.4284.148","bucket":"-1","time":1550209752425,"group":{"id":"settings","version":"8"},"event":{"data":{"created":1550209752460,"name":"hideToolStripes","value":false},"id":"UISettings"}}
{"session":"41b180faa2a4","build":"183.4284.148","bucket":"-1","time":1550209752425,"group":{"id":"settings","version":"8"},"event":{"data":{"created":1550209752461,"name":"leftHorizontalSplit","value":false},"id":"UISettings"}}
{"session":"41b180faa2a4","build":"183.4284.148","bucket":"-1","time":1550209752425,"group":{"id":"system.jvm.version","version":"8"},"event":{"data":{"created":1550209752461},"id":"1.8"}}
{"session":"41b180faa2a4","build":"183.4284.148","bucket":"-1","time":1550209752425,"group":{"id":"settings","version":"8"},"event":{"data":{"created":1550209752461,"name":"markModifiedTabsWithAsterisk","value":false},"id":"UISettings"}}
{"session":"41b180faa2a4","build":"183.4284.148","bucket":"-1","time":1550209752425,"group":{"id":"settings","version":"8"},"event":{"data":{"created":1550209752461,"name":"mergeEqualStackTraces","value":true},"id":"UISettings"}}
{"session":"41b180faa2a4","build":"183.4284.148","bucket":"-1","time":1550209752425,"group":{"id":"settings","version":"8"},"event":{"data":{"created":1550209752461,"name":"moveMouseOnDefaultButton","value":false},"id":"UISettings"}}
{"session":"41b180faa2a4","build":"183.4284.148","bucket":"-1","time":1550209752425,"group":{"id":"settings","version":"8"},"event":{"data":{"created":1550209752462,"name":"navigateToPreview","value":false},"id":"UISettings"}}
{"session":"41b180faa2a4","build":"183.4284.148","bucket":"-1","time":1550209752425,"group":{"id":"settings","version":"8"},"event":{"data":{"created":1550209752462,"name":"overrideConsoleCycleBufferSize","value":false},"id":"UISettings"}}
{"session":"41b180faa2a4","build":"183.4284.148","bucket":"-1","time":1550209752425,"group":{"id":"settings","version":"8"},"event":{"data":{"created":1550209752462,"name":"overrideLafFonts","value":false},"id":"UISettings"}}
{"session":"41b180faa2a4","build":"183.4284.148","bucket":"-1","time":1550209752425,"group":{"id":"settings","version":"8"},"event":{"data":{"created":1550209752462,"name":"pinFindInPath","value":false},"id":"UISettings"}}
{"session":"41b180faa2a4","build":"183.4284.148","bucket":"-1","time":1550209752425,"group":{"id":"settings","version":"8"},"event":{"data":{"created":1550209752462,"name":"presentationMode","value":false},"id":"UISettings"}}
{"session":"41b180faa2a4","build":"183.4284.148","bucket":"-1","time":1550209752425,"group":{"id":"settings","version":"8"},"event":{"data":{"created":1550209752463,"name":"reuseNotModifiedTabs","value":false},"id":"UISettings"}}
{"session":"41b180faa2a4","build":"183.4284.148","bucket":"-1","time":1550209752425,"group":{"id":"settings","version":"8"},"event":{"data":{"created":1550209752463,"name":"rightHorizontalSplit","value":false},"id":"UISettings"}}
{"session":"41b180faa2a4","build":"183.4284.148","bucket":"-1","time":1550209752425,"group":{"id":"settings","version":"8"},"event":{"data":{"created":1550209752463,"name":"scrollTabLayoutInEditor","value":true},"id":"UISettings"}}
{"session":"41b180faa2a4","build":"183.4284.148","bucket":"-1","time":1550209752425,"group":{"id":"settings","version":"8"},"event":{"data":{"created":1550209752463,"name":"showCloseButton","value":true},"id":"UISettings"}}
{"session":"41b180faa2a4","build":"183.4284.148","bucket":"-1","time":1550209752425,"group":{"id":"settings","version":"8"},"event":{"data":{"created":1550209752464,"name":"showDirectoryForNonUniqueFilenames","value":true},"id":"UISettings"}}
{"session":"41b180faa2a4","build":"183.4284.148","bucket":"-1","time":1550209752425,"group":{"id":"settings","version":"8"},"event":{"data":{"created":1550209752464,"name":"showEditorToolTip","value":true},"id":"UISettings"}}
{"session":"41b180faa2a4","build":"183.4284.148","bucket":"-1","time":1550209752425,"group":{"id":"settings","version":"8"},"event":{"data":{"created":1550209752465,"name":"showIconInQuickNavigation","value":true},"id":"UISettings"}}
{"session":"41b180faa2a4","build":"183.4284.148","bucket":"-1","time":1550209752425,"group":{"id":"settings","version":"8"},"event":{"data":{"created":1550209752465,"name":"showIconsInMenus","value":true},"id":"UISettings"}}
{"session":"41b180faa2a4","build":"183.4284.148","bucket":"-1","time":1550209752425,"group":{"id":"settings","version":"8"},"event":{"data":{"created":1550209752465,"name":"showMainToolbar","value":false},"id":"UISettings"}}
{"session":"41b180faa2a4","build":"183.4284.148","bucket":"-1","time":1550209752425,"group":{"id":"settings","version":"8"},"event":{"data":{"created":1550209752465,"name":"showMemoryIndicator","value":false},"id":"UISettings"}}
{"session":"41b180faa2a4","build":"183.4284.148","bucket":"-1","time":1550209752425,"group":{"id":"settings","version":"8"},"event":{"data":{"created":1550209752466,"name":"showNavigationBar","value":true},"id":"UISettings"}}
{"session":"41b180faa2a4","build":"183.4284.148","bucket":"-1","time":1550209752425,"group":{"id":"settings","version":"8"},"event":{"data":{"created":1550209752466,"name":"showStatusBar","value":true},"id":"UISettings"}}
{"session":"41b180faa2a4","build":"183.4284.148","bucket":"-1","time":1550209752425,"group":{"id":"settings","version":"8"},"event":{"data":{"created":1550209752466,"name":"showTabsTooltips","value":true},"id":"UISettings"}}
{"session":"41b180faa2a4","build":"183.4284.148","bucket":"-1","time":1550209752425,"group":{"id":"settings","version":"8"},"event":{"data":{"created":1550209752466,"name":"showToolWindowsNumbers","value":true},"id":"UISettings"}}
{"session":"41b180faa2a4","build":"183.4284.148","bucket":"-1","time":1550209752425,"group":{"id":"settings","version":"8"},"event":{"data":{"created":1550209752466,"name":"smoothScrolling","value":false},"id":"UISettings"}}
{"session":"41b180faa2a4","build":"183.4284.148","bucket":"-1","time":1550209752425,"group":{"id":"settings","version":"8"},"event":{"data":{"created":1550209752467,"name":"sortBookmarks","value":false},"id":"UISettings"}}
{"session":"41b180faa2a4","build":"183.4284.148","bucket":"-1","time":1550209752426,"group":{"id":"settings","version":"8"},"event":{"data":{"created":1550209752467,"name":"sortLookupElementsLexicographically","value":false},"id":"UISettings"}}
{"session":"41b180faa2a4","build":"183.4284.148","bucket":"-1","time":1550209752426,"group":{"id":"settings","version":"8"},"event":{"data":{"created":1550209752467,"name":"useSmallLabelsOnTabs","value":false},"id":"UISettings"}}
{"session":"41b180faa2a4","build":"183.4284.148","bucket":"-1","time":1550209752426,"group":{"id":"settings","version":"8"},"event":{"data":{"created":1550209752467,"name":"wideScreenSupport","value":false},"id":"UISettings"}}
{"session":"41b180faa2a4","build":"183.4284.148","bucket":"-1","time":1550209753051,"group":{"id":"settings","version":"8"},"event":{"data":{"created":1550209753051,"name":"autoSaveIfInactive","value":false},"id":"GeneralSettings"}}
{"session":"41b180faa2a4","build":"183.4284.148","bucket":"-1","time":1550209753051,"group":{"id":"settings","version":"8"},"event":{"data":{"created":1550209753052,"name":"confirmExit","value":true},"id":"GeneralSettings"}}
{"session":"41b180faa2a4","build":"183.4284.148","bucket":"-1","time":1550209753051,"group":{"id":"settings","version":"8"},"event":{"data":{"created":1550209753052,"name":"reopenLastProject","value":true},"id":"GeneralSettings"}}
{"session":"41b180faa2a4","build":"183.4284.148","bucket":"-1","time":1550209753051,"group":{"id":"settings","version":"8"},"event":{"data":{"created":1550209753052,"name":"saveOnFrameDeactivation","value":true},"id":"GeneralSettings"}}
{"session":"41b180faa2a4","build":"183.4284.148","bucket":"-1","time":1550209753051,"group":{"id":"settings","version":"8"},"event":{"data":{"created":1550209753054,"name":"searchInBackground","value":false},"id":"GeneralSettings"}}
{"session":"41b180faa2a4","build":"183.4284.148","bucket":"-1","time":1550209753051,"group":{"id":"settings","version":"8"},"event":{"data":{"default":false,"created":1550209753054,"name":"showTipsOnStartup","value":false},"id":"GeneralSettings"}}
{"session":"41b180faa2a4","build":"183.4284.148","bucket":"-1","time":1550209753051,"group":{"id":"settings","version":"8"},"event":{"data":{"created":1550209753054,"name":"showWelcomeScreen","value":true},"id":"GeneralSettings"}}
{"session":"41b180faa2a4","build":"183.4284.148","bucket":"-1","time":1550209753051,"group":{"id":"settings","version":"8"},"event":{"data":{"created":1550209753054,"name":"supportScreenReaders","value":false},"id":"GeneralSettings"}}
{"session":"41b180faa2a4","build":"183.4284.148","bucket":"-1","time":1550209753051,"group":{"id":"settings","version":"8"},"event":{"data":{"created":1550209753054,"name":"syncOnFrameActivation","value":true},"id":"GeneralSettings"}}
{"session":"41b180faa2a4","build":"183.4284.148","bucket":"-1","time":1550209753051,"group":{"id":"settings","version":"8"},"event":{"data":{"created":1550209753055,"name":"useDefaultBrowser","value":true},"id":"GeneralSettings"}}
{"session":"41b180faa2a4","build":"183.4284.148","bucket":"-1","time":1550209753051,"group":{"id":"settings","version":"8"},"event":{"data":{"created":1550209753055,"name":"useSafeWrite","value":true},"id":"GeneralSettings"}}
{"session":"41b180faa2a4","build":"183.4284.148","bucket":"-1","time":1550209754971,"group":{"id":"ui.dialogs","version":"8"},"event":{"count":1,"data":{"created":1550209754971,"type":"show"},"id":"com.intellij.openapi.progress.util.ProgressDialog$MyDialogWrapper"}}
{"session":"41b180faa2a4","build":"183.4284.148","bucket":"-1","time":1550209757113,"group":{"id":"ui.dialogs","version":"8"},"event":{"count":1,"data":{"code":1,"created":1550209757113,"type":"close"},"id":"com.intellij.openapi.progress.util.ProgressDialog$MyDialogWrapper"}}
{"session":"41b180faa2a4","build":"183.4284.148","bucket":"-1","time":1550209757150,"group":{"id":"statistics.lifecycle.project","version":"8"},"event":{"count":1,"data":{"created":1550209757150,"project":"1467702432"},"id":"project.opened"}}
{"session":"41b180faa2a4","build":"183.4284.148","bucket":"-1","time":1550209757150,"group":{"id":"lifecycle","version":"8"},"event":{"count":1,"data":{"created":1550209757150},"id":"project.opened"}}
{"session":"41b180faa2a4","build":"183.4284.148","bucket":"-1","time":1550209758276,"group":{"id":"ui.dialogs","version":"8"},"event":{"count":1,"data":{"created":1550209758277,"type":"show"},"id":"com.intellij.openapi.progress.util.ProgressDialog$MyDialogWrapper"}}
{"session":"41b180faa2a4","build":"183.4284.148","bucket":"-1","time":1550209759672,"group":{"id":"toolwindow","version":"8"},"event":{"count":1,"data":{"created":1550209759672,"data_1":"Windows"},"id":"Project_by_Activation"}}
{"session":"41b180faa2a4","build":"183.4284.148","bucket":"-1","time":1550209760022,"group":{"id":"statistics.lifecycle.app","version":"8"},"event":{"count":1,"data":{"created":1550209760022},"id":"ide.start"}}
{"session":"41b180faa2a4","build":"183.4284.148","bucket":"-1","time":1550209760022,"group":{"id":"lifecycle","version":"8"},"event":{"count":1,"data":{"created":1550209760022},"id":"app.started"}}
{"session":"41b180faa2a4","build":"183.4284.148","bucket":"-1","time":1550209760721,"group":{"id":"ui.dialogs","version":"8"},"event":{"count":1,"data":{"code":1,"created":1550209760721,"type":"close"},"id":"com.intellij.openapi.progress.util.ProgressDialog$MyDialogWrapper"}}
{"session":"41b180faa2a4","build":"183.4284.148","bucket":"-1","time":1550209760729,"group":{"id":"statistics.lifecycle.project","version":"8"},"event":{"count":1,"data":{"created":1550209760734,"project":"1467702432"},"id":"project.open.time.6"}}
{"session":"41b180faa2a4","build":"183.4284.148","bucket":"-1","time":1550209760729,"group":{"id":"lifecycle","version":"8"},"event":{"count":1,"data":{"created":1550209760735,"time.ms":6259},"id":"project.opening.finished"}}
{"session":"41b180faa2a4","build":"183.4284.148","bucket":"-1","time":1550209789863,"group":{"id":"actions.v2","version":"8"},"event":{"count":1,"data":{"context_menu":false,"created":1550209789863,"data_1":"Windows"},"id":"EditorTab"}}
{"session":"41b180faa2a4","build":"183.4284.148","bucket":"-1","time":1550209789866,"group":{"id":"statistics.file.types.edit","version":"8"},"event":{"count":1,"data":{"created":1550209789866,"project":"1467702432"},"id":"JAVA"}}
{"session":"41b180faa2a4","build":"183.4284.148","bucket":"-1","time":1550209790017,"group":{"id":"actions.v2","version":"8"},"event":{"count":1,"data":{"context_menu":false,"created":1550209790017,"data_1":"Windows"},"id":"EditorTab"}}
{"session":"41b180faa2a4","build":"183.4284.148","bucket":"-1","time":1550209794501,"group":{"id":"actions.v2","version":"8"},"event":{"count":1,"data":{"context_menu":false,"created":1550209794501,"data_1":"Windows"},"id":"EditorDown"}}
{"session":"41b180faa2a4","build":"183.4284.148","bucket":"-1","time":1550209795300,"group":{"id":"actions.v2","version":"8"},"event":{"count":1,"data":{"context_menu":false,"created":1550209795300,"data_1":"Windows"},"id":"EditorChooseLookupItem"}}
{"session":"41b180faa2a4","build":"183.4284.148","bucket":"-1","time":1550209795315,"group":{"id":"statistics.productivity","version":"8"},"event":{"count":1,"data":{"created":1550209795315},"id":"editing.completion.basic"}}
{"session":"41b180faa2a4","build":"183.4284.148","bucket":"-1","time":1550209800061,"group":{"id":"actions.v2","version":"8"},"event":{"count":1,"data":{"context_menu":false,"created":1550209800061,"data_1":"Windows"},"id":"EditorBackSpace"}}
{"session":"41b180faa2a4","build":"183.4284.148","bucket":"-1","time":1550209802209,"group":{"id":"actions.v2","version":"8"},"event":{"count":6,"data":{"context_menu":false,"last":1550209803049,"created":1550209802209,"data_1":"Windows"},"id":"EditorRight"}}
{"session":"41b180faa2a4","build":"183.4284.148","bucket":"-1","time":1550209803320,"group":{"id":"actions.v2","version":"8"},"event":{"count":1,"data":{"context_menu":false,"created":1550209803320,"data_1":"Windows"},"id":"EditorSelectWord"}}
{"session":"41b180faa2a4","build":"183.4284.148","bucket":"-1","time":1550209803321,"group":{"id":"statistics.productivity","version":"8"},"event":{"count":1,"data":{"created":1550209803321},"id":"editing.select.word"}}
{"session":"41b180faa2a4","build":"183.4284.148","bucket":"-1","time":1550209805358,"group":{"id":"actions.v2","version":"8"},"event":{"count":2,"data":{"context_menu":false,"last":1550209805767,"created":1550209805358,"data_1":"Windows"},"id":"EditorDown"}}
{"session":"41b180faa2a4","build":"183.4284.148","bucket":"-1","time":1550209807007,"group":{"id":"actions.v2","version":"8"},"event":{"count":1,"data":{"context_menu":false,"created":1550209807007,"data_1":"Windows"},"id":"EditorChooseLookupItem"}}
{"session":"41b180faa2a4","build":"183.4284.148","bucket":"-1","time":1550209807022,"group":{"id":"statistics.productivity","version":"8"},"event":{"count":1,"data":{"created":1550209807023},"id":"editing.completion.basic"}}
{"session":"41b180faa2a4","build":"183.4284.148","bucket":"-1","time":1550209808090,"group":{"id":"actions.v2","version":"8"},"event":{"count":1,"data":{"context_menu":false,"created":1550209808090,"data_1":"Windows"},"id":"EditorEnter"}}
{"session":"41b180faa2a4","build":"183.4284.148","bucket":"-1","time":1550209808674,"group":{"id":"actions.v2","version":"8"},"event":{"count":1,"data":{"context_menu":false,"created":1550209808674,"data_1":"Windows"},"id":"EditorUp"}}
{"session":"41b180faa2a4","build":"183.4284.148","bucket":"-1","time":1550209809432,"group":{"id":"actions.v2","version":"8"},"event":{"count":1,"data":{"context_menu":false,"created":1550209809432,"data_1":"Windows"},"id":"ShowIntentionActions"}}
{"session":"41b180faa2a4","build":"183.4284.148","bucket":"-1","time":1550209812416,"group":{"id":"statistics.actions.intentions","version":"8"},"event":{"count":1,"data":{"created":1550209812416,"data_1":"Windows"},"id":"JAVA_intention.impl.InvertIfConditionAction"}}
{"session":"41b180faa2a4","build":"183.4284.148","bucket":"-1","time":1550209813654,"group":{"id":"actions.v2","version":"8"},"event":{"count":1,"data":{"context_menu":false,"created":1550209813654,"data_1":"Windows"},"id":"$Undo"}}
{"session":"41b180faa2a4","build":"183.4284.148","bucket":"-1","time":1550209814315,"group":{"id":"actions.v2","version":"8"},"event":{"count":1,"data":{"context_menu":false,"created":1550209814315,"data_1":"Windows"},"id":"EditorDown"}}
{"session":"41b180faa2a4","build":"183.4284.148","bucket":"-1","time":1550209814820,"group":{"id":"actions.v2","version":"8"},"event":{"count":1,"data":{"context_menu":false,"created":1550209814820,"data_1":"Windows"},"id":"ShowIntentionActions"}}
{"session":"41b180faa2a4","build":"183.4284.148","bucket":"-1","time":1550209815632,"group":{"id":"actions.v2","version":"8"},"event":{"count":1,"data":{"context_menu":false,"created":1550209815632,"data_1":"Windows"},"id":"EditorDown"}}
{"session":"41b180faa2a4","build":"183.4284.148","bucket":"-1","time":1550209815931,"group":{"id":"actions.v2","version":"8"},"event":{"count":1,"data":{"context_menu":false,"created":1550209815931,"data_1":"Windows"},"id":"ShowIntentionActions"}}
{"session":"41b180faa2a4","build":"183.4284.148","bucket":"-1","time":1550209826011,"group":{"id":"actions.v2","version":"8"},"event":{"count":1,"data":{"context_menu":false,"created":1550209826011,"data_1":"Windows"},"id":"EditorChooseLookupItem"}}
{"session":"41b180faa2a4","build":"183.4284.148","bucket":"-1","time":1550209826022,"group":{"id":"statistics.productivity","version":"8"},"event":{"count":1,"data":{"created":1550209826022},"id":"editing.completion.basic"}}
{"session":"41b180faa2a4","build":"183.4284.148","bucket":"-1","time":1550209826607,"group":{"id":"actions.v2","version":"8"},"event":{"count":2,"data":{"context_menu":false,"last":1550209826782,"created":1550209826607,"data_1":"Windows"},"id":"EditorDown"}}
{"session":"41b180faa2a4","build":"183.4284.148","bucket":"-1","time":1550209827731,"group":{"id":"actions.v2","version":"8"},"event":{"count":1,"data":{"context_menu":false,"created":1550209827731,"data_1":"Windows"},"id":"EditorChooseLookupItem"}}
{"session":"41b180faa2a4","build":"183.4284.148","bucket":"-1","time":1550209827744,"group":{"id":"statistics.productivity","version":"8"},"event":{"count":1,"data":{"created":1550209827744},"id":"editing.completion.basic"}}
{"session":"41b180faa2a4","build":"183.4284.148","bucket":"-1","time":1550209833883,"group":{"id":"statistics.productivity","version":"8"},"event":{"count":2,"data":{"last":1550209834450,"created":1550209833883},"id":"editing.select.word"}}
{"session":"41b180faa2a4","build":"183.4284.148","bucket":"-1","time":1550209834724,"group":{"id":"actions.v2","version":"8"},"event":{"count":1,"data":{"context_menu":false,"created":1550209834725,"data_1":"Windows"},"id":"EditorCopy"}}
{"session":"41b180faa2a4","build":"183.4284.148","bucket":"-1","time":1550209836083,"group":{"id":"actions.v2","version":"8"},"event":{"count":1,"data":{"context_menu":false,"created":1550209836083,"data_1":"Windows"},"id":"EditorPaste"}}
{"session":"41b180faa2a4","build":"183.4284.148","bucket":"-1","time":1550209843383,"group":{"id":"actions.v2","version":"8"},"event":{"count":2,"data":{"context_menu":false,"last":1550209844836,"created":1550209843383,"data_1":"Windows"},"id":"EditorBackSpace"}}
{"session":"41b180faa2a4","build":"183.4284.148","bucket":"-1","time":1550209849761,"group":{"id":"statistics.productivity","version":"8"},"event":{"count":1,"data":{"created":1550209849761},"id":"editing.select.word"}}
{"session":"41b180faa2a4","build":"183.4284.148","bucket":"-1","time":1550209854767,"group":{"id":"actions.v2","version":"8"},"event":{"count":3,"data":{"context_menu":false,"last":1550209860637,"created":1550209854767,"data_1":"Windows"},"id":"ShowIntentionActions"}}
{"session":"41b180faa2a4","build":"183.4284.148","bucket":"-1","time":1550209861066,"group":{"id":"statistics.actions.intentions","version":"8"},"event":{"count":1,"data":{"created":1550209861066,"data_1":"Windows"},"id":"JAVA_intention.impl.InvertIfConditionAction"}}
{"session":"41b180faa2a4","build":"183.4284.148","bucket":"-1","time":1550209865338,"group":{"id":"actions.v2","version":"8"},"event":{"count":1,"data":{"context_menu":false,"created":1550209865339,"data_1":"Windows"},"id":"$Undo"}}
{"session":"41b180faa2a4","build":"183.4284.148","bucket":"-1","time":1550209866200,"group":{"id":"actions.v2","version":"8"},"event":{"count":2,"data":{"context_menu":false,"last":1550209870617,"created":1550209866200,"data_1":"Windows"},"id":"ShowIntentionActions"}}
{"session":"41b180faa2a4","build":"183.4284.148","bucket":"-1","time":1550209873304,"group":{"id":"actions.v2","version":"8"},"event":{"count":1,"data":{"context_menu":false,"created":1550209873304,"data_1":"Windows"},"id":"EditorBackSpace"}}
{"session":"41b180faa2a4","build":"183.4284.148","bucket":"-1","time":1550209874428,"group":{"id":"statistics.file.types.edit","version":"8"},"event":{"count":1,"data":{"created":1550209874428,"project":"1467702432"},"id":"JAVA"}}
{"session":"41b180faa2a4","build":"183.4284.148","bucket":"-1","time":1550209875964,"group":{"id":"actions.v2","version":"8"},"event":{"count":11,"data":{"context_menu":false,"last":1550209883528,"created":1550209875964,"data_1":"Windows"},"id":"EditorBackSpace"}}
{"session":"41b180faa2a4","build":"183.4284.148","bucket":"-1","time":1550209970299,"group":{"id":"statistics.file.types.edit","version":"8"},"event":{"count":1,"data":{"created":1550209970299,"project":"1467702432"},"id":"JAVA"}}
{"session":"41b180faa2a4","build":"183.4284.148","bucket":"-1","time":1550209975984,"group":{"id":"actions.v2","version":"8"},"event":{"count":1,"data":{"context_menu":false,"created":1550209975984,"data_1":"Windows"},"id":"EditorBackSpace"}}
{"session":"41b180faa2a4","build":"183.4284.148","bucket":"-1","time":1550209979275,"group":{"id":"actions.v2","version":"8"},"event":{"count":1,"data":{"context_menu":false,"created":1550209979275,"data_1":"Windows"},"id":"EditorLineStart"}}
{"session":"41b180faa2a4","build":"183.4284.148","bucket":"-1","time":1550209981651,"group":{"id":"statistics.productivity","version":"8"},"event":{"count":1,"data":{"created":1550209981651},"id":"editing.completion.variable.name"}}
{"session":"41b180faa2a4","build":"183.4284.148","bucket":"-1","time":1550209987301,"group":{"id":"actions.v2","version":"8"},"event":{"count":1,"data":{"context_menu":false,"created":1550209987302,"data_1":"Windows"},"id":"ShowIntentionActions"}}
{"session":"41b180faa2a4","build":"183.4284.148","bucket":"-1","time":1550210000786,"group":{"id":"statistics.productivity","version":"8"},"event":{"count":1,"data":{"created":1550210000786},"id":"editing.select.word"}}
{"session":"41b180faa2a4","build":"183.4284.148","bucket":"-1","time":1550210054339,"group":{"id":"actions.v2","version":"8"},"event":{"count":1,"data":{"context_menu":false,"created":1550210054340,"data_1":"Windows"},"id":"EditorDeleteLine"}}
{"session":"41b180faa2a4","build":"183.4284.148","bucket":"-1","time":1550210054340,"group":{"id":"statistics.file.types.edit","version":"8"},"event":{"count":1,"data":{"created":1550210054340,"project":"1467702432"},"id":"JAVA"}}
{"session":"41b180faa2a4","build":"183.4284.148","bucket":"-1","time":1550210054341,"group":{"id":"statistics.productivity","version":"8"},"event":{"count":1,"data":{"created":1550210054341},"id":"editor.delete.line"}}
{"session":"41b180faa2a4","build":"183.4284.148","bucket":"-1","time":1550210054851,"group":{"id":"actions.v2","version":"8"},"event":{"count":1,"data":{"context_menu":false,"created":1550210054851,"data_1":"Windows"},"id":"EditorDown"}}
{"session":"41b180faa2a4","build":"183.4284.148","bucket":"-1","time":1550210055047,"group":{"id":"actions.v2","version":"8"},"event":{"count":2,"data":{"context_menu":false,"last":1550210055845,"created":1550210055047,"data_1":"Windows"},"id":"EditorEnter"}}
{"session":"41b180faa2a4","build":"183.4284.148","bucket":"-1","time":1550210056200,"group":{"id":"actions.v2","version":"8"},"event":{"count":1,"data":{"context_menu":false,"created":1550210056200,"data_1":"Windows"},"id":"EditorPaste"}}
{"session":"41b180faa2a4","build":"183.4284.148","bucket":"-1","time":1550210065817,"group":{"id":"actions.v2","version":"8"},"event":{"count":2,"data":{"context_menu":false,"last":1550210074180,"created":1550210065817,"data_1":"Windows"},"id":"ShowIntentionActions"}}
{"session":"41b180faa2a4","build":"183.4284.148","bucket":"-1","time":1550210075630,"group":{"id":"actions.v2","version":"8"},"event":{"count":1,"data":{"context_menu":false,"created":1550210075630,"data_1":"Windows"},"id":"EditorDown"}}
{"session":"41b180faa2a4","build":"183.4284.148","bucket":"-1","time":1550210075928,"group":{"id":"actions.v2","version":"8"},"event":{"count":1,"data":{"context_menu":false,"created":1550210075928,"data_1":"Windows"},"id":"ShowIntentionActions"}}
{"session":"41b180faa2a4","build":"183.4284.148","bucket":"-1","time":1550210078655,"group":{"id":"statistics.actions.intentions","version":"8"},"event":{"count":1,"data":{"created":1550210078655,"data_1":"Windows"},"id":"JAVA_com.siyeh.ig.controlflow.ConditionalExpressionInspection$ReplaceWithIfFix"}}
{"session":"41b180faa2a4","build":"183.4284.148","bucket":"-1","time":1550210081942,"group":{"id":"actions.v2","version":"8"},"event":{"count":1,"data":{"context_menu":false,"created":1550210081942,"data_1":"Windows"},"id":"$Undo"}}
{"session":"41b180faa2a4","build":"183.4284.148","bucket":"-1","time":1550210087196,"group":{"id":"actions.v2","version":"8"},"event":{"count":1,"data":{"context_menu":false,"created":1550210087196,"data_1":"Windows"},"id":"ShowIntentionActions"}}
{"session":"41b180faa2a4","build":"183.4284.148","bucket":"-1","time":1550210088432,"group":{"id":"statistics.actions.intentions","version":"8"},"event":{"count":1,"data":{"created":1550210088432,"data_1":"Windows"},"id":"JAVA_formatting.contextConfiguration.ConfigureCodeStyleOnSelectedFragment"}}
{"session":"41b180faa2a4","build":"183.4284.148","bucket":"-1","time":1550210088772,"group":{"id":"ui.dialogs","version":"8"},"event":{"count":1,"data":{"created":1550210088772,"type":"show"},"id":"com.intellij.openapi.progress.util.ProgressDialog$MyDialogWrapper"}}
{"session":"41b180faa2a4","build":"183.4284.148","bucket":"-1","time":1550210089097,"group":{"id":"actions.v2","version":"8"},"event":{"count":1,"data":{"context_menu":false,"created":1550210089097,"data_1":"Windows"},"id":"EditorEscape"}}
{"session":"41b180faa2a4","build":"183.4284.148","bucket":"-1","time":1550210089326,"group":{"id":"ui.dialogs","version":"8"},"event":{"count":1,"data":{"created":1550210089326,"type":"show"},"id":"com.intellij.formatting.contextConfiguration.ConfigureCodeStyleOnSelectedFragment$FragmentCodeStyleSettingsDialog"}}
{"session":"41b180faa2a4","build":"183.4284.148","bucket":"-1","time":1550210089425,"group":{"id":"ui.dialogs","version":"8"},"event":{"count":1,"data":{"code":1,"created":1550210089425,"type":"close"},"id":"com.intellij.openapi.progress.util.ProgressDialog$MyDialogWrapper"}}
{"session":"41b180faa2a4","build":"183.4284.148","bucket":"-1","time":1550210090060,"group":{"id":"actions.v2","version":"8"},"event":{"count":1,"data":{"context_menu":false,"created":1550210090060,"data_1":"Windows"},"id":"DialogCancelAction_Esc"}}
{"session":"41b180faa2a4","build":"183.4284.148","bucket":"-1","time":1550210090064,"group":{"id":"ui.dialogs","version":"8"},"event":{"count":1,"data":{"code":1,"created":1550210090064,"type":"close"},"id":"com.intellij.formatting.contextConfiguration.ConfigureCodeStyleOnSelectedFragment$FragmentCodeStyleSettingsDialog"}}
{"session":"41b180faa2a4","build":"183.4284.148","bucket":"-1","time":1550210090947,"group":{"id":"actions.v2","version":"8"},"event":{"count":1,"data":{"context_menu":false,"created":1550210090947,"data_1":"Windows"},"id":"EditorRight"}}
{"session":"41b180faa2a4","build":"183.4284.148","bucket":"-1","time":1550210092774,"group":{"id":"actions.v2","version":"8"},"event":{"count":1,"data":{"context_menu":false,"created":1550210092774,"data_1":"Windows"},"id":"ShowIntentionActions"}}
{"session":"41b180faa2a4","build":"183.4284.148","bucket":"-1","time":1550210194036,"group":{"id":"actions.v2","version":"8"},"event":{"count":1,"data":{"context_menu":false,"created":1550210194037,"data_1":"Windows"},"id":"ShowIntentionActions"}}
{"session":"41b180faa2a4","build":"183.4284.148","bucket":"-1","time":1550210197114,"group":{"id":"statistics.actions.intentions","version":"8"},"event":{"count":1,"data":{"created":1550210197114,"data_1":"Windows"},"id":"JAVA_[!]com.beetl.intention.ConditionalOperatorConvertor"}}
{"session":"41b180faa2a4","build":"183.4284.148","bucket":"-1","time":1550210199366,"group":{"id":"actions.v2","version":"8"},"event":{"count":1,"data":{"context_menu":false,"created":1550210199366,"data_1":"Windows"},"id":"$Undo"}}
{"session":"41b180faa2a4","build":"183.4284.148","bucket":"-1","time":1550210200738,"group":{"id":"actions.v2","version":"8"},"event":{"count":1,"data":{"context_menu":false,"created":1550210200739,"data_1":"Windows"},"id":"EditorRight"}}
{"session":"41b180faa2a4","build":"183.4284.148","bucket":"-1","time":1550210201601,"group":{"id":"statistics.productivity","version":"8"},"event":{"count":1,"data":{"created":1550210201601},"id":"editing.select.word"}}
{"session":"41b180faa2a4","build":"183.4284.148","bucket":"-1","time":1550210202498,"group":{"id":"actions.v2","version":"8"},"event":{"count":3,"data":{"context_menu":false,"last":1550210208056,"created":1550210202498,"data_1":"Windows"},"id":"ShowIntentionActions"}}
{"session":"41b180faa2a4","build":"183.4284.148","bucket":"-1","time":1550210209041,"group":{"id":"actions.v2","version":"8"},"event":{"count":1,"data":{"context_menu":false,"created":1550210209041,"data_1":"Windows"},"id":"EditorLeft"}}
{"session":"41b180faa2a4","build":"183.4284.148","bucket":"-1","time":1550210209253,"group":{"id":"actions.v2","version":"8"},"event":{"count":2,"data":{"context_menu":false,"last":1550210210536,"created":1550210209253,"data_1":"Windows"},"id":"ShowIntentionActions"}}
{"session":"41b180faa2a4","build":"183.4284.148","bucket":"-1","time":1550210216504,"group":{"id":"statistics.actions.intentions","version":"8"},"event":{"count":1,"data":{"created":1550210216504,"data_1":"Windows"},"id":"JAVA_[!]com.beetl.intention.ConditionalOperatorConvertor"}}
{"session":"41b180faa2a4","build":"183.4284.148","bucket":"-1","time":1550210220074,"group":{"id":"actions.v2","version":"8"},"event":{"count":1,"data":{"context_menu":false,"created":1550210220074,"data_1":"Windows"},"id":"$Undo"}}
{"session":"41b180faa2a4","build":"183.4284.148","bucket":"-1","time":1550210222436,"group":{"id":"actions.v2","version":"8"},"event":{"count":3,"data":{"context_menu":false,"last":1550210225624,"created":1550210222436,"data_1":"Windows"},"id":"EditorBackSpace"}}
{"session":"41b180faa2a4","build":"183.4284.148","bucket":"-1","time":1550210458066,"group":{"id":"actions.v2","version":"8"},"event":{"count":4,"data":{"context_menu":false,"last":1550210459100,"created":1550210458066,"data_1":"Windows"},"id":"$Undo"}}
{"session":"41b180faa2a4","build":"183.4284.148","bucket":"-1","time":1550210461990,"group":{"id":"actions.v2","version":"8"},"event":{"count":1,"data":{"context_menu":false,"created":1550210461990,"data_1":"Windows"},"id":"EditorBackSpace"}}
{"session":"41b180faa2a4","build":"183.4284.148","bucket":"-1","time":1550210462496,"group":{"id":"actions.v2","version":"8"},"event":{"count":2,"data":{"context_menu":false,"last":1550210462638,"created":1550210462496,"data_1":"Windows"},"id":"EditorLeft"}}
{"session":"41b180faa2a4","build":"183.4284.148","bucket":"-1","time":1550210463074,"group":{"id":"actions.v2","version":"8"},"event":{"count":1,"data":{"context_menu":false,"created":1550210463074,"data_1":"Windows"},"id":"ShowIntentionActions"}}
{"session":"41b180faa2a4","build":"183.4284.148","bucket":"-1","time":1550210464516,"group":{"id":"actions.v2","version":"8"},"event":{"count":2,"data":{"context_menu":false,"last":1550210464662,"created":1550210464516,"data_1":"Windows"},"id":"EditorRight"}}
{"session":"41b180faa2a4","build":"183.4284.148","bucket":"-1","time":1550210464909,"group":{"id":"statistics.file.types.edit","version":"8"},"event":{"count":1,"data":{"created":1550210464909,"project":"1467702432"},"id":"JAVA"}}
{"session":"41b180faa2a4","build":"183.4284.148","bucket":"-1","time":1550210465929,"group":{"id":"actions.v2","version":"8"},"event":{"count":1,"data":{"context_menu":false,"created":1550210465929,"data_1":"Windows"},"id":"EditorChooseLookupItem"}}
{"session":"41b180faa2a4","build":"183.4284.148","bucket":"-1","time":1550210465941,"group":{"id":"statistics.productivity","version":"8"},"event":{"count":1,"data":{"created":1550210465941},"id":"editing.completion.basic"}}
{"session":"41b180faa2a4","build":"183.4284.148","bucket":"-1","time":1550210467192,"group":{"id":"actions.v2","version":"8"},"event":{"count":7,"data":{"context_menu":false,"last":1550210468968,"created":1550210467192,"data_1":"Windows"},"id":"EditorBackSpace"}}
{"session":"41b180faa2a4","build":"183.4284.148","bucket":"-1","time":1550210470093,"group":{"id":"actions.v2","version":"8"},"event":{"count":1,"data":{"context_menu":false,"created":1550210470093,"data_1":"Windows"},"id":"EditorLeft"}}
{"session":"41b180faa2a4","build":"183.4284.148","bucket":"-1","time":1550210470443,"group":{"id":"actions.v2","version":"8"},"event":{"count":1,"data":{"context_menu":false,"created":1550210470443,"data_1":"Windows"},"id":"ShowIntentionActions"}}
{"session":"41b180faa2a4","build":"183.4284.148","bucket":"-1","time":1550210474207,"group":{"id":"actions.v2","version":"8"},"event":{"count":1,"data":{"context_menu":false,"created":1550210474208,"data_1":"Windows"},"id":"EditorLeft"}}
{"session":"41b180faa2a4","build":"183.4284.148","bucket":"-1","time":1550210474440,"group":{"id":"actions.v2","version":"8"},"event":{"count":1,"data":{"context_menu":false,"created":1550210474440,"data_1":"Windows"},"id":"EditorRight"}}
{"session":"41b180faa2a4","build":"183.4284.148","bucket":"-1","time":1550210474862,"group":{"id":"actions.v2","version":"8"},"event":{"count":1,"data":{"context_menu":false,"created":1550210474862,"data_1":"Windows"},"id":"ShowIntentionActions"}}
{"session":"41b180faa2a4","build":"183.4284.148","bucket":"-1","time":1550210477012,"group":{"id":"actions.v2","version":"8"},"event":{"count":5,"data":{"context_menu":false,"last":1550210478343,"created":1550210477012,"data_1":"Windows"},"id":"$Undo"}}
{"session":"41b180faa2a4","build":"183.4284.148","bucket":"-1","time":1550210478952,"group":{"id":"actions.v2","version":"8"},"event":{"count":4,"data":{"context_menu":false,"last":1550210479372,"created":1550210478952,"data_1":"Windows"},"id":"EditorLeft"}}
{"session":"41b180faa2a4","build":"183.4284.148","bucket":"-1","time":1550210479779,"group":{"id":"actions.v2","version":"8"},"event":{"count":1,"data":{"context_menu":false,"created":1550210479779,"data_1":"Windows"},"id":"EditorRight"}}
{"session":"41b180faa2a4","build":"183.4284.148","bucket":"-1","time":1550210479999,"group":{"id":"actions.v2","version":"8"},"event":{"count":1,"data":{"context_menu":false,"created":1550210479999,"data_1":"Windows"},"id":"ShowIntentionActions"}}
{"session":"41b180faa2a4","build":"183.4284.148","bucket":"-1","time":1550210481148,"group":{"id":"actions.v2","version":"8"},"event":{"count":3,"data":{"context_menu":false,"last":1550210481450,"created":1550210481148,"data_1":"Windows"},"id":"EditorRight"}}
{"session":"41b180faa2a4","build":"183.4284.148","bucket":"-1","time":1550210503951,"group":{"id":"actions.v2","version":"8"},"event":{"count":1,"data":{"context_menu":false,"created":1550210503951,"data_1":"Windows"},"id":"EditorChooseLookupItem"}}
{"session":"41b180faa2a4","build":"183.4284.148","bucket":"-1","time":1550210503963,"group":{"id":"statistics.productivity","version":"8"},"event":{"count":1,"data":{"created":1550210503963},"id":"editing.completion.basic"}}
{"session":"41b180faa2a4","build":"183.4284.148","bucket":"-1","time":1550210506191,"group":{"id":"actions.v2","version":"8"},"event":{"count":1,"data":{"context_menu":false,"created":1550210506191,"data_1":"Windows"},"id":"EditorChooseLookupItem"}}
{"session":"41b180faa2a4","build":"183.4284.148","bucket":"-1","time":1550210506206,"group":{"id":"statistics.productivity","version":"8"},"event":{"count":1,"data":{"created":1550210506207},"id":"editing.completion.basic"}}
{"session":"41b180faa2a4","build":"183.4284.148","bucket":"-1","time":1550210516648,"group":{"id":"actions.v2","version":"8"},"event":{"count":1,"data":{"context_menu":false,"created":1550210516648,"data_1":"Windows"},"id":"EditorBackSpace"}}
{"session":"41b180faa2a4","build":"183.4284.148","bucket":"-1","time":1550210517662,"group":{"id":"actions.v2","version":"8"},"event":{"count":1,"data":{"context_menu":false,"created":1550210517662,"data_1":"Windows"},"id":"EditorChooseLookupItem"}}
{"session":"41b180faa2a4","build":"183.4284.148","bucket":"-1","time":1550210517674,"group":{"id":"statistics.productivity","version":"8"},"event":{"count":1,"data":{"created":1550210517674},"id":"editing.completion.basic"}}
{"session":"41b180faa2a4","build":"183.4284.148","bucket":"-1","time":1550210518092,"group":{"id":"actions.v2","version":"8"},"event":{"count":4,"data":{"context_menu":false,"last":1550210518630,"created":1550210518092,"data_1":"Windows"},"id":"EditorLeft"}}
{"session":"41b180faa2a4","build":"183.4284.148","bucket":"-1","time":1550210518836,"group":{"id":"actions.v2","version":"8"},"event":{"count":5,"data":{"context_menu":false,"last":1550210519394,"created":1550210518836,"data_1":"Windows"},"id":"EditorRight"}}
{"session":"41b180faa2a4","build":"183.4284.148","bucket":"-1","time":1550210522872,"group":{"id":"statistics.productivity","version":"8"},"event":{"count":1,"data":{"created":1550210522872},"id":"editing.select.word"}}
{"session":"41b180faa2a4","build":"183.4284.148","bucket":"-1","time":1550210525067,"group":{"id":"actions.v2","version":"8"},"event":{"count":5,"data":{"context_menu":false,"last":1550210525641,"created":1550210525067,"data_1":"Windows"},"id":"EditorRight"}}
{"session":"41b180faa2a4","build":"183.4284.148","bucket":"-1","time":1550210525833,"group":{"id":"actions.v2","version":"8"},"event":{"count":1,"data":{"context_menu":false,"created":1550210525833,"data_1":"Windows"},"id":"EditorSelectWord"}}
{"session":"41b180faa2a4","build":"183.4284.148","bucket":"-1","time":1550210525833,"group":{"id":"statistics.productivity","version":"8"},"event":{"count":1,"data":{"created":1550210525833},"id":"editing.select.word"}}
{"session":"41b180faa2a4","build":"183.4284.148","bucket":"-1","time":1550210526503,"group":{"id":"statistics.file.types.edit","version":"8"},"event":{"count":1,"data":{"created":1550210526503,"project":"1467702432"},"id":"JAVA"}}
{"session":"41b180faa2a4","build":"183.4284.148","bucket":"-1","time":1550210527024,"group":{"id":"actions.v2","version":"8"},"event":{"count":1,"data":{"context_menu":false,"created":1550210527024,"data_1":"Windows"},"id":"EditorRight"}}
{"session":"41b180faa2a4","build":"183.4284.148","bucket":"-1","time":1550210530027,"group":{"id":"actions.v2","version":"8"},"event":{"count":1,"data":{"context_menu":false,"created":1550210530027,"data_1":"Windows"},"id":"ShowIntentionActions"}}
{"session":"41b180faa2a4","build":"183.4284.148","bucket":"-1","time":1550210531241,"group":{"id":"statistics.actions.intentions","version":"8"},"event":{"count":1,"data":{"created":1550210531241,"data_1":"Windows"},"id":"JAVA_[!]com.beetl.intention.ConditionalOperatorConvertor"}}
{"session":"41b180faa2a4","build":"183.4284.148","bucket":"-1","time":1550210534938,"group":{"id":"actions.v2","version":"8"},"event":{"count":1,"data":{"context_menu":false,"created":1550210534938,"data_1":"Windows"},"id":"ShowIntentionActions"}}
{"session":"41b180faa2a4","build":"183.4284.148","bucket":"-1","time":1550210535751,"group":{"id":"statistics.actions.intentions","version":"8"},"event":{"count":1,"data":{"created":1550210535751,"data_1":"Windows"},"id":"JAVA_[!]com.beetl.intention.ConditionalOperatorConvertor"}}
{"session":"41b180faa2a4","build":"183.4284.148","bucket":"-1","time":1550210537558,"group":{"id":"actions.v2","version":"8"},"event":{"count":2,"data":{"context_menu":false,"last":1550210537991,"created":1550210537558,"data_1":"Windows"},"id":"$Undo"}}
{"session":"41b180faa2a4","build":"183.4284.148","bucket":"-1","time":1550210543330,"group":{"id":"actions.v2","version":"8"},"event":{"count":3,"data":{"context_menu":false,"last":1550210547703,"created":1550210543330,"data_1":"Windows"},"id":"EditorBackSpace"}}
{"session":"41b180faa2a4","build":"183.4284.148","bucket":"-1","time":1550210549096,"group":{"id":"actions.v2","version":"8"},"event":{"count":1,"data":{"context_menu":false,"created":1550210549096,"data_1":"Windows"},"id":"EditorRight"}}
{"session":"41b180faa2a4","build":"183.4284.148","bucket":"-1","time":1550210549649,"group":{"id":"actions.v2","version":"8"},"event":{"count":5,"data":{"context_menu":false,"last":1550210550121,"created":1550210549649,"data_1":"Windows"},"id":"EditorLeft"}}
{"session":"41b180faa2a4","build":"183.4284.148","bucket":"-1","time":1550210550694,"group":{"id":"actions.v2","version":"8"},"event":{"count":1,"data":{"context_menu":false,"created":1550210550694,"data_1":"Windows"},"id":"ShowIntentionActions"}}
{"session":"41b180faa2a4","build":"183.4284.148","bucket":"-1","time":1550210551663,"group":{"id":"actions.v2","version":"8"},"event":{"count":2,"data":{"context_menu":false,"last":1550210551805,"created":1550210551663,"data_1":"Windows"},"id":"EditorRight"}}
{"session":"41b180faa2a4","build":"183.4284.148","bucket":"-1","time":1550210552368,"group":{"id":"actions.v2","version":"8"},"event":{"count":2,"data":{"context_menu":false,"last":1550210552476,"created":1550210552368,"data_1":"Windows"},"id":"EditorLeft"}}
{"session":"41b180faa2a4","build":"183.4284.148","bucket":"-1","time":1550210552740,"group":{"id":"actions.v2","version":"8"},"event":{"count":1,"data":{"context_menu":false,"created":1550210552740,"data_1":"Windows"},"id":"ShowIntentionActions"}}
{"session":"41b180faa2a4","build":"183.4284.148","bucket":"-1","time":1550210553148,"group":{"id":"statistics.actions.intentions","version":"8"},"event":{"count":1,"data":{"created":1550210553148,"data_1":"Windows"},"id":"JAVA_com.siyeh.ig.controlflow.ConditionalExpressionInspection$ReplaceWithIfFix"}}
{"session":"41b180faa2a4","build":"183.4284.148","bucket":"-1","time":1550210554161,"group":{"id":"actions.v2","version":"8"},"event":{"count":5,"data":{"context_menu":false,"last":1550210554848,"created":1550210554161,"data_1":"Windows"},"id":"EditorRight"}}
{"session":"41b180faa2a4","build":"183.4284.148","bucket":"-1","time":1550210555344,"group":{"id":"actions.v2","version":"8"},"event":{"count":5,"data":{"context_menu":false,"last":1550210555957,"created":1550210555344,"data_1":"Windows"},"id":"EditorBackSpace"}}
{"session":"41b180faa2a4","build":"183.4284.148","bucket":"-1","time":1550210558693,"group":{"id":"actions.v2","version":"8"},"event":{"count":1,"data":{"context_menu":false,"created":1550210558693,"data_1":"Windows"},"id":"EditorDeleteLine"}}
{"session":"41b180faa2a4","build":"183.4284.148","bucket":"-1","time":1550210558694,"group":{"id":"statistics.productivity","version":"8"},"event":{"count":1,"data":{"created":1550210558694},"id":"editor.delete.line"}}
{"session":"41b180faa2a4","build":"183.4284.148","bucket":"-1","time":1550210559067,"group":{"id":"actions.v2","version":"8"},"event":{"count":1,"data":{"context_menu":false,"created":1550210559067,"data_1":"Windows"},"id":"EditorDeleteLine"}}
{"session":"41b180faa2a4","build":"183.4284.148","bucket":"-1","time":1550210559068,"group":{"id":"statistics.productivity","version":"8"},"event":{"count":1,"data":{"created":1550210559068},"id":"editor.delete.line"}}
{"session":"41b180faa2a4","build":"183.4284.148","bucket":"-1","time":1550210564186,"group":{"id":"ui.dialogs","version":"8"},"event":{"count":1,"data":{"created":1550210564186,"type":"show"},"id":"com.intellij.openapi.ui.messages.MessageDialog"}}
{"session":"41b180faa2a4","build":"183.4284.148","bucket":"-1","time":1550210565464,"group":{"id":"statistics.lifecycle.app","version":"8"},"event":{"count":1,"data":{"created":1550210565464},"id":"ide.close"}}
{"session":"41b180faa2a4","build":"183.4284.148","bucket":"-1","time":1550210565464,"group":{"id":"lifecycle","version":"8"},"event":{"count":1,"data":{"restart":false,"created":1550210565464},"id":"app.closed"}}
{"session":"41b180faa2a4","build":"183.4284.148","bucket":"-1","time":1550210565485,"group":{"id":"statistics.lifecycle.project","version":"8"},"event":{"count":1,"data":{"created":1550210565485,"project":"1467702432"},"id":"project.closed"}}
{"session":"41b180faa2a4","build":"183.4284.148","bucket":"-1","time":1550210565608,"group":{"id":"lifecycle","version":"8"},"event":{"count":1,"data":{"created":1550210565608},"id":"project.closed"}}
