{"session":"416dc10b3bc6","build":"183.4284.148","bucket":"-1","time":1550199255167,"group":{"id":"system.os.name","version":"8"},"event":{"data":{"created":1550199255168},"id":"Windows"}}
{"session":"416dc10b3bc6","build":"183.4284.148","bucket":"-1","time":1550199255167,"group":{"id":"system.os.version","version":"8"},"event":{"data":{"created":1550199255216},"id":"10.0"}}
{"session":"416dc10b3bc6","build":"183.4284.148","bucket":"-1","time":1550199255167,"group":{"id":"system.jvm.vendor","version":"8"},"event":{"data":{"created":1550199255225},"id":"JetBrains_s.r.o"}}
{"session":"416dc10b3bc6","build":"183.4284.148","bucket":"-1","time":1550199255167,"group":{"id":"system.jvm.version","version":"8"},"event":{"data":{"created":1550199255226},"id":"1.8"}}
{"session":"416dc10b3bc6","build":"183.4284.148","bucket":"-1","time":1550199255168,"group":{"id":"settings","version":"8"},"event":{"data":{"created":1550199255227,"name":"activeMruEditorOnClose","value":false},"id":"UISettings"}}
{"session":"416dc10b3bc6","build":"183.4284.148","bucket":"-1","time":1550199255168,"group":{"id":"settings","version":"8"},"event":{"data":{"created":1550199255227,"name":"activeRightEditorOnClose","value":false},"id":"UISettings"}}
{"session":"416dc10b3bc6","build":"183.4284.148","bucket":"-1","time":1550199255168,"group":{"id":"settings","version":"8"},"event":{"data":{"created":1550199255228,"name":"allowMergeButtons","value":true},"id":"UISettings"}}
{"session":"416dc10b3bc6","build":"183.4284.148","bucket":"-1","time":1550199255168,"group":{"id":"settings","version":"8"},"event":{"data":{"created":1550199255228,"name":"alwaysShowWindowsButton","value":false},"id":"UISettings"}}
{"session":"416dc10b3bc6","build":"183.4284.148","bucket":"-1","time":1550199255168,"group":{"id":"settings","version":"8"},"event":{"data":{"created":1550199255229,"name":"animateWindows","value":true},"id":"UISettings"}}
{"session":"416dc10b3bc6","build":"183.4284.148","bucket":"-1","time":1550199255168,"group":{"id":"settings","version":"8"},"event":{"data":{"created":1550199255229,"name":"closeNonModifiedFilesFirst","value":false},"id":"UISettings"}}
{"session":"416dc10b3bc6","build":"183.4284.148","bucket":"-1","time":1550199255168,"group":{"id":"settings","version":"8"},"event":{"data":{"created":1550199255229,"name":"closeTabButtonOnTheRight","value":true},"id":"UISettings"}}
{"session":"416dc10b3bc6","build":"183.4284.148","bucket":"-1","time":1550199255168,"group":{"id":"settings","version":"8"},"event":{"data":{"created":1550199255230,"name":"cycleScrolling","value":true},"id":"UISettings"}}
{"session":"416dc10b3bc6","build":"183.4284.148","bucket":"-1","time":1550199255168,"group":{"id":"settings","version":"8"},"event":{"data":{"created":1550199255230,"name":"defaultAutoScrollToSource","value":false},"id":"UISettings"}}
{"session":"416dc10b3bc6","build":"183.4284.148","bucket":"-1","time":1550199255168,"group":{"id":"settings","version":"8"},"event":{"data":{"created":1550199255230,"name":"disableMnemonics","value":false},"id":"UISettings"}}
{"session":"416dc10b3bc6","build":"183.4284.148","bucket":"-1","time":1550199255168,"group":{"id":"settings","version":"8"},"event":{"data":{"created":1550199255231,"name":"disableMnemonicsInControls","value":false},"id":"UISettings"}}
{"session":"416dc10b3bc6","build":"183.4284.148","bucket":"-1","time":1550199255168,"group":{"id":"settings","version":"8"},"event":{"data":{"created":1550199255231,"name":"dndWithPressedAltOnly","value":false},"id":"UISettings"}}
{"session":"416dc10b3bc6","build":"183.4284.148","bucket":"-1","time":1550199255168,"group":{"id":"settings","version":"8"},"event":{"data":{"created":1550199255232,"name":"enableAlphaMode","value":false},"id":"UISettings"}}
{"session":"416dc10b3bc6","build":"183.4284.148","bucket":"-1","time":1550199255168,"group":{"id":"settings","version":"8"},"event":{"data":{"created":1550199255232,"name":"hideKnownExtensionInTabs","value":false},"id":"UISettings"}}
{"session":"416dc10b3bc6","build":"183.4284.148","bucket":"-1","time":1550199255168,"group":{"id":"settings","version":"8"},"event":{"data":{"created":1550199255232,"name":"hideNavigationOnFocusLoss","value":true},"id":"UISettings"}}
{"session":"416dc10b3bc6","build":"183.4284.148","bucket":"-1","time":1550199255168,"group":{"id":"settings","version":"8"},"event":{"data":{"created":1550199255233,"name":"hideTabsIfNeed","value":true},"id":"UISettings"}}
{"session":"416dc10b3bc6","build":"183.4284.148","bucket":"-1","time":1550199255169,"group":{"id":"settings","version":"8"},"event":{"data":{"created":1550199255233,"name":"hideToolStripes","value":false},"id":"UISettings"}}
{"session":"416dc10b3bc6","build":"183.4284.148","bucket":"-1","time":1550199255169,"group":{"id":"settings","version":"8"},"event":{"data":{"created":1550199255234,"name":"leftHorizontalSplit","value":false},"id":"UISettings"}}
{"session":"416dc10b3bc6","build":"183.4284.148","bucket":"-1","time":1550199255169,"group":{"id":"settings","version":"8"},"event":{"data":{"created":1550199255234,"name":"markModifiedTabsWithAsterisk","value":false},"id":"UISettings"}}
{"session":"416dc10b3bc6","build":"183.4284.148","bucket":"-1","time":1550199255169,"group":{"id":"settings","version":"8"},"event":{"data":{"created":1550199255234,"name":"mergeEqualStackTraces","value":true},"id":"UISettings"}}
{"session":"416dc10b3bc6","build":"183.4284.148","bucket":"-1","time":1550199255169,"group":{"id":"settings","version":"8"},"event":{"data":{"created":1550199255235,"name":"moveMouseOnDefaultButton","value":false},"id":"UISettings"}}
{"session":"416dc10b3bc6","build":"183.4284.148","bucket":"-1","time":1550199255169,"group":{"id":"settings","version":"8"},"event":{"data":{"created":1550199255235,"name":"navigateToPreview","value":false},"id":"UISettings"}}
{"session":"416dc10b3bc6","build":"183.4284.148","bucket":"-1","time":1550199255169,"group":{"id":"settings","version":"8"},"event":{"data":{"created":1550199255235,"name":"overrideConsoleCycleBufferSize","value":false},"id":"UISettings"}}
{"session":"416dc10b3bc6","build":"183.4284.148","bucket":"-1","time":1550199255169,"group":{"id":"settings","version":"8"},"event":{"data":{"created":1550199255235,"name":"overrideLafFonts","value":false},"id":"UISettings"}}
{"session":"416dc10b3bc6","build":"183.4284.148","bucket":"-1","time":1550199255169,"group":{"id":"settings","version":"8"},"event":{"data":{"created":1550199255236,"name":"pinFindInPath","value":false},"id":"UISettings"}}
{"session":"416dc10b3bc6","build":"183.4284.148","bucket":"-1","time":1550199255169,"group":{"id":"settings","version":"8"},"event":{"data":{"created":1550199255237,"name":"presentationMode","value":false},"id":"UISettings"}}
{"session":"416dc10b3bc6","build":"183.4284.148","bucket":"-1","time":1550199255169,"group":{"id":"settings","version":"8"},"event":{"data":{"created":1550199255237,"name":"reuseNotModifiedTabs","value":false},"id":"UISettings"}}
{"session":"416dc10b3bc6","build":"183.4284.148","bucket":"-1","time":1550199255169,"group":{"id":"settings","version":"8"},"event":{"data":{"created":1550199255237,"name":"rightHorizontalSplit","value":false},"id":"UISettings"}}
{"session":"416dc10b3bc6","build":"183.4284.148","bucket":"-1","time":1550199255169,"group":{"id":"settings","version":"8"},"event":{"data":{"created":1550199255237,"name":"scrollTabLayoutInEditor","value":true},"id":"UISettings"}}
{"session":"416dc10b3bc6","build":"183.4284.148","bucket":"-1","time":1550199255169,"group":{"id":"settings","version":"8"},"event":{"data":{"created":1550199255238,"name":"showCloseButton","value":true},"id":"UISettings"}}
{"session":"416dc10b3bc6","build":"183.4284.148","bucket":"-1","time":1550199255169,"group":{"id":"settings","version":"8"},"event":{"data":{"created":1550199255238,"name":"showDirectoryForNonUniqueFilenames","value":true},"id":"UISettings"}}
{"session":"416dc10b3bc6","build":"183.4284.148","bucket":"-1","time":1550199255169,"group":{"id":"settings","version":"8"},"event":{"data":{"created":1550199255238,"name":"showEditorToolTip","value":true},"id":"UISettings"}}
{"session":"416dc10b3bc6","build":"183.4284.148","bucket":"-1","time":1550199255169,"group":{"id":"settings","version":"8"},"event":{"data":{"created":1550199255239,"name":"showIconInQuickNavigation","value":true},"id":"UISettings"}}
{"session":"416dc10b3bc6","build":"183.4284.148","bucket":"-1","time":1550199255169,"group":{"id":"settings","version":"8"},"event":{"data":{"created":1550199255239,"name":"showIconsInMenus","value":true},"id":"UISettings"}}
{"session":"416dc10b3bc6","build":"183.4284.148","bucket":"-1","time":1550199255169,"group":{"id":"settings","version":"8"},"event":{"data":{"created":1550199255239,"name":"showMainToolbar","value":false},"id":"UISettings"}}
{"session":"416dc10b3bc6","build":"183.4284.148","bucket":"-1","time":1550199255169,"group":{"id":"settings","version":"8"},"event":{"data":{"created":1550199255239,"name":"showMemoryIndicator","value":false},"id":"UISettings"}}
{"session":"416dc10b3bc6","build":"183.4284.148","bucket":"-1","time":1550199255169,"group":{"id":"settings","version":"8"},"event":{"data":{"created":1550199255240,"name":"showNavigationBar","value":true},"id":"UISettings"}}
{"session":"416dc10b3bc6","build":"183.4284.148","bucket":"-1","time":1550199255169,"group":{"id":"settings","version":"8"},"event":{"data":{"created":1550199255240,"name":"showStatusBar","value":true},"id":"UISettings"}}
{"session":"416dc10b3bc6","build":"183.4284.148","bucket":"-1","time":1550199255169,"group":{"id":"settings","version":"8"},"event":{"data":{"created":1550199255240,"name":"showTabsTooltips","value":true},"id":"UISettings"}}
{"session":"416dc10b3bc6","build":"183.4284.148","bucket":"-1","time":1550199255169,"group":{"id":"settings","version":"8"},"event":{"data":{"created":1550199255240,"name":"showToolWindowsNumbers","value":true},"id":"UISettings"}}
{"session":"416dc10b3bc6","build":"183.4284.148","bucket":"-1","time":1550199255169,"group":{"id":"settings","version":"8"},"event":{"data":{"created":1550199255241,"name":"smoothScrolling","value":false},"id":"UISettings"}}
{"session":"416dc10b3bc6","build":"183.4284.148","bucket":"-1","time":1550199255169,"group":{"id":"settings","version":"8"},"event":{"data":{"created":1550199255241,"name":"sortBookmarks","value":false},"id":"UISettings"}}
{"session":"416dc10b3bc6","build":"183.4284.148","bucket":"-1","time":1550199255169,"group":{"id":"settings","version":"8"},"event":{"data":{"created":1550199255241,"name":"sortLookupElementsLexicographically","value":false},"id":"UISettings"}}
{"session":"416dc10b3bc6","build":"183.4284.148","bucket":"-1","time":1550199255169,"group":{"id":"settings","version":"8"},"event":{"data":{"created":1550199255242,"name":"useSmallLabelsOnTabs","value":false},"id":"UISettings"}}
{"session":"416dc10b3bc6","build":"183.4284.148","bucket":"-1","time":1550199255169,"group":{"id":"settings","version":"8"},"event":{"data":{"created":1550199255242,"name":"wideScreenSupport","value":false},"id":"UISettings"}}
{"session":"416dc10b3bc6","build":"183.4284.148","bucket":"-1","time":1550199257699,"group":{"id":"settings","version":"8"},"event":{"data":{"created":1550199257699,"name":"autoSaveIfInactive","value":false},"id":"GeneralSettings"}}
{"session":"416dc10b3bc6","build":"183.4284.148","bucket":"-1","time":1550199257699,"group":{"id":"settings","version":"8"},"event":{"data":{"created":1550199257699,"name":"confirmExit","value":true},"id":"GeneralSettings"}}
{"session":"416dc10b3bc6","build":"183.4284.148","bucket":"-1","time":1550199257699,"group":{"id":"settings","version":"8"},"event":{"data":{"created":1550199257700,"name":"reopenLastProject","value":true},"id":"GeneralSettings"}}
{"session":"416dc10b3bc6","build":"183.4284.148","bucket":"-1","time":1550199257699,"group":{"id":"settings","version":"8"},"event":{"data":{"created":1550199257700,"name":"saveOnFrameDeactivation","value":true},"id":"GeneralSettings"}}
{"session":"416dc10b3bc6","build":"183.4284.148","bucket":"-1","time":1550199257699,"group":{"id":"settings","version":"8"},"event":{"data":{"created":1550199257700,"name":"searchInBackground","value":false},"id":"GeneralSettings"}}
{"session":"416dc10b3bc6","build":"183.4284.148","bucket":"-1","time":1550199257699,"group":{"id":"settings","version":"8"},"event":{"data":{"default":false,"created":1550199257700,"name":"showTipsOnStartup","value":false},"id":"GeneralSettings"}}
{"session":"416dc10b3bc6","build":"183.4284.148","bucket":"-1","time":1550199257699,"group":{"id":"settings","version":"8"},"event":{"data":{"created":1550199257700,"name":"showWelcomeScreen","value":true},"id":"GeneralSettings"}}
{"session":"416dc10b3bc6","build":"183.4284.148","bucket":"-1","time":1550199257699,"group":{"id":"settings","version":"8"},"event":{"data":{"created":1550199257700,"name":"supportScreenReaders","value":false},"id":"GeneralSettings"}}
{"session":"416dc10b3bc6","build":"183.4284.148","bucket":"-1","time":1550199257699,"group":{"id":"settings","version":"8"},"event":{"data":{"created":1550199257700,"name":"syncOnFrameActivation","value":true},"id":"GeneralSettings"}}
{"session":"416dc10b3bc6","build":"183.4284.148","bucket":"-1","time":1550199257699,"group":{"id":"settings","version":"8"},"event":{"data":{"created":1550199257701,"name":"useDefaultBrowser","value":true},"id":"GeneralSettings"}}
{"session":"416dc10b3bc6","build":"183.4284.148","bucket":"-1","time":1550199257699,"group":{"id":"settings","version":"8"},"event":{"data":{"created":1550199257701,"name":"useSafeWrite","value":true},"id":"GeneralSettings"}}
{"session":"416dc10b3bc6","build":"183.4284.148","bucket":"-1","time":1550199267915,"group":{"id":"ui.dialogs","version":"8"},"event":{"count":1,"data":{"created":1550199267915,"type":"show"},"id":"com.intellij.openapi.progress.util.ProgressDialog$MyDialogWrapper"}}
{"session":"416dc10b3bc6","build":"183.4284.148","bucket":"-1","time":1550199268574,"group":{"id":"statistics.lifecycle.app","version":"8"},"event":{"count":1,"data":{"created":1550199268574,"data_2":"10+","data_1":"timeSecondsGrouped"},"id":"ide.freeze"}}
{"session":"416dc10b3bc6","build":"183.4284.148","bucket":"-1","time":1550199268581,"group":{"id":"lifecycle","version":"8"},"event":{"count":1,"data":{"durationSeconds":11,"created":1550199268581},"id":"ide.freeze"}}
{"session":"416dc10b3bc6","build":"183.4284.148","bucket":"-1","time":1550199282420,"group":{"id":"ui.dialogs","version":"8"},"event":{"count":1,"data":{"code":1,"created":1550199282421,"type":"close"},"id":"com.intellij.openapi.progress.util.ProgressDialog$MyDialogWrapper"}}
{"session":"416dc10b3bc6","build":"183.4284.148","bucket":"-1","time":1550199282691,"group":{"id":"statistics.lifecycle.project","version":"8"},"event":{"count":1,"data":{"created":1550199282697,"project":"1467702432"},"id":"project.opened"}}
{"session":"416dc10b3bc6","build":"183.4284.148","bucket":"-1","time":1550199282692,"group":{"id":"lifecycle","version":"8"},"event":{"count":1,"data":{"created":1550199282698},"id":"project.opened"}}
{"session":"416dc10b3bc6","build":"183.4284.148","bucket":"-1","time":1550199287983,"group":{"id":"ui.dialogs","version":"8"},"event":{"count":1,"data":{"created":1550199287983,"type":"show"},"id":"com.intellij.openapi.progress.util.ProgressDialog$MyDialogWrapper"}}
{"session":"416dc10b3bc6","build":"183.4284.148","bucket":"-1","time":1550199288644,"group":{"id":"statistics.lifecycle.app","version":"8"},"event":{"count":1,"data":{"created":1550199288644,"data_2":"7","data_1":"timeSecondsGrouped"},"id":"ide.freeze"}}
{"session":"416dc10b3bc6","build":"183.4284.148","bucket":"-1","time":1550199288644,"group":{"id":"lifecycle","version":"8"},"event":{"count":1,"data":{"durationSeconds":7,"created":1550199288644},"id":"ide.freeze"}}
{"session":"416dc10b3bc6","build":"183.4284.148","bucket":"-1","time":1550199292095,"group":{"id":"toolwindow","version":"8"},"event":{"count":1,"data":{"created":1550199292095,"data_1":"Windows"},"id":"Project_by_Activation"}}
{"session":"416dc10b3bc6","build":"183.4284.148","bucket":"-1","time":1550199294839,"group":{"id":"statistics.lifecycle.app","version":"8"},"event":{"count":1,"data":{"created":1550199294839},"id":"ide.start"}}
{"session":"416dc10b3bc6","build":"183.4284.148","bucket":"-1","time":1550199294839,"group":{"id":"lifecycle","version":"8"},"event":{"count":1,"data":{"created":1550199294840},"id":"app.started"}}
{"session":"416dc10b3bc6","build":"183.4284.148","bucket":"-1","time":1550199297361,"group":{"id":"ui.dialogs","version":"8"},"event":{"count":1,"data":{"code":1,"created":1550199297363,"type":"close"},"id":"com.intellij.openapi.progress.util.ProgressDialog$MyDialogWrapper"}}
{"session":"416dc10b3bc6","build":"183.4284.148","bucket":"-1","time":1550199297970,"group":{"id":"statistics.lifecycle.project","version":"8"},"event":{"count":1,"data":{"created":1550199297970,"project":"1467702432"},"id":"project.open.time.31"}}
{"session":"416dc10b3bc6","build":"183.4284.148","bucket":"-1","time":1550199297970,"group":{"id":"lifecycle","version":"8"},"event":{"count":1,"data":{"created":1550199297970,"time.ms":31140},"id":"project.opening.finished"}}
{"session":"416dc10b3bc6","build":"183.4284.148","bucket":"-1","time":1550199321691,"group":{"id":"statistics.file.types.open","version":"8"},"event":{"count":1,"data":{"created":1550199321691,"project":"1467702432"},"id":"JAVA"}}
{"session":"416dc10b3bc6","build":"183.4284.148","bucket":"-1","time":1550199327652,"group":{"id":"statistics.actions.main.menu.v2","version":"8"},"event":{"count":1,"data":{"created":1550199327652,"data_1":"Windows"},"id":"File_->_Settings..."}}
{"session":"416dc10b3bc6","build":"183.4284.148","bucket":"-1","time":1550199327724,"group":{"id":"actions.v2","version":"8"},"event":{"count":1,"data":{"context_menu":true,"created":1550199327724,"place":"MainMenu","data_1":"Windows"},"id":"ShowSettings"}}
{"session":"416dc10b3bc6","build":"183.4284.148","bucket":"-1","time":1550199330532,"group":{"id":"ui.dialogs","version":"8"},"event":{"count":1,"data":{"created":1550199330532,"type":"show"},"id":"com.intellij.openapi.options.newEditor.SettingsDialog"}}
{"session":"416dc10b3bc6","build":"183.4284.148","bucket":"-1","time":1550199369753,"group":{"id":"ui.dialogs","version":"8"},"event":{"count":1,"data":{"created":1550199369753,"type":"show"},"id":"com.intellij.ui.ColorPicker$ColorPickerDialog"}}
{"session":"416dc10b3bc6","build":"183.4284.148","bucket":"-1","time":1550199373892,"group":{"id":"actions.v2","version":"8"},"event":{"count":1,"data":{"context_menu":false,"created":1550199373892,"data_1":"Windows"},"id":"EditorBackSpace"}}
{"session":"416dc10b3bc6","build":"183.4284.148","bucket":"-1","time":1550199378689,"group":{"id":"ui.dialogs","version":"8"},"event":{"count":1,"data":{"code":0,"created":1550199378689,"type":"close"},"id":"com.intellij.ui.ColorPicker$ColorPickerDialog"}}
{"session":"416dc10b3bc6","build":"183.4284.148","bucket":"-1","time":1550199388015,"group":{"id":"ui.dialogs","version":"8"},"event":{"count":1,"data":{"created":1550199388015,"type":"show"},"id":"com.intellij.ui.ColorPicker$ColorPickerDialog"}}
{"session":"416dc10b3bc6","build":"183.4284.148","bucket":"-1","time":1550199394440,"group":{"id":"ui.dialogs","version":"8"},"event":{"count":1,"data":{"code":0,"created":1550199394440,"type":"close"},"id":"com.intellij.ui.ColorPicker$ColorPickerDialog"}}
{"session":"416dc10b3bc6","build":"183.4284.148","bucket":"-1","time":1550199404401,"group":{"id":"ui.dialogs","version":"8"},"event":{"count":1,"data":{"code":0,"created":1550199404401,"type":"close"},"id":"com.intellij.openapi.options.newEditor.SettingsDialog"}}
{"session":"416dc10b3bc6","build":"183.4284.148","bucket":"-1","time":1550199466035,"group":{"id":"actions.v2","version":"8"},"event":{"count":1,"data":{"context_menu":true,"created":1550199466035,"place":"EditorPopup","data_1":"Windows"},"id":"third.party.plugin.action"}}
{"session":"416dc10b3bc6","build":"183.4284.148","bucket":"-1","time":1550199466057,"group":{"id":"ui.dialogs","version":"8"},"event":{"count":1,"data":{"created":1550199466057,"type":"show"},"id":"com.intellij.openapi.ui.messages.MessageDialog"}}
{"session":"416dc10b3bc6","build":"183.4284.148","bucket":"-1","time":1550199480848,"group":{"id":"actions.v2","version":"8"},"event":{"count":2,"data":{"context_menu":true,"last":1550199483129,"created":1550199480848,"place":"EditorPopup","data_1":"Windows"},"id":"third.party.plugin.action"}}
{"session":"416dc10b3bc6","build":"183.4284.148","bucket":"-1","time":1550199494680,"group":{"id":"statistics.productivity","version":"8"},"event":{"count":2,"data":{"last":1550199495207,"created":1550199494680},"id":"editing.select.word"}}
{"session":"416dc10b3bc6","build":"183.4284.148","bucket":"-1","time":1550199498049,"group":{"id":"actions.v2","version":"8"},"event":{"count":1,"data":{"context_menu":true,"created":1550199498049,"place":"EditorPopup","data_1":"Windows"},"id":"third.party.plugin.action"}}
{"session":"416dc10b3bc6","build":"183.4284.148","bucket":"-1","time":1550199499703,"group":{"id":"actions.v2","version":"8"},"event":{"count":1,"data":{"context_menu":false,"created":1550199499703,"data_1":"Windows"},"id":"$Undo"}}
{"session":"416dc10b3bc6","build":"183.4284.148","bucket":"-1","time":1550199503023,"group":{"id":"statistics.productivity","version":"8"},"event":{"count":1,"data":{"created":1550199503023},"id":"editing.select.word"}}
{"session":"416dc10b3bc6","build":"183.4284.148","bucket":"-1","time":1550199505704,"group":{"id":"actions.v2","version":"8"},"event":{"count":1,"data":{"context_menu":true,"created":1550199505704,"place":"EditorPopup","data_1":"Windows"},"id":"third.party.plugin.action"}}
{"session":"416dc10b3bc6","build":"183.4284.148","bucket":"-1","time":1550199507076,"group":{"id":"actions.v2","version":"8"},"event":{"count":1,"data":{"context_menu":false,"created":1550199507076,"data_1":"Windows"},"id":"$Undo"}}
{"session":"416dc10b3bc6","build":"183.4284.148","bucket":"-1","time":1550199507751,"group":{"id":"statistics.productivity","version":"8"},"event":{"count":1,"data":{"created":1550199507751},"id":"editing.select.word"}}
{"session":"416dc10b3bc6","build":"183.4284.148","bucket":"-1","time":1550199510585,"group":{"id":"actions.v2","version":"8"},"event":{"count":1,"data":{"context_menu":true,"created":1550199510585,"place":"EditorPopup","data_1":"Windows"},"id":"third.party.plugin.action"}}
{"session":"416dc10b3bc6","build":"183.4284.148","bucket":"-1","time":1550199511481,"group":{"id":"actions.v2","version":"8"},"event":{"count":1,"data":{"context_menu":false,"created":1550199511481,"data_1":"Windows"},"id":"$Undo"}}
{"session":"416dc10b3bc6","build":"183.4284.148","bucket":"-1","time":1550199513080,"group":{"id":"statistics.productivity","version":"8"},"event":{"count":1,"data":{"created":1550199513080},"id":"editing.select.word"}}
{"session":"416dc10b3bc6","build":"183.4284.148","bucket":"-1","time":1550199514298,"group":{"id":"actions.v2","version":"8"},"event":{"count":2,"data":{"context_menu":true,"last":1550199518129,"created":1550199514298,"place":"EditorPopup","data_1":"Windows"},"id":"third.party.plugin.action"}}
{"session":"416dc10b3bc6","build":"183.4284.148","bucket":"-1","time":1550199518132,"group":{"id":"ui.dialogs","version":"8"},"event":{"count":1,"data":{"created":1550199518132,"type":"show"},"id":"com.intellij.openapi.ui.messages.MessageDialog"}}
{"session":"416dc10b3bc6","build":"183.4284.148","bucket":"-1","time":1550199522929,"group":{"id":"actions.v2","version":"8"},"event":{"count":1,"data":{"context_menu":true,"created":1550199522929,"place":"EditorPopup","data_1":"Windows"},"id":"third.party.plugin.action"}}
{"session":"416dc10b3bc6","build":"183.4284.148","bucket":"-1","time":1550199522932,"group":{"id":"ui.dialogs","version":"8"},"event":{"count":1,"data":{"created":1550199522932,"type":"show"},"id":"com.intellij.openapi.ui.messages.MessageDialog"}}
{"session":"416dc10b3bc6","build":"183.4284.148","bucket":"-1","time":1550199530586,"group":{"id":"actions.v2","version":"8"},"event":{"count":1,"data":{"context_menu":true,"created":1550199530586,"place":"EditorPopup","data_1":"Windows"},"id":"third.party.plugin.action"}}
{"session":"416dc10b3bc6","build":"183.4284.148","bucket":"-1","time":1550199530589,"group":{"id":"ui.dialogs","version":"8"},"event":{"count":1,"data":{"created":1550199530589,"type":"show"},"id":"com.intellij.openapi.ui.messages.MessageDialog"}}
{"session":"416dc10b3bc6","build":"183.4284.148","bucket":"-1","time":1550199543776,"group":{"id":"actions.v2","version":"8"},"event":{"count":1,"data":{"context_menu":true,"created":1550199543776,"place":"EditorPopup","data_1":"Windows"},"id":"third.party.plugin.action"}}
{"session":"416dc10b3bc6","build":"183.4284.148","bucket":"-1","time":1550199543780,"group":{"id":"ui.dialogs","version":"8"},"event":{"count":1,"data":{"created":1550199543780,"type":"show"},"id":"com.intellij.openapi.ui.messages.MessageDialog"}}
{"session":"416dc10b3bc6","build":"183.4284.148","bucket":"-1","time":1550199560383,"group":{"id":"actions.v2","version":"8"},"event":{"count":1,"data":{"context_menu":true,"created":1550199560383,"place":"EditorPopup","data_1":"Windows"},"id":"third.party.plugin.action"}}
{"session":"416dc10b3bc6","build":"183.4284.148","bucket":"-1","time":1550199560386,"group":{"id":"ui.dialogs","version":"8"},"event":{"count":1,"data":{"created":1550199560386,"type":"show"},"id":"com.intellij.openapi.ui.messages.MessageDialog"}}
{"session":"416dc10b3bc6","build":"183.4284.148","bucket":"-1","time":1550199565260,"group":{"id":"ui.dialogs","version":"8"},"event":{"count":1,"data":{"code":2,"created":1550199565260,"type":"close"},"id":"com.intellij.openapi.ui.messages.MessageDialog"}}
{"session":"416dc10b3bc6","build":"183.4284.148","bucket":"-1","time":1550199571527,"group":{"id":"statistics.productivity","version":"8"},"event":{"count":1,"data":{"created":1550199571527},"id":"editing.select.word"}}
{"session":"416dc10b3bc6","build":"183.4284.148","bucket":"-1","time":1550199574561,"group":{"id":"actions.v2","version":"8"},"event":{"count":1,"data":{"context_menu":true,"created":1550199574561,"place":"EditorPopup","data_1":"Windows"},"id":"third.party.plugin.action"}}
{"session":"416dc10b3bc6","build":"183.4284.148","bucket":"-1","time":1550199577953,"group":{"id":"actions.v2","version":"8"},"event":{"count":1,"data":{"context_menu":false,"created":1550199577953,"data_1":"Windows"},"id":"$Undo"}}
{"session":"416dc10b3bc6","build":"183.4284.148","bucket":"-1","time":1550199584416,"group":{"id":"actions.v2","version":"8"},"event":{"count":1,"data":{"context_menu":true,"created":1550199584416,"place":"MainMenu","data_1":"Windows"},"id":"third.party.plugin.action"}}
{"session":"416dc10b3bc6","build":"183.4284.148","bucket":"-1","time":1550199584419,"group":{"id":"ui.dialogs","version":"8"},"event":{"count":1,"data":{"created":1550199584419,"type":"show"},"id":"com.intellij.openapi.ui.messages.MessageDialog"}}
{"session":"416dc10b3bc6","build":"183.4284.148","bucket":"-1","time":1550199590345,"group":{"id":"actions.v2","version":"8"},"event":{"count":1,"data":{"context_menu":true,"created":1550199590345,"place":"MainMenu","data_1":"Windows"},"id":"third.party.plugin.action"}}
{"session":"416dc10b3bc6","build":"183.4284.148","bucket":"-1","time":1550199590347,"group":{"id":"ui.dialogs","version":"8"},"event":{"count":1,"data":{"created":1550199590347,"type":"show"},"id":"com.intellij.openapi.ui.messages.MessageDialog"}}
{"session":"416dc10b3bc6","build":"183.4284.148","bucket":"-1","time":1550199599081,"group":{"id":"actions.v2","version":"8"},"event":{"count":1,"data":{"context_menu":true,"created":1550199599081,"place":"MainMenu","data_1":"Windows"},"id":"third.party.plugin.action"}}
{"session":"416dc10b3bc6","build":"183.4284.148","bucket":"-1","time":1550199599083,"group":{"id":"ui.dialogs","version":"8"},"event":{"count":1,"data":{"created":1550199599083,"type":"show"},"id":"com.intellij.openapi.ui.messages.MessageDialog"}}
{"session":"416dc10b3bc6","build":"183.4284.148","bucket":"-1","time":1550199607511,"group":{"id":"actions.v2","version":"8"},"event":{"count":1,"data":{"context_menu":true,"created":1550199607511,"place":"MainMenu","data_1":"Windows"},"id":"third.party.plugin.action"}}
{"session":"416dc10b3bc6","build":"183.4284.148","bucket":"-1","time":1550199607515,"group":{"id":"ui.dialogs","version":"8"},"event":{"count":1,"data":{"created":1550199607515,"type":"show"},"id":"com.intellij.openapi.ui.messages.MessageDialog"}}
{"session":"416dc10b3bc6","build":"183.4284.148","bucket":"-1","time":1550199622638,"group":{"id":"actions.v2","version":"8"},"event":{"count":1,"data":{"context_menu":true,"created":1550199622638,"place":"MainMenu","data_1":"Windows"},"id":"third.party.plugin.action"}}
{"session":"416dc10b3bc6","build":"183.4284.148","bucket":"-1","time":1550199622642,"group":{"id":"ui.dialogs","version":"8"},"event":{"count":1,"data":{"created":1550199622642,"type":"show"},"id":"com.intellij.openapi.ui.messages.MessageDialog"}}
{"session":"416dc10b3bc6","build":"183.4284.148","bucket":"-1","time":1550199632732,"group":{"id":"statistics.productivity","version":"8"},"event":{"count":1,"data":{"created":1550199632732},"id":"editing.select.word"}}
{"session":"416dc10b3bc6","build":"183.4284.148","bucket":"-1","time":1550199634055,"group":{"id":"actions.v2","version":"8"},"event":{"count":1,"data":{"context_menu":true,"created":1550199634055,"place":"EditorPopup","data_1":"Windows"},"id":"third.party.plugin.action"}}
{"session":"416dc10b3bc6","build":"183.4284.148","bucket":"-1","time":1550199634918,"group":{"id":"actions.v2","version":"8"},"event":{"count":1,"data":{"context_menu":false,"created":1550199634918,"data_1":"Windows"},"id":"$Undo"}}
{"session":"416dc10b3bc6","build":"183.4284.148","bucket":"-1","time":1550199635436,"group":{"id":"statistics.productivity","version":"8"},"event":{"count":1,"data":{"created":1550199635436},"id":"editing.select.word"}}
{"session":"416dc10b3bc6","build":"183.4284.148","bucket":"-1","time":1550199636575,"group":{"id":"actions.v2","version":"8"},"event":{"count":1,"data":{"context_menu":true,"created":1550199636575,"place":"EditorPopup","data_1":"Windows"},"id":"third.party.plugin.action"}}
{"session":"416dc10b3bc6","build":"183.4284.148","bucket":"-1","time":1550199639135,"group":{"id":"actions.v2","version":"8"},"event":{"count":1,"data":{"context_menu":true,"created":1550199639135,"place":"EditorPopup","data_1":"Windows"},"id":"CopyReference"}}
{"session":"416dc10b3bc6","build":"183.4284.148","bucket":"-1","time":1550199641296,"group":{"id":"actions.v2","version":"8"},"event":{"count":1,"data":{"context_menu":true,"created":1550199641296,"place":"EditorPopup","data_1":"Windows"},"id":"third.party.plugin.action"}}
{"session":"416dc10b3bc6","build":"183.4284.148","bucket":"-1","time":1550199641299,"group":{"id":"ui.dialogs","version":"8"},"event":{"count":1,"data":{"created":1550199641299,"type":"show"},"id":"com.intellij.openapi.ui.messages.MessageDialog"}}
{"session":"416dc10b3bc6","build":"183.4284.148","bucket":"-1","time":1550199642580,"group":{"id":"ui.dialogs","version":"8"},"event":{"count":1,"data":{"code":2,"created":1550199642580,"type":"close"},"id":"com.intellij.openapi.ui.messages.MessageDialog"}}
{"session":"416dc10b3bc6","build":"183.4284.148","bucket":"-1","time":1550199643524,"group":{"id":"statistics.productivity","version":"8"},"event":{"count":1,"data":{"created":1550199643524},"id":"editing.select.word"}}
{"session":"416dc10b3bc6","build":"183.4284.148","bucket":"-1","time":1550199645296,"group":{"id":"actions.v2","version":"8"},"event":{"count":1,"data":{"context_menu":true,"created":1550199645296,"place":"EditorPopup","data_1":"Windows"},"id":"third.party.plugin.action"}}
{"session":"416dc10b3bc6","build":"183.4284.148","bucket":"-1","time":1550199645299,"group":{"id":"ui.dialogs","version":"8"},"event":{"count":1,"data":{"created":1550199645299,"type":"show"},"id":"com.intellij.openapi.ui.messages.MessageDialog"}}
{"session":"416dc10b3bc6","build":"183.4284.148","bucket":"-1","time":1550199647810,"group":{"id":"ui.dialogs","version":"8"},"event":{"count":1,"data":{"code":2,"created":1550199647810,"type":"close"},"id":"com.intellij.openapi.ui.messages.MessageDialog"}}
{"session":"416dc10b3bc6","build":"183.4284.148","bucket":"-1","time":1550199652560,"group":{"id":"actions.v2","version":"8"},"event":{"count":1,"data":{"context_menu":true,"created":1550199652560,"place":"EditorPopup","data_1":"Windows"},"id":"third.party.plugin.action"}}
{"session":"416dc10b3bc6","build":"183.4284.148","bucket":"-1","time":1550199652562,"group":{"id":"ui.dialogs","version":"8"},"event":{"count":1,"data":{"created":1550199652562,"type":"show"},"id":"com.intellij.openapi.ui.messages.MessageDialog"}}
{"session":"416dc10b3bc6","build":"183.4284.148","bucket":"-1","time":1550199659358,"group":{"id":"actions.v2","version":"8"},"event":{"count":1,"data":{"context_menu":true,"created":1550199659358,"place":"EditorPopup","data_1":"Windows"},"id":"third.party.plugin.action"}}
{"session":"416dc10b3bc6","build":"183.4284.148","bucket":"-1","time":1550199659360,"group":{"id":"ui.dialogs","version":"8"},"event":{"count":2,"data":{"last":1550199667440,"created":1550199659361,"type":"show"},"id":"com.intellij.openapi.ui.messages.MessageDialog"}}
{"session":"416dc10b3bc6","build":"183.4284.148","bucket":"-1","time":1550199668636,"group":{"id":"statistics.lifecycle.app","version":"8"},"event":{"count":1,"data":{"created":1550199668637},"id":"ide.close"}}
{"session":"416dc10b3bc6","build":"183.4284.148","bucket":"-1","time":1550199668636,"group":{"id":"lifecycle","version":"8"},"event":{"count":1,"data":{"restart":false,"created":1550199668637},"id":"app.closed"}}
{"session":"416dc10b3bc6","build":"183.4284.148","bucket":"-1","time":1550199668655,"group":{"id":"statistics.lifecycle.project","version":"8"},"event":{"count":1,"data":{"created":1550199668655,"project":"1467702432"},"id":"project.closed"}}
{"session":"416dc10b3bc6","build":"183.4284.148","bucket":"-1","time":1550199668797,"group":{"id":"lifecycle","version":"8"},"event":{"count":1,"data":{"created":1550199668797},"id":"project.closed"}}
