{"session":"bf4ce112cb85","build":"183.4284.148","bucket":"-1","time":1551343403181,"group":{"id":"settings","version":"8"},"event":{"data":{"created":1551343403183,"name":"activeMruEditorOnClose","value":false},"id":"UISettings"}}
{"session":"bf4ce112cb85","build":"183.4284.148","bucket":"-1","time":1551343403181,"group":{"id":"settings","version":"8"},"event":{"data":{"created":1551343403217,"name":"activeRightEditorOnClose","value":false},"id":"UISettings"}}
{"session":"bf4ce112cb85","build":"183.4284.148","bucket":"-1","time":1551343403181,"group":{"id":"settings","version":"8"},"event":{"data":{"created":1551343403234,"name":"allowMergeButtons","value":true},"id":"UISettings"}}
{"session":"bf4ce112cb85","build":"183.4284.148","bucket":"-1","time":1551343403181,"group":{"id":"settings","version":"8"},"event":{"data":{"created":1551343403236,"name":"alwaysShowWindowsButton","value":false},"id":"UISettings"}}
{"session":"bf4ce112cb85","build":"183.4284.148","bucket":"-1","time":1551343403181,"group":{"id":"settings","version":"8"},"event":{"data":{"created":1551343403238,"name":"animateWindows","value":true},"id":"UISettings"}}
{"session":"bf4ce112cb85","build":"183.4284.148","bucket":"-1","time":1551343403181,"group":{"id":"settings","version":"8"},"event":{"data":{"created":1551343403240,"name":"closeNonModifiedFilesFirst","value":false},"id":"UISettings"}}
{"session":"bf4ce112cb85","build":"183.4284.148","bucket":"-1","time":1551343403181,"group":{"id":"settings","version":"8"},"event":{"data":{"created":1551343403240,"name":"closeTabButtonOnTheRight","value":true},"id":"UISettings"}}
{"session":"bf4ce112cb85","build":"183.4284.148","bucket":"-1","time":1551343403181,"group":{"id":"settings","version":"8"},"event":{"data":{"created":1551343403242,"name":"cycleScrolling","value":true},"id":"UISettings"}}
{"session":"bf4ce112cb85","build":"183.4284.148","bucket":"-1","time":1551343403181,"group":{"id":"settings","version":"8"},"event":{"data":{"created":1551343403242,"name":"defaultAutoScrollToSource","value":false},"id":"UISettings"}}
{"session":"bf4ce112cb85","build":"183.4284.148","bucket":"-1","time":1551343403181,"group":{"id":"settings","version":"8"},"event":{"data":{"created":1551343403243,"name":"disableMnemonics","value":false},"id":"UISettings"}}
{"session":"bf4ce112cb85","build":"183.4284.148","bucket":"-1","time":1551343403181,"group":{"id":"settings","version":"8"},"event":{"data":{"created":1551343403243,"name":"disableMnemonicsInControls","value":false},"id":"UISettings"}}
{"session":"bf4ce112cb85","build":"183.4284.148","bucket":"-1","time":1551343403181,"group":{"id":"settings","version":"8"},"event":{"data":{"created":1551343403245,"name":"dndWithPressedAltOnly","value":false},"id":"UISettings"}}
{"session":"bf4ce112cb85","build":"183.4284.148","bucket":"-1","time":1551343403181,"group":{"id":"settings","version":"8"},"event":{"data":{"created":1551343403246,"name":"enableAlphaMode","value":false},"id":"UISettings"}}
{"session":"bf4ce112cb85","build":"183.4284.148","bucket":"-1","time":1551343403181,"group":{"id":"settings","version":"8"},"event":{"data":{"created":1551343403246,"name":"hideKnownExtensionInTabs","value":false},"id":"UISettings"}}
{"session":"bf4ce112cb85","build":"183.4284.148","bucket":"-1","time":1551343403181,"group":{"id":"settings","version":"8"},"event":{"data":{"created":1551343403246,"name":"hideNavigationOnFocusLoss","value":true},"id":"UISettings"}}
{"session":"bf4ce112cb85","build":"183.4284.148","bucket":"-1","time":1551343403181,"group":{"id":"settings","version":"8"},"event":{"data":{"created":1551343403247,"name":"hideTabsIfNeed","value":true},"id":"UISettings"}}
{"session":"bf4ce112cb85","build":"183.4284.148","bucket":"-1","time":1551343403181,"group":{"id":"settings","version":"8"},"event":{"data":{"created":1551343403247,"name":"hideToolStripes","value":false},"id":"UISettings"}}
{"session":"bf4ce112cb85","build":"183.4284.148","bucket":"-1","time":1551343403181,"group":{"id":"settings","version":"8"},"event":{"data":{"created":1551343403247,"name":"leftHorizontalSplit","value":false},"id":"UISettings"}}
{"session":"bf4ce112cb85","build":"183.4284.148","bucket":"-1","time":1551343403181,"group":{"id":"settings","version":"8"},"event":{"data":{"created":1551343403247,"name":"markModifiedTabsWithAsterisk","value":false},"id":"UISettings"}}
{"session":"bf4ce112cb85","build":"183.4284.148","bucket":"-1","time":1551343403181,"group":{"id":"settings","version":"8"},"event":{"data":{"created":1551343403248,"name":"mergeEqualStackTraces","value":true},"id":"UISettings"}}
{"session":"bf4ce112cb85","build":"183.4284.148","bucket":"-1","time":1551343403181,"group":{"id":"settings","version":"8"},"event":{"data":{"created":1551343403248,"name":"moveMouseOnDefaultButton","value":false},"id":"UISettings"}}
{"session":"bf4ce112cb85","build":"183.4284.148","bucket":"-1","time":1551343403181,"group":{"id":"settings","version":"8"},"event":{"data":{"created":1551343403248,"name":"navigateToPreview","value":false},"id":"UISettings"}}
{"session":"bf4ce112cb85","build":"183.4284.148","bucket":"-1","time":1551343403181,"group":{"id":"settings","version":"8"},"event":{"data":{"created":1551343403249,"name":"overrideConsoleCycleBufferSize","value":false},"id":"UISettings"}}
{"session":"bf4ce112cb85","build":"183.4284.148","bucket":"-1","time":1551343403181,"group":{"id":"settings","version":"8"},"event":{"data":{"created":1551343403249,"name":"overrideLafFonts","value":false},"id":"UISettings"}}
{"session":"bf4ce112cb85","build":"183.4284.148","bucket":"-1","time":1551343403181,"group":{"id":"settings","version":"8"},"event":{"data":{"created":1551343403249,"name":"pinFindInPath","value":false},"id":"UISettings"}}
{"session":"bf4ce112cb85","build":"183.4284.148","bucket":"-1","time":1551343403181,"group":{"id":"settings","version":"8"},"event":{"data":{"created":1551343403250,"name":"presentationMode","value":false},"id":"UISettings"}}
{"session":"bf4ce112cb85","build":"183.4284.148","bucket":"-1","time":1551343403181,"group":{"id":"settings","version":"8"},"event":{"data":{"created":1551343403250,"name":"reuseNotModifiedTabs","value":false},"id":"UISettings"}}
{"session":"bf4ce112cb85","build":"183.4284.148","bucket":"-1","time":1551343403181,"group":{"id":"settings","version":"8"},"event":{"data":{"created":1551343403250,"name":"rightHorizontalSplit","value":false},"id":"UISettings"}}
{"session":"bf4ce112cb85","build":"183.4284.148","bucket":"-1","time":1551343403181,"group":{"id":"settings","version":"8"},"event":{"data":{"created":1551343403250,"name":"scrollTabLayoutInEditor","value":true},"id":"UISettings"}}
{"session":"bf4ce112cb85","build":"183.4284.148","bucket":"-1","time":1551343403181,"group":{"id":"settings","version":"8"},"event":{"data":{"created":1551343403251,"name":"showCloseButton","value":true},"id":"UISettings"}}
{"session":"bf4ce112cb85","build":"183.4284.148","bucket":"-1","time":1551343403181,"group":{"id":"settings","version":"8"},"event":{"data":{"created":1551343403251,"name":"showDirectoryForNonUniqueFilenames","value":true},"id":"UISettings"}}
{"session":"bf4ce112cb85","build":"183.4284.148","bucket":"-1","time":1551343403181,"group":{"id":"settings","version":"8"},"event":{"data":{"created":1551343403251,"name":"showEditorToolTip","value":true},"id":"UISettings"}}
{"session":"bf4ce112cb85","build":"183.4284.148","bucket":"-1","time":1551343403181,"group":{"id":"settings","version":"8"},"event":{"data":{"created":1551343403251,"name":"showIconInQuickNavigation","value":true},"id":"UISettings"}}
{"session":"bf4ce112cb85","build":"183.4284.148","bucket":"-1","time":1551343403181,"group":{"id":"settings","version":"8"},"event":{"data":{"created":1551343403251,"name":"showIconsInMenus","value":true},"id":"UISettings"}}
{"session":"bf4ce112cb85","build":"183.4284.148","bucket":"-1","time":1551343403181,"group":{"id":"settings","version":"8"},"event":{"data":{"created":1551343403252,"name":"showMainToolbar","value":false},"id":"UISettings"}}
{"session":"bf4ce112cb85","build":"183.4284.148","bucket":"-1","time":1551343403182,"group":{"id":"settings","version":"8"},"event":{"data":{"created":1551343403252,"name":"showMemoryIndicator","value":false},"id":"UISettings"}}
{"session":"bf4ce112cb85","build":"183.4284.148","bucket":"-1","time":1551343403182,"group":{"id":"settings","version":"8"},"event":{"data":{"created":1551343403252,"name":"showNavigationBar","value":true},"id":"UISettings"}}
{"session":"bf4ce112cb85","build":"183.4284.148","bucket":"-1","time":1551343403182,"group":{"id":"settings","version":"8"},"event":{"data":{"created":1551343403252,"name":"showStatusBar","value":true},"id":"UISettings"}}
{"session":"bf4ce112cb85","build":"183.4284.148","bucket":"-1","time":1551343403182,"group":{"id":"settings","version":"8"},"event":{"data":{"created":1551343403252,"name":"showTabsTooltips","value":true},"id":"UISettings"}}
{"session":"bf4ce112cb85","build":"183.4284.148","bucket":"-1","time":1551343403182,"group":{"id":"settings","version":"8"},"event":{"data":{"created":1551343403253,"name":"showToolWindowsNumbers","value":true},"id":"UISettings"}}
{"session":"bf4ce112cb85","build":"183.4284.148","bucket":"-1","time":1551343403182,"group":{"id":"settings","version":"8"},"event":{"data":{"created":1551343403253,"name":"smoothScrolling","value":false},"id":"UISettings"}}
{"session":"bf4ce112cb85","build":"183.4284.148","bucket":"-1","time":1551343403182,"group":{"id":"settings","version":"8"},"event":{"data":{"created":1551343403253,"name":"sortBookmarks","value":false},"id":"UISettings"}}
{"session":"bf4ce112cb85","build":"183.4284.148","bucket":"-1","time":1551343403182,"group":{"id":"settings","version":"8"},"event":{"data":{"created":1551343403253,"name":"sortLookupElementsLexicographically","value":false},"id":"UISettings"}}
{"session":"bf4ce112cb85","build":"183.4284.148","bucket":"-1","time":1551343403182,"group":{"id":"settings","version":"8"},"event":{"data":{"created":1551343403253,"name":"useSmallLabelsOnTabs","value":false},"id":"UISettings"}}
{"session":"bf4ce112cb85","build":"183.4284.148","bucket":"-1","time":1551343403182,"group":{"id":"settings","version":"8"},"event":{"data":{"created":1551343403254,"name":"wideScreenSupport","value":false},"id":"UISettings"}}
{"session":"bf4ce112cb85","build":"183.4284.148","bucket":"-1","time":1551343403248,"group":{"id":"system.os.name","version":"8"},"event":{"data":{"created":1551343403254},"id":"Windows"}}
{"session":"bf4ce112cb85","build":"183.4284.148","bucket":"-1","time":1551343403248,"group":{"id":"system.os.version","version":"8"},"event":{"data":{"created":1551343403254},"id":"10.0"}}
{"session":"bf4ce112cb85","build":"183.4284.148","bucket":"-1","time":1551343403248,"group":{"id":"system.jvm.vendor","version":"8"},"event":{"data":{"created":1551343403254},"id":"JetBrains_s.r.o"}}
{"session":"bf4ce112cb85","build":"183.4284.148","bucket":"-1","time":1551343403248,"group":{"id":"system.jvm.version","version":"8"},"event":{"data":{"created":1551343403258},"id":"1.8"}}
{"session":"bf4ce112cb85","build":"183.4284.148","bucket":"-1","time":1551343403945,"group":{"id":"settings","version":"8"},"event":{"data":{"created":1551343403947,"name":"autoSaveIfInactive","value":false},"id":"GeneralSettings"}}
{"session":"bf4ce112cb85","build":"183.4284.148","bucket":"-1","time":1551343403945,"group":{"id":"settings","version":"8"},"event":{"data":{"created":1551343403951,"name":"confirmExit","value":true},"id":"GeneralSettings"}}
{"session":"bf4ce112cb85","build":"183.4284.148","bucket":"-1","time":1551343403945,"group":{"id":"settings","version":"8"},"event":{"data":{"created":1551343403951,"name":"reopenLastProject","value":true},"id":"GeneralSettings"}}
{"session":"bf4ce112cb85","build":"183.4284.148","bucket":"-1","time":1551343403945,"group":{"id":"settings","version":"8"},"event":{"data":{"created":1551343403951,"name":"saveOnFrameDeactivation","value":true},"id":"GeneralSettings"}}
{"session":"bf4ce112cb85","build":"183.4284.148","bucket":"-1","time":1551343403945,"group":{"id":"settings","version":"8"},"event":{"data":{"created":1551343403952,"name":"searchInBackground","value":false},"id":"GeneralSettings"}}
{"session":"bf4ce112cb85","build":"183.4284.148","bucket":"-1","time":1551343403945,"group":{"id":"settings","version":"8"},"event":{"data":{"default":false,"created":1551343403952,"name":"showTipsOnStartup","value":false},"id":"GeneralSettings"}}
{"session":"bf4ce112cb85","build":"183.4284.148","bucket":"-1","time":1551343403945,"group":{"id":"settings","version":"8"},"event":{"data":{"created":1551343403952,"name":"showWelcomeScreen","value":true},"id":"GeneralSettings"}}
{"session":"bf4ce112cb85","build":"183.4284.148","bucket":"-1","time":1551343403945,"group":{"id":"settings","version":"8"},"event":{"data":{"created":1551343403953,"name":"supportScreenReaders","value":false},"id":"GeneralSettings"}}
{"session":"bf4ce112cb85","build":"183.4284.148","bucket":"-1","time":1551343403945,"group":{"id":"settings","version":"8"},"event":{"data":{"created":1551343403953,"name":"syncOnFrameActivation","value":true},"id":"GeneralSettings"}}
{"session":"bf4ce112cb85","build":"183.4284.148","bucket":"-1","time":1551343403945,"group":{"id":"settings","version":"8"},"event":{"data":{"created":1551343403953,"name":"useDefaultBrowser","value":true},"id":"GeneralSettings"}}
{"session":"bf4ce112cb85","build":"183.4284.148","bucket":"-1","time":1551343403945,"group":{"id":"settings","version":"8"},"event":{"data":{"created":1551343403953,"name":"useSafeWrite","value":true},"id":"GeneralSettings"}}
{"session":"bf4ce112cb85","build":"183.4284.148","bucket":"-1","time":1551343405874,"group":{"id":"ui.dialogs","version":"8"},"event":{"count":1,"data":{"created":1551343405874,"type":"show"},"id":"com.intellij.openapi.progress.util.ProgressDialog$MyDialogWrapper"}}
{"session":"bf4ce112cb85","build":"183.4284.148","bucket":"-1","time":1551343408776,"group":{"id":"ui.dialogs","version":"8"},"event":{"count":1,"data":{"code":1,"created":1551343408777,"type":"close"},"id":"com.intellij.openapi.progress.util.ProgressDialog$MyDialogWrapper"}}
{"session":"bf4ce112cb85","build":"183.4284.148","bucket":"-1","time":1551343408833,"group":{"id":"statistics.lifecycle.project","version":"8"},"event":{"count":1,"data":{"created":1551343408833,"project":"1467702432"},"id":"project.opened"}}
{"session":"bf4ce112cb85","build":"183.4284.148","bucket":"-1","time":1551343408833,"group":{"id":"lifecycle","version":"8"},"event":{"count":1,"data":{"created":1551343408833},"id":"project.opened"}}
{"session":"bf4ce112cb85","build":"183.4284.148","bucket":"-1","time":1551343410312,"group":{"id":"ui.dialogs","version":"8"},"event":{"count":1,"data":{"created":1551343410317,"type":"show"},"id":"com.intellij.openapi.progress.util.ProgressDialog$MyDialogWrapper"}}
{"session":"bf4ce112cb85","build":"183.4284.148","bucket":"-1","time":1551343415374,"group":{"id":"statistics.lifecycle.app","version":"8"},"event":{"count":1,"data":{"created":1551343415374},"id":"ide.start"}}
{"session":"bf4ce112cb85","build":"183.4284.148","bucket":"-1","time":1551343415374,"group":{"id":"lifecycle","version":"8"},"event":{"count":1,"data":{"created":1551343415375},"id":"app.started"}}
{"session":"bf4ce112cb85","build":"183.4284.148","bucket":"-1","time":1551343416617,"group":{"id":"ui.dialogs","version":"8"},"event":{"count":1,"data":{"code":1,"created":1551343416653,"type":"close"},"id":"com.intellij.openapi.progress.util.ProgressDialog$MyDialogWrapper"}}
{"session":"bf4ce112cb85","build":"183.4284.148","bucket":"-1","time":1551343416867,"group":{"id":"statistics.lifecycle.project","version":"8"},"event":{"count":1,"data":{"created":1551343416867,"project":"1467702432"},"id":"project.open.time.11"}}
{"session":"bf4ce112cb85","build":"183.4284.148","bucket":"-1","time":1551343416867,"group":{"id":"lifecycle","version":"8"},"event":{"count":1,"data":{"created":1551343416867,"time.ms":11481},"id":"project.opening.finished"}}
{"session":"bf4ce112cb85","build":"183.4284.148","bucket":"-1","time":1551343636793,"group":{"id":"statistics.actions.main.menu.v2","version":"8"},"event":{"count":1,"data":{"created":1551343636793,"data_1":"Windows"},"id":"File_->_Settings..."}}
{"session":"bf4ce112cb85","build":"183.4284.148","bucket":"-1","time":1551343636819,"group":{"id":"actions.v2","version":"8"},"event":{"count":1,"data":{"context_menu":true,"created":1551343636822,"place":"MainMenu","data_1":"Windows"},"id":"ShowSettings"}}
{"session":"bf4ce112cb85","build":"183.4284.148","bucket":"-1","time":1551343637530,"group":{"id":"ui.dialogs","version":"8"},"event":{"count":1,"data":{"created":1551343637530,"type":"show"},"id":"com.intellij.openapi.options.newEditor.SettingsDialog"}}
{"session":"bf4ce112cb85","build":"183.4284.148","bucket":"-1","time":1551343638755,"group":{"id":"statistics.ui.toolbar.clicks","version":"8"},"event":{"count":1,"data":{"created":1551343638755,"data_1":"Windows"},"id":"com.intellij.ide.plugins.newui.TabHeaderComponent$3@NavBarToolbar"}}
{"session":"bf4ce112cb85","build":"183.4284.148","bucket":"-1","time":1551343639633,"group":{"id":"ui.dialogs","version":"8"},"event":{"count":1,"data":{"created":1551343639633,"type":"show"},"id":"com.intellij.openapi.fileChooser.ex.FileChooserDialogImpl"}}
{"session":"bf4ce112cb85","build":"183.4284.148","bucket":"-1","time":1551343648837,"group":{"id":"ui.dialogs","version":"8"},"event":{"count":1,"data":{"code":0,"created":1551343648837,"type":"close"},"id":"com.intellij.openapi.fileChooser.ex.FileChooserDialogImpl"}}
{"session":"bf4ce112cb85","build":"183.4284.148","bucket":"-1","time":1551343653232,"group":{"id":"ui.dialogs","version":"8"},"event":{"count":1,"data":{"created":1551343653232,"type":"show"},"id":"com.intellij.openapi.ui.messages.MessageDialog"}}
{"session":"bf4ce112cb85","build":"183.4284.148","bucket":"-1","time":1551343655235,"group":{"id":"ui.dialogs","version":"8"},"event":{"count":1,"data":{"code":0,"created":1551343655236,"type":"close"},"id":"com.intellij.openapi.options.newEditor.SettingsDialog"}}
{"session":"bf4ce112cb85","build":"183.4284.148","bucket":"-1","time":1551343655259,"group":{"id":"statistics.lifecycle.app","version":"8"},"event":{"count":1,"data":{"created":1551343655259},"id":"ide.close"}}
{"session":"bf4ce112cb85","build":"183.4284.148","bucket":"-1","time":1551343655259,"group":{"id":"statistics.lifecycle.app","version":"8"},"event":{"count":1,"data":{"created":1551343655260},"id":"ide.close.restart"}}
{"session":"bf4ce112cb85","build":"183.4284.148","bucket":"-1","time":1551343655259,"group":{"id":"lifecycle","version":"8"},"event":{"count":1,"data":{"restart":true,"created":1551343655260},"id":"app.closed"}}
{"session":"bf4ce112cb85","build":"183.4284.148","bucket":"-1","time":1551343655317,"group":{"id":"statistics.lifecycle.project","version":"8"},"event":{"count":1,"data":{"created":1551343655326,"project":"1467702432"},"id":"project.closed"}}
{"session":"bf4ce112cb85","build":"183.4284.148","bucket":"-1","time":1551343655498,"group":{"id":"lifecycle","version":"8"},"event":{"count":1,"data":{"created":1551343655498},"id":"project.closed"}}
