{"session":"c1721106b819","build":"183.4284.148","bucket":"-1","time":1550125466248,"group":{"id":"system.os.name","version":"8"},"event":{"data":{"created":1550125466249},"id":"Windows"}}
{"session":"c1721106b819","build":"183.4284.148","bucket":"-1","time":1550125466249,"group":{"id":"settings","version":"8"},"event":{"data":{"created":1550125466283,"name":"activeMruEditorOnClose","value":false},"id":"UISettings"}}
{"session":"c1721106b819","build":"183.4284.148","bucket":"-1","time":1550125466249,"group":{"id":"settings","version":"8"},"event":{"data":{"created":1550125466315,"name":"activeRightEditorOnClose","value":false},"id":"UISettings"}}
{"session":"c1721106b819","build":"183.4284.148","bucket":"-1","time":1550125466249,"group":{"id":"settings","version":"8"},"event":{"data":{"created":1550125466316,"name":"allowMergeButtons","value":true},"id":"UISettings"}}
{"session":"c1721106b819","build":"183.4284.148","bucket":"-1","time":1550125466249,"group":{"id":"settings","version":"8"},"event":{"data":{"created":1550125466317,"name":"alwaysShowWindowsButton","value":false},"id":"UISettings"}}
{"session":"c1721106b819","build":"183.4284.148","bucket":"-1","time":1550125466249,"group":{"id":"settings","version":"8"},"event":{"data":{"created":1550125466318,"name":"animateWindows","value":true},"id":"UISettings"}}
{"session":"c1721106b819","build":"183.4284.148","bucket":"-1","time":1550125466249,"group":{"id":"settings","version":"8"},"event":{"data":{"created":1550125466318,"name":"closeNonModifiedFilesFirst","value":false},"id":"UISettings"}}
{"session":"c1721106b819","build":"183.4284.148","bucket":"-1","time":1550125466249,"group":{"id":"settings","version":"8"},"event":{"data":{"created":1550125466319,"name":"closeTabButtonOnTheRight","value":true},"id":"UISettings"}}
{"session":"c1721106b819","build":"183.4284.148","bucket":"-1","time":1550125466249,"group":{"id":"settings","version":"8"},"event":{"data":{"created":1550125466319,"name":"cycleScrolling","value":true},"id":"UISettings"}}
{"session":"c1721106b819","build":"183.4284.148","bucket":"-1","time":1550125466249,"group":{"id":"settings","version":"8"},"event":{"data":{"created":1550125466319,"name":"defaultAutoScrollToSource","value":false},"id":"UISettings"}}
{"session":"c1721106b819","build":"183.4284.148","bucket":"-1","time":1550125466249,"group":{"id":"settings","version":"8"},"event":{"data":{"created":1550125466320,"name":"disableMnemonics","value":false},"id":"UISettings"}}
{"session":"c1721106b819","build":"183.4284.148","bucket":"-1","time":1550125466249,"group":{"id":"settings","version":"8"},"event":{"data":{"created":1550125466320,"name":"disableMnemonicsInControls","value":false},"id":"UISettings"}}
{"session":"c1721106b819","build":"183.4284.148","bucket":"-1","time":1550125466249,"group":{"id":"settings","version":"8"},"event":{"data":{"created":1550125466320,"name":"dndWithPressedAltOnly","value":false},"id":"UISettings"}}
{"session":"c1721106b819","build":"183.4284.148","bucket":"-1","time":1550125466249,"group":{"id":"settings","version":"8"},"event":{"data":{"created":1550125466321,"name":"enableAlphaMode","value":false},"id":"UISettings"}}
{"session":"c1721106b819","build":"183.4284.148","bucket":"-1","time":1550125466249,"group":{"id":"settings","version":"8"},"event":{"data":{"created":1550125466321,"name":"hideKnownExtensionInTabs","value":false},"id":"UISettings"}}
{"session":"c1721106b819","build":"183.4284.148","bucket":"-1","time":1550125466249,"group":{"id":"settings","version":"8"},"event":{"data":{"created":1550125466322,"name":"hideNavigationOnFocusLoss","value":true},"id":"UISettings"}}
{"session":"c1721106b819","build":"183.4284.148","bucket":"-1","time":1550125466249,"group":{"id":"settings","version":"8"},"event":{"data":{"created":1550125466323,"name":"hideTabsIfNeed","value":true},"id":"UISettings"}}
{"session":"c1721106b819","build":"183.4284.148","bucket":"-1","time":1550125466249,"group":{"id":"settings","version":"8"},"event":{"data":{"created":1550125466324,"name":"hideToolStripes","value":false},"id":"UISettings"}}
{"session":"c1721106b819","build":"183.4284.148","bucket":"-1","time":1550125466249,"group":{"id":"settings","version":"8"},"event":{"data":{"created":1550125466328,"name":"leftHorizontalSplit","value":false},"id":"UISettings"}}
{"session":"c1721106b819","build":"183.4284.148","bucket":"-1","time":1550125466249,"group":{"id":"settings","version":"8"},"event":{"data":{"created":1550125466330,"name":"markModifiedTabsWithAsterisk","value":false},"id":"UISettings"}}
{"session":"c1721106b819","build":"183.4284.148","bucket":"-1","time":1550125466249,"group":{"id":"settings","version":"8"},"event":{"data":{"created":1550125466330,"name":"mergeEqualStackTraces","value":true},"id":"UISettings"}}
{"session":"c1721106b819","build":"183.4284.148","bucket":"-1","time":1550125466249,"group":{"id":"settings","version":"8"},"event":{"data":{"created":1550125466331,"name":"moveMouseOnDefaultButton","value":false},"id":"UISettings"}}
{"session":"c1721106b819","build":"183.4284.148","bucket":"-1","time":1550125466249,"group":{"id":"settings","version":"8"},"event":{"data":{"created":1550125466331,"name":"navigateToPreview","value":false},"id":"UISettings"}}
{"session":"c1721106b819","build":"183.4284.148","bucket":"-1","time":1550125466249,"group":{"id":"settings","version":"8"},"event":{"data":{"created":1550125466331,"name":"overrideConsoleCycleBufferSize","value":false},"id":"UISettings"}}
{"session":"c1721106b819","build":"183.4284.148","bucket":"-1","time":1550125466249,"group":{"id":"settings","version":"8"},"event":{"data":{"created":1550125466331,"name":"overrideLafFonts","value":false},"id":"UISettings"}}
{"session":"c1721106b819","build":"183.4284.148","bucket":"-1","time":1550125466249,"group":{"id":"settings","version":"8"},"event":{"data":{"created":1550125466332,"name":"pinFindInPath","value":false},"id":"UISettings"}}
{"session":"c1721106b819","build":"183.4284.148","bucket":"-1","time":1550125466249,"group":{"id":"settings","version":"8"},"event":{"data":{"created":1550125466332,"name":"presentationMode","value":false},"id":"UISettings"}}
{"session":"c1721106b819","build":"183.4284.148","bucket":"-1","time":1550125466249,"group":{"id":"settings","version":"8"},"event":{"data":{"created":1550125466332,"name":"reuseNotModifiedTabs","value":false},"id":"UISettings"}}
{"session":"c1721106b819","build":"183.4284.148","bucket":"-1","time":1550125466249,"group":{"id":"settings","version":"8"},"event":{"data":{"created":1550125466332,"name":"rightHorizontalSplit","value":false},"id":"UISettings"}}
{"session":"c1721106b819","build":"183.4284.148","bucket":"-1","time":1550125466249,"group":{"id":"settings","version":"8"},"event":{"data":{"created":1550125466333,"name":"scrollTabLayoutInEditor","value":true},"id":"UISettings"}}
{"session":"c1721106b819","build":"183.4284.148","bucket":"-1","time":1550125466249,"group":{"id":"settings","version":"8"},"event":{"data":{"created":1550125466333,"name":"showCloseButton","value":true},"id":"UISettings"}}
{"session":"c1721106b819","build":"183.4284.148","bucket":"-1","time":1550125466249,"group":{"id":"settings","version":"8"},"event":{"data":{"created":1550125466333,"name":"showDirectoryForNonUniqueFilenames","value":true},"id":"UISettings"}}
{"session":"c1721106b819","build":"183.4284.148","bucket":"-1","time":1550125466249,"group":{"id":"settings","version":"8"},"event":{"data":{"created":1550125466333,"name":"showEditorToolTip","value":true},"id":"UISettings"}}
{"session":"c1721106b819","build":"183.4284.148","bucket":"-1","time":1550125466249,"group":{"id":"settings","version":"8"},"event":{"data":{"created":1550125466334,"name":"showIconInQuickNavigation","value":true},"id":"UISettings"}}
{"session":"c1721106b819","build":"183.4284.148","bucket":"-1","time":1550125466249,"group":{"id":"settings","version":"8"},"event":{"data":{"created":1550125466334,"name":"showIconsInMenus","value":true},"id":"UISettings"}}
{"session":"c1721106b819","build":"183.4284.148","bucket":"-1","time":1550125466249,"group":{"id":"settings","version":"8"},"event":{"data":{"created":1550125466334,"name":"showMainToolbar","value":false},"id":"UISettings"}}
{"session":"c1721106b819","build":"183.4284.148","bucket":"-1","time":1550125466249,"group":{"id":"settings","version":"8"},"event":{"data":{"created":1550125466334,"name":"showMemoryIndicator","value":false},"id":"UISettings"}}
{"session":"c1721106b819","build":"183.4284.148","bucket":"-1","time":1550125466249,"group":{"id":"system.os.version","version":"8"},"event":{"data":{"created":1550125466335},"id":"10.0"}}
{"session":"c1721106b819","build":"183.4284.148","bucket":"-1","time":1550125466249,"group":{"id":"settings","version":"8"},"event":{"data":{"created":1550125466335,"name":"showNavigationBar","value":true},"id":"UISettings"}}
{"session":"c1721106b819","build":"183.4284.148","bucket":"-1","time":1550125466249,"group":{"id":"settings","version":"8"},"event":{"data":{"created":1550125466335,"name":"showStatusBar","value":true},"id":"UISettings"}}
{"session":"c1721106b819","build":"183.4284.148","bucket":"-1","time":1550125466249,"group":{"id":"system.jvm.vendor","version":"8"},"event":{"data":{"created":1550125466335},"id":"JetBrains_s.r.o"}}
{"session":"c1721106b819","build":"183.4284.148","bucket":"-1","time":1550125466249,"group":{"id":"settings","version":"8"},"event":{"data":{"created":1550125466336,"name":"showTabsTooltips","value":true},"id":"UISettings"}}
{"session":"c1721106b819","build":"183.4284.148","bucket":"-1","time":1550125466249,"group":{"id":"settings","version":"8"},"event":{"data":{"created":1550125466336,"name":"showToolWindowsNumbers","value":true},"id":"UISettings"}}
{"session":"c1721106b819","build":"183.4284.148","bucket":"-1","time":1550125466249,"group":{"id":"system.jvm.version","version":"8"},"event":{"data":{"created":1550125466336},"id":"1.8"}}
{"session":"c1721106b819","build":"183.4284.148","bucket":"-1","time":1550125466249,"group":{"id":"settings","version":"8"},"event":{"data":{"created":1550125466336,"name":"smoothScrolling","value":false},"id":"UISettings"}}
{"session":"c1721106b819","build":"183.4284.148","bucket":"-1","time":1550125466249,"group":{"id":"settings","version":"8"},"event":{"data":{"created":1550125466337,"name":"sortBookmarks","value":false},"id":"UISettings"}}
{"session":"c1721106b819","build":"183.4284.148","bucket":"-1","time":1550125466249,"group":{"id":"settings","version":"8"},"event":{"data":{"created":1550125466337,"name":"sortLookupElementsLexicographically","value":false},"id":"UISettings"}}
{"session":"c1721106b819","build":"183.4284.148","bucket":"-1","time":1550125466249,"group":{"id":"settings","version":"8"},"event":{"data":{"created":1550125466337,"name":"useSmallLabelsOnTabs","value":false},"id":"UISettings"}}
{"session":"c1721106b819","build":"183.4284.148","bucket":"-1","time":1550125466249,"group":{"id":"settings","version":"8"},"event":{"data":{"created":1550125466337,"name":"wideScreenSupport","value":false},"id":"UISettings"}}
{"session":"c1721106b819","build":"183.4284.148","bucket":"-1","time":1550125467768,"group":{"id":"settings","version":"8"},"event":{"data":{"created":1550125467768,"name":"autoSaveIfInactive","value":false},"id":"GeneralSettings"}}
{"session":"c1721106b819","build":"183.4284.148","bucket":"-1","time":1550125467768,"group":{"id":"settings","version":"8"},"event":{"data":{"created":1550125467769,"name":"confirmExit","value":true},"id":"GeneralSettings"}}
{"session":"c1721106b819","build":"183.4284.148","bucket":"-1","time":1550125467768,"group":{"id":"settings","version":"8"},"event":{"data":{"created":1550125467769,"name":"reopenLastProject","value":true},"id":"GeneralSettings"}}
{"session":"c1721106b819","build":"183.4284.148","bucket":"-1","time":1550125467768,"group":{"id":"settings","version":"8"},"event":{"data":{"created":1550125467769,"name":"saveOnFrameDeactivation","value":true},"id":"GeneralSettings"}}
{"session":"c1721106b819","build":"183.4284.148","bucket":"-1","time":1550125467768,"group":{"id":"settings","version":"8"},"event":{"data":{"created":1550125467769,"name":"searchInBackground","value":false},"id":"GeneralSettings"}}
{"session":"c1721106b819","build":"183.4284.148","bucket":"-1","time":1550125467768,"group":{"id":"settings","version":"8"},"event":{"data":{"created":1550125467769,"name":"showTipsOnStartup","value":true},"id":"GeneralSettings"}}
{"session":"c1721106b819","build":"183.4284.148","bucket":"-1","time":1550125467768,"group":{"id":"settings","version":"8"},"event":{"data":{"created":1550125467769,"name":"showWelcomeScreen","value":true},"id":"GeneralSettings"}}
{"session":"c1721106b819","build":"183.4284.148","bucket":"-1","time":1550125467768,"group":{"id":"settings","version":"8"},"event":{"data":{"created":1550125467770,"name":"supportScreenReaders","value":false},"id":"GeneralSettings"}}
{"session":"c1721106b819","build":"183.4284.148","bucket":"-1","time":1550125467768,"group":{"id":"settings","version":"8"},"event":{"data":{"created":1550125467770,"name":"syncOnFrameActivation","value":true},"id":"GeneralSettings"}}
{"session":"c1721106b819","build":"183.4284.148","bucket":"-1","time":1550125467768,"group":{"id":"settings","version":"8"},"event":{"data":{"created":1550125467770,"name":"useDefaultBrowser","value":true},"id":"GeneralSettings"}}
{"session":"c1721106b819","build":"183.4284.148","bucket":"-1","time":1550125467768,"group":{"id":"settings","version":"8"},"event":{"data":{"created":1550125467770,"name":"useSafeWrite","value":true},"id":"GeneralSettings"}}
{"session":"c1721106b819","build":"183.4284.148","bucket":"-1","time":1550125476087,"group":{"id":"statistics.lifecycle.app","version":"8"},"event":{"count":1,"data":{"created":1550125476087},"id":"ide.start"}}
{"session":"c1721106b819","build":"183.4284.148","bucket":"-1","time":1550125476101,"group":{"id":"lifecycle","version":"8"},"event":{"count":1,"data":{"created":1550125476101},"id":"app.started"}}
{"session":"c1721106b819","build":"183.4284.148","bucket":"-1","time":1550125478206,"group":{"id":"statistics.lifecycle.app","version":"8"},"event":{"count":1,"data":{"created":1550125478206,"data_2":"10+","data_1":"timeSecondsGrouped"},"id":"ide.freeze"}}
{"session":"c1721106b819","build":"183.4284.148","bucket":"-1","time":1550125478206,"group":{"id":"lifecycle","version":"8"},"event":{"count":1,"data":{"durationSeconds":11,"created":1550125478206},"id":"ide.freeze"}}
{"session":"c1721106b819","build":"183.4284.148","bucket":"-1","time":1550125705030,"group":{"id":"actions.v2","version":"8"},"event":{"count":1,"data":{"context_menu":false,"created":1550125705030,"data_1":"Windows"},"id":"WelcomeScreen.ImportProject"}}
{"session":"c1721106b819","build":"183.4284.148","bucket":"-1","time":1550125705390,"group":{"id":"ui.dialogs","version":"8"},"event":{"count":1,"data":{"created":1550125705390,"type":"show"},"id":"com.intellij.openapi.fileChooser.ex.FileChooserDialogImpl"}}
{"session":"c1721106b819","build":"183.4284.148","bucket":"-1","time":1550125712544,"group":{"id":"ui.dialogs","version":"8"},"event":{"count":1,"data":{"code":0,"created":1550125712544,"type":"close"},"id":"com.intellij.openapi.fileChooser.ex.FileChooserDialogImpl"}}
{"session":"c1721106b819","build":"183.4284.148","bucket":"-1","time":1550125713178,"group":{"id":"ui.dialogs","version":"8"},"event":{"count":1,"data":{"created":1550125713178,"type":"show"},"id":"com.intellij.ide.util.newProjectWizard.AddModuleWizard"}}
{"session":"c1721106b819","build":"183.4284.148","bucket":"-1","time":1550125731903,"group":{"id":"ui.dialogs","version":"8"},"event":{"count":1,"data":{"created":1550125731904,"type":"show"},"id":"com.intellij.openapi.progress.util.ProgressDialog$MyDialogWrapper"}}
{"session":"c1721106b819","build":"183.4284.148","bucket":"-1","time":1550125734083,"group":{"id":"ui.dialogs","version":"8"},"event":{"count":1,"data":{"code":1,"created":1550125734083,"type":"close"},"id":"com.intellij.openapi.progress.util.ProgressDialog$MyDialogWrapper"}}
{"session":"c1721106b819","build":"183.4284.148","bucket":"-1","time":1550125747910,"group":{"id":"ui.dialogs","version":"8"},"event":{"count":1,"data":{"created":1550125747910,"type":"show"},"id":"com.intellij.openapi.ui.messages.MessageDialog"}}
{"session":"c1721106b819","build":"183.4284.148","bucket":"-1","time":1550125756959,"group":{"id":"ui.dialogs","version":"8"},"event":{"count":1,"data":{"code":0,"created":1550125756959,"type":"close"},"id":"com.intellij.ide.util.newProjectWizard.AddModuleWizard"}}
{"session":"c1721106b819","build":"183.4284.148","bucket":"-1","time":1550125760610,"group":{"id":"statistics.lifecycle.project","version":"8"},"event":{"count":1,"data":{"created":1550125760610,"project":"1467702432"},"id":"project.opened"}}
{"session":"c1721106b819","build":"183.4284.148","bucket":"-1","time":1550125760610,"group":{"id":"lifecycle","version":"8"},"event":{"count":1,"data":{"created":1550125760610},"id":"project.opened"}}
{"session":"c1721106b819","build":"183.4284.148","bucket":"-1","time":1550125762753,"group":{"id":"ui.dialogs","version":"8"},"event":{"count":1,"data":{"created":1550125762753,"type":"show"},"id":"com.intellij.openapi.progress.util.ProgressDialog$MyDialogWrapper"}}
{"session":"c1721106b819","build":"183.4284.148","bucket":"-1","time":1550125763316,"group":{"id":"statistics.ui.tips","version":"8"},"event":{"count":1,"data":{"created":1550125763317},"id":"shown.automatically"}}
{"session":"c1721106b819","build":"183.4284.148","bucket":"-1","time":1550125763360,"group":{"id":"ui.dialogs","version":"8"},"event":{"count":1,"data":{"created":1550125763360,"type":"show"},"id":"com.intellij.ide.util.TipDialog"}}
{"session":"c1721106b819","build":"183.4284.148","bucket":"-1","time":1550125763442,"group":{"id":"ui.dialogs","version":"8"},"event":{"count":1,"data":{"code":1,"created":1550125763443,"type":"close"},"id":"com.intellij.openapi.progress.util.ProgressDialog$MyDialogWrapper"}}
{"session":"c1721106b819","build":"183.4284.148","bucket":"-1","time":1550125764023,"group":{"id":"statistics.lifecycle.project","version":"8"},"event":{"count":1,"data":{"created":1550125764035,"project":"1467702432"},"id":"project.open.time.7"}}
{"session":"c1721106b819","build":"183.4284.148","bucket":"-1","time":1550125764023,"group":{"id":"lifecycle","version":"8"},"event":{"count":1,"data":{"created":1550125764035,"time.ms":7039},"id":"project.opening.finished"}}
{"session":"c1721106b819","build":"183.4284.148","bucket":"-1","time":1550125767715,"group":{"id":"toolwindow","version":"8"},"event":{"count":1,"data":{"created":1550125767715,"data_1":"Windows"},"id":"Project_by_Activation"}}
{"session":"c1721106b819","build":"183.4284.148","bucket":"-1","time":1550125777502,"group":{"id":"ui.dialogs","version":"8"},"event":{"count":1,"data":{"code":1,"created":1550125777502,"type":"close"},"id":"com.intellij.ide.util.TipDialog"}}
{"session":"c1721106b819","build":"183.4284.148","bucket":"-1","time":1550125932634,"group":{"id":"statistics.actions.main.menu.v2","version":"8"},"event":{"count":1,"data":{"created":1550125932634,"data_1":"Windows"},"id":"Tools_->_View_PSI_Structure..."}}
{"session":"c1721106b819","build":"183.4284.148","bucket":"-1","time":1550125932665,"group":{"id":"actions.v2","version":"8"},"event":{"count":1,"data":{"context_menu":true,"created":1550125932666,"place":"MainMenu","data_1":"Windows"},"id":"PsiViewer"}}
{"session":"c1721106b819","build":"183.4284.148","bucket":"-1","time":1550125934124,"group":{"id":"ui.dialogs","version":"8"},"event":{"count":1,"data":{"created":1550125934124,"type":"show"},"id":"com.intellij.internal.psiView.PsiViewerDialog"}}
{"session":"c1721106b819","build":"183.4284.148","bucket":"-1","time":1550125940856,"group":{"id":"ui.dialogs","version":"8"},"event":{"count":1,"data":{"code":1,"created":1550125940856,"type":"close"},"id":"com.intellij.internal.psiView.PsiViewerDialog"}}
{"session":"c1721106b819","build":"183.4284.148","bucket":"-1","time":1550127562753,"group":{"id":"internal.statistics.vcs.git.settings","version":"8"},"event":{"data":{"created":1550127562753,"project":"1467702432"},"id":"config.save.policy.STASH"}}
{"session":"c1721106b819","build":"183.4284.148","bucket":"-1","time":1550127562753,"group":{"id":"internal.statistics.vcs.git.settings","version":"8"},"event":{"data":{"created":1550127562754,"project":"1467702432"},"id":"config.repo.sync.NOT_DECIDED"}}
{"session":"c1721106b819","build":"183.4284.148","bucket":"-1","time":1550127562753,"group":{"id":"internal.statistics.vcs.git.settings","version":"8"},"event":{"data":{"created":1550127562754,"project":"1467702432"},"id":"config.warn.about.crlf.enabled"}}
{"session":"c1721106b819","build":"183.4284.148","bucket":"-1","time":1550127562753,"group":{"id":"internal.statistics.vcs.git.settings","version":"8"},"event":{"data":{"created":1550127562754,"project":"1467702432"},"id":"config.push.autoupdate.disabled"}}
{"session":"c1721106b819","build":"183.4284.148","bucket":"-1","time":1550127562753,"group":{"id":"internal.statistics.vcs.git.settings","version":"8"},"event":{"data":{"created":1550127562755,"project":"1467702432"},"id":"config.update.type.BRANCH_DEFAULT"}}
{"session":"c1721106b819","build":"183.4284.148","bucket":"-1","time":1550127562753,"group":{"id":"internal.statistics.vcs.git.settings","version":"8"},"event":{"data":{"created":1550127562755,"project":"1467702432"},"id":"config.warn.about.detached.enabled"}}
{"session":"c1721106b819","build":"183.4284.148","bucket":"-1","time":1550127562753,"group":{"id":"internal.statistics.vcs.git.settings","version":"8"},"event":{"data":{"created":1550127562755,"project":"1467702432"},"id":"data.remote.branches.count.2+"}}
{"session":"c1721106b819","build":"183.4284.148","bucket":"-1","time":1550127562753,"group":{"id":"internal.statistics.vcs.git.settings","version":"8"},"event":{"data":{"created":1550127562755,"project":"1467702432"},"id":"config.push.update.all.roots.enabled"}}
{"session":"c1721106b819","build":"183.4284.148","bucket":"-1","time":1550127562753,"group":{"id":"internal.statistics.vcs.git.settings","version":"8"},"event":{"data":{"created":1550127562755,"project":"1467702432"},"id":"version.2.19.2-MSYS"}}
{"session":"c1721106b819","build":"183.4284.148","bucket":"-1","time":1550127562753,"group":{"id":"internal.statistics.vcs.git.settings","version":"8"},"event":{"data":{"created":1550127562755,"project":"1467702432"},"id":"data.remotes.in.project.1"}}
{"session":"c1721106b819","build":"183.4284.148","bucket":"-1","time":1550127562753,"group":{"id":"internal.statistics.vcs.git.settings","version":"8"},"event":{"data":{"created":1550127562755,"project":"1467702432"},"id":"config.ssh.disabled"}}
{"session":"c1721106b819","build":"183.4284.148","bucket":"-1","time":1550127562753,"group":{"id":"internal.statistics.vcs.git.settings","version":"8"},"event":{"data":{"created":1550127562755,"project":"1467702432"},"id":"data.local.branches.count.1"}}
{"session":"c1721106b819","build":"183.4284.148","bucket":"-1","time":1550127562753,"group":{"id":"internal.statistics.vcs.git.settings","version":"8"},"event":{"data":{"created":1550127562755,"project":"1467702432"},"id":"config.cherry-pick.autocommit.disabled"}}
{"session":"c1721106b819","build":"183.4284.148","bucket":"-1","time":1550127562932,"group":{"id":"internal.statistics.debugger.breakpoints","version":"8"},"event":{"data":{"created":1550127562932,"project":"1467702432"},"id":"total.0"}}
{"session":"c1721106b819","build":"183.4284.148","bucket":"-1","time":1550127563601,"group":{"id":"internal.statistics.keymap.name","version":"8"},"event":{"data":{"created":1550127563601,"project":"1467702432","data_1":"Windows"},"id":"$default"}}
{"session":"c1721106b819","build":"183.4284.148","bucket":"-1","time":1550127563604,"group":{"id":"internal.statistics.vcs.names","version":"8"},"event":{"data":{"created":1550127563604,"project":"1467702432"},"id":"Git"}}
{"session":"c1721106b819","build":"183.4284.148","bucket":"-1","time":1550127563606,"group":{"id":"internal.statistics.vcs.metrics","version":"8"},"event":{"data":{"created":1550127563606,"project":"1467702432"},"id":"unversioned.files.count.1"}}
{"session":"c1721106b819","build":"183.4284.148","bucket":"-1","time":1550127563606,"group":{"id":"internal.statistics.vcs.metrics","version":"8"},"event":{"data":{"created":1550127563606,"project":"1467702432"},"id":"ignored.files.count.2"}}
{"session":"c1721106b819","build":"183.4284.148","bucket":"-1","time":1550127563606,"group":{"id":"internal.statistics.vcs.metrics","version":"8"},"event":{"data":{"created":1550127563606,"project":"1467702432"},"id":"has.default.vcs.root.mapping.disabled"}}
{"session":"c1721106b819","build":"183.4284.148","bucket":"-1","time":1550127563606,"group":{"id":"internal.statistics.vcs.metrics","version":"8"},"event":{"data":{"created":1550127563606,"project":"1467702432"},"id":"active.changelists.count.1"}}
{"session":"c1721106b819","build":"183.4284.148","bucket":"-1","time":1550127563606,"group":{"id":"internal.statistics.vcs.metrics","version":"8"},"event":{"data":{"created":1550127563606,"project":"1467702432"},"id":"vcs.roots.count.1"}}
{"session":"c1721106b819","build":"183.4284.148","bucket":"-1","time":1550127563609,"group":{"id":"internal.statistics.platform.registry.project","version":"8"},"event":{"data":{"created":1550127563609,"project":"1467702432"},"id":"inline.browse.button"}}
{"session":"c1721106b819","build":"183.4284.148","bucket":"-1","time":1550127563609,"group":{"id":"internal.statistics.platform.registry.project","version":"8"},"event":{"data":{"created":1550127563609,"project":"1467702432"},"id":"java.completion.argument.hints.internal"}}
{"session":"c1721106b819","build":"183.4284.148","bucket":"-1","time":1550127563620,"group":{"id":"internal.statistics.vcs.log.data","version":"8"},"event":{"data":{"created":1550127563621,"project":"1467702432"},"id":"commit.count.100+"}}
{"session":"c1721106b819","build":"183.4284.148","bucket":"-1","time":1550127563620,"group":{"id":"internal.statistics.vcs.log.data","version":"8"},"event":{"data":{"created":1550127563621,"project":"1467702432"},"id":"git.root.count.1"}}
{"session":"c1721106b819","build":"183.4284.148","bucket":"-1","time":1550127563620,"group":{"id":"internal.statistics.vcs.log.data","version":"8"},"event":{"data":{"created":1550127563621,"project":"1467702432"},"id":"users.count.10+"}}
{"session":"c1721106b819","build":"183.4284.148","bucket":"-1","time":1550127563620,"group":{"id":"internal.statistics.vcs.log.data","version":"8"},"event":{"data":{"created":1550127563621,"project":"1467702432"},"id":"branches.count.1+"}}
{"session":"c1721106b819","build":"183.4284.148","bucket":"-1","time":1550127563781,"group":{"id":"internal.statistics.file.types","version":"8"},"event":{"data":{"created":1550127563781,"project":"1467702432"},"id":"CSS"}}
{"session":"c1721106b819","build":"183.4284.148","bucket":"-1","time":1550127563781,"group":{"id":"internal.statistics.file.types","version":"8"},"event":{"data":{"created":1550127563781,"project":"1467702432"},"id":"JavaScript"}}
{"session":"c1721106b819","build":"183.4284.148","bucket":"-1","time":1550127563781,"group":{"id":"internal.statistics.file.types","version":"8"},"event":{"data":{"created":1550127563782,"project":"1467702432"},"id":"Properties"}}
{"session":"c1721106b819","build":"183.4284.148","bucket":"-1","time":1550127563781,"group":{"id":"internal.statistics.file.types","version":"8"},"event":{"data":{"created":1550127563782,"project":"1467702432"},"id":"Font"}}
{"session":"c1721106b819","build":"183.4284.148","bucket":"-1","time":1550127563781,"group":{"id":"internal.statistics.file.types","version":"8"},"event":{"data":{"created":1550127563782,"project":"1467702432"},"id":"ARCHIVE"}}
{"session":"c1721106b819","build":"183.4284.148","bucket":"-1","time":1550127563781,"group":{"id":"internal.statistics.file.types","version":"8"},"event":{"data":{"created":1550127563782,"project":"1467702432"},"id":"HTML"}}
{"session":"c1721106b819","build":"183.4284.148","bucket":"-1","time":1550127563781,"group":{"id":"internal.statistics.file.types","version":"8"},"event":{"data":{"created":1550127563782,"project":"1467702432"},"id":"JAVA"}}
{"session":"c1721106b819","build":"183.4284.148","bucket":"-1","time":1550127563781,"group":{"id":"internal.statistics.file.types","version":"8"},"event":{"data":{"created":1550127563782,"project":"1467702432"},"id":"Native"}}
{"session":"c1721106b819","build":"183.4284.148","bucket":"-1","time":1550127563781,"group":{"id":"internal.statistics.file.types","version":"8"},"event":{"data":{"created":1550127563782,"project":"1467702432"},"id":"XML"}}
{"session":"c1721106b819","build":"183.4284.148","bucket":"-1","time":1550127563781,"group":{"id":"internal.statistics.file.types","version":"8"},"event":{"data":{"created":1550127563782,"project":"1467702432"},"id":"SQL"}}
{"session":"c1721106b819","build":"183.4284.148","bucket":"-1","time":1550127563781,"group":{"id":"internal.statistics.file.types","version":"8"},"event":{"data":{"created":1550127563782,"project":"1467702432"},"id":"PLAIN_TEXT"}}
{"session":"c1721106b819","build":"183.4284.148","bucket":"-1","time":1550127563781,"group":{"id":"internal.statistics.file.types","version":"8"},"event":{"data":{"created":1550127563782,"project":"1467702432"},"id":"Image"}}
{"session":"c1721106b819","build":"183.4284.148","bucket":"-1","time":1550127563781,"group":{"id":"internal.statistics.file.types","version":"8"},"event":{"data":{"created":1550127563782,"project":"1467702432"},"id":"UNKNOWN"}}
{"session":"c1721106b819","build":"183.4284.148","bucket":"-1","time":1550127563781,"group":{"id":"internal.statistics.file.types","version":"8"},"event":{"data":{"created":1550127563782,"project":"1467702432"},"id":"SVG"}}
{"session":"c1721106b819","build":"183.4284.148","bucket":"-1","time":1550127563781,"group":{"id":"internal.statistics.build.tools","version":"8"},"event":{"data":{"created":1550127563782,"project":"1467702432"},"id":"Maven"}}
{"session":"c1721106b819","build":"183.4284.148","bucket":"-1","time":1550127563782,"group":{"id":"internal.statistics.build.maven.state","version":"8"},"event":{"data":{"created":1550127563782,"project":"1467702432"},"id":"generatedSourcesFolder.autodetect"}}
{"session":"c1721106b819","build":"183.4284.148","bucket":"-1","time":1550127563783,"group":{"id":"internal.statistics.build.maven.state","version":"8"},"event":{"data":{"created":1550127563783,"project":"1467702432"},"id":"printErrorStackTraces.disabled"}}
{"session":"c1721106b819","build":"183.4284.148","bucket":"-1","time":1550127563783,"group":{"id":"internal.statistics.build.maven.state","version":"8"},"event":{"data":{"created":1550127563783,"project":"1467702432"},"id":"outputLevel.info"}}
{"session":"c1721106b819","build":"183.4284.148","bucket":"-1","time":1550127563783,"group":{"id":"internal.statistics.build.maven.state","version":"8"},"event":{"data":{"created":1550127563783,"project":"1467702432"},"id":"checksumPolicy.not_set"}}
{"session":"c1721106b819","build":"183.4284.148","bucket":"-1","time":1550127563783,"group":{"id":"internal.statistics.build.maven.state","version":"8"},"event":{"data":{"created":1550127563783,"project":"1467702432"},"id":"loggingLevel.info"}}
{"session":"c1721106b819","build":"183.4284.148","bucket":"-1","time":1550127563783,"group":{"id":"internal.statistics.build.maven.state","version":"8"},"event":{"data":{"created":1550127563783,"project":"1467702432"},"id":"createModulesForAggregators.enabled"}}
{"session":"c1721106b819","build":"183.4284.148","bucket":"-1","time":1550127563783,"group":{"id":"internal.statistics.build.maven.state","version":"8"},"event":{"data":{"created":1550127563783,"project":"1467702432"},"id":"alwaysUpdateSnapshots.disabled"}}
{"session":"c1721106b819","build":"183.4284.148","bucket":"-1","time":1550127563783,"group":{"id":"internal.statistics.build.maven.state","version":"8"},"event":{"data":{"created":1550127563783,"project":"1467702432"},"id":"useMavenOutput.enabled"}}
{"session":"c1721106b819","build":"183.4284.148","bucket":"-1","time":1550127563783,"group":{"id":"internal.statistics.build.maven.state","version":"8"},"event":{"data":{"created":1550127563783,"project":"1467702432"},"id":"nonRecursive.disabled"}}
{"session":"c1721106b819","build":"183.4284.148","bucket":"-1","time":1550127563783,"group":{"id":"internal.statistics.build.maven.state","version":"8"},"event":{"data":{"created":1550127563783,"project":"1467702432"},"id":"createModuleGroups.disabled"}}
{"session":"c1721106b819","build":"183.4284.148","bucket":"-1","time":1550127563783,"group":{"id":"internal.statistics.build.maven.state","version":"8"},"event":{"data":{"created":1550127563783,"project":"1467702432"},"id":"skipTests.disabled"}}
{"session":"c1721106b819","build":"183.4284.148","bucket":"-1","time":1550127563783,"group":{"id":"internal.statistics.build.maven.state","version":"8"},"event":{"data":{"created":1550127563783,"project":"1467702432"},"id":"delegateBuildRun.disabled"}}
{"session":"c1721106b819","build":"183.4284.148","bucket":"-1","time":1550127563783,"group":{"id":"internal.statistics.build.maven.state","version":"8"},"event":{"data":{"created":1550127563784,"project":"1467702432"},"id":"runMavenInBackground.enabled"}}
{"session":"c1721106b819","build":"183.4284.148","bucket":"-1","time":1550127563783,"group":{"id":"internal.statistics.build.maven.state","version":"8"},"event":{"data":{"created":1550127563784,"project":"1467702432"},"id":"failureBehavior.not_set"}}
{"session":"c1721106b819","build":"183.4284.148","bucket":"-1","time":1550127563783,"group":{"id":"internal.statistics.build.maven.state","version":"8"},"event":{"data":{"created":1550127563784,"project":"1467702432"},"id":"pluginUpdatePolicy.default"}}
{"session":"c1721106b819","build":"183.4284.148","bucket":"-1","time":1550127563783,"group":{"id":"internal.statistics.build.maven.state","version":"8"},"event":{"data":{"created":1550127563784,"project":"1467702432"},"id":"importAutomatically.disabled"}}
{"session":"c1721106b819","build":"183.4284.148","bucket":"-1","time":1550127563783,"group":{"id":"internal.statistics.build.maven.state","version":"8"},"event":{"data":{"created":1550127563784,"project":"1467702432"},"id":"keepSourceFolders.enabled"}}
{"session":"c1721106b819","build":"183.4284.148","bucket":"-1","time":1550127563783,"group":{"id":"internal.statistics.build.maven.state","version":"8"},"event":{"data":{"created":1550127563784,"project":"1467702432"},"id":"passParentEnv.enabled"}}
{"session":"c1721106b819","build":"183.4284.148","bucket":"-1","time":1550127563784,"group":{"id":"internal.statistics.build.maven.state","version":"8"},"event":{"data":{"created":1550127563784,"project":"1467702432"},"id":"workOffline.disabled"}}
{"session":"c1721106b819","build":"183.4284.148","bucket":"-1","time":1550127563784,"group":{"id":"internal.statistics.build.maven.state","version":"8"},"event":{"data":{"created":1550127563784,"project":"1467702432"},"id":"excludeTargetFolder.enabled"}}
{"session":"c1721106b819","build":"183.4284.148","bucket":"-1","time":1550127563784,"group":{"id":"internal.statistics.build.maven.state","version":"8"},"event":{"data":{"created":1550127563784,"project":"1467702432"},"id":"downloadDocsAutomatically.disabled"}}
{"session":"c1721106b819","build":"183.4284.148","bucket":"-1","time":1550127563784,"group":{"id":"internal.statistics.build.maven.state","version":"8"},"event":{"data":{"created":1550127563784,"project":"1467702432"},"id":"updateFoldersOnImportPhase.process-resources"}}
{"session":"c1721106b819","build":"183.4284.148","bucket":"-1","time":1550127563784,"group":{"id":"internal.statistics.build.maven.state","version":"8"},"event":{"data":{"created":1550127563785,"project":"1467702432"},"id":"downloadSourcesAutomatically.disabled"}}
{"session":"c1721106b819","build":"183.4284.148","bucket":"-1","time":1550127563784,"group":{"id":"internal.statistics.build.maven.state","version":"8"},"event":{"data":{"created":1550127563786,"project":"1467702432"},"id":"lookForNested.enabled"}}
{"session":"c1721106b819","build":"183.4284.148","bucket":"-1","time":1550127563784,"group":{"id":"internal.statistics.build.maven.state","version":"8"},"event":{"data":{"created":1550127563786,"project":"1467702432"},"id":"usePluginRegistry.disabled"}}
{"session":"c1721106b819","build":"183.4284.148","bucket":"-1","time":1550127563787,"group":{"id":"internal.statistics.vcs.options","version":"8"},"event":{"data":{"created":1550127563787,"project":"1467702432"},"id":"changelist.preselect.existing.disabled"}}
{"session":"c1721106b819","build":"183.4284.148","bucket":"-1","time":1550127563787,"group":{"id":"internal.statistics.vcs.options","version":"8"},"event":{"data":{"created":1550127563787,"project":"1467702432"},"id":"perform.update.in.background.enabled"}}
{"session":"c1721106b819","build":"183.4284.148","bucket":"-1","time":1550127563787,"group":{"id":"internal.statistics.vcs.options","version":"8"},"event":{"data":{"created":1550127563787,"project":"1467702432"},"id":"perform.checkout.in.background.enabled"}}
{"session":"c1721106b819","build":"183.4284.148","bucket":"-1","time":1550127563787,"group":{"id":"internal.statistics.vcs.options","version":"8"},"event":{"data":{"created":1550127563787,"project":"1467702432"},"id":"offer.move.failed.committed.do_nothing_silently"}}
{"session":"c1721106b819","build":"183.4284.148","bucket":"-1","time":1550127563787,"group":{"id":"internal.statistics.vcs.options","version":"8"},"event":{"data":{"created":1550127563787,"project":"1467702432"},"id":"commit.show.unversioned.enabled"}}
{"session":"c1721106b819","build":"183.4284.148","bucket":"-1","time":1550127563787,"group":{"id":"internal.statistics.vcs.options","version":"8"},"event":{"data":{"created":1550127563788,"project":"1467702432"},"id":"perform.edit.in.background.enabled"}}
{"session":"c1721106b819","build":"183.4284.148","bucket":"-1","time":1550127563787,"group":{"id":"internal.statistics.vcs.options","version":"8"},"event":{"data":{"created":1550127563788,"project":"1467702432"},"id":"commit.before.optimize.imports.disabled"}}
{"session":"c1721106b819","build":"183.4284.148","bucket":"-1","time":1550127563787,"group":{"id":"internal.statistics.vcs.options","version":"8"},"event":{"data":{"created":1550127563788,"project":"1467702432"},"id":"commit.use.right.margin.enabled"}}
{"session":"c1721106b819","build":"183.4284.148","bucket":"-1","time":1550127563787,"group":{"id":"internal.statistics.vcs.options","version":"8"},"event":{"data":{"created":1550127563788,"project":"1467702432"},"id":"show.changes.preview.disabled"}}
{"session":"c1721106b819","build":"183.4284.148","bucket":"-1","time":1550127563787,"group":{"id":"internal.statistics.vcs.options","version":"8"},"event":{"data":{"created":1550127563788,"project":"1467702432"},"id":"offer.remove.empty.changelist.show_confirmation"}}
{"session":"c1721106b819","build":"183.4284.148","bucket":"-1","time":1550127563787,"group":{"id":"internal.statistics.vcs.options","version":"8"},"event":{"data":{"created":1550127563788,"project":"1467702432"},"id":"include.text.into.shelf.enabled"}}
{"session":"c1721106b819","build":"183.4284.148","bucket":"-1","time":1550127563787,"group":{"id":"internal.statistics.vcs.options","version":"8"},"event":{"data":{"created":1550127563788,"project":"1467702432"},"id":"check.conflicts.in.background.disabled"}}
{"session":"c1721106b819","build":"183.4284.148","bucket":"-1","time":1550127563787,"group":{"id":"internal.statistics.vcs.options","version":"8"},"event":{"data":{"created":1550127563788,"project":"1467702432"},"id":"commit.before.check.todo.enabled"}}
{"session":"c1721106b819","build":"183.4284.148","bucket":"-1","time":1550127563787,"group":{"id":"internal.statistics.vcs.options","version":"8"},"event":{"data":{"created":1550127563788,"project":"1467702432"},"id":"commit.clear.initial.comment.disabled"}}
{"session":"c1721106b819","build":"183.4284.148","bucket":"-1","time":1550127563787,"group":{"id":"internal.statistics.vcs.options","version":"8"},"event":{"data":{"created":1550127563788,"project":"1467702432"},"id":"commit.before.check.code.cleanup.disabled"}}
{"session":"c1721106b819","build":"183.4284.148","bucket":"-1","time":1550127563787,"group":{"id":"internal.statistics.vcs.options","version":"8"},"event":{"data":{"created":1550127563788,"project":"1467702432"},"id":"commit.before.check.non.empty.comment.disabled"}}
{"session":"c1721106b819","build":"183.4284.148","bucket":"-1","time":1550127563787,"group":{"id":"internal.statistics.vcs.options","version":"8"},"event":{"data":{"created":1550127563788,"project":"1467702432"},"id":"commit.before.rearrange.disabled"}}
{"session":"c1721106b819","build":"183.4284.148","bucket":"-1","time":1550127563787,"group":{"id":"internal.statistics.vcs.options","version":"8"},"event":{"data":{"created":1550127563788,"project":"1467702432"},"id":"changelist.make.new.active.disabled"}}
{"session":"c1721106b819","build":"183.4284.148","bucket":"-1","time":1550127563787,"group":{"id":"internal.statistics.vcs.options","version":"8"},"event":{"data":{"created":1550127563788,"project":"1467702432"},"id":"commit.before.check.code.smell.enabled"}}
{"session":"c1721106b819","build":"183.4284.148","bucket":"-1","time":1550127563787,"group":{"id":"internal.statistics.vcs.options","version":"8"},"event":{"data":{"created":1550127563788,"project":"1467702432"},"id":"commit.before.reformat.project.disabled"}}
{"session":"c1721106b819","build":"183.4284.148","bucket":"-1","time":1550127563787,"group":{"id":"internal.statistics.vcs.options","version":"8"},"event":{"data":{"created":1550127563788,"project":"1467702432"},"id":"perform.rollback.in.background.disabled"}}
{"session":"c1721106b819","build":"183.4284.148","bucket":"-1","time":1550127563787,"group":{"id":"internal.statistics.vcs.options","version":"8"},"event":{"data":{"created":1550127563789,"project":"1467702432"},"id":"perform.commit.in.background.enabled"}}
{"session":"c1721106b819","build":"183.4284.148","bucket":"-1","time":1550127563787,"group":{"id":"internal.statistics.vcs.options","version":"8"},"event":{"data":{"created":1550127563789,"project":"1467702432"},"id":"perform.add_remove.in.background.enabled"}}
{"session":"c1721106b819","build":"183.4284.148","bucket":"-1","time":1550127563787,"group":{"id":"internal.statistics.vcs.options","version":"8"},"event":{"data":{"created":1550127563789,"project":"1467702432"},"id":"offer.move.partially.committed.disabled"}}
{"session":"c1721106b819","build":"183.4284.148","bucket":"-1","time":1550127563790,"group":{"id":"internal.statistics.run.dashboard","version":"8"},"event":{"data":{"created":1550127563791,"project":"1467702432"},"id":"run.dashboard.disabled"}}
{"session":"c1721106b819","build":"183.4284.148","bucket":"-1","time":1550127563791,"group":{"id":"internal.statistics.vcs.log.index.project","version":"8"},"event":{"data":{"created":1550127563791,"project":"1467702432","data_1":"Windows"},"id":"indexing.too.long.notification.0"}}
{"session":"c1721106b819","build":"183.4284.148","bucket":"-1","time":1550127563791,"group":{"id":"internal.statistics.vcs.log.index.project","version":"8"},"event":{"data":{"created":1550127563791,"project":"1467702432","data_1":"Windows"},"id":"indexing.time.minutes.0"}}
{"session":"c1721106b819","build":"183.4284.148","bucket":"-1","time":1550127563791,"group":{"id":"internal.statistics.vcs.log.index.project","version":"8"},"event":{"data":{"created":1550127563792,"project":"1467702432","data_1":"Windows"},"id":"resume.indexing.click.0"}}
{"session":"c1721106b819","build":"183.4284.148","bucket":"-1","time":1550127563909,"group":{"id":"internal.statistics.javaLibraries","version":"8"},"event":{"data":{"created":1550127563909,"project":"1467702432"},"id":"spring-boot_2.0.1.RELEASE"}}
{"session":"c1721106b819","build":"183.4284.148","bucket":"-1","time":1550127563909,"group":{"id":"internal.statistics.javaLibraries","version":"8"},"event":{"data":{"created":1550127563910,"project":"1467702432"},"id":"spring-core_5.0.5.RELEASE"}}
{"session":"c1721106b819","build":"183.4284.148","bucket":"-1","time":1550127563909,"group":{"id":"internal.statistics.javaLibraries","version":"8"},"event":{"data":{"created":1550127563910,"project":"1467702432"},"id":"spring-mvc_5.0.5.RELEASE"}}
{"session":"c1721106b819","build":"183.4284.148","bucket":"-1","time":1550127563909,"group":{"id":"internal.statistics.javaLibraries","version":"8"},"event":{"data":{"created":1550127563910,"project":"1467702432"},"id":"spring-data-commons_2.0.6.RELEASE"}}
{"session":"c1721106b819","build":"183.4284.148","bucket":"-1","time":1550127955476,"group":{"id":"ui.dialogs","version":"8"},"event":{"count":1,"data":{"created":1550127955476,"type":"show"},"id":"com.intellij.openapi.ui.messages.MessageDialog"}}
{"session":"c1721106b819","build":"183.4284.148","bucket":"-1","time":1550127956784,"group":{"id":"statistics.lifecycle.app","version":"8"},"event":{"count":1,"data":{"created":1550127956786},"id":"ide.close"}}
{"session":"c1721106b819","build":"183.4284.148","bucket":"-1","time":1550127956785,"group":{"id":"lifecycle","version":"8"},"event":{"count":1,"data":{"restart":false,"created":1550127956786},"id":"app.closed"}}
{"session":"c1721106b819","build":"183.4284.148","bucket":"-1","time":1550127956811,"group":{"id":"statistics.lifecycle.project","version":"8"},"event":{"count":1,"data":{"created":1550127956811,"project":"1467702432"},"id":"project.closed"}}
{"session":"c1721106b819","build":"183.4284.148","bucket":"-1","time":1550127957252,"group":{"id":"lifecycle","version":"8"},"event":{"count":1,"data":{"created":1550127957252},"id":"project.closed"}}
