{"session":"692805dccde1","build":"183.4284.148","bucket":"-1","time":1551428921048,"group":{"id":"settings","version":"8"},"event":{"data":{"created":1551428921051,"name":"activeMruEditorOnClose","value":false},"id":"UISettings"}}
{"session":"692805dccde1","build":"183.4284.148","bucket":"-1","time":1551428921049,"group":{"id":"settings","version":"8"},"event":{"data":{"created":1551428921072,"name":"activeRightEditorOnClose","value":false},"id":"UISettings"}}
{"session":"692805dccde1","build":"183.4284.148","bucket":"-1","time":1551428921049,"group":{"id":"settings","version":"8"},"event":{"data":{"created":1551428921091,"name":"allowMergeButtons","value":true},"id":"UISettings"}}
{"session":"692805dccde1","build":"183.4284.148","bucket":"-1","time":1551428921049,"group":{"id":"settings","version":"8"},"event":{"data":{"created":1551428921092,"name":"alwaysShowWindowsButton","value":false},"id":"UISettings"}}
{"session":"692805dccde1","build":"183.4284.148","bucket":"-1","time":1551428921049,"group":{"id":"settings","version":"8"},"event":{"data":{"created":1551428921093,"name":"animateWindows","value":true},"id":"UISettings"}}
{"session":"692805dccde1","build":"183.4284.148","bucket":"-1","time":1551428921049,"group":{"id":"settings","version":"8"},"event":{"data":{"created":1551428921094,"name":"closeNonModifiedFilesFirst","value":false},"id":"UISettings"}}
{"session":"692805dccde1","build":"183.4284.148","bucket":"-1","time":1551428921049,"group":{"id":"settings","version":"8"},"event":{"data":{"created":1551428921094,"name":"closeTabButtonOnTheRight","value":true},"id":"UISettings"}}
{"session":"692805dccde1","build":"183.4284.148","bucket":"-1","time":1551428921049,"group":{"id":"settings","version":"8"},"event":{"data":{"created":1551428921095,"name":"cycleScrolling","value":true},"id":"UISettings"}}
{"session":"692805dccde1","build":"183.4284.148","bucket":"-1","time":1551428921049,"group":{"id":"settings","version":"8"},"event":{"data":{"created":1551428921095,"name":"defaultAutoScrollToSource","value":false},"id":"UISettings"}}
{"session":"692805dccde1","build":"183.4284.148","bucket":"-1","time":1551428921049,"group":{"id":"settings","version":"8"},"event":{"data":{"created":1551428921095,"name":"disableMnemonics","value":false},"id":"UISettings"}}
{"session":"692805dccde1","build":"183.4284.148","bucket":"-1","time":1551428921049,"group":{"id":"settings","version":"8"},"event":{"data":{"created":1551428921095,"name":"disableMnemonicsInControls","value":false},"id":"UISettings"}}
{"session":"692805dccde1","build":"183.4284.148","bucket":"-1","time":1551428921049,"group":{"id":"settings","version":"8"},"event":{"data":{"created":1551428921096,"name":"dndWithPressedAltOnly","value":false},"id":"UISettings"}}
{"session":"692805dccde1","build":"183.4284.148","bucket":"-1","time":1551428921049,"group":{"id":"settings","version":"8"},"event":{"data":{"created":1551428921096,"name":"enableAlphaMode","value":false},"id":"UISettings"}}
{"session":"692805dccde1","build":"183.4284.148","bucket":"-1","time":1551428921049,"group":{"id":"settings","version":"8"},"event":{"data":{"created":1551428921096,"name":"hideKnownExtensionInTabs","value":false},"id":"UISettings"}}
{"session":"692805dccde1","build":"183.4284.148","bucket":"-1","time":1551428921049,"group":{"id":"settings","version":"8"},"event":{"data":{"created":1551428921097,"name":"hideNavigationOnFocusLoss","value":true},"id":"UISettings"}}
{"session":"692805dccde1","build":"183.4284.148","bucket":"-1","time":1551428921049,"group":{"id":"settings","version":"8"},"event":{"data":{"created":1551428921097,"name":"hideTabsIfNeed","value":true},"id":"UISettings"}}
{"session":"692805dccde1","build":"183.4284.148","bucket":"-1","time":1551428921049,"group":{"id":"settings","version":"8"},"event":{"data":{"created":1551428921097,"name":"hideToolStripes","value":false},"id":"UISettings"}}
{"session":"692805dccde1","build":"183.4284.148","bucket":"-1","time":1551428921049,"group":{"id":"settings","version":"8"},"event":{"data":{"created":1551428921097,"name":"leftHorizontalSplit","value":false},"id":"UISettings"}}
{"session":"692805dccde1","build":"183.4284.148","bucket":"-1","time":1551428921049,"group":{"id":"settings","version":"8"},"event":{"data":{"created":1551428921098,"name":"markModifiedTabsWithAsterisk","value":false},"id":"UISettings"}}
{"session":"692805dccde1","build":"183.4284.148","bucket":"-1","time":1551428921049,"group":{"id":"settings","version":"8"},"event":{"data":{"created":1551428921098,"name":"mergeEqualStackTraces","value":true},"id":"UISettings"}}
{"session":"692805dccde1","build":"183.4284.148","bucket":"-1","time":1551428921049,"group":{"id":"settings","version":"8"},"event":{"data":{"created":1551428921098,"name":"moveMouseOnDefaultButton","value":false},"id":"UISettings"}}
{"session":"692805dccde1","build":"183.4284.148","bucket":"-1","time":1551428921049,"group":{"id":"settings","version":"8"},"event":{"data":{"created":1551428921104,"name":"navigateToPreview","value":false},"id":"UISettings"}}
{"session":"692805dccde1","build":"183.4284.148","bucket":"-1","time":1551428921049,"group":{"id":"settings","version":"8"},"event":{"data":{"created":1551428921105,"name":"overrideConsoleCycleBufferSize","value":false},"id":"UISettings"}}
{"session":"692805dccde1","build":"183.4284.148","bucket":"-1","time":1551428921049,"group":{"id":"settings","version":"8"},"event":{"data":{"created":1551428921105,"name":"overrideLafFonts","value":false},"id":"UISettings"}}
{"session":"692805dccde1","build":"183.4284.148","bucket":"-1","time":1551428921049,"group":{"id":"settings","version":"8"},"event":{"data":{"created":1551428921105,"name":"pinFindInPath","value":false},"id":"UISettings"}}
{"session":"692805dccde1","build":"183.4284.148","bucket":"-1","time":1551428921049,"group":{"id":"settings","version":"8"},"event":{"data":{"created":1551428921105,"name":"presentationMode","value":false},"id":"UISettings"}}
{"session":"692805dccde1","build":"183.4284.148","bucket":"-1","time":1551428921049,"group":{"id":"settings","version":"8"},"event":{"data":{"created":1551428921106,"name":"reuseNotModifiedTabs","value":false},"id":"UISettings"}}
{"session":"692805dccde1","build":"183.4284.148","bucket":"-1","time":1551428921049,"group":{"id":"settings","version":"8"},"event":{"data":{"created":1551428921106,"name":"rightHorizontalSplit","value":false},"id":"UISettings"}}
{"session":"692805dccde1","build":"183.4284.148","bucket":"-1","time":1551428921049,"group":{"id":"settings","version":"8"},"event":{"data":{"created":1551428921106,"name":"scrollTabLayoutInEditor","value":true},"id":"UISettings"}}
{"session":"692805dccde1","build":"183.4284.148","bucket":"-1","time":1551428921049,"group":{"id":"settings","version":"8"},"event":{"data":{"created":1551428921106,"name":"showCloseButton","value":true},"id":"UISettings"}}
{"session":"692805dccde1","build":"183.4284.148","bucket":"-1","time":1551428921049,"group":{"id":"settings","version":"8"},"event":{"data":{"created":1551428921106,"name":"showDirectoryForNonUniqueFilenames","value":true},"id":"UISettings"}}
{"session":"692805dccde1","build":"183.4284.148","bucket":"-1","time":1551428921049,"group":{"id":"settings","version":"8"},"event":{"data":{"created":1551428921106,"name":"showEditorToolTip","value":true},"id":"UISettings"}}
{"session":"692805dccde1","build":"183.4284.148","bucket":"-1","time":1551428921049,"group":{"id":"settings","version":"8"},"event":{"data":{"created":1551428921107,"name":"showIconInQuickNavigation","value":true},"id":"UISettings"}}
{"session":"692805dccde1","build":"183.4284.148","bucket":"-1","time":1551428921049,"group":{"id":"settings","version":"8"},"event":{"data":{"created":1551428921107,"name":"showIconsInMenus","value":true},"id":"UISettings"}}
{"session":"692805dccde1","build":"183.4284.148","bucket":"-1","time":1551428921049,"group":{"id":"settings","version":"8"},"event":{"data":{"created":1551428921107,"name":"showMainToolbar","value":false},"id":"UISettings"}}
{"session":"692805dccde1","build":"183.4284.148","bucket":"-1","time":1551428921049,"group":{"id":"settings","version":"8"},"event":{"data":{"created":1551428921107,"name":"showMemoryIndicator","value":false},"id":"UISettings"}}
{"session":"692805dccde1","build":"183.4284.148","bucket":"-1","time":1551428921049,"group":{"id":"settings","version":"8"},"event":{"data":{"created":1551428921107,"name":"showNavigationBar","value":true},"id":"UISettings"}}
{"session":"692805dccde1","build":"183.4284.148","bucket":"-1","time":1551428921049,"group":{"id":"settings","version":"8"},"event":{"data":{"created":1551428921108,"name":"showStatusBar","value":true},"id":"UISettings"}}
{"session":"692805dccde1","build":"183.4284.148","bucket":"-1","time":1551428921049,"group":{"id":"settings","version":"8"},"event":{"data":{"created":1551428921109,"name":"showTabsTooltips","value":true},"id":"UISettings"}}
{"session":"692805dccde1","build":"183.4284.148","bucket":"-1","time":1551428921049,"group":{"id":"settings","version":"8"},"event":{"data":{"created":1551428921109,"name":"showToolWindowsNumbers","value":true},"id":"UISettings"}}
{"session":"692805dccde1","build":"183.4284.148","bucket":"-1","time":1551428921049,"group":{"id":"settings","version":"8"},"event":{"data":{"created":1551428921109,"name":"smoothScrolling","value":false},"id":"UISettings"}}
{"session":"692805dccde1","build":"183.4284.148","bucket":"-1","time":1551428921049,"group":{"id":"settings","version":"8"},"event":{"data":{"created":1551428921109,"name":"sortBookmarks","value":false},"id":"UISettings"}}
{"session":"692805dccde1","build":"183.4284.148","bucket":"-1","time":1551428921049,"group":{"id":"settings","version":"8"},"event":{"data":{"created":1551428921110,"name":"sortLookupElementsLexicographically","value":false},"id":"UISettings"}}
{"session":"692805dccde1","build":"183.4284.148","bucket":"-1","time":1551428921049,"group":{"id":"settings","version":"8"},"event":{"data":{"created":1551428921110,"name":"useSmallLabelsOnTabs","value":false},"id":"UISettings"}}
{"session":"692805dccde1","build":"183.4284.148","bucket":"-1","time":1551428921049,"group":{"id":"settings","version":"8"},"event":{"data":{"created":1551428921110,"name":"wideScreenSupport","value":false},"id":"UISettings"}}
{"session":"692805dccde1","build":"183.4284.148","bucket":"-1","time":1551428921065,"group":{"id":"system.os.name","version":"8"},"event":{"data":{"created":1551428921110},"id":"Windows"}}
{"session":"692805dccde1","build":"183.4284.148","bucket":"-1","time":1551428921065,"group":{"id":"system.os.version","version":"8"},"event":{"data":{"created":1551428921110},"id":"10.0"}}
{"session":"692805dccde1","build":"183.4284.148","bucket":"-1","time":1551428921065,"group":{"id":"system.jvm.vendor","version":"8"},"event":{"data":{"created":1551428921110},"id":"JetBrains_s.r.o"}}
{"session":"692805dccde1","build":"183.4284.148","bucket":"-1","time":1551428921065,"group":{"id":"system.jvm.version","version":"8"},"event":{"data":{"created":1551428921111},"id":"1.8"}}
{"session":"692805dccde1","build":"183.4284.148","bucket":"-1","time":1551428921780,"group":{"id":"settings","version":"8"},"event":{"data":{"created":1551428921781,"name":"autoSaveIfInactive","value":false},"id":"GeneralSettings"}}
{"session":"692805dccde1","build":"183.4284.148","bucket":"-1","time":1551428921781,"group":{"id":"settings","version":"8"},"event":{"data":{"created":1551428921781,"name":"confirmExit","value":true},"id":"GeneralSettings"}}
{"session":"692805dccde1","build":"183.4284.148","bucket":"-1","time":1551428921781,"group":{"id":"settings","version":"8"},"event":{"data":{"created":1551428921781,"name":"reopenLastProject","value":true},"id":"GeneralSettings"}}
{"session":"692805dccde1","build":"183.4284.148","bucket":"-1","time":1551428921781,"group":{"id":"settings","version":"8"},"event":{"data":{"created":1551428921781,"name":"saveOnFrameDeactivation","value":true},"id":"GeneralSettings"}}
{"session":"692805dccde1","build":"183.4284.148","bucket":"-1","time":1551428921781,"group":{"id":"settings","version":"8"},"event":{"data":{"created":1551428921781,"name":"searchInBackground","value":false},"id":"GeneralSettings"}}
{"session":"692805dccde1","build":"183.4284.148","bucket":"-1","time":1551428921781,"group":{"id":"settings","version":"8"},"event":{"data":{"default":false,"created":1551428921782,"name":"showTipsOnStartup","value":false},"id":"GeneralSettings"}}
{"session":"692805dccde1","build":"183.4284.148","bucket":"-1","time":1551428921781,"group":{"id":"settings","version":"8"},"event":{"data":{"created":1551428921785,"name":"showWelcomeScreen","value":true},"id":"GeneralSettings"}}
{"session":"692805dccde1","build":"183.4284.148","bucket":"-1","time":1551428921781,"group":{"id":"settings","version":"8"},"event":{"data":{"created":1551428921785,"name":"supportScreenReaders","value":false},"id":"GeneralSettings"}}
{"session":"692805dccde1","build":"183.4284.148","bucket":"-1","time":1551428921781,"group":{"id":"settings","version":"8"},"event":{"data":{"created":1551428921785,"name":"syncOnFrameActivation","value":true},"id":"GeneralSettings"}}
{"session":"692805dccde1","build":"183.4284.148","bucket":"-1","time":1551428921781,"group":{"id":"settings","version":"8"},"event":{"data":{"created":1551428921785,"name":"useDefaultBrowser","value":true},"id":"GeneralSettings"}}
{"session":"692805dccde1","build":"183.4284.148","bucket":"-1","time":1551428921781,"group":{"id":"settings","version":"8"},"event":{"data":{"created":1551428921785,"name":"useSafeWrite","value":true},"id":"GeneralSettings"}}
{"session":"692805dccde1","build":"183.4284.148","bucket":"-1","time":1551428923960,"group":{"id":"ui.dialogs","version":"8"},"event":{"count":1,"data":{"created":1551428923960,"type":"show"},"id":"com.intellij.openapi.progress.util.ProgressDialog$MyDialogWrapper"}}
{"session":"692805dccde1","build":"183.4284.148","bucket":"-1","time":1551428926518,"group":{"id":"ui.dialogs","version":"8"},"event":{"count":1,"data":{"code":1,"created":1551428926521,"type":"close"},"id":"com.intellij.openapi.progress.util.ProgressDialog$MyDialogWrapper"}}
{"session":"692805dccde1","build":"183.4284.148","bucket":"-1","time":1551428926563,"group":{"id":"statistics.lifecycle.project","version":"8"},"event":{"count":1,"data":{"created":1551428926563,"project":"1467702432"},"id":"project.opened"}}
{"session":"692805dccde1","build":"183.4284.148","bucket":"-1","time":1551428926564,"group":{"id":"lifecycle","version":"8"},"event":{"count":1,"data":{"created":1551428926564},"id":"project.opened"}}
{"session":"692805dccde1","build":"183.4284.148","bucket":"-1","time":1551428927863,"group":{"id":"ui.dialogs","version":"8"},"event":{"count":1,"data":{"created":1551428927864,"type":"show"},"id":"com.intellij.openapi.progress.util.ProgressDialog$MyDialogWrapper"}}
{"session":"692805dccde1","build":"183.4284.148","bucket":"-1","time":1551428930021,"group":{"id":"toolwindow","version":"8"},"event":{"count":1,"data":{"created":1551428930021,"data_1":"Windows"},"id":"Project_by_Activation"}}
{"session":"692805dccde1","build":"183.4284.148","bucket":"-1","time":1551428930454,"group":{"id":"statistics.lifecycle.app","version":"8"},"event":{"count":1,"data":{"created":1551428930454},"id":"ide.start"}}
{"session":"692805dccde1","build":"183.4284.148","bucket":"-1","time":1551428930454,"group":{"id":"lifecycle","version":"8"},"event":{"count":1,"data":{"created":1551428930454},"id":"app.started"}}
{"session":"692805dccde1","build":"183.4284.148","bucket":"-1","time":1551428931264,"group":{"id":"ui.dialogs","version":"8"},"event":{"count":1,"data":{"code":1,"created":1551428931264,"type":"close"},"id":"com.intellij.openapi.progress.util.ProgressDialog$MyDialogWrapper"}}
{"session":"692805dccde1","build":"183.4284.148","bucket":"-1","time":1551428931334,"group":{"id":"statistics.lifecycle.project","version":"8"},"event":{"count":1,"data":{"created":1551428931334,"project":"1467702432"},"id":"project.open.time.7"}}
{"session":"692805dccde1","build":"183.4284.148","bucket":"-1","time":1551428931334,"group":{"id":"lifecycle","version":"8"},"event":{"count":1,"data":{"created":1551428931334,"time.ms":7859},"id":"project.opening.finished"}}
