{"session":"3b319f86f0d5","build":"183.4284.148","bucket":"-1","time":1551432071555,"group":{"id":"settings","version":"8"},"event":{"data":{"created":1551432071578,"name":"activeMruEditorOnClose","value":false},"id":"UISettings"}}
{"session":"3b319f86f0d5","build":"183.4284.148","bucket":"-1","time":1551432071556,"group":{"id":"settings","version":"8"},"event":{"data":{"created":1551432071598,"name":"activeRightEditorOnClose","value":false},"id":"UISettings"}}
{"session":"3b319f86f0d5","build":"183.4284.148","bucket":"-1","time":1551432071556,"group":{"id":"settings","version":"8"},"event":{"data":{"created":1551432071636,"name":"allowMergeButtons","value":true},"id":"UISettings"}}
{"session":"3b319f86f0d5","build":"183.4284.148","bucket":"-1","time":1551432071556,"group":{"id":"settings","version":"8"},"event":{"data":{"created":1551432071636,"name":"alwaysShowWindowsButton","value":false},"id":"UISettings"}}
{"session":"3b319f86f0d5","build":"183.4284.148","bucket":"-1","time":1551432071556,"group":{"id":"settings","version":"8"},"event":{"data":{"created":1551432071637,"name":"animateWindows","value":true},"id":"UISettings"}}
{"session":"3b319f86f0d5","build":"183.4284.148","bucket":"-1","time":1551432071556,"group":{"id":"settings","version":"8"},"event":{"data":{"created":1551432071639,"name":"closeNonModifiedFilesFirst","value":false},"id":"UISettings"}}
{"session":"3b319f86f0d5","build":"183.4284.148","bucket":"-1","time":1551432071556,"group":{"id":"settings","version":"8"},"event":{"data":{"created":1551432071639,"name":"closeTabButtonOnTheRight","value":true},"id":"UISettings"}}
{"session":"3b319f86f0d5","build":"183.4284.148","bucket":"-1","time":1551432071556,"group":{"id":"settings","version":"8"},"event":{"data":{"created":1551432071639,"name":"cycleScrolling","value":true},"id":"UISettings"}}
{"session":"3b319f86f0d5","build":"183.4284.148","bucket":"-1","time":1551432071556,"group":{"id":"settings","version":"8"},"event":{"data":{"created":1551432071641,"name":"defaultAutoScrollToSource","value":false},"id":"UISettings"}}
{"session":"3b319f86f0d5","build":"183.4284.148","bucket":"-1","time":1551432071556,"group":{"id":"settings","version":"8"},"event":{"data":{"created":1551432071642,"name":"disableMnemonics","value":false},"id":"UISettings"}}
{"session":"3b319f86f0d5","build":"183.4284.148","bucket":"-1","time":1551432071556,"group":{"id":"settings","version":"8"},"event":{"data":{"created":1551432071643,"name":"disableMnemonicsInControls","value":false},"id":"UISettings"}}
{"session":"3b319f86f0d5","build":"183.4284.148","bucket":"-1","time":1551432071556,"group":{"id":"settings","version":"8"},"event":{"data":{"created":1551432071644,"name":"dndWithPressedAltOnly","value":false},"id":"UISettings"}}
{"session":"3b319f86f0d5","build":"183.4284.148","bucket":"-1","time":1551432071556,"group":{"id":"settings","version":"8"},"event":{"data":{"created":1551432071644,"name":"enableAlphaMode","value":false},"id":"UISettings"}}
{"session":"3b319f86f0d5","build":"183.4284.148","bucket":"-1","time":1551432071556,"group":{"id":"settings","version":"8"},"event":{"data":{"created":1551432071644,"name":"hideKnownExtensionInTabs","value":false},"id":"UISettings"}}
{"session":"3b319f86f0d5","build":"183.4284.148","bucket":"-1","time":1551432071556,"group":{"id":"settings","version":"8"},"event":{"data":{"created":1551432071645,"name":"hideNavigationOnFocusLoss","value":true},"id":"UISettings"}}
{"session":"3b319f86f0d5","build":"183.4284.148","bucket":"-1","time":1551432071556,"group":{"id":"settings","version":"8"},"event":{"data":{"created":1551432071646,"name":"hideTabsIfNeed","value":true},"id":"UISettings"}}
{"session":"3b319f86f0d5","build":"183.4284.148","bucket":"-1","time":1551432071556,"group":{"id":"settings","version":"8"},"event":{"data":{"created":1551432071646,"name":"hideToolStripes","value":false},"id":"UISettings"}}
{"session":"3b319f86f0d5","build":"183.4284.148","bucket":"-1","time":1551432071556,"group":{"id":"settings","version":"8"},"event":{"data":{"created":1551432071646,"name":"leftHorizontalSplit","value":false},"id":"UISettings"}}
{"session":"3b319f86f0d5","build":"183.4284.148","bucket":"-1","time":1551432071556,"group":{"id":"settings","version":"8"},"event":{"data":{"created":1551432071647,"name":"markModifiedTabsWithAsterisk","value":false},"id":"UISettings"}}
{"session":"3b319f86f0d5","build":"183.4284.148","bucket":"-1","time":1551432071556,"group":{"id":"settings","version":"8"},"event":{"data":{"created":1551432071647,"name":"mergeEqualStackTraces","value":true},"id":"UISettings"}}
{"session":"3b319f86f0d5","build":"183.4284.148","bucket":"-1","time":1551432071556,"group":{"id":"settings","version":"8"},"event":{"data":{"created":1551432071648,"name":"moveMouseOnDefaultButton","value":false},"id":"UISettings"}}
{"session":"3b319f86f0d5","build":"183.4284.148","bucket":"-1","time":1551432071556,"group":{"id":"settings","version":"8"},"event":{"data":{"created":1551432071648,"name":"navigateToPreview","value":false},"id":"UISettings"}}
{"session":"3b319f86f0d5","build":"183.4284.148","bucket":"-1","time":1551432071556,"group":{"id":"settings","version":"8"},"event":{"data":{"created":1551432071649,"name":"overrideConsoleCycleBufferSize","value":false},"id":"UISettings"}}
{"session":"3b319f86f0d5","build":"183.4284.148","bucket":"-1","time":1551432071556,"group":{"id":"settings","version":"8"},"event":{"data":{"created":1551432071649,"name":"overrideLafFonts","value":false},"id":"UISettings"}}
{"session":"3b319f86f0d5","build":"183.4284.148","bucket":"-1","time":1551432071556,"group":{"id":"settings","version":"8"},"event":{"data":{"created":1551432071649,"name":"pinFindInPath","value":false},"id":"UISettings"}}
{"session":"3b319f86f0d5","build":"183.4284.148","bucket":"-1","time":1551432071556,"group":{"id":"settings","version":"8"},"event":{"data":{"created":1551432071650,"name":"presentationMode","value":false},"id":"UISettings"}}
{"session":"3b319f86f0d5","build":"183.4284.148","bucket":"-1","time":1551432071556,"group":{"id":"settings","version":"8"},"event":{"data":{"created":1551432071650,"name":"reuseNotModifiedTabs","value":false},"id":"UISettings"}}
{"session":"3b319f86f0d5","build":"183.4284.148","bucket":"-1","time":1551432071556,"group":{"id":"settings","version":"8"},"event":{"data":{"created":1551432071650,"name":"rightHorizontalSplit","value":false},"id":"UISettings"}}
{"session":"3b319f86f0d5","build":"183.4284.148","bucket":"-1","time":1551432071556,"group":{"id":"settings","version":"8"},"event":{"data":{"created":1551432071651,"name":"scrollTabLayoutInEditor","value":true},"id":"UISettings"}}
{"session":"3b319f86f0d5","build":"183.4284.148","bucket":"-1","time":1551432071556,"group":{"id":"settings","version":"8"},"event":{"data":{"created":1551432071651,"name":"showCloseButton","value":true},"id":"UISettings"}}
{"session":"3b319f86f0d5","build":"183.4284.148","bucket":"-1","time":1551432071556,"group":{"id":"settings","version":"8"},"event":{"data":{"created":1551432071651,"name":"showDirectoryForNonUniqueFilenames","value":true},"id":"UISettings"}}
{"session":"3b319f86f0d5","build":"183.4284.148","bucket":"-1","time":1551432071556,"group":{"id":"settings","version":"8"},"event":{"data":{"created":1551432071651,"name":"showEditorToolTip","value":true},"id":"UISettings"}}
{"session":"3b319f86f0d5","build":"183.4284.148","bucket":"-1","time":1551432071556,"group":{"id":"settings","version":"8"},"event":{"data":{"created":1551432071653,"name":"showIconInQuickNavigation","value":true},"id":"UISettings"}}
{"session":"3b319f86f0d5","build":"183.4284.148","bucket":"-1","time":1551432071556,"group":{"id":"settings","version":"8"},"event":{"data":{"created":1551432071654,"name":"showIconsInMenus","value":true},"id":"UISettings"}}
{"session":"3b319f86f0d5","build":"183.4284.148","bucket":"-1","time":1551432071556,"group":{"id":"settings","version":"8"},"event":{"data":{"created":1551432071655,"name":"showMainToolbar","value":false},"id":"UISettings"}}
{"session":"3b319f86f0d5","build":"183.4284.148","bucket":"-1","time":1551432071556,"group":{"id":"settings","version":"8"},"event":{"data":{"created":1551432071655,"name":"showMemoryIndicator","value":false},"id":"UISettings"}}
{"session":"3b319f86f0d5","build":"183.4284.148","bucket":"-1","time":1551432071556,"group":{"id":"settings","version":"8"},"event":{"data":{"created":1551432071655,"name":"showNavigationBar","value":true},"id":"UISettings"}}
{"session":"3b319f86f0d5","build":"183.4284.148","bucket":"-1","time":1551432071556,"group":{"id":"settings","version":"8"},"event":{"data":{"created":1551432071656,"name":"showStatusBar","value":true},"id":"UISettings"}}
{"session":"3b319f86f0d5","build":"183.4284.148","bucket":"-1","time":1551432071556,"group":{"id":"settings","version":"8"},"event":{"data":{"created":1551432071656,"name":"showTabsTooltips","value":true},"id":"UISettings"}}
{"session":"3b319f86f0d5","build":"183.4284.148","bucket":"-1","time":1551432071556,"group":{"id":"settings","version":"8"},"event":{"data":{"created":1551432071656,"name":"showToolWindowsNumbers","value":true},"id":"UISettings"}}
{"session":"3b319f86f0d5","build":"183.4284.148","bucket":"-1","time":1551432071556,"group":{"id":"settings","version":"8"},"event":{"data":{"created":1551432071657,"name":"smoothScrolling","value":false},"id":"UISettings"}}
{"session":"3b319f86f0d5","build":"183.4284.148","bucket":"-1","time":1551432071556,"group":{"id":"settings","version":"8"},"event":{"data":{"created":1551432071657,"name":"sortBookmarks","value":false},"id":"UISettings"}}
{"session":"3b319f86f0d5","build":"183.4284.148","bucket":"-1","time":1551432071556,"group":{"id":"settings","version":"8"},"event":{"data":{"created":1551432071657,"name":"sortLookupElementsLexicographically","value":false},"id":"UISettings"}}
{"session":"3b319f86f0d5","build":"183.4284.148","bucket":"-1","time":1551432071556,"group":{"id":"settings","version":"8"},"event":{"data":{"created":1551432071657,"name":"useSmallLabelsOnTabs","value":false},"id":"UISettings"}}
{"session":"3b319f86f0d5","build":"183.4284.148","bucket":"-1","time":1551432071556,"group":{"id":"settings","version":"8"},"event":{"data":{"created":1551432071658,"name":"wideScreenSupport","value":false},"id":"UISettings"}}
{"session":"3b319f86f0d5","build":"183.4284.148","bucket":"-1","time":1551432071658,"group":{"id":"system.os.name","version":"8"},"event":{"data":{"created":1551432071658},"id":"Windows"}}
{"session":"3b319f86f0d5","build":"183.4284.148","bucket":"-1","time":1551432071658,"group":{"id":"system.os.version","version":"8"},"event":{"data":{"created":1551432071658},"id":"10.0"}}
{"session":"3b319f86f0d5","build":"183.4284.148","bucket":"-1","time":1551432071658,"group":{"id":"system.jvm.vendor","version":"8"},"event":{"data":{"created":1551432071658},"id":"JetBrains_s.r.o"}}
{"session":"3b319f86f0d5","build":"183.4284.148","bucket":"-1","time":1551432071658,"group":{"id":"system.jvm.version","version":"8"},"event":{"data":{"created":1551432071659},"id":"1.8"}}
{"session":"3b319f86f0d5","build":"183.4284.148","bucket":"-1","time":1551432072398,"group":{"id":"settings","version":"8"},"event":{"data":{"created":1551432072398,"name":"autoSaveIfInactive","value":false},"id":"GeneralSettings"}}
{"session":"3b319f86f0d5","build":"183.4284.148","bucket":"-1","time":1551432072398,"group":{"id":"settings","version":"8"},"event":{"data":{"created":1551432072399,"name":"confirmExit","value":true},"id":"GeneralSettings"}}
{"session":"3b319f86f0d5","build":"183.4284.148","bucket":"-1","time":1551432072398,"group":{"id":"settings","version":"8"},"event":{"data":{"created":1551432072399,"name":"reopenLastProject","value":true},"id":"GeneralSettings"}}
{"session":"3b319f86f0d5","build":"183.4284.148","bucket":"-1","time":1551432072398,"group":{"id":"settings","version":"8"},"event":{"data":{"created":1551432072399,"name":"saveOnFrameDeactivation","value":true},"id":"GeneralSettings"}}
{"session":"3b319f86f0d5","build":"183.4284.148","bucket":"-1","time":1551432072398,"group":{"id":"settings","version":"8"},"event":{"data":{"created":1551432072399,"name":"searchInBackground","value":false},"id":"GeneralSettings"}}
{"session":"3b319f86f0d5","build":"183.4284.148","bucket":"-1","time":1551432072398,"group":{"id":"settings","version":"8"},"event":{"data":{"default":false,"created":1551432072400,"name":"showTipsOnStartup","value":false},"id":"GeneralSettings"}}
{"session":"3b319f86f0d5","build":"183.4284.148","bucket":"-1","time":1551432072398,"group":{"id":"settings","version":"8"},"event":{"data":{"created":1551432072400,"name":"showWelcomeScreen","value":true},"id":"GeneralSettings"}}
{"session":"3b319f86f0d5","build":"183.4284.148","bucket":"-1","time":1551432072398,"group":{"id":"settings","version":"8"},"event":{"data":{"created":1551432072400,"name":"supportScreenReaders","value":false},"id":"GeneralSettings"}}
{"session":"3b319f86f0d5","build":"183.4284.148","bucket":"-1","time":1551432072398,"group":{"id":"settings","version":"8"},"event":{"data":{"created":1551432072400,"name":"syncOnFrameActivation","value":true},"id":"GeneralSettings"}}
{"session":"3b319f86f0d5","build":"183.4284.148","bucket":"-1","time":1551432072398,"group":{"id":"settings","version":"8"},"event":{"data":{"created":1551432072400,"name":"useDefaultBrowser","value":true},"id":"GeneralSettings"}}
{"session":"3b319f86f0d5","build":"183.4284.148","bucket":"-1","time":1551432072398,"group":{"id":"settings","version":"8"},"event":{"data":{"created":1551432072400,"name":"useSafeWrite","value":true},"id":"GeneralSettings"}}
{"session":"3b319f86f0d5","build":"183.4284.148","bucket":"-1","time":1551432074681,"group":{"id":"ui.dialogs","version":"8"},"event":{"count":1,"data":{"created":1551432074681,"type":"show"},"id":"com.intellij.openapi.progress.util.ProgressDialog$MyDialogWrapper"}}
{"session":"3b319f86f0d5","build":"183.4284.148","bucket":"-1","time":1551432077530,"group":{"id":"ui.dialogs","version":"8"},"event":{"count":1,"data":{"code":1,"created":1551432077531,"type":"close"},"id":"com.intellij.openapi.progress.util.ProgressDialog$MyDialogWrapper"}}
{"session":"3b319f86f0d5","build":"183.4284.148","bucket":"-1","time":1551432077578,"group":{"id":"statistics.lifecycle.project","version":"8"},"event":{"count":1,"data":{"created":1551432077578,"project":"1467702432"},"id":"project.opened"}}
{"session":"3b319f86f0d5","build":"183.4284.148","bucket":"-1","time":1551432077579,"group":{"id":"lifecycle","version":"8"},"event":{"count":1,"data":{"created":1551432077579},"id":"project.opened"}}
{"session":"3b319f86f0d5","build":"183.4284.148","bucket":"-1","time":1551432078945,"group":{"id":"ui.dialogs","version":"8"},"event":{"count":1,"data":{"created":1551432078960,"type":"show"},"id":"com.intellij.openapi.progress.util.ProgressDialog$MyDialogWrapper"}}
{"session":"3b319f86f0d5","build":"183.4284.148","bucket":"-1","time":1551432081679,"group":{"id":"toolwindow","version":"8"},"event":{"count":1,"data":{"created":1551432081679,"data_1":"Windows"},"id":"Project_by_Activation"}}
{"session":"3b319f86f0d5","build":"183.4284.148","bucket":"-1","time":1551432082229,"group":{"id":"statistics.lifecycle.app","version":"8"},"event":{"count":1,"data":{"created":1551432082229},"id":"ide.start"}}
{"session":"3b319f86f0d5","build":"183.4284.148","bucket":"-1","time":1551432082229,"group":{"id":"lifecycle","version":"8"},"event":{"count":1,"data":{"created":1551432082229},"id":"app.started"}}
{"session":"3b319f86f0d5","build":"183.4284.148","bucket":"-1","time":1551432083102,"group":{"id":"ui.dialogs","version":"8"},"event":{"count":1,"data":{"code":1,"created":1551432083102,"type":"close"},"id":"com.intellij.openapi.progress.util.ProgressDialog$MyDialogWrapper"}}
{"session":"3b319f86f0d5","build":"183.4284.148","bucket":"-1","time":1551432083330,"group":{"id":"statistics.lifecycle.project","version":"8"},"event":{"count":1,"data":{"created":1551432083331,"project":"1467702432"},"id":"project.open.time.9"}}
{"session":"3b319f86f0d5","build":"183.4284.148","bucket":"-1","time":1551432083332,"group":{"id":"lifecycle","version":"8"},"event":{"count":1,"data":{"created":1551432083332,"time.ms":9232},"id":"project.opening.finished"}}
{"session":"3b319f86f0d5","build":"183.4284.148","bucket":"-1","time":1551432088550,"group":{"id":"statistics.file.types.open","version":"8"},"event":{"count":1,"data":{"created":1551432088552,"project":"1467702432"},"id":"HTML"}}
{"session":"3b319f86f0d5","build":"183.4284.148","bucket":"-1","time":1551432097391,"group":{"id":"statistics.productivity","version":"8"},"event":{"count":2,"data":{"last":1551432098432,"created":1551432097391},"id":"editing.select.word"}}
{"session":"3b319f86f0d5","build":"183.4284.148","bucket":"-1","time":1551432099383,"group":{"id":"actions.v2","version":"8"},"event":{"count":1,"data":{"context_menu":false,"created":1551432099383,"data_1":"Windows"},"id":"$SelectAll"}}
{"session":"3b319f86f0d5","build":"183.4284.148","bucket":"-1","time":1551432099739,"group":{"id":"actions.v2","version":"8"},"event":{"count":1,"data":{"context_menu":false,"created":1551432099739,"data_1":"Windows"},"id":"EditorCopy"}}
{"session":"3b319f86f0d5","build":"183.4284.148","bucket":"-1","time":1551432101680,"group":{"id":"actions.v2","version":"8"},"event":{"count":1,"data":{"context_menu":false,"created":1551432101680,"data_1":"Windows"},"id":"EditorPaste"}}
{"session":"3b319f86f0d5","build":"183.4284.148","bucket":"-1","time":1551432101792,"group":{"id":"statistics.lifecycle.app","version":"8"},"event":{"count":3,"data":{"last":1551432106450,"created":1551432101792},"id":"ide.error"}}
{"session":"3b319f86f0d5","build":"183.4284.148","bucket":"-1","time":1551432111383,"group":{"id":"actions.v2","version":"8"},"event":{"count":1,"data":{"context_menu":false,"created":1551432111383,"data_1":"Windows"},"id":"$SelectAll"}}
{"session":"3b319f86f0d5","build":"183.4284.148","bucket":"-1","time":1551432112286,"group":{"id":"actions.v2","version":"8"},"event":{"count":1,"data":{"context_menu":false,"created":1551432112286,"data_1":"Windows"},"id":"EditorBackSpace"}}
{"session":"3b319f86f0d5","build":"183.4284.148","bucket":"-1","time":1551432114272,"group":{"id":"statistics.file.types.edit","version":"8"},"event":{"count":1,"data":{"created":1551432114272,"project":"1467702432"},"id":"Beetl_file"}}
{"session":"3b319f86f0d5","build":"183.4284.148","bucket":"-1","time":1551432114345,"group":{"id":"statistics.lifecycle.app","version":"8"},"event":{"count":4,"data":{"last":1551432115898,"created":1551432114345},"id":"ide.error"}}
{"session":"3b319f86f0d5","build":"183.4284.148","bucket":"-1","time":1551432116211,"group":{"id":"actions.v2","version":"8"},"event":{"count":1,"data":{"context_menu":false,"created":1551432116212,"data_1":"Windows"},"id":"EditorBackSpace"}}
{"session":"3b319f86f0d5","build":"183.4284.148","bucket":"-1","time":1551432116227,"group":{"id":"statistics.lifecycle.app","version":"8"},"event":{"count":1,"data":{"created":1551432116227},"id":"ide.error"}}
{"session":"3b319f86f0d5","build":"183.4284.148","bucket":"-1","time":1551432116351,"group":{"id":"actions.v2","version":"8"},"event":{"count":1,"data":{"context_menu":false,"created":1551432116352,"data_1":"Windows"},"id":"EditorBackSpace"}}
{"session":"3b319f86f0d5","build":"183.4284.148","bucket":"-1","time":1551432116362,"group":{"id":"statistics.lifecycle.app","version":"8"},"event":{"count":1,"data":{"created":1551432116362},"id":"ide.error"}}
{"session":"3b319f86f0d5","build":"183.4284.148","bucket":"-1","time":1551432116514,"group":{"id":"actions.v2","version":"8"},"event":{"count":1,"data":{"context_menu":false,"created":1551432116514,"data_1":"Windows"},"id":"EditorBackSpace"}}
{"session":"3b319f86f0d5","build":"183.4284.148","bucket":"-1","time":1551432116523,"group":{"id":"statistics.lifecycle.app","version":"8"},"event":{"count":6,"data":{"last":1551432119326,"created":1551432116523},"id":"ide.error"}}
{"session":"3b319f86f0d5","build":"183.4284.148","bucket":"-1","time":1551432120208,"group":{"id":"actions.v2","version":"8"},"event":{"count":1,"data":{"context_menu":false,"created":1551432120208,"data_1":"Windows"},"id":"EditorBackSpace"}}
{"session":"3b319f86f0d5","build":"183.4284.148","bucket":"-1","time":1551432120214,"group":{"id":"statistics.lifecycle.app","version":"8"},"event":{"count":1,"data":{"created":1551432120214},"id":"ide.error"}}
{"session":"3b319f86f0d5","build":"183.4284.148","bucket":"-1","time":1551432120340,"group":{"id":"actions.v2","version":"8"},"event":{"count":1,"data":{"context_menu":false,"created":1551432120340,"data_1":"Windows"},"id":"EditorBackSpace"}}
{"session":"3b319f86f0d5","build":"183.4284.148","bucket":"-1","time":1551432120346,"group":{"id":"statistics.lifecycle.app","version":"8"},"event":{"count":1,"data":{"created":1551432120346},"id":"ide.error"}}
{"session":"3b319f86f0d5","build":"183.4284.148","bucket":"-1","time":1551432120444,"group":{"id":"actions.v2","version":"8"},"event":{"count":1,"data":{"context_menu":false,"created":1551432120444,"data_1":"Windows"},"id":"EditorBackSpace"}}
{"session":"3b319f86f0d5","build":"183.4284.148","bucket":"-1","time":1551432120450,"group":{"id":"statistics.lifecycle.app","version":"8"},"event":{"count":1,"data":{"created":1551432120450},"id":"ide.error"}}
{"session":"3b319f86f0d5","build":"183.4284.148","bucket":"-1","time":1551432120593,"group":{"id":"actions.v2","version":"8"},"event":{"count":1,"data":{"context_menu":false,"created":1551432120593,"data_1":"Windows"},"id":"EditorBackSpace"}}
{"session":"3b319f86f0d5","build":"183.4284.148","bucket":"-1","time":1551432120599,"group":{"id":"statistics.lifecycle.app","version":"8"},"event":{"count":1,"data":{"created":1551432120599},"id":"ide.error"}}
{"session":"3b319f86f0d5","build":"183.4284.148","bucket":"-1","time":1551432120734,"group":{"id":"actions.v2","version":"8"},"event":{"count":1,"data":{"context_menu":false,"created":1551432120734,"data_1":"Windows"},"id":"EditorBackSpace"}}
{"session":"3b319f86f0d5","build":"183.4284.148","bucket":"-1","time":1551432120740,"group":{"id":"statistics.lifecycle.app","version":"8"},"event":{"count":25,"data":{"last":1551432127883,"created":1551432120740},"id":"ide.error"}}
