{"session":"476388e4c2c8","build":"183.4284.148","bucket":"-1","time":1551341180529,"group":{"id":"system.os.name","version":"8"},"event":{"data":{"created":1551341180529},"id":"Windows"}}
{"session":"476388e4c2c8","build":"183.4284.148","bucket":"-1","time":1551341180529,"group":{"id":"system.os.version","version":"8"},"event":{"data":{"created":1551341180547},"id":"10.0"}}
{"session":"476388e4c2c8","build":"183.4284.148","bucket":"-1","time":1551341180529,"group":{"id":"system.jvm.vendor","version":"8"},"event":{"data":{"created":1551341180558},"id":"JetBrains_s.r.o"}}
{"session":"476388e4c2c8","build":"183.4284.148","bucket":"-1","time":1551341180529,"group":{"id":"system.jvm.version","version":"8"},"event":{"data":{"created":1551341180559},"id":"1.8"}}
{"session":"476388e4c2c8","build":"183.4284.148","bucket":"-1","time":1551341180530,"group":{"id":"settings","version":"8"},"event":{"data":{"created":1551341180560,"name":"activeMruEditorOnClose","value":false},"id":"UISettings"}}
{"session":"476388e4c2c8","build":"183.4284.148","bucket":"-1","time":1551341180530,"group":{"id":"settings","version":"8"},"event":{"data":{"created":1551341180561,"name":"activeRightEditorOnClose","value":false},"id":"UISettings"}}
{"session":"476388e4c2c8","build":"183.4284.148","bucket":"-1","time":1551341180530,"group":{"id":"settings","version":"8"},"event":{"data":{"created":1551341180561,"name":"allowMergeButtons","value":true},"id":"UISettings"}}
{"session":"476388e4c2c8","build":"183.4284.148","bucket":"-1","time":1551341180530,"group":{"id":"settings","version":"8"},"event":{"data":{"created":1551341180562,"name":"alwaysShowWindowsButton","value":false},"id":"UISettings"}}
{"session":"476388e4c2c8","build":"183.4284.148","bucket":"-1","time":1551341180530,"group":{"id":"settings","version":"8"},"event":{"data":{"created":1551341180562,"name":"animateWindows","value":true},"id":"UISettings"}}
{"session":"476388e4c2c8","build":"183.4284.148","bucket":"-1","time":1551341180530,"group":{"id":"settings","version":"8"},"event":{"data":{"created":1551341180563,"name":"closeNonModifiedFilesFirst","value":false},"id":"UISettings"}}
{"session":"476388e4c2c8","build":"183.4284.148","bucket":"-1","time":1551341180530,"group":{"id":"settings","version":"8"},"event":{"data":{"created":1551341180563,"name":"closeTabButtonOnTheRight","value":true},"id":"UISettings"}}
{"session":"476388e4c2c8","build":"183.4284.148","bucket":"-1","time":1551341180530,"group":{"id":"settings","version":"8"},"event":{"data":{"created":1551341180563,"name":"cycleScrolling","value":true},"id":"UISettings"}}
{"session":"476388e4c2c8","build":"183.4284.148","bucket":"-1","time":1551341180530,"group":{"id":"settings","version":"8"},"event":{"data":{"created":1551341180564,"name":"defaultAutoScrollToSource","value":false},"id":"UISettings"}}
{"session":"476388e4c2c8","build":"183.4284.148","bucket":"-1","time":1551341180530,"group":{"id":"settings","version":"8"},"event":{"data":{"created":1551341180565,"name":"disableMnemonics","value":false},"id":"UISettings"}}
{"session":"476388e4c2c8","build":"183.4284.148","bucket":"-1","time":1551341180530,"group":{"id":"settings","version":"8"},"event":{"data":{"created":1551341180567,"name":"disableMnemonicsInControls","value":false},"id":"UISettings"}}
{"session":"476388e4c2c8","build":"183.4284.148","bucket":"-1","time":1551341180530,"group":{"id":"settings","version":"8"},"event":{"data":{"created":1551341180568,"name":"dndWithPressedAltOnly","value":false},"id":"UISettings"}}
{"session":"476388e4c2c8","build":"183.4284.148","bucket":"-1","time":1551341180530,"group":{"id":"settings","version":"8"},"event":{"data":{"created":1551341180568,"name":"enableAlphaMode","value":false},"id":"UISettings"}}
{"session":"476388e4c2c8","build":"183.4284.148","bucket":"-1","time":1551341180530,"group":{"id":"settings","version":"8"},"event":{"data":{"created":1551341180569,"name":"hideKnownExtensionInTabs","value":false},"id":"UISettings"}}
{"session":"476388e4c2c8","build":"183.4284.148","bucket":"-1","time":1551341180530,"group":{"id":"settings","version":"8"},"event":{"data":{"created":1551341180569,"name":"hideNavigationOnFocusLoss","value":true},"id":"UISettings"}}
{"session":"476388e4c2c8","build":"183.4284.148","bucket":"-1","time":1551341180530,"group":{"id":"settings","version":"8"},"event":{"data":{"created":1551341180569,"name":"hideTabsIfNeed","value":true},"id":"UISettings"}}
{"session":"476388e4c2c8","build":"183.4284.148","bucket":"-1","time":1551341180530,"group":{"id":"settings","version":"8"},"event":{"data":{"created":1551341180570,"name":"hideToolStripes","value":false},"id":"UISettings"}}
{"session":"476388e4c2c8","build":"183.4284.148","bucket":"-1","time":1551341180530,"group":{"id":"settings","version":"8"},"event":{"data":{"created":1551341180570,"name":"leftHorizontalSplit","value":false},"id":"UISettings"}}
{"session":"476388e4c2c8","build":"183.4284.148","bucket":"-1","time":1551341180530,"group":{"id":"settings","version":"8"},"event":{"data":{"created":1551341180570,"name":"markModifiedTabsWithAsterisk","value":false},"id":"UISettings"}}
{"session":"476388e4c2c8","build":"183.4284.148","bucket":"-1","time":1551341180530,"group":{"id":"settings","version":"8"},"event":{"data":{"created":1551341180570,"name":"mergeEqualStackTraces","value":true},"id":"UISettings"}}
{"session":"476388e4c2c8","build":"183.4284.148","bucket":"-1","time":1551341180530,"group":{"id":"settings","version":"8"},"event":{"data":{"created":1551341180571,"name":"moveMouseOnDefaultButton","value":false},"id":"UISettings"}}
{"session":"476388e4c2c8","build":"183.4284.148","bucket":"-1","time":1551341180530,"group":{"id":"settings","version":"8"},"event":{"data":{"created":1551341180571,"name":"navigateToPreview","value":false},"id":"UISettings"}}
{"session":"476388e4c2c8","build":"183.4284.148","bucket":"-1","time":1551341180530,"group":{"id":"settings","version":"8"},"event":{"data":{"created":1551341180571,"name":"overrideConsoleCycleBufferSize","value":false},"id":"UISettings"}}
{"session":"476388e4c2c8","build":"183.4284.148","bucket":"-1","time":1551341180530,"group":{"id":"settings","version":"8"},"event":{"data":{"created":1551341180572,"name":"overrideLafFonts","value":false},"id":"UISettings"}}
{"session":"476388e4c2c8","build":"183.4284.148","bucket":"-1","time":1551341180530,"group":{"id":"settings","version":"8"},"event":{"data":{"created":1551341180572,"name":"pinFindInPath","value":false},"id":"UISettings"}}
{"session":"476388e4c2c8","build":"183.4284.148","bucket":"-1","time":1551341180530,"group":{"id":"settings","version":"8"},"event":{"data":{"created":1551341180572,"name":"presentationMode","value":false},"id":"UISettings"}}
{"session":"476388e4c2c8","build":"183.4284.148","bucket":"-1","time":1551341180530,"group":{"id":"settings","version":"8"},"event":{"data":{"created":1551341180572,"name":"reuseNotModifiedTabs","value":false},"id":"UISettings"}}
{"session":"476388e4c2c8","build":"183.4284.148","bucket":"-1","time":1551341180530,"group":{"id":"settings","version":"8"},"event":{"data":{"created":1551341180573,"name":"rightHorizontalSplit","value":false},"id":"UISettings"}}
{"session":"476388e4c2c8","build":"183.4284.148","bucket":"-1","time":1551341180530,"group":{"id":"settings","version":"8"},"event":{"data":{"created":1551341180573,"name":"scrollTabLayoutInEditor","value":true},"id":"UISettings"}}
{"session":"476388e4c2c8","build":"183.4284.148","bucket":"-1","time":1551341180530,"group":{"id":"settings","version":"8"},"event":{"data":{"created":1551341180573,"name":"showCloseButton","value":true},"id":"UISettings"}}
{"session":"476388e4c2c8","build":"183.4284.148","bucket":"-1","time":1551341180530,"group":{"id":"settings","version":"8"},"event":{"data":{"created":1551341180573,"name":"showDirectoryForNonUniqueFilenames","value":true},"id":"UISettings"}}
{"session":"476388e4c2c8","build":"183.4284.148","bucket":"-1","time":1551341180530,"group":{"id":"settings","version":"8"},"event":{"data":{"created":1551341180574,"name":"showEditorToolTip","value":true},"id":"UISettings"}}
{"session":"476388e4c2c8","build":"183.4284.148","bucket":"-1","time":1551341180530,"group":{"id":"settings","version":"8"},"event":{"data":{"created":1551341180574,"name":"showIconInQuickNavigation","value":true},"id":"UISettings"}}
{"session":"476388e4c2c8","build":"183.4284.148","bucket":"-1","time":1551341180530,"group":{"id":"settings","version":"8"},"event":{"data":{"created":1551341180574,"name":"showIconsInMenus","value":true},"id":"UISettings"}}
{"session":"476388e4c2c8","build":"183.4284.148","bucket":"-1","time":1551341180530,"group":{"id":"settings","version":"8"},"event":{"data":{"created":1551341180574,"name":"showMainToolbar","value":false},"id":"UISettings"}}
{"session":"476388e4c2c8","build":"183.4284.148","bucket":"-1","time":1551341180530,"group":{"id":"settings","version":"8"},"event":{"data":{"created":1551341180575,"name":"showMemoryIndicator","value":false},"id":"UISettings"}}
{"session":"476388e4c2c8","build":"183.4284.148","bucket":"-1","time":1551341180530,"group":{"id":"settings","version":"8"},"event":{"data":{"created":1551341180575,"name":"showNavigationBar","value":true},"id":"UISettings"}}
{"session":"476388e4c2c8","build":"183.4284.148","bucket":"-1","time":1551341180530,"group":{"id":"settings","version":"8"},"event":{"data":{"created":1551341180575,"name":"showStatusBar","value":true},"id":"UISettings"}}
{"session":"476388e4c2c8","build":"183.4284.148","bucket":"-1","time":1551341180530,"group":{"id":"settings","version":"8"},"event":{"data":{"created":1551341180575,"name":"showTabsTooltips","value":true},"id":"UISettings"}}
{"session":"476388e4c2c8","build":"183.4284.148","bucket":"-1","time":1551341180530,"group":{"id":"settings","version":"8"},"event":{"data":{"created":1551341180576,"name":"showToolWindowsNumbers","value":true},"id":"UISettings"}}
{"session":"476388e4c2c8","build":"183.4284.148","bucket":"-1","time":1551341180530,"group":{"id":"settings","version":"8"},"event":{"data":{"created":1551341180576,"name":"smoothScrolling","value":false},"id":"UISettings"}}
{"session":"476388e4c2c8","build":"183.4284.148","bucket":"-1","time":1551341180530,"group":{"id":"settings","version":"8"},"event":{"data":{"created":1551341180576,"name":"sortBookmarks","value":false},"id":"UISettings"}}
{"session":"476388e4c2c8","build":"183.4284.148","bucket":"-1","time":1551341180530,"group":{"id":"settings","version":"8"},"event":{"data":{"created":1551341180576,"name":"sortLookupElementsLexicographically","value":false},"id":"UISettings"}}
{"session":"476388e4c2c8","build":"183.4284.148","bucket":"-1","time":1551341180530,"group":{"id":"settings","version":"8"},"event":{"data":{"created":1551341180576,"name":"useSmallLabelsOnTabs","value":false},"id":"UISettings"}}
{"session":"476388e4c2c8","build":"183.4284.148","bucket":"-1","time":1551341180531,"group":{"id":"settings","version":"8"},"event":{"data":{"created":1551341180576,"name":"wideScreenSupport","value":false},"id":"UISettings"}}
{"session":"476388e4c2c8","build":"183.4284.148","bucket":"-1","time":1551341183053,"group":{"id":"settings","version":"8"},"event":{"data":{"created":1551341183053,"name":"autoSaveIfInactive","value":false},"id":"GeneralSettings"}}
{"session":"476388e4c2c8","build":"183.4284.148","bucket":"-1","time":1551341183053,"group":{"id":"settings","version":"8"},"event":{"data":{"created":1551341183054,"name":"confirmExit","value":true},"id":"GeneralSettings"}}
{"session":"476388e4c2c8","build":"183.4284.148","bucket":"-1","time":1551341183053,"group":{"id":"settings","version":"8"},"event":{"data":{"created":1551341183055,"name":"reopenLastProject","value":true},"id":"GeneralSettings"}}
{"session":"476388e4c2c8","build":"183.4284.148","bucket":"-1","time":1551341183053,"group":{"id":"settings","version":"8"},"event":{"data":{"created":1551341183055,"name":"saveOnFrameDeactivation","value":true},"id":"GeneralSettings"}}
{"session":"476388e4c2c8","build":"183.4284.148","bucket":"-1","time":1551341183053,"group":{"id":"settings","version":"8"},"event":{"data":{"created":1551341183056,"name":"searchInBackground","value":false},"id":"GeneralSettings"}}
{"session":"476388e4c2c8","build":"183.4284.148","bucket":"-1","time":1551341183053,"group":{"id":"settings","version":"8"},"event":{"data":{"default":false,"created":1551341183057,"name":"showTipsOnStartup","value":false},"id":"GeneralSettings"}}
{"session":"476388e4c2c8","build":"183.4284.148","bucket":"-1","time":1551341183053,"group":{"id":"settings","version":"8"},"event":{"data":{"created":1551341183057,"name":"showWelcomeScreen","value":true},"id":"GeneralSettings"}}
{"session":"476388e4c2c8","build":"183.4284.148","bucket":"-1","time":1551341183053,"group":{"id":"settings","version":"8"},"event":{"data":{"created":1551341183057,"name":"supportScreenReaders","value":false},"id":"GeneralSettings"}}
{"session":"476388e4c2c8","build":"183.4284.148","bucket":"-1","time":1551341183053,"group":{"id":"settings","version":"8"},"event":{"data":{"created":1551341183057,"name":"syncOnFrameActivation","value":true},"id":"GeneralSettings"}}
{"session":"476388e4c2c8","build":"183.4284.148","bucket":"-1","time":1551341183053,"group":{"id":"settings","version":"8"},"event":{"data":{"created":1551341183057,"name":"useDefaultBrowser","value":true},"id":"GeneralSettings"}}
{"session":"476388e4c2c8","build":"183.4284.148","bucket":"-1","time":1551341183053,"group":{"id":"settings","version":"8"},"event":{"data":{"created":1551341183057,"name":"useSafeWrite","value":true},"id":"GeneralSettings"}}
{"session":"476388e4c2c8","build":"183.4284.148","bucket":"-1","time":1551341192429,"group":{"id":"statistics.lifecycle.app","version":"8"},"event":{"count":1,"data":{"created":1551341192429,"data_2":"10","data_1":"timeSecondsGrouped"},"id":"ide.freeze"}}
{"session":"476388e4c2c8","build":"183.4284.148","bucket":"-1","time":1551341192429,"group":{"id":"ui.dialogs","version":"8"},"event":{"count":1,"data":{"created":1551341192430,"type":"show"},"id":"com.intellij.openapi.progress.util.ProgressDialog$MyDialogWrapper"}}
{"session":"476388e4c2c8","build":"183.4284.148","bucket":"-1","time":1551341192430,"group":{"id":"lifecycle","version":"8"},"event":{"count":1,"data":{"durationSeconds":10,"created":1551341192430},"id":"ide.freeze"}}
{"session":"476388e4c2c8","build":"183.4284.148","bucket":"-1","time":1551341202589,"group":{"id":"ui.dialogs","version":"8"},"event":{"count":1,"data":{"code":1,"created":1551341202590,"type":"close"},"id":"com.intellij.openapi.progress.util.ProgressDialog$MyDialogWrapper"}}
{"session":"476388e4c2c8","build":"183.4284.148","bucket":"-1","time":1551341202838,"group":{"id":"statistics.lifecycle.project","version":"8"},"event":{"count":1,"data":{"created":1551341202838,"project":"1467702432"},"id":"project.opened"}}
{"session":"476388e4c2c8","build":"183.4284.148","bucket":"-1","time":1551341202838,"group":{"id":"lifecycle","version":"8"},"event":{"count":1,"data":{"created":1551341202839},"id":"project.opened"}}
{"session":"476388e4c2c8","build":"183.4284.148","bucket":"-1","time":1551341208658,"group":{"id":"ui.dialogs","version":"8"},"event":{"count":1,"data":{"created":1551341208658,"type":"show"},"id":"com.intellij.openapi.progress.util.ProgressDialog$MyDialogWrapper"}}
{"session":"476388e4c2c8","build":"183.4284.148","bucket":"-1","time":1551341209599,"group":{"id":"statistics.lifecycle.app","version":"8"},"event":{"count":1,"data":{"created":1551341209599,"data_2":"7","data_1":"timeSecondsGrouped"},"id":"ide.freeze"}}
{"session":"476388e4c2c8","build":"183.4284.148","bucket":"-1","time":1551341209599,"group":{"id":"lifecycle","version":"8"},"event":{"count":1,"data":{"durationSeconds":7,"created":1551341209599},"id":"ide.freeze"}}
{"session":"476388e4c2c8","build":"183.4284.148","bucket":"-1","time":1551341213482,"group":{"id":"toolwindow","version":"8"},"event":{"count":1,"data":{"created":1551341213482,"data_1":"Windows"},"id":"Project_by_Activation"}}
{"session":"476388e4c2c8","build":"183.4284.148","bucket":"-1","time":1551341214487,"group":{"id":"statistics.lifecycle.app","version":"8"},"event":{"count":1,"data":{"created":1551341214487},"id":"ide.start"}}
{"session":"476388e4c2c8","build":"183.4284.148","bucket":"-1","time":1551341214487,"group":{"id":"lifecycle","version":"8"},"event":{"count":1,"data":{"created":1551341214489},"id":"app.started"}}
{"session":"476388e4c2c8","build":"183.4284.148","bucket":"-1","time":1551341216279,"group":{"id":"ui.dialogs","version":"8"},"event":{"count":1,"data":{"code":1,"created":1551341216280,"type":"close"},"id":"com.intellij.openapi.progress.util.ProgressDialog$MyDialogWrapper"}}
{"session":"476388e4c2c8","build":"183.4284.148","bucket":"-1","time":1551341216558,"group":{"id":"statistics.lifecycle.project","version":"8"},"event":{"count":1,"data":{"created":1551341216559,"project":"1467702432"},"id":"project.open.time.25"}}
{"session":"476388e4c2c8","build":"183.4284.148","bucket":"-1","time":1551341216558,"group":{"id":"lifecycle","version":"8"},"event":{"count":1,"data":{"created":1551341216559,"time.ms":25099},"id":"project.opening.finished"}}
{"session":"476388e4c2c8","build":"183.4284.148","bucket":"-1","time":1551341267530,"group":{"id":"statistics.actions.main.menu.v2","version":"8"},"event":{"count":1,"data":{"created":1551341267530,"data_1":"Windows"},"id":"File_->_Settings..."}}
{"session":"476388e4c2c8","build":"183.4284.148","bucket":"-1","time":1551341267567,"group":{"id":"actions.v2","version":"8"},"event":{"count":1,"data":{"context_menu":true,"created":1551341267567,"place":"MainMenu","data_1":"Windows"},"id":"ShowSettings"}}
{"session":"476388e4c2c8","build":"183.4284.148","bucket":"-1","time":1551341269167,"group":{"id":"ui.dialogs","version":"8"},"event":{"count":1,"data":{"created":1551341269169,"type":"show"},"id":"com.intellij.openapi.options.newEditor.SettingsDialog"}}
{"session":"476388e4c2c8","build":"183.4284.148","bucket":"-1","time":1551341285212,"group":{"id":"statistics.ui.toolbar.clicks","version":"8"},"event":{"count":1,"data":{"created":1551341285213,"data_1":"Windows"},"id":"com.intellij.ide.plugins.newui.TabHeaderComponent$3@NavBarToolbar"}}
{"session":"476388e4c2c8","build":"183.4284.148","bucket":"-1","time":1551341286403,"group":{"id":"ui.dialogs","version":"8"},"event":{"count":1,"data":{"created":1551341286403,"type":"show"},"id":"com.intellij.openapi.fileChooser.ex.FileChooserDialogImpl"}}
{"session":"476388e4c2c8","build":"183.4284.148","bucket":"-1","time":1551341310877,"group":{"id":"ui.dialogs","version":"8"},"event":{"count":1,"data":{"code":0,"created":1551341310877,"type":"close"},"id":"com.intellij.openapi.fileChooser.ex.FileChooserDialogImpl"}}
{"session":"476388e4c2c8","build":"183.4284.148","bucket":"-1","time":1551341310999,"group":{"id":"ui.dialogs","version":"8"},"event":{"count":1,"data":{"created":1551341310999,"type":"show"},"id":"com.intellij.openapi.ui.messages.MessageDialog"}}
{"session":"476388e4c2c8","build":"183.4284.148","bucket":"-1","time":1551341326288,"group":{"id":"ui.dialogs","version":"8"},"event":{"count":2,"data":{"last":1551341332313,"created":1551341326288,"type":"show"},"id":"com.intellij.openapi.ui.messages.MessageDialog"}}
{"session":"476388e4c2c8","build":"183.4284.148","bucket":"-1","time":1551341333590,"group":{"id":"ui.dialogs","version":"8"},"event":{"count":1,"data":{"code":0,"created":1551341333590,"type":"close"},"id":"com.intellij.openapi.options.newEditor.SettingsDialog"}}
{"session":"476388e4c2c8","build":"183.4284.148","bucket":"-1","time":1551341333648,"group":{"id":"statistics.lifecycle.app","version":"8"},"event":{"count":1,"data":{"created":1551341333648},"id":"ide.close"}}
{"session":"476388e4c2c8","build":"183.4284.148","bucket":"-1","time":1551341333648,"group":{"id":"statistics.lifecycle.app","version":"8"},"event":{"count":1,"data":{"created":1551341333648},"id":"ide.close.restart"}}
{"session":"476388e4c2c8","build":"183.4284.148","bucket":"-1","time":1551341333648,"group":{"id":"lifecycle","version":"8"},"event":{"count":1,"data":{"restart":true,"created":1551341333648},"id":"app.closed"}}
{"session":"476388e4c2c8","build":"183.4284.148","bucket":"-1","time":1551341333667,"group":{"id":"statistics.lifecycle.project","version":"8"},"event":{"count":1,"data":{"created":1551341333667,"project":"1467702432"},"id":"project.closed"}}
{"session":"476388e4c2c8","build":"183.4284.148","bucket":"-1","time":1551341333920,"group":{"id":"lifecycle","version":"8"},"event":{"count":1,"data":{"created":1551341333920},"id":"project.closed"}}
