{"session":"75d1e7bec62a","build":"183.4284.148","bucket":"-1","time":1550213741855,"group":{"id":"system.os.name","version":"8"},"event":{"data":{"created":1550213741856},"id":"Windows"}}
{"session":"75d1e7bec62a","build":"183.4284.148","bucket":"-1","time":1550213741856,"group":{"id":"system.os.version","version":"8"},"event":{"data":{"created":1550213741868},"id":"10.0"}}
{"session":"75d1e7bec62a","build":"183.4284.148","bucket":"-1","time":1550213741856,"group":{"id":"system.jvm.vendor","version":"8"},"event":{"data":{"created":1550213741876},"id":"JetBrains_s.r.o"}}
{"session":"75d1e7bec62a","build":"183.4284.148","bucket":"-1","time":1550213741856,"group":{"id":"system.jvm.version","version":"8"},"event":{"data":{"created":1550213741877},"id":"1.8"}}
{"session":"75d1e7bec62a","build":"183.4284.148","bucket":"-1","time":1550213741856,"group":{"id":"settings","version":"8"},"event":{"data":{"created":1550213741878,"name":"activeMruEditorOnClose","value":false},"id":"UISettings"}}
{"session":"75d1e7bec62a","build":"183.4284.148","bucket":"-1","time":1550213741856,"group":{"id":"settings","version":"8"},"event":{"data":{"created":1550213741878,"name":"activeRightEditorOnClose","value":false},"id":"UISettings"}}
{"session":"75d1e7bec62a","build":"183.4284.148","bucket":"-1","time":1550213741856,"group":{"id":"settings","version":"8"},"event":{"data":{"created":1550213741879,"name":"allowMergeButtons","value":true},"id":"UISettings"}}
{"session":"75d1e7bec62a","build":"183.4284.148","bucket":"-1","time":1550213741857,"group":{"id":"settings","version":"8"},"event":{"data":{"created":1550213741879,"name":"alwaysShowWindowsButton","value":false},"id":"UISettings"}}
{"session":"75d1e7bec62a","build":"183.4284.148","bucket":"-1","time":1550213741857,"group":{"id":"settings","version":"8"},"event":{"data":{"created":1550213741879,"name":"animateWindows","value":true},"id":"UISettings"}}
{"session":"75d1e7bec62a","build":"183.4284.148","bucket":"-1","time":1550213741857,"group":{"id":"settings","version":"8"},"event":{"data":{"created":1550213741880,"name":"closeNonModifiedFilesFirst","value":false},"id":"UISettings"}}
{"session":"75d1e7bec62a","build":"183.4284.148","bucket":"-1","time":1550213741857,"group":{"id":"settings","version":"8"},"event":{"data":{"created":1550213741881,"name":"closeTabButtonOnTheRight","value":true},"id":"UISettings"}}
{"session":"75d1e7bec62a","build":"183.4284.148","bucket":"-1","time":1550213741857,"group":{"id":"settings","version":"8"},"event":{"data":{"created":1550213741881,"name":"cycleScrolling","value":true},"id":"UISettings"}}
{"session":"75d1e7bec62a","build":"183.4284.148","bucket":"-1","time":1550213741857,"group":{"id":"settings","version":"8"},"event":{"data":{"created":1550213741881,"name":"defaultAutoScrollToSource","value":false},"id":"UISettings"}}
{"session":"75d1e7bec62a","build":"183.4284.148","bucket":"-1","time":1550213741857,"group":{"id":"settings","version":"8"},"event":{"data":{"created":1550213741881,"name":"disableMnemonics","value":false},"id":"UISettings"}}
{"session":"75d1e7bec62a","build":"183.4284.148","bucket":"-1","time":1550213741857,"group":{"id":"settings","version":"8"},"event":{"data":{"created":1550213741882,"name":"disableMnemonicsInControls","value":false},"id":"UISettings"}}
{"session":"75d1e7bec62a","build":"183.4284.148","bucket":"-1","time":1550213741857,"group":{"id":"settings","version":"8"},"event":{"data":{"created":1550213741882,"name":"dndWithPressedAltOnly","value":false},"id":"UISettings"}}
{"session":"75d1e7bec62a","build":"183.4284.148","bucket":"-1","time":1550213741857,"group":{"id":"settings","version":"8"},"event":{"data":{"created":1550213741882,"name":"enableAlphaMode","value":false},"id":"UISettings"}}
{"session":"75d1e7bec62a","build":"183.4284.148","bucket":"-1","time":1550213741857,"group":{"id":"settings","version":"8"},"event":{"data":{"created":1550213741883,"name":"hideKnownExtensionInTabs","value":false},"id":"UISettings"}}
{"session":"75d1e7bec62a","build":"183.4284.148","bucket":"-1","time":1550213741857,"group":{"id":"settings","version":"8"},"event":{"data":{"created":1550213741883,"name":"hideNavigationOnFocusLoss","value":true},"id":"UISettings"}}
{"session":"75d1e7bec62a","build":"183.4284.148","bucket":"-1","time":1550213741857,"group":{"id":"settings","version":"8"},"event":{"data":{"created":1550213741883,"name":"hideTabsIfNeed","value":true},"id":"UISettings"}}
{"session":"75d1e7bec62a","build":"183.4284.148","bucket":"-1","time":1550213741857,"group":{"id":"settings","version":"8"},"event":{"data":{"created":1550213741884,"name":"hideToolStripes","value":false},"id":"UISettings"}}
{"session":"75d1e7bec62a","build":"183.4284.148","bucket":"-1","time":1550213741857,"group":{"id":"settings","version":"8"},"event":{"data":{"created":1550213741884,"name":"leftHorizontalSplit","value":false},"id":"UISettings"}}
{"session":"75d1e7bec62a","build":"183.4284.148","bucket":"-1","time":1550213741857,"group":{"id":"settings","version":"8"},"event":{"data":{"created":1550213741884,"name":"markModifiedTabsWithAsterisk","value":false},"id":"UISettings"}}
{"session":"75d1e7bec62a","build":"183.4284.148","bucket":"-1","time":1550213741857,"group":{"id":"settings","version":"8"},"event":{"data":{"created":1550213741885,"name":"mergeEqualStackTraces","value":true},"id":"UISettings"}}
{"session":"75d1e7bec62a","build":"183.4284.148","bucket":"-1","time":1550213741857,"group":{"id":"settings","version":"8"},"event":{"data":{"created":1550213741885,"name":"moveMouseOnDefaultButton","value":false},"id":"UISettings"}}
{"session":"75d1e7bec62a","build":"183.4284.148","bucket":"-1","time":1550213741857,"group":{"id":"settings","version":"8"},"event":{"data":{"created":1550213741885,"name":"navigateToPreview","value":false},"id":"UISettings"}}
{"session":"75d1e7bec62a","build":"183.4284.148","bucket":"-1","time":1550213741857,"group":{"id":"settings","version":"8"},"event":{"data":{"created":1550213741885,"name":"overrideConsoleCycleBufferSize","value":false},"id":"UISettings"}}
{"session":"75d1e7bec62a","build":"183.4284.148","bucket":"-1","time":1550213741857,"group":{"id":"settings","version":"8"},"event":{"data":{"created":1550213741886,"name":"overrideLafFonts","value":false},"id":"UISettings"}}
{"session":"75d1e7bec62a","build":"183.4284.148","bucket":"-1","time":1550213741857,"group":{"id":"settings","version":"8"},"event":{"data":{"created":1550213741886,"name":"pinFindInPath","value":false},"id":"UISettings"}}
{"session":"75d1e7bec62a","build":"183.4284.148","bucket":"-1","time":1550213741857,"group":{"id":"settings","version":"8"},"event":{"data":{"created":1550213741886,"name":"presentationMode","value":false},"id":"UISettings"}}
{"session":"75d1e7bec62a","build":"183.4284.148","bucket":"-1","time":1550213741857,"group":{"id":"settings","version":"8"},"event":{"data":{"created":1550213741887,"name":"reuseNotModifiedTabs","value":false},"id":"UISettings"}}
{"session":"75d1e7bec62a","build":"183.4284.148","bucket":"-1","time":1550213741857,"group":{"id":"settings","version":"8"},"event":{"data":{"created":1550213741887,"name":"rightHorizontalSplit","value":false},"id":"UISettings"}}
{"session":"75d1e7bec62a","build":"183.4284.148","bucket":"-1","time":1550213741857,"group":{"id":"settings","version":"8"},"event":{"data":{"created":1550213741887,"name":"scrollTabLayoutInEditor","value":true},"id":"UISettings"}}
{"session":"75d1e7bec62a","build":"183.4284.148","bucket":"-1","time":1550213741857,"group":{"id":"settings","version":"8"},"event":{"data":{"created":1550213741888,"name":"showCloseButton","value":true},"id":"UISettings"}}
{"session":"75d1e7bec62a","build":"183.4284.148","bucket":"-1","time":1550213741857,"group":{"id":"settings","version":"8"},"event":{"data":{"created":1550213741888,"name":"showDirectoryForNonUniqueFilenames","value":true},"id":"UISettings"}}
{"session":"75d1e7bec62a","build":"183.4284.148","bucket":"-1","time":1550213741857,"group":{"id":"settings","version":"8"},"event":{"data":{"created":1550213741888,"name":"showEditorToolTip","value":true},"id":"UISettings"}}
{"session":"75d1e7bec62a","build":"183.4284.148","bucket":"-1","time":1550213741857,"group":{"id":"settings","version":"8"},"event":{"data":{"created":1550213741888,"name":"showIconInQuickNavigation","value":true},"id":"UISettings"}}
{"session":"75d1e7bec62a","build":"183.4284.148","bucket":"-1","time":1550213741857,"group":{"id":"settings","version":"8"},"event":{"data":{"created":1550213741889,"name":"showIconsInMenus","value":true},"id":"UISettings"}}
{"session":"75d1e7bec62a","build":"183.4284.148","bucket":"-1","time":1550213741857,"group":{"id":"settings","version":"8"},"event":{"data":{"created":1550213741889,"name":"showMainToolbar","value":false},"id":"UISettings"}}
{"session":"75d1e7bec62a","build":"183.4284.148","bucket":"-1","time":1550213741857,"group":{"id":"settings","version":"8"},"event":{"data":{"created":1550213741889,"name":"showMemoryIndicator","value":false},"id":"UISettings"}}
{"session":"75d1e7bec62a","build":"183.4284.148","bucket":"-1","time":1550213741857,"group":{"id":"settings","version":"8"},"event":{"data":{"created":1550213741890,"name":"showNavigationBar","value":true},"id":"UISettings"}}
{"session":"75d1e7bec62a","build":"183.4284.148","bucket":"-1","time":1550213741857,"group":{"id":"settings","version":"8"},"event":{"data":{"created":1550213741890,"name":"showStatusBar","value":true},"id":"UISettings"}}
{"session":"75d1e7bec62a","build":"183.4284.148","bucket":"-1","time":1550213741857,"group":{"id":"settings","version":"8"},"event":{"data":{"created":1550213741890,"name":"showTabsTooltips","value":true},"id":"UISettings"}}
{"session":"75d1e7bec62a","build":"183.4284.148","bucket":"-1","time":1550213741857,"group":{"id":"settings","version":"8"},"event":{"data":{"created":1550213741890,"name":"showToolWindowsNumbers","value":true},"id":"UISettings"}}
{"session":"75d1e7bec62a","build":"183.4284.148","bucket":"-1","time":1550213741857,"group":{"id":"settings","version":"8"},"event":{"data":{"created":1550213741891,"name":"smoothScrolling","value":false},"id":"UISettings"}}
{"session":"75d1e7bec62a","build":"183.4284.148","bucket":"-1","time":1550213741857,"group":{"id":"settings","version":"8"},"event":{"data":{"created":1550213741891,"name":"sortBookmarks","value":false},"id":"UISettings"}}
{"session":"75d1e7bec62a","build":"183.4284.148","bucket":"-1","time":1550213741857,"group":{"id":"settings","version":"8"},"event":{"data":{"created":1550213741891,"name":"sortLookupElementsLexicographically","value":false},"id":"UISettings"}}
{"session":"75d1e7bec62a","build":"183.4284.148","bucket":"-1","time":1550213741857,"group":{"id":"settings","version":"8"},"event":{"data":{"created":1550213741891,"name":"useSmallLabelsOnTabs","value":false},"id":"UISettings"}}
{"session":"75d1e7bec62a","build":"183.4284.148","bucket":"-1","time":1550213741857,"group":{"id":"settings","version":"8"},"event":{"data":{"created":1550213741891,"name":"wideScreenSupport","value":false},"id":"UISettings"}}
{"session":"75d1e7bec62a","build":"183.4284.148","bucket":"-1","time":1550213742433,"group":{"id":"settings","version":"8"},"event":{"data":{"created":1550213742433,"name":"autoSaveIfInactive","value":false},"id":"GeneralSettings"}}
{"session":"75d1e7bec62a","build":"183.4284.148","bucket":"-1","time":1550213742433,"group":{"id":"settings","version":"8"},"event":{"data":{"created":1550213742433,"name":"confirmExit","value":true},"id":"GeneralSettings"}}
{"session":"75d1e7bec62a","build":"183.4284.148","bucket":"-1","time":1550213742433,"group":{"id":"settings","version":"8"},"event":{"data":{"created":1550213742434,"name":"reopenLastProject","value":true},"id":"GeneralSettings"}}
{"session":"75d1e7bec62a","build":"183.4284.148","bucket":"-1","time":1550213742433,"group":{"id":"settings","version":"8"},"event":{"data":{"created":1550213742434,"name":"saveOnFrameDeactivation","value":true},"id":"GeneralSettings"}}
{"session":"75d1e7bec62a","build":"183.4284.148","bucket":"-1","time":1550213742433,"group":{"id":"settings","version":"8"},"event":{"data":{"created":1550213742434,"name":"searchInBackground","value":false},"id":"GeneralSettings"}}
{"session":"75d1e7bec62a","build":"183.4284.148","bucket":"-1","time":1550213742433,"group":{"id":"settings","version":"8"},"event":{"data":{"default":false,"created":1550213742434,"name":"showTipsOnStartup","value":false},"id":"GeneralSettings"}}
{"session":"75d1e7bec62a","build":"183.4284.148","bucket":"-1","time":1550213742433,"group":{"id":"settings","version":"8"},"event":{"data":{"created":1550213742436,"name":"showWelcomeScreen","value":true},"id":"GeneralSettings"}}
{"session":"75d1e7bec62a","build":"183.4284.148","bucket":"-1","time":1550213742433,"group":{"id":"settings","version":"8"},"event":{"data":{"created":1550213742437,"name":"supportScreenReaders","value":false},"id":"GeneralSettings"}}
{"session":"75d1e7bec62a","build":"183.4284.148","bucket":"-1","time":1550213742433,"group":{"id":"settings","version":"8"},"event":{"data":{"created":1550213742437,"name":"syncOnFrameActivation","value":true},"id":"GeneralSettings"}}
{"session":"75d1e7bec62a","build":"183.4284.148","bucket":"-1","time":1550213742433,"group":{"id":"settings","version":"8"},"event":{"data":{"created":1550213742437,"name":"useDefaultBrowser","value":true},"id":"GeneralSettings"}}
{"session":"75d1e7bec62a","build":"183.4284.148","bucket":"-1","time":1550213742433,"group":{"id":"settings","version":"8"},"event":{"data":{"created":1550213742437,"name":"useSafeWrite","value":true},"id":"GeneralSettings"}}
{"session":"75d1e7bec62a","build":"183.4284.148","bucket":"-1","time":1550213744162,"group":{"id":"ui.dialogs","version":"8"},"event":{"count":1,"data":{"created":1550213744162,"type":"show"},"id":"com.intellij.openapi.progress.util.ProgressDialog$MyDialogWrapper"}}
{"session":"75d1e7bec62a","build":"183.4284.148","bucket":"-1","time":1550213745970,"group":{"id":"ui.dialogs","version":"8"},"event":{"count":1,"data":{"code":1,"created":1550213745970,"type":"close"},"id":"com.intellij.openapi.progress.util.ProgressDialog$MyDialogWrapper"}}
{"session":"75d1e7bec62a","build":"183.4284.148","bucket":"-1","time":1550213746004,"group":{"id":"statistics.lifecycle.project","version":"8"},"event":{"count":1,"data":{"created":1550213746005,"project":"1467702432"},"id":"project.opened"}}
{"session":"75d1e7bec62a","build":"183.4284.148","bucket":"-1","time":1550213746005,"group":{"id":"lifecycle","version":"8"},"event":{"count":1,"data":{"created":1550213746005},"id":"project.opened"}}
{"session":"75d1e7bec62a","build":"183.4284.148","bucket":"-1","time":1550213747034,"group":{"id":"ui.dialogs","version":"8"},"event":{"count":1,"data":{"created":1550213747035,"type":"show"},"id":"com.intellij.openapi.progress.util.ProgressDialog$MyDialogWrapper"}}
{"session":"75d1e7bec62a","build":"183.4284.148","bucket":"-1","time":1550213748521,"group":{"id":"toolwindow","version":"8"},"event":{"count":1,"data":{"created":1550213748521,"data_1":"Windows"},"id":"Project_by_Activation"}}
{"session":"75d1e7bec62a","build":"183.4284.148","bucket":"-1","time":1550213748962,"group":{"id":"statistics.lifecycle.app","version":"8"},"event":{"count":1,"data":{"created":1550213748962},"id":"ide.start"}}
{"session":"75d1e7bec62a","build":"183.4284.148","bucket":"-1","time":1550213748962,"group":{"id":"lifecycle","version":"8"},"event":{"count":1,"data":{"created":1550213748962},"id":"app.started"}}
{"session":"75d1e7bec62a","build":"183.4284.148","bucket":"-1","time":1550213749601,"group":{"id":"ui.dialogs","version":"8"},"event":{"count":1,"data":{"code":1,"created":1550213749602,"type":"close"},"id":"com.intellij.openapi.progress.util.ProgressDialog$MyDialogWrapper"}}
{"session":"75d1e7bec62a","build":"183.4284.148","bucket":"-1","time":1550213749697,"group":{"id":"statistics.lifecycle.project","version":"8"},"event":{"count":1,"data":{"created":1550213749697,"project":"1467702432"},"id":"project.open.time.5"}}
{"session":"75d1e7bec62a","build":"183.4284.148","bucket":"-1","time":1550213749698,"group":{"id":"lifecycle","version":"8"},"event":{"count":1,"data":{"created":1550213749701,"time.ms":5984},"id":"project.opening.finished"}}
{"session":"75d1e7bec62a","build":"183.4284.148","bucket":"-1","time":1550213770645,"group":{"id":"actions.v2","version":"8"},"event":{"count":1,"data":{"context_menu":false,"created":1550213770645,"data_1":"Windows"},"id":"EditorEnter"}}
{"session":"75d1e7bec62a","build":"183.4284.148","bucket":"-1","time":1550213770648,"group":{"id":"statistics.file.types.edit","version":"8"},"event":{"count":1,"data":{"created":1550213770649,"project":"1467702432"},"id":"JAVA"}}
{"session":"75d1e7bec62a","build":"183.4284.148","bucket":"-1","time":1550213776858,"group":{"id":"actions.v2","version":"8"},"event":{"count":1,"data":{"context_menu":false,"created":1550213776858,"data_1":"Windows"},"id":"EditorChooseLookupItem"}}
{"session":"75d1e7bec62a","build":"183.4284.148","bucket":"-1","time":1550213776884,"group":{"id":"statistics.productivity","version":"8"},"event":{"count":1,"data":{"created":1550213776884},"id":"editing.completion.basic"}}
{"session":"75d1e7bec62a","build":"183.4284.148","bucket":"-1","time":1550213778756,"group":{"id":"actions.v2","version":"8"},"event":{"count":1,"data":{"context_menu":false,"created":1550213778756,"data_1":"Windows"},"id":"EditorRight"}}
{"session":"75d1e7bec62a","build":"183.4284.148","bucket":"-1","time":1550213780787,"group":{"id":"actions.v2","version":"8"},"event":{"count":1,"data":{"context_menu":false,"created":1550213780787,"data_1":"Windows"},"id":"EditorChooseLookupItem"}}
{"session":"75d1e7bec62a","build":"183.4284.148","bucket":"-1","time":1550213780804,"group":{"id":"statistics.productivity","version":"8"},"event":{"count":1,"data":{"created":1550213780804},"id":"editing.completion.basic"}}
{"session":"75d1e7bec62a","build":"183.4284.148","bucket":"-1","time":1550213781379,"group":{"id":"actions.v2","version":"8"},"event":{"count":1,"data":{"context_menu":false,"created":1550213781379,"data_1":"Windows"},"id":"EditorRight"}}
{"session":"75d1e7bec62a","build":"183.4284.148","bucket":"-1","time":1550213782624,"group":{"id":"actions.v2","version":"8"},"event":{"count":1,"data":{"context_menu":false,"created":1550213782625,"data_1":"Windows"},"id":"EditorEnter"}}
{"session":"75d1e7bec62a","build":"183.4284.148","bucket":"-1","time":1550213787341,"group":{"id":"actions.v2","version":"8"},"event":{"count":1,"data":{"context_menu":false,"created":1550213787341,"data_1":"Windows"},"id":"EditorLeft"}}
{"session":"75d1e7bec62a","build":"183.4284.148","bucket":"-1","time":1550213787600,"group":{"id":"actions.v2","version":"8"},"event":{"count":1,"data":{"context_menu":false,"created":1550213787600,"data_1":"Windows"},"id":"ShowIntentionActions"}}
{"session":"75d1e7bec62a","build":"183.4284.148","bucket":"-1","time":1550213789343,"group":{"id":"statistics.actions.intentions","version":"8"},"event":{"count":1,"data":{"created":1550213789343,"data_1":"Windows"},"id":"JAVA_[!]com.beetl.codeInspection.ComparingReferencesInspection$MyQuickFix"}}
{"session":"75d1e7bec62a","build":"183.4284.148","bucket":"-1","time":1550213793277,"group":{"id":"actions.v2","version":"8"},"event":{"count":1,"data":{"context_menu":false,"created":1550213793277,"data_1":"Windows"},"id":"$Undo"}}
{"session":"75d1e7bec62a","build":"183.4284.148","bucket":"-1","time":1550213794154,"group":{"id":"actions.v2","version":"8"},"event":{"count":2,"data":{"context_menu":false,"last":1550213794382,"created":1550213794154,"data_1":"Windows"},"id":"EditorLeft"}}
{"session":"75d1e7bec62a","build":"183.4284.148","bucket":"-1","time":1550213794766,"group":{"id":"actions.v2","version":"8"},"event":{"count":1,"data":{"context_menu":false,"created":1550213794767,"data_1":"Windows"},"id":"ShowIntentionActions"}}
{"session":"75d1e7bec62a","build":"183.4284.148","bucket":"-1","time":1550213796860,"group":{"id":"actions.v2","version":"8"},"event":{"count":1,"data":{"context_menu":false,"created":1550213796860,"data_1":"Windows"},"id":"EditorLeft"}}
{"session":"75d1e7bec62a","build":"183.4284.148","bucket":"-1","time":1550213797117,"group":{"id":"actions.v2","version":"8"},"event":{"count":1,"data":{"context_menu":false,"created":1550213797117,"data_1":"Windows"},"id":"ShowIntentionActions"}}
{"session":"75d1e7bec62a","build":"183.4284.148","bucket":"-1","time":1550213797855,"group":{"id":"actions.v2","version":"8"},"event":{"count":21,"data":{"context_menu":false,"last":1550213799170,"created":1550213797855,"data_1":"Windows"},"id":"EditorRight"}}
{"session":"75d1e7bec62a","build":"183.4284.148","bucket":"-1","time":1550213799517,"group":{"id":"actions.v2","version":"8"},"event":{"count":2,"data":{"context_menu":false,"last":1550213800373,"created":1550213799517,"data_1":"Windows"},"id":"ShowIntentionActions"}}
{"session":"75d1e7bec62a","build":"183.4284.148","bucket":"-1","time":1550213800778,"group":{"id":"actions.v2","version":"8"},"event":{"count":1,"data":{"context_menu":false,"created":1550213800778,"data_1":"Windows"},"id":"EditorRight"}}
{"session":"75d1e7bec62a","build":"183.4284.148","bucket":"-1","time":1550213801043,"group":{"id":"actions.v2","version":"8"},"event":{"count":1,"data":{"context_menu":false,"created":1550213801043,"data_1":"Windows"},"id":"ShowIntentionActions"}}
{"session":"75d1e7bec62a","build":"183.4284.148","bucket":"-1","time":1550213801454,"group":{"id":"actions.v2","version":"8"},"event":{"count":3,"data":{"context_menu":false,"last":1550213801744,"created":1550213801454,"data_1":"Windows"},"id":"EditorLeft"}}
{"session":"75d1e7bec62a","build":"183.4284.148","bucket":"-1","time":1550213801953,"group":{"id":"actions.v2","version":"8"},"event":{"count":1,"data":{"context_menu":false,"created":1550213801953,"data_1":"Windows"},"id":"ShowIntentionActions"}}
{"session":"75d1e7bec62a","build":"183.4284.148","bucket":"-1","time":1550213805043,"group":{"id":"actions.v2","version":"8"},"event":{"count":2,"data":{"context_menu":false,"last":1550213805566,"created":1550213805043,"data_1":"Windows"},"id":"EditorBackSpace"}}
{"session":"75d1e7bec62a","build":"183.4284.148","bucket":"-1","time":1550213941205,"group":{"id":"statistics.actions.main.menu.v2","version":"8"},"event":{"count":1,"data":{"created":1550213941205,"data_1":"Windows"},"id":"File_->_Settings..."}}
{"session":"75d1e7bec62a","build":"183.4284.148","bucket":"-1","time":1550213941210,"group":{"id":"actions.v2","version":"8"},"event":{"count":1,"data":{"context_menu":true,"created":1550213941210,"place":"MainMenu","data_1":"Windows"},"id":"ShowSettings"}}
{"session":"75d1e7bec62a","build":"183.4284.148","bucket":"-1","time":1550213941767,"group":{"id":"ui.dialogs","version":"8"},"event":{"count":1,"data":{"created":1550213941767,"type":"show"},"id":"com.intellij.openapi.options.newEditor.SettingsDialog"}}
{"session":"75d1e7bec62a","build":"183.4284.148","bucket":"-1","time":1550213962770,"group":{"id":"ui.dialogs","version":"8"},"event":{"count":1,"data":{"code":1,"created":1550213962770,"type":"close"},"id":"com.intellij.openapi.options.newEditor.SettingsDialog"}}
{"session":"75d1e7bec62a","build":"183.4284.148","bucket":"-1","time":1550214593410,"group":{"id":"ui.dialogs","version":"8"},"event":{"count":1,"data":{"created":1550214593410,"type":"show"},"id":"com.intellij.openapi.ui.messages.MessageDialog"}}
{"session":"75d1e7bec62a","build":"183.4284.148","bucket":"-1","time":1550214594983,"group":{"id":"statistics.lifecycle.app","version":"8"},"event":{"count":1,"data":{"created":1550214594983},"id":"ide.close"}}
{"session":"75d1e7bec62a","build":"183.4284.148","bucket":"-1","time":1550214594983,"group":{"id":"lifecycle","version":"8"},"event":{"count":1,"data":{"restart":false,"created":1550214594984},"id":"app.closed"}}
{"session":"75d1e7bec62a","build":"183.4284.148","bucket":"-1","time":1550214595011,"group":{"id":"statistics.lifecycle.project","version":"8"},"event":{"count":1,"data":{"created":1550214595012,"project":"1467702432"},"id":"project.closed"}}
{"session":"75d1e7bec62a","build":"183.4284.148","bucket":"-1","time":1550214595246,"group":{"id":"lifecycle","version":"8"},"event":{"count":1,"data":{"created":1550214595249},"id":"project.closed"}}
