{"session":"039c97b94bc2","build":"183.4284.148","bucket":"-1","time":1550128229267,"group":{"id":"system.os.name","version":"8"},"event":{"data":{"created":1550128229268},"id":"Windows"}}
{"session":"039c97b94bc2","build":"183.4284.148","bucket":"-1","time":1550128229268,"group":{"id":"system.os.version","version":"8"},"event":{"data":{"created":1550128229312},"id":"10.0"}}
{"session":"039c97b94bc2","build":"183.4284.148","bucket":"-1","time":1550128229268,"group":{"id":"system.jvm.vendor","version":"8"},"event":{"data":{"created":1550128229323},"id":"JetBrains_s.r.o"}}
{"session":"039c97b94bc2","build":"183.4284.148","bucket":"-1","time":1550128229268,"group":{"id":"system.jvm.version","version":"8"},"event":{"data":{"created":1550128229324},"id":"1.8"}}
{"session":"039c97b94bc2","build":"183.4284.148","bucket":"-1","time":1550128229269,"group":{"id":"settings","version":"8"},"event":{"data":{"created":1550128229325,"name":"activeMruEditorOnClose","value":false},"id":"UISettings"}}
{"session":"039c97b94bc2","build":"183.4284.148","bucket":"-1","time":1550128229269,"group":{"id":"settings","version":"8"},"event":{"data":{"created":1550128229325,"name":"activeRightEditorOnClose","value":false},"id":"UISettings"}}
{"session":"039c97b94bc2","build":"183.4284.148","bucket":"-1","time":1550128229269,"group":{"id":"settings","version":"8"},"event":{"data":{"created":1550128229326,"name":"allowMergeButtons","value":true},"id":"UISettings"}}
{"session":"039c97b94bc2","build":"183.4284.148","bucket":"-1","time":1550128229269,"group":{"id":"settings","version":"8"},"event":{"data":{"created":1550128229326,"name":"alwaysShowWindowsButton","value":false},"id":"UISettings"}}
{"session":"039c97b94bc2","build":"183.4284.148","bucket":"-1","time":1550128229269,"group":{"id":"settings","version":"8"},"event":{"data":{"created":1550128229327,"name":"animateWindows","value":true},"id":"UISettings"}}
{"session":"039c97b94bc2","build":"183.4284.148","bucket":"-1","time":1550128229269,"group":{"id":"settings","version":"8"},"event":{"data":{"created":1550128229327,"name":"closeNonModifiedFilesFirst","value":false},"id":"UISettings"}}
{"session":"039c97b94bc2","build":"183.4284.148","bucket":"-1","time":1550128229269,"group":{"id":"settings","version":"8"},"event":{"data":{"created":1550128229327,"name":"closeTabButtonOnTheRight","value":true},"id":"UISettings"}}
{"session":"039c97b94bc2","build":"183.4284.148","bucket":"-1","time":1550128229269,"group":{"id":"settings","version":"8"},"event":{"data":{"created":1550128229328,"name":"cycleScrolling","value":true},"id":"UISettings"}}
{"session":"039c97b94bc2","build":"183.4284.148","bucket":"-1","time":1550128229269,"group":{"id":"settings","version":"8"},"event":{"data":{"created":1550128229328,"name":"defaultAutoScrollToSource","value":false},"id":"UISettings"}}
{"session":"039c97b94bc2","build":"183.4284.148","bucket":"-1","time":1550128229269,"group":{"id":"settings","version":"8"},"event":{"data":{"created":1550128229329,"name":"disableMnemonics","value":false},"id":"UISettings"}}
{"session":"039c97b94bc2","build":"183.4284.148","bucket":"-1","time":1550128229269,"group":{"id":"settings","version":"8"},"event":{"data":{"created":1550128229329,"name":"disableMnemonicsInControls","value":false},"id":"UISettings"}}
{"session":"039c97b94bc2","build":"183.4284.148","bucket":"-1","time":1550128229269,"group":{"id":"settings","version":"8"},"event":{"data":{"created":1550128229329,"name":"dndWithPressedAltOnly","value":false},"id":"UISettings"}}
{"session":"039c97b94bc2","build":"183.4284.148","bucket":"-1","time":1550128229269,"group":{"id":"settings","version":"8"},"event":{"data":{"created":1550128229330,"name":"enableAlphaMode","value":false},"id":"UISettings"}}
{"session":"039c97b94bc2","build":"183.4284.148","bucket":"-1","time":1550128229269,"group":{"id":"settings","version":"8"},"event":{"data":{"created":1550128229330,"name":"hideKnownExtensionInTabs","value":false},"id":"UISettings"}}
{"session":"039c97b94bc2","build":"183.4284.148","bucket":"-1","time":1550128229269,"group":{"id":"settings","version":"8"},"event":{"data":{"created":1550128229330,"name":"hideNavigationOnFocusLoss","value":true},"id":"UISettings"}}
{"session":"039c97b94bc2","build":"183.4284.148","bucket":"-1","time":1550128229269,"group":{"id":"settings","version":"8"},"event":{"data":{"created":1550128229331,"name":"hideTabsIfNeed","value":true},"id":"UISettings"}}
{"session":"039c97b94bc2","build":"183.4284.148","bucket":"-1","time":1550128229269,"group":{"id":"settings","version":"8"},"event":{"data":{"created":1550128229331,"name":"hideToolStripes","value":false},"id":"UISettings"}}
{"session":"039c97b94bc2","build":"183.4284.148","bucket":"-1","time":1550128229269,"group":{"id":"settings","version":"8"},"event":{"data":{"created":1550128229331,"name":"leftHorizontalSplit","value":false},"id":"UISettings"}}
{"session":"039c97b94bc2","build":"183.4284.148","bucket":"-1","time":1550128229269,"group":{"id":"settings","version":"8"},"event":{"data":{"created":1550128229332,"name":"markModifiedTabsWithAsterisk","value":false},"id":"UISettings"}}
{"session":"039c97b94bc2","build":"183.4284.148","bucket":"-1","time":1550128229269,"group":{"id":"settings","version":"8"},"event":{"data":{"created":1550128229332,"name":"mergeEqualStackTraces","value":true},"id":"UISettings"}}
{"session":"039c97b94bc2","build":"183.4284.148","bucket":"-1","time":1550128229270,"group":{"id":"settings","version":"8"},"event":{"data":{"created":1550128229332,"name":"moveMouseOnDefaultButton","value":false},"id":"UISettings"}}
{"session":"039c97b94bc2","build":"183.4284.148","bucket":"-1","time":1550128229270,"group":{"id":"settings","version":"8"},"event":{"data":{"created":1550128229333,"name":"navigateToPreview","value":false},"id":"UISettings"}}
{"session":"039c97b94bc2","build":"183.4284.148","bucket":"-1","time":1550128229270,"group":{"id":"settings","version":"8"},"event":{"data":{"created":1550128229333,"name":"overrideConsoleCycleBufferSize","value":false},"id":"UISettings"}}
{"session":"039c97b94bc2","build":"183.4284.148","bucket":"-1","time":1550128229270,"group":{"id":"settings","version":"8"},"event":{"data":{"created":1550128229334,"name":"overrideLafFonts","value":false},"id":"UISettings"}}
{"session":"039c97b94bc2","build":"183.4284.148","bucket":"-1","time":1550128229270,"group":{"id":"settings","version":"8"},"event":{"data":{"created":1550128229334,"name":"pinFindInPath","value":false},"id":"UISettings"}}
{"session":"039c97b94bc2","build":"183.4284.148","bucket":"-1","time":1550128229270,"group":{"id":"settings","version":"8"},"event":{"data":{"created":1550128229334,"name":"presentationMode","value":false},"id":"UISettings"}}
{"session":"039c97b94bc2","build":"183.4284.148","bucket":"-1","time":1550128229270,"group":{"id":"settings","version":"8"},"event":{"data":{"created":1550128229334,"name":"reuseNotModifiedTabs","value":false},"id":"UISettings"}}
{"session":"039c97b94bc2","build":"183.4284.148","bucket":"-1","time":1550128229270,"group":{"id":"settings","version":"8"},"event":{"data":{"created":1550128229335,"name":"rightHorizontalSplit","value":false},"id":"UISettings"}}
{"session":"039c97b94bc2","build":"183.4284.148","bucket":"-1","time":1550128229270,"group":{"id":"settings","version":"8"},"event":{"data":{"created":1550128229335,"name":"scrollTabLayoutInEditor","value":true},"id":"UISettings"}}
{"session":"039c97b94bc2","build":"183.4284.148","bucket":"-1","time":1550128229270,"group":{"id":"settings","version":"8"},"event":{"data":{"created":1550128229335,"name":"showCloseButton","value":true},"id":"UISettings"}}
{"session":"039c97b94bc2","build":"183.4284.148","bucket":"-1","time":1550128229270,"group":{"id":"settings","version":"8"},"event":{"data":{"created":1550128229335,"name":"showDirectoryForNonUniqueFilenames","value":true},"id":"UISettings"}}
{"session":"039c97b94bc2","build":"183.4284.148","bucket":"-1","time":1550128229270,"group":{"id":"settings","version":"8"},"event":{"data":{"created":1550128229336,"name":"showEditorToolTip","value":true},"id":"UISettings"}}
{"session":"039c97b94bc2","build":"183.4284.148","bucket":"-1","time":1550128229270,"group":{"id":"settings","version":"8"},"event":{"data":{"created":1550128229336,"name":"showIconInQuickNavigation","value":true},"id":"UISettings"}}
{"session":"039c97b94bc2","build":"183.4284.148","bucket":"-1","time":1550128229270,"group":{"id":"settings","version":"8"},"event":{"data":{"created":1550128229336,"name":"showIconsInMenus","value":true},"id":"UISettings"}}
{"session":"039c97b94bc2","build":"183.4284.148","bucket":"-1","time":1550128229270,"group":{"id":"settings","version":"8"},"event":{"data":{"created":1550128229336,"name":"showMainToolbar","value":false},"id":"UISettings"}}
{"session":"039c97b94bc2","build":"183.4284.148","bucket":"-1","time":1550128229270,"group":{"id":"settings","version":"8"},"event":{"data":{"created":1550128229337,"name":"showMemoryIndicator","value":false},"id":"UISettings"}}
{"session":"039c97b94bc2","build":"183.4284.148","bucket":"-1","time":1550128229270,"group":{"id":"settings","version":"8"},"event":{"data":{"created":1550128229337,"name":"showNavigationBar","value":true},"id":"UISettings"}}
{"session":"039c97b94bc2","build":"183.4284.148","bucket":"-1","time":1550128229270,"group":{"id":"settings","version":"8"},"event":{"data":{"created":1550128229337,"name":"showStatusBar","value":true},"id":"UISettings"}}
{"session":"039c97b94bc2","build":"183.4284.148","bucket":"-1","time":1550128229270,"group":{"id":"settings","version":"8"},"event":{"data":{"created":1550128229337,"name":"showTabsTooltips","value":true},"id":"UISettings"}}
{"session":"039c97b94bc2","build":"183.4284.148","bucket":"-1","time":1550128229270,"group":{"id":"settings","version":"8"},"event":{"data":{"created":1550128229338,"name":"showToolWindowsNumbers","value":true},"id":"UISettings"}}
{"session":"039c97b94bc2","build":"183.4284.148","bucket":"-1","time":1550128229270,"group":{"id":"settings","version":"8"},"event":{"data":{"created":1550128229338,"name":"smoothScrolling","value":false},"id":"UISettings"}}
{"session":"039c97b94bc2","build":"183.4284.148","bucket":"-1","time":1550128229270,"group":{"id":"settings","version":"8"},"event":{"data":{"created":1550128229338,"name":"sortBookmarks","value":false},"id":"UISettings"}}
{"session":"039c97b94bc2","build":"183.4284.148","bucket":"-1","time":1550128229270,"group":{"id":"settings","version":"8"},"event":{"data":{"created":1550128229339,"name":"sortLookupElementsLexicographically","value":false},"id":"UISettings"}}
{"session":"039c97b94bc2","build":"183.4284.148","bucket":"-1","time":1550128229270,"group":{"id":"settings","version":"8"},"event":{"data":{"created":1550128229339,"name":"useSmallLabelsOnTabs","value":false},"id":"UISettings"}}
{"session":"039c97b94bc2","build":"183.4284.148","bucket":"-1","time":1550128229270,"group":{"id":"settings","version":"8"},"event":{"data":{"created":1550128229339,"name":"wideScreenSupport","value":false},"id":"UISettings"}}
{"session":"039c97b94bc2","build":"183.4284.148","bucket":"-1","time":1550128236260,"group":{"id":"settings","version":"8"},"event":{"data":{"created":1550128236260,"name":"autoSaveIfInactive","value":false},"id":"GeneralSettings"}}
{"session":"039c97b94bc2","build":"183.4284.148","bucket":"-1","time":1550128236260,"group":{"id":"settings","version":"8"},"event":{"data":{"created":1550128236261,"name":"confirmExit","value":true},"id":"GeneralSettings"}}
{"session":"039c97b94bc2","build":"183.4284.148","bucket":"-1","time":1550128236260,"group":{"id":"settings","version":"8"},"event":{"data":{"created":1550128236261,"name":"reopenLastProject","value":true},"id":"GeneralSettings"}}
{"session":"039c97b94bc2","build":"183.4284.148","bucket":"-1","time":1550128236260,"group":{"id":"settings","version":"8"},"event":{"data":{"created":1550128236262,"name":"saveOnFrameDeactivation","value":true},"id":"GeneralSettings"}}
{"session":"039c97b94bc2","build":"183.4284.148","bucket":"-1","time":1550128236260,"group":{"id":"settings","version":"8"},"event":{"data":{"created":1550128236262,"name":"searchInBackground","value":false},"id":"GeneralSettings"}}
{"session":"039c97b94bc2","build":"183.4284.148","bucket":"-1","time":1550128236260,"group":{"id":"settings","version":"8"},"event":{"data":{"default":false,"created":1550128236262,"name":"showTipsOnStartup","value":false},"id":"GeneralSettings"}}
{"session":"039c97b94bc2","build":"183.4284.148","bucket":"-1","time":1550128236260,"group":{"id":"settings","version":"8"},"event":{"data":{"created":1550128236262,"name":"showWelcomeScreen","value":true},"id":"GeneralSettings"}}
{"session":"039c97b94bc2","build":"183.4284.148","bucket":"-1","time":1550128236260,"group":{"id":"settings","version":"8"},"event":{"data":{"created":1550128236262,"name":"supportScreenReaders","value":false},"id":"GeneralSettings"}}
{"session":"039c97b94bc2","build":"183.4284.148","bucket":"-1","time":1550128236260,"group":{"id":"settings","version":"8"},"event":{"data":{"created":1550128236262,"name":"syncOnFrameActivation","value":true},"id":"GeneralSettings"}}
{"session":"039c97b94bc2","build":"183.4284.148","bucket":"-1","time":1550128236260,"group":{"id":"settings","version":"8"},"event":{"data":{"created":1550128236262,"name":"useDefaultBrowser","value":true},"id":"GeneralSettings"}}
{"session":"039c97b94bc2","build":"183.4284.148","bucket":"-1","time":1550128236260,"group":{"id":"settings","version":"8"},"event":{"data":{"created":1550128236263,"name":"useSafeWrite","value":true},"id":"GeneralSettings"}}
{"session":"039c97b94bc2","build":"183.4284.148","bucket":"-1","time":1550128248502,"group":{"id":"ui.dialogs","version":"8"},"event":{"count":1,"data":{"created":1550128248502,"type":"show"},"id":"com.intellij.openapi.progress.util.ProgressDialog$MyDialogWrapper"}}
{"session":"039c97b94bc2","build":"183.4284.148","bucket":"-1","time":1550128249389,"group":{"id":"statistics.lifecycle.app","version":"8"},"event":{"count":1,"data":{"created":1550128249389,"data_2":"10+","data_1":"timeSecondsGrouped"},"id":"ide.freeze"}}
{"session":"039c97b94bc2","build":"183.4284.148","bucket":"-1","time":1550128249407,"group":{"id":"lifecycle","version":"8"},"event":{"count":1,"data":{"durationSeconds":16,"created":1550128249407},"id":"ide.freeze"}}
{"session":"039c97b94bc2","build":"183.4284.148","bucket":"-1","time":1550128266141,"group":{"id":"ui.dialogs","version":"8"},"event":{"count":1,"data":{"code":1,"created":1550128266142,"type":"close"},"id":"com.intellij.openapi.progress.util.ProgressDialog$MyDialogWrapper"}}
{"session":"039c97b94bc2","build":"183.4284.148","bucket":"-1","time":1550128266320,"group":{"id":"statistics.lifecycle.project","version":"8"},"event":{"count":1,"data":{"created":1550128266320,"project":"1467702432"},"id":"project.opened"}}
{"session":"039c97b94bc2","build":"183.4284.148","bucket":"-1","time":1550128266320,"group":{"id":"lifecycle","version":"8"},"event":{"count":1,"data":{"created":1550128266321},"id":"project.opened"}}
{"session":"039c97b94bc2","build":"183.4284.148","bucket":"-1","time":1550128272816,"group":{"id":"ui.dialogs","version":"8"},"event":{"count":1,"data":{"created":1550128272816,"type":"show"},"id":"com.intellij.openapi.progress.util.ProgressDialog$MyDialogWrapper"}}
{"session":"039c97b94bc2","build":"183.4284.148","bucket":"-1","time":1550128273493,"group":{"id":"statistics.lifecycle.app","version":"8"},"event":{"count":1,"data":{"created":1550128273493,"data_2":"8","data_1":"timeSecondsGrouped"},"id":"ide.freeze"}}
{"session":"039c97b94bc2","build":"183.4284.148","bucket":"-1","time":1550128273493,"group":{"id":"lifecycle","version":"8"},"event":{"count":1,"data":{"durationSeconds":8,"created":1550128273493},"id":"ide.freeze"}}
{"session":"039c97b94bc2","build":"183.4284.148","bucket":"-1","time":1550128273583,"group":{"id":"toolwindow","version":"8"},"event":{"count":1,"data":{"created":1550128273583,"data_1":"Windows"},"id":"Project_by_Activation"}}
{"session":"039c97b94bc2","build":"183.4284.148","bucket":"-1","time":1550128276071,"group":{"id":"statistics.lifecycle.app","version":"8"},"event":{"count":1,"data":{"created":1550128276072},"id":"ide.start"}}
{"session":"039c97b94bc2","build":"183.4284.148","bucket":"-1","time":1550128276072,"group":{"id":"lifecycle","version":"8"},"event":{"count":1,"data":{"created":1550128276072},"id":"app.started"}}
{"session":"039c97b94bc2","build":"183.4284.148","bucket":"-1","time":1550128280942,"group":{"id":"ui.dialogs","version":"8"},"event":{"count":1,"data":{"code":1,"created":1550128280942,"type":"close"},"id":"com.intellij.openapi.progress.util.ProgressDialog$MyDialogWrapper"}}
{"session":"039c97b94bc2","build":"183.4284.148","bucket":"-1","time":1550128282047,"group":{"id":"statistics.lifecycle.project","version":"8"},"event":{"count":1,"data":{"created":1550128282049,"project":"1467702432"},"id":"project.open.time.34"}}
{"session":"039c97b94bc2","build":"183.4284.148","bucket":"-1","time":1550128282047,"group":{"id":"lifecycle","version":"8"},"event":{"count":1,"data":{"created":1550128282049,"time.ms":34622},"id":"project.opening.finished"}}
{"session":"039c97b94bc2","build":"183.4284.148","bucket":"-1","time":1550128323496,"group":{"id":"ui.dialogs","version":"8"},"event":{"count":1,"data":{"created":1550128323496,"type":"show"},"id":"com.intellij.openapi.ui.messages.MessageDialog"}}
{"session":"039c97b94bc2","build":"183.4284.148","bucket":"-1","time":1550128324661,"group":{"id":"statistics.lifecycle.app","version":"8"},"event":{"count":1,"data":{"created":1550128324661},"id":"ide.close"}}
{"session":"039c97b94bc2","build":"183.4284.148","bucket":"-1","time":1550128324661,"group":{"id":"lifecycle","version":"8"},"event":{"count":1,"data":{"restart":false,"created":1550128324662},"id":"app.closed"}}
{"session":"039c97b94bc2","build":"183.4284.148","bucket":"-1","time":1550128324686,"group":{"id":"statistics.lifecycle.project","version":"8"},"event":{"count":1,"data":{"created":1550128324686,"project":"1467702432"},"id":"project.closed"}}
{"session":"039c97b94bc2","build":"183.4284.148","bucket":"-1","time":1550128325684,"group":{"id":"lifecycle","version":"8"},"event":{"count":1,"data":{"created":1550128325685},"id":"project.closed"}}
