{"session":"c487cf4c66a5","build":"183.4284.148","bucket":"-1","time":1551431734314,"group":{"id":"settings","version":"8"},"event":{"data":{"created":1551431734315,"name":"activeMruEditorOnClose","value":false},"id":"UISettings"}}
{"session":"c487cf4c66a5","build":"183.4284.148","bucket":"-1","time":1551431734315,"group":{"id":"settings","version":"8"},"event":{"data":{"created":1551431734329,"name":"activeRightEditorOnClose","value":false},"id":"UISettings"}}
{"session":"c487cf4c66a5","build":"183.4284.148","bucket":"-1","time":1551431734315,"group":{"id":"settings","version":"8"},"event":{"data":{"created":1551431734343,"name":"allowMergeButtons","value":true},"id":"UISettings"}}
{"session":"c487cf4c66a5","build":"183.4284.148","bucket":"-1","time":1551431734315,"group":{"id":"settings","version":"8"},"event":{"data":{"created":1551431734344,"name":"alwaysShowWindowsButton","value":false},"id":"UISettings"}}
{"session":"c487cf4c66a5","build":"183.4284.148","bucket":"-1","time":1551431734315,"group":{"id":"settings","version":"8"},"event":{"data":{"created":1551431734345,"name":"animateWindows","value":true},"id":"UISettings"}}
{"session":"c487cf4c66a5","build":"183.4284.148","bucket":"-1","time":1551431734315,"group":{"id":"settings","version":"8"},"event":{"data":{"created":1551431734345,"name":"closeNonModifiedFilesFirst","value":false},"id":"UISettings"}}
{"session":"c487cf4c66a5","build":"183.4284.148","bucket":"-1","time":1551431734315,"group":{"id":"settings","version":"8"},"event":{"data":{"created":1551431734346,"name":"closeTabButtonOnTheRight","value":true},"id":"UISettings"}}
{"session":"c487cf4c66a5","build":"183.4284.148","bucket":"-1","time":1551431734315,"group":{"id":"settings","version":"8"},"event":{"data":{"created":1551431734348,"name":"cycleScrolling","value":true},"id":"UISettings"}}
{"session":"c487cf4c66a5","build":"183.4284.148","bucket":"-1","time":1551431734315,"group":{"id":"settings","version":"8"},"event":{"data":{"created":1551431734349,"name":"defaultAutoScrollToSource","value":false},"id":"UISettings"}}
{"session":"c487cf4c66a5","build":"183.4284.148","bucket":"-1","time":1551431734315,"group":{"id":"settings","version":"8"},"event":{"data":{"created":1551431734349,"name":"disableMnemonics","value":false},"id":"UISettings"}}
{"session":"c487cf4c66a5","build":"183.4284.148","bucket":"-1","time":1551431734315,"group":{"id":"settings","version":"8"},"event":{"data":{"created":1551431734349,"name":"disableMnemonicsInControls","value":false},"id":"UISettings"}}
{"session":"c487cf4c66a5","build":"183.4284.148","bucket":"-1","time":1551431734315,"group":{"id":"settings","version":"8"},"event":{"data":{"created":1551431734350,"name":"dndWithPressedAltOnly","value":false},"id":"UISettings"}}
{"session":"c487cf4c66a5","build":"183.4284.148","bucket":"-1","time":1551431734315,"group":{"id":"settings","version":"8"},"event":{"data":{"created":1551431734350,"name":"enableAlphaMode","value":false},"id":"UISettings"}}
{"session":"c487cf4c66a5","build":"183.4284.148","bucket":"-1","time":1551431734315,"group":{"id":"settings","version":"8"},"event":{"data":{"created":1551431734350,"name":"hideKnownExtensionInTabs","value":false},"id":"UISettings"}}
{"session":"c487cf4c66a5","build":"183.4284.148","bucket":"-1","time":1551431734315,"group":{"id":"settings","version":"8"},"event":{"data":{"created":1551431734350,"name":"hideNavigationOnFocusLoss","value":true},"id":"UISettings"}}
{"session":"c487cf4c66a5","build":"183.4284.148","bucket":"-1","time":1551431734315,"group":{"id":"settings","version":"8"},"event":{"data":{"created":1551431734351,"name":"hideTabsIfNeed","value":true},"id":"UISettings"}}
{"session":"c487cf4c66a5","build":"183.4284.148","bucket":"-1","time":1551431734315,"group":{"id":"settings","version":"8"},"event":{"data":{"created":1551431734351,"name":"hideToolStripes","value":false},"id":"UISettings"}}
{"session":"c487cf4c66a5","build":"183.4284.148","bucket":"-1","time":1551431734315,"group":{"id":"settings","version":"8"},"event":{"data":{"created":1551431734353,"name":"leftHorizontalSplit","value":false},"id":"UISettings"}}
{"session":"c487cf4c66a5","build":"183.4284.148","bucket":"-1","time":1551431734315,"group":{"id":"settings","version":"8"},"event":{"data":{"created":1551431734355,"name":"markModifiedTabsWithAsterisk","value":false},"id":"UISettings"}}
{"session":"c487cf4c66a5","build":"183.4284.148","bucket":"-1","time":1551431734315,"group":{"id":"settings","version":"8"},"event":{"data":{"created":1551431734355,"name":"mergeEqualStackTraces","value":true},"id":"UISettings"}}
{"session":"c487cf4c66a5","build":"183.4284.148","bucket":"-1","time":1551431734315,"group":{"id":"settings","version":"8"},"event":{"data":{"created":1551431734355,"name":"moveMouseOnDefaultButton","value":false},"id":"UISettings"}}
{"session":"c487cf4c66a5","build":"183.4284.148","bucket":"-1","time":1551431734315,"group":{"id":"settings","version":"8"},"event":{"data":{"created":1551431734356,"name":"navigateToPreview","value":false},"id":"UISettings"}}
{"session":"c487cf4c66a5","build":"183.4284.148","bucket":"-1","time":1551431734315,"group":{"id":"settings","version":"8"},"event":{"data":{"created":1551431734356,"name":"overrideConsoleCycleBufferSize","value":false},"id":"UISettings"}}
{"session":"c487cf4c66a5","build":"183.4284.148","bucket":"-1","time":1551431734315,"group":{"id":"settings","version":"8"},"event":{"data":{"created":1551431734356,"name":"overrideLafFonts","value":false},"id":"UISettings"}}
{"session":"c487cf4c66a5","build":"183.4284.148","bucket":"-1","time":1551431734315,"group":{"id":"settings","version":"8"},"event":{"data":{"created":1551431734356,"name":"pinFindInPath","value":false},"id":"UISettings"}}
{"session":"c487cf4c66a5","build":"183.4284.148","bucket":"-1","time":1551431734315,"group":{"id":"settings","version":"8"},"event":{"data":{"created":1551431734356,"name":"presentationMode","value":false},"id":"UISettings"}}
{"session":"c487cf4c66a5","build":"183.4284.148","bucket":"-1","time":1551431734315,"group":{"id":"settings","version":"8"},"event":{"data":{"created":1551431734357,"name":"reuseNotModifiedTabs","value":false},"id":"UISettings"}}
{"session":"c487cf4c66a5","build":"183.4284.148","bucket":"-1","time":1551431734315,"group":{"id":"settings","version":"8"},"event":{"data":{"created":1551431734357,"name":"rightHorizontalSplit","value":false},"id":"UISettings"}}
{"session":"c487cf4c66a5","build":"183.4284.148","bucket":"-1","time":1551431734315,"group":{"id":"settings","version":"8"},"event":{"data":{"created":1551431734357,"name":"scrollTabLayoutInEditor","value":true},"id":"UISettings"}}
{"session":"c487cf4c66a5","build":"183.4284.148","bucket":"-1","time":1551431734315,"group":{"id":"settings","version":"8"},"event":{"data":{"created":1551431734358,"name":"showCloseButton","value":true},"id":"UISettings"}}
{"session":"c487cf4c66a5","build":"183.4284.148","bucket":"-1","time":1551431734315,"group":{"id":"settings","version":"8"},"event":{"data":{"created":1551431734359,"name":"showDirectoryForNonUniqueFilenames","value":true},"id":"UISettings"}}
{"session":"c487cf4c66a5","build":"183.4284.148","bucket":"-1","time":1551431734315,"group":{"id":"settings","version":"8"},"event":{"data":{"created":1551431734360,"name":"showEditorToolTip","value":true},"id":"UISettings"}}
{"session":"c487cf4c66a5","build":"183.4284.148","bucket":"-1","time":1551431734315,"group":{"id":"settings","version":"8"},"event":{"data":{"created":1551431734360,"name":"showIconInQuickNavigation","value":true},"id":"UISettings"}}
{"session":"c487cf4c66a5","build":"183.4284.148","bucket":"-1","time":1551431734315,"group":{"id":"settings","version":"8"},"event":{"data":{"created":1551431734360,"name":"showIconsInMenus","value":true},"id":"UISettings"}}
{"session":"c487cf4c66a5","build":"183.4284.148","bucket":"-1","time":1551431734315,"group":{"id":"settings","version":"8"},"event":{"data":{"created":1551431734360,"name":"showMainToolbar","value":false},"id":"UISettings"}}
{"session":"c487cf4c66a5","build":"183.4284.148","bucket":"-1","time":1551431734315,"group":{"id":"settings","version":"8"},"event":{"data":{"created":1551431734361,"name":"showMemoryIndicator","value":false},"id":"UISettings"}}
{"session":"c487cf4c66a5","build":"183.4284.148","bucket":"-1","time":1551431734315,"group":{"id":"settings","version":"8"},"event":{"data":{"created":1551431734361,"name":"showNavigationBar","value":true},"id":"UISettings"}}
{"session":"c487cf4c66a5","build":"183.4284.148","bucket":"-1","time":1551431734315,"group":{"id":"settings","version":"8"},"event":{"data":{"created":1551431734361,"name":"showStatusBar","value":true},"id":"UISettings"}}
{"session":"c487cf4c66a5","build":"183.4284.148","bucket":"-1","time":1551431734315,"group":{"id":"settings","version":"8"},"event":{"data":{"created":1551431734361,"name":"showTabsTooltips","value":true},"id":"UISettings"}}
{"session":"c487cf4c66a5","build":"183.4284.148","bucket":"-1","time":1551431734315,"group":{"id":"settings","version":"8"},"event":{"data":{"created":1551431734362,"name":"showToolWindowsNumbers","value":true},"id":"UISettings"}}
{"session":"c487cf4c66a5","build":"183.4284.148","bucket":"-1","time":1551431734315,"group":{"id":"settings","version":"8"},"event":{"data":{"created":1551431734362,"name":"smoothScrolling","value":false},"id":"UISettings"}}
{"session":"c487cf4c66a5","build":"183.4284.148","bucket":"-1","time":1551431734315,"group":{"id":"settings","version":"8"},"event":{"data":{"created":1551431734362,"name":"sortBookmarks","value":false},"id":"UISettings"}}
{"session":"c487cf4c66a5","build":"183.4284.148","bucket":"-1","time":1551431734315,"group":{"id":"settings","version":"8"},"event":{"data":{"created":1551431734362,"name":"sortLookupElementsLexicographically","value":false},"id":"UISettings"}}
{"session":"c487cf4c66a5","build":"183.4284.148","bucket":"-1","time":1551431734315,"group":{"id":"settings","version":"8"},"event":{"data":{"created":1551431734362,"name":"useSmallLabelsOnTabs","value":false},"id":"UISettings"}}
{"session":"c487cf4c66a5","build":"183.4284.148","bucket":"-1","time":1551431734315,"group":{"id":"settings","version":"8"},"event":{"data":{"created":1551431734363,"name":"wideScreenSupport","value":false},"id":"UISettings"}}
{"session":"c487cf4c66a5","build":"183.4284.148","bucket":"-1","time":1551431734317,"group":{"id":"system.os.name","version":"8"},"event":{"data":{"created":1551431734363},"id":"Windows"}}
{"session":"c487cf4c66a5","build":"183.4284.148","bucket":"-1","time":1551431734317,"group":{"id":"system.os.version","version":"8"},"event":{"data":{"created":1551431734363},"id":"10.0"}}
{"session":"c487cf4c66a5","build":"183.4284.148","bucket":"-1","time":1551431734317,"group":{"id":"system.jvm.vendor","version":"8"},"event":{"data":{"created":1551431734363},"id":"JetBrains_s.r.o"}}
{"session":"c487cf4c66a5","build":"183.4284.148","bucket":"-1","time":1551431734317,"group":{"id":"system.jvm.version","version":"8"},"event":{"data":{"created":1551431734364},"id":"1.8"}}
{"session":"c487cf4c66a5","build":"183.4284.148","bucket":"-1","time":1551431735104,"group":{"id":"settings","version":"8"},"event":{"data":{"created":1551431735104,"name":"autoSaveIfInactive","value":false},"id":"GeneralSettings"}}
{"session":"c487cf4c66a5","build":"183.4284.148","bucket":"-1","time":1551431735104,"group":{"id":"settings","version":"8"},"event":{"data":{"created":1551431735105,"name":"confirmExit","value":true},"id":"GeneralSettings"}}
{"session":"c487cf4c66a5","build":"183.4284.148","bucket":"-1","time":1551431735104,"group":{"id":"settings","version":"8"},"event":{"data":{"created":1551431735105,"name":"reopenLastProject","value":true},"id":"GeneralSettings"}}
{"session":"c487cf4c66a5","build":"183.4284.148","bucket":"-1","time":1551431735104,"group":{"id":"settings","version":"8"},"event":{"data":{"created":1551431735106,"name":"saveOnFrameDeactivation","value":true},"id":"GeneralSettings"}}
{"session":"c487cf4c66a5","build":"183.4284.148","bucket":"-1","time":1551431735104,"group":{"id":"settings","version":"8"},"event":{"data":{"created":1551431735106,"name":"searchInBackground","value":false},"id":"GeneralSettings"}}
{"session":"c487cf4c66a5","build":"183.4284.148","bucket":"-1","time":1551431735104,"group":{"id":"settings","version":"8"},"event":{"data":{"default":false,"created":1551431735106,"name":"showTipsOnStartup","value":false},"id":"GeneralSettings"}}
{"session":"c487cf4c66a5","build":"183.4284.148","bucket":"-1","time":1551431735104,"group":{"id":"settings","version":"8"},"event":{"data":{"created":1551431735106,"name":"showWelcomeScreen","value":true},"id":"GeneralSettings"}}
{"session":"c487cf4c66a5","build":"183.4284.148","bucket":"-1","time":1551431735104,"group":{"id":"settings","version":"8"},"event":{"data":{"created":1551431735106,"name":"supportScreenReaders","value":false},"id":"GeneralSettings"}}
{"session":"c487cf4c66a5","build":"183.4284.148","bucket":"-1","time":1551431735104,"group":{"id":"settings","version":"8"},"event":{"data":{"created":1551431735106,"name":"syncOnFrameActivation","value":true},"id":"GeneralSettings"}}
{"session":"c487cf4c66a5","build":"183.4284.148","bucket":"-1","time":1551431735104,"group":{"id":"settings","version":"8"},"event":{"data":{"created":1551431735106,"name":"useDefaultBrowser","value":true},"id":"GeneralSettings"}}
{"session":"c487cf4c66a5","build":"183.4284.148","bucket":"-1","time":1551431735104,"group":{"id":"settings","version":"8"},"event":{"data":{"created":1551431735107,"name":"useSafeWrite","value":true},"id":"GeneralSettings"}}
{"session":"c487cf4c66a5","build":"183.4284.148","bucket":"-1","time":1551431737185,"group":{"id":"ui.dialogs","version":"8"},"event":{"count":1,"data":{"created":1551431737185,"type":"show"},"id":"com.intellij.openapi.progress.util.ProgressDialog$MyDialogWrapper"}}
{"session":"c487cf4c66a5","build":"183.4284.148","bucket":"-1","time":1551431740167,"group":{"id":"ui.dialogs","version":"8"},"event":{"count":1,"data":{"code":1,"created":1551431740167,"type":"close"},"id":"com.intellij.openapi.progress.util.ProgressDialog$MyDialogWrapper"}}
{"session":"c487cf4c66a5","build":"183.4284.148","bucket":"-1","time":1551431740214,"group":{"id":"statistics.lifecycle.project","version":"8"},"event":{"count":1,"data":{"created":1551431740214,"project":"1467702432"},"id":"project.opened"}}
{"session":"c487cf4c66a5","build":"183.4284.148","bucket":"-1","time":1551431740216,"group":{"id":"lifecycle","version":"8"},"event":{"count":1,"data":{"created":1551431740216},"id":"project.opened"}}
{"session":"c487cf4c66a5","build":"183.4284.148","bucket":"-1","time":1551431741705,"group":{"id":"ui.dialogs","version":"8"},"event":{"count":1,"data":{"created":1551431741717,"type":"show"},"id":"com.intellij.openapi.progress.util.ProgressDialog$MyDialogWrapper"}}
{"session":"c487cf4c66a5","build":"183.4284.148","bucket":"-1","time":1551431745439,"group":{"id":"statistics.lifecycle.app","version":"8"},"event":{"count":1,"data":{"created":1551431745439},"id":"ide.start"}}
{"session":"c487cf4c66a5","build":"183.4284.148","bucket":"-1","time":1551431745439,"group":{"id":"lifecycle","version":"8"},"event":{"count":1,"data":{"created":1551431745440},"id":"app.started"}}
{"session":"c487cf4c66a5","build":"183.4284.148","bucket":"-1","time":1551431746804,"group":{"id":"ui.dialogs","version":"8"},"event":{"count":1,"data":{"code":1,"created":1551431746804,"type":"close"},"id":"com.intellij.openapi.progress.util.ProgressDialog$MyDialogWrapper"}}
{"session":"c487cf4c66a5","build":"183.4284.148","bucket":"-1","time":1551431746886,"group":{"id":"statistics.lifecycle.project","version":"8"},"event":{"count":1,"data":{"created":1551431746887,"project":"1467702432"},"id":"project.open.time.10"}}
{"session":"c487cf4c66a5","build":"183.4284.148","bucket":"-1","time":1551431746886,"group":{"id":"lifecycle","version":"8"},"event":{"count":1,"data":{"created":1551431746890,"time.ms":10198},"id":"project.opening.finished"}}
{"session":"c487cf4c66a5","build":"183.4284.148","bucket":"-1","time":1551431768668,"group":{"id":"toolwindow","version":"8"},"event":{"count":1,"data":{"created":1551431768668,"data_1":"Windows"},"id":"Project_by_Activation"}}
{"session":"c487cf4c66a5","build":"183.4284.148","bucket":"-1","time":1551431791165,"group":{"id":"statistics.file.types.open","version":"8"},"event":{"count":1,"data":{"created":1551431791165,"project":"1467702432"},"id":"Beetl_file"}}
{"session":"c487cf4c66a5","build":"183.4284.148","bucket":"-1","time":1551431808445,"group":{"id":"ui.dialogs","version":"8"},"event":{"count":1,"data":{"created":1551431808445,"type":"show"},"id":"com.intellij.openapi.ui.messages.MessageDialog"}}
{"session":"c487cf4c66a5","build":"183.4284.148","bucket":"-1","time":1551431840415,"group":{"id":"statistics.productivity","version":"8"},"event":{"count":1,"data":{"created":1551431840415},"id":"editing.select.word"}}
{"session":"c487cf4c66a5","build":"183.4284.148","bucket":"-1","time":1551431850048,"group":{"id":"statistics.lifecycle.app","version":"8"},"event":{"count":1,"data":{"created":1551431850048},"id":"ide.error"}}
{"session":"c487cf4c66a5","build":"183.4284.148","bucket":"-1","time":1551431854079,"group":{"id":"actions.v2","version":"8"},"event":{"count":1,"data":{"context_menu":false,"created":1551431854079,"data_1":"Windows"},"id":"EditorBackSpace"}}
{"session":"c487cf4c66a5","build":"183.4284.148","bucket":"-1","time":1551431854111,"group":{"id":"statistics.lifecycle.app","version":"8"},"event":{"count":1,"data":{"created":1551431854111},"id":"ide.error"}}
{"session":"c487cf4c66a5","build":"183.4284.148","bucket":"-1","time":1551431854182,"group":{"id":"statistics.file.types.edit","version":"8"},"event":{"count":1,"data":{"created":1551431854182,"project":"1467702432"},"id":"Beetl_file"}}
{"session":"c487cf4c66a5","build":"183.4284.148","bucket":"-1","time":1551431854295,"group":{"id":"statistics.lifecycle.app","version":"8"},"event":{"count":1,"data":{"created":1551431854295},"id":"ide.error"}}
{"session":"c487cf4c66a5","build":"183.4284.148","bucket":"-1","time":1551431854689,"group":{"id":"actions.v2","version":"8"},"event":{"count":9,"data":{"context_menu":false,"last":1551431855928,"created":1551431854689,"data_1":"Windows"},"id":"EditorRight"}}
{"session":"c487cf4c66a5","build":"183.4284.148","bucket":"-1","time":1551431856348,"group":{"id":"actions.v2","version":"8"},"event":{"count":1,"data":{"context_menu":false,"created":1551431856348,"data_1":"Windows"},"id":"EditorBackSpace"}}
{"session":"c487cf4c66a5","build":"183.4284.148","bucket":"-1","time":1551431856356,"group":{"id":"statistics.lifecycle.app","version":"8"},"event":{"count":2,"data":{"last":1551431856483,"created":1551431856356},"id":"ide.error"}}
{"session":"c487cf4c66a5","build":"183.4284.148","bucket":"-1","time":1551431858960,"group":{"id":"ui.dialogs","version":"8"},"event":{"count":1,"data":{"created":1551431858960,"type":"show"},"id":"com.intellij.diagnostic.IdeMessagePanel$3"}}
{"session":"c487cf4c66a5","build":"183.4284.148","bucket":"-1","time":1551431894398,"group":{"id":"ui.dialogs","version":"8"},"event":{"count":1,"data":{"code":1,"created":1551431894398,"type":"close"},"id":"com.intellij.diagnostic.IdeMessagePanel$3"}}
{"session":"c487cf4c66a5","build":"183.4284.148","bucket":"-1","time":1551431899995,"group":{"id":"statistics.lifecycle.app","version":"8"},"event":{"count":5,"data":{"last":1551431907626,"created":1551431899995},"id":"ide.error"}}
{"session":"c487cf4c66a5","build":"183.4284.148","bucket":"-1","time":1551431911013,"group":{"id":"ui.dialogs","version":"8"},"event":{"count":1,"data":{"created":1551431911014,"type":"show"},"id":"com.intellij.diagnostic.IdeMessagePanel$3"}}
{"session":"c487cf4c66a5","build":"183.4284.148","bucket":"-1","time":1551431913436,"group":{"id":"ui.dialogs","version":"8"},"event":{"count":2,"data":{"code":1,"last":1551431913454,"created":1551431913436,"type":"close"},"id":"com.intellij.diagnostic.IdeMessagePanel$3"}}
{"session":"c487cf4c66a5","build":"183.4284.148","bucket":"-1","time":1551431918433,"group":{"id":"statistics.lifecycle.app","version":"8"},"event":{"count":1,"data":{"created":1551431918433},"id":"ide.error"}}
{"session":"c487cf4c66a5","build":"183.4284.148","bucket":"-1","time":1551431920833,"group":{"id":"ui.dialogs","version":"8"},"event":{"count":1,"data":{"created":1551431920833,"type":"show"},"id":"com.intellij.diagnostic.IdeMessagePanel$3"}}
{"session":"c487cf4c66a5","build":"183.4284.148","bucket":"-1","time":1551431926550,"group":{"id":"ui.dialogs","version":"8"},"event":{"count":1,"data":{"code":1,"created":1551431926550,"type":"close"},"id":"com.intellij.diagnostic.IdeMessagePanel$3"}}
{"session":"c487cf4c66a5","build":"183.4284.148","bucket":"-1","time":1551431946575,"group":{"id":"actions.v2","version":"8"},"event":{"count":1,"data":{"context_menu":false,"created":1551431946575,"data_1":"Windows"},"id":"$SelectAll"}}
{"session":"c487cf4c66a5","build":"183.4284.148","bucket":"-1","time":1551431946893,"group":{"id":"actions.v2","version":"8"},"event":{"count":1,"data":{"context_menu":false,"created":1551431946894,"data_1":"Windows"},"id":"EditorCopy"}}
{"session":"c487cf4c66a5","build":"183.4284.148","bucket":"-1","time":1551431946897,"group":{"id":"statistics.lifecycle.app","version":"8"},"event":{"count":1,"data":{"created":1551431946897},"id":"ide.error"}}
{"session":"c487cf4c66a5","build":"183.4284.148","bucket":"-1","time":1551431949018,"group":{"id":"statistics.file.types.open","version":"8"},"event":{"count":1,"data":{"created":1551431949018,"project":"1467702432"},"id":"Beetl_file"}}
{"session":"c487cf4c66a5","build":"183.4284.148","bucket":"-1","time":1551431949805,"group":{"id":"actions.v2","version":"8"},"event":{"count":1,"data":{"context_menu":false,"created":1551431949805,"data_1":"Windows"},"id":"$Paste"}}
{"session":"c487cf4c66a5","build":"183.4284.148","bucket":"-1","time":1551431957512,"group":{"id":"actions.v2","version":"8"},"event":{"count":1,"data":{"context_menu":false,"created":1551431957512,"data_1":"Windows"},"id":"EditorPaste"}}
{"session":"c487cf4c66a5","build":"183.4284.148","bucket":"-1","time":1551431957617,"group":{"id":"statistics.lifecycle.app","version":"8"},"event":{"count":1,"data":{"created":1551431957618},"id":"ide.error"}}
{"session":"c487cf4c66a5","build":"183.4284.148","bucket":"-1","time":1551431959430,"group":{"id":"actions.v2","version":"8"},"event":{"count":1,"data":{"context_menu":false,"created":1551431959430,"data_1":"Windows"},"id":"EditorBackSpace"}}
{"session":"c487cf4c66a5","build":"183.4284.148","bucket":"-1","time":1551431960810,"group":{"id":"actions.v2","version":"8"},"event":{"count":1,"data":{"context_menu":false,"created":1551431960810,"data_1":"Windows"},"id":"EditorCopy"}}
{"session":"c487cf4c66a5","build":"183.4284.148","bucket":"-1","time":1551431960812,"group":{"id":"statistics.lifecycle.app","version":"8"},"event":{"count":1,"data":{"created":1551431960812},"id":"ide.error"}}
{"session":"c487cf4c66a5","build":"183.4284.148","bucket":"-1","time":1551431963688,"group":{"id":"actions.v2","version":"8"},"event":{"count":1,"data":{"context_menu":true,"created":1551431963688,"place":"EditorPopup","data_1":"Windows"},"id":"$Copy"}}
{"session":"c487cf4c66a5","build":"183.4284.148","bucket":"-1","time":1551431963703,"group":{"id":"statistics.lifecycle.app","version":"8"},"event":{"count":1,"data":{"created":1551431963706},"id":"ide.error"}}
{"session":"c487cf4c66a5","build":"183.4284.148","bucket":"-1","time":1551431964939,"group":{"id":"actions.v2","version":"8"},"event":{"count":1,"data":{"context_menu":false,"created":1551431964939,"data_1":"Windows"},"id":"EditorPaste"}}
{"session":"c487cf4c66a5","build":"183.4284.148","bucket":"-1","time":1551431964956,"group":{"id":"statistics.lifecycle.app","version":"8"},"event":{"count":1,"data":{"created":1551431964956},"id":"ide.error"}}
{"session":"c487cf4c66a5","build":"183.4284.148","bucket":"-1","time":1551431966979,"group":{"id":"actions.v2","version":"8"},"event":{"count":1,"data":{"context_menu":false,"created":1551431966980,"data_1":"Windows"},"id":"EditorBackSpace"}}
{"session":"c487cf4c66a5","build":"183.4284.148","bucket":"-1","time":1551431970235,"group":{"id":"actions.v2","version":"8"},"event":{"count":1,"data":{"context_menu":true,"created":1551431970235,"place":"EditorPopup","data_1":"Windows"},"id":"CopyAsPlainText"}}
{"session":"c487cf4c66a5","build":"183.4284.148","bucket":"-1","time":1551431970247,"group":{"id":"statistics.lifecycle.app","version":"8"},"event":{"count":1,"data":{"created":1551431970247},"id":"ide.error"}}
{"session":"c487cf4c66a5","build":"183.4284.148","bucket":"-1","time":1551431971903,"group":{"id":"statistics.productivity","version":"8"},"event":{"count":1,"data":{"created":1551431971903},"id":"editing.select.word"}}
{"session":"c487cf4c66a5","build":"183.4284.148","bucket":"-1","time":1551431973571,"group":{"id":"actions.v2","version":"8"},"event":{"count":1,"data":{"context_menu":true,"created":1551431973571,"place":"EditorPopup","data_1":"Windows"},"id":"$Paste"}}
{"session":"c487cf4c66a5","build":"183.4284.148","bucket":"-1","time":1551431973608,"group":{"id":"statistics.lifecycle.app","version":"8"},"event":{"count":1,"data":{"created":1551431973608},"id":"ide.error"}}
{"session":"c487cf4c66a5","build":"183.4284.148","bucket":"-1","time":1551431975181,"group":{"id":"actions.v2","version":"8"},"event":{"count":1,"data":{"context_menu":false,"created":1551431975181,"data_1":"Windows"},"id":"EditorBackSpace"}}
{"session":"c487cf4c66a5","build":"183.4284.148","bucket":"-1","time":1551431978841,"group":{"id":"actions.v2","version":"8"},"event":{"count":1,"data":{"context_menu":true,"created":1551431978841,"place":"EditorPopup","data_1":"Windows"},"id":"$Copy"}}
{"session":"c487cf4c66a5","build":"183.4284.148","bucket":"-1","time":1551431978857,"group":{"id":"statistics.lifecycle.app","version":"8"},"event":{"count":1,"data":{"created":1551431978857},"id":"ide.error"}}
{"session":"c487cf4c66a5","build":"183.4284.148","bucket":"-1","time":1551431980031,"group":{"id":"actions.v2","version":"8"},"event":{"count":1,"data":{"context_menu":false,"created":1551431980031,"data_1":"Windows"},"id":"EditorPaste"}}
{"session":"c487cf4c66a5","build":"183.4284.148","bucket":"-1","time":1551431980045,"group":{"id":"statistics.lifecycle.app","version":"8"},"event":{"count":1,"data":{"created":1551431980045},"id":"ide.error"}}
{"session":"c487cf4c66a5","build":"183.4284.148","bucket":"-1","time":1551431981053,"group":{"id":"actions.v2","version":"8"},"event":{"count":1,"data":{"context_menu":false,"created":1551431981053,"data_1":"Windows"},"id":"EditorPaste"}}
{"session":"c487cf4c66a5","build":"183.4284.148","bucket":"-1","time":1551431981058,"group":{"id":"statistics.lifecycle.app","version":"8"},"event":{"count":1,"data":{"created":1551431981058},"id":"ide.error"}}
{"session":"c487cf4c66a5","build":"183.4284.148","bucket":"-1","time":1551431981251,"group":{"id":"actions.v2","version":"8"},"event":{"count":1,"data":{"context_menu":false,"created":1551431981251,"data_1":"Windows"},"id":"EditorPaste"}}
{"session":"c487cf4c66a5","build":"183.4284.148","bucket":"-1","time":1551431981256,"group":{"id":"statistics.lifecycle.app","version":"8"},"event":{"count":1,"data":{"created":1551431981256},"id":"ide.error"}}
{"session":"c487cf4c66a5","build":"183.4284.148","bucket":"-1","time":1551431981492,"group":{"id":"actions.v2","version":"8"},"event":{"count":1,"data":{"context_menu":false,"created":1551431981492,"data_1":"Windows"},"id":"EditorPaste"}}
{"session":"c487cf4c66a5","build":"183.4284.148","bucket":"-1","time":1551431981498,"group":{"id":"statistics.lifecycle.app","version":"8"},"event":{"count":1,"data":{"created":1551431981498},"id":"ide.error"}}
{"session":"c487cf4c66a5","build":"183.4284.148","bucket":"-1","time":1551431982481,"group":{"id":"actions.v2","version":"8"},"event":{"count":1,"data":{"context_menu":false,"created":1551431982481,"data_1":"Windows"},"id":"EditorPaste"}}
{"session":"c487cf4c66a5","build":"183.4284.148","bucket":"-1","time":1551431982487,"group":{"id":"statistics.lifecycle.app","version":"8"},"event":{"count":1,"data":{"created":1551431982487},"id":"ide.error"}}
{"session":"c487cf4c66a5","build":"183.4284.148","bucket":"-1","time":1551431982984,"group":{"id":"actions.v2","version":"8"},"event":{"count":1,"data":{"context_menu":false,"created":1551431982984,"data_1":"Windows"},"id":"EditorPaste"}}
{"session":"c487cf4c66a5","build":"183.4284.148","bucket":"-1","time":1551431982990,"group":{"id":"statistics.lifecycle.app","version":"8"},"event":{"count":1,"data":{"created":1551431982990},"id":"ide.error"}}
{"session":"c487cf4c66a5","build":"183.4284.148","bucket":"-1","time":1551431983771,"group":{"id":"actions.v2","version":"8"},"event":{"count":1,"data":{"context_menu":false,"created":1551431983771,"data_1":"Windows"},"id":"EditorBackSpace"}}
{"session":"c487cf4c66a5","build":"183.4284.148","bucket":"-1","time":1551431983781,"group":{"id":"statistics.lifecycle.app","version":"8"},"event":{"count":1,"data":{"created":1551431983781},"id":"ide.error"}}
{"session":"c487cf4c66a5","build":"183.4284.148","bucket":"-1","time":1551431983983,"group":{"id":"actions.v2","version":"8"},"event":{"count":1,"data":{"context_menu":false,"created":1551431983983,"data_1":"Windows"},"id":"EditorBackSpace"}}
{"session":"c487cf4c66a5","build":"183.4284.148","bucket":"-1","time":1551431983991,"group":{"id":"statistics.lifecycle.app","version":"8"},"event":{"count":1,"data":{"created":1551431983991},"id":"ide.error"}}
{"session":"c487cf4c66a5","build":"183.4284.148","bucket":"-1","time":1551431984475,"group":{"id":"actions.v2","version":"8"},"event":{"count":1,"data":{"context_menu":false,"created":1551431984475,"data_1":"Windows"},"id":"EditorBackSpace"}}
{"session":"c487cf4c66a5","build":"183.4284.148","bucket":"-1","time":1551431984485,"group":{"id":"statistics.lifecycle.app","version":"8"},"event":{"count":1,"data":{"created":1551431984485},"id":"ide.error"}}
{"session":"c487cf4c66a5","build":"183.4284.148","bucket":"-1","time":1551431984507,"group":{"id":"actions.v2","version":"8"},"event":{"count":1,"data":{"context_menu":false,"created":1551431984507,"data_1":"Windows"},"id":"EditorBackSpace"}}
{"session":"c487cf4c66a5","build":"183.4284.148","bucket":"-1","time":1551431984517,"group":{"id":"statistics.lifecycle.app","version":"8"},"event":{"count":1,"data":{"created":1551431984517},"id":"ide.error"}}
{"session":"c487cf4c66a5","build":"183.4284.148","bucket":"-1","time":1551431984541,"group":{"id":"actions.v2","version":"8"},"event":{"count":1,"data":{"context_menu":false,"created":1551431984541,"data_1":"Windows"},"id":"EditorBackSpace"}}
{"session":"c487cf4c66a5","build":"183.4284.148","bucket":"-1","time":1551431984553,"group":{"id":"statistics.lifecycle.app","version":"8"},"event":{"count":1,"data":{"created":1551431984553},"id":"ide.error"}}
{"session":"c487cf4c66a5","build":"183.4284.148","bucket":"-1","time":1551431984576,"group":{"id":"actions.v2","version":"8"},"event":{"count":1,"data":{"context_menu":false,"created":1551431984576,"data_1":"Windows"},"id":"EditorBackSpace"}}
{"session":"c487cf4c66a5","build":"183.4284.148","bucket":"-1","time":1551431984586,"group":{"id":"statistics.lifecycle.app","version":"8"},"event":{"count":1,"data":{"created":1551431984586},"id":"ide.error"}}
{"session":"c487cf4c66a5","build":"183.4284.148","bucket":"-1","time":1551431984609,"group":{"id":"actions.v2","version":"8"},"event":{"count":1,"data":{"context_menu":false,"created":1551431984609,"data_1":"Windows"},"id":"EditorBackSpace"}}
{"session":"c487cf4c66a5","build":"183.4284.148","bucket":"-1","time":1551431984618,"group":{"id":"statistics.lifecycle.app","version":"8"},"event":{"count":1,"data":{"created":1551431984618},"id":"ide.error"}}
{"session":"c487cf4c66a5","build":"183.4284.148","bucket":"-1","time":1551431984639,"group":{"id":"actions.v2","version":"8"},"event":{"count":2,"data":{"context_menu":false,"last":1551431984705,"created":1551431984639,"data_1":"Windows"},"id":"EditorBackSpace"}}
{"session":"c487cf4c66a5","build":"183.4284.148","bucket":"-1","time":1551431984711,"group":{"id":"statistics.lifecycle.app","version":"8"},"event":{"count":1,"data":{"created":1551431984711},"id":"ide.error"}}
