{"session":"10fdc245e739","build":"183.4284.148","bucket":"-1","time":1550220481576,"group":{"id":"system.os.name","version":"8"},"event":{"data":{"created":1550220481576},"id":"Windows"}}
{"session":"10fdc245e739","build":"183.4284.148","bucket":"-1","time":1550220481577,"group":{"id":"system.os.version","version":"8"},"event":{"data":{"created":1550220481592},"id":"10.0"}}
{"session":"10fdc245e739","build":"183.4284.148","bucket":"-1","time":1550220481577,"group":{"id":"system.jvm.vendor","version":"8"},"event":{"data":{"created":1550220481604},"id":"JetBrains_s.r.o"}}
{"session":"10fdc245e739","build":"183.4284.148","bucket":"-1","time":1550220481577,"group":{"id":"system.jvm.version","version":"8"},"event":{"data":{"created":1550220481604},"id":"1.8"}}
{"session":"10fdc245e739","build":"183.4284.148","bucket":"-1","time":1550220481577,"group":{"id":"settings","version":"8"},"event":{"data":{"created":1550220481608,"name":"activeMruEditorOnClose","value":false},"id":"UISettings"}}
{"session":"10fdc245e739","build":"183.4284.148","bucket":"-1","time":1550220481577,"group":{"id":"settings","version":"8"},"event":{"data":{"created":1550220481608,"name":"activeRightEditorOnClose","value":false},"id":"UISettings"}}
{"session":"10fdc245e739","build":"183.4284.148","bucket":"-1","time":1550220481577,"group":{"id":"settings","version":"8"},"event":{"data":{"created":1550220481609,"name":"allowMergeButtons","value":true},"id":"UISettings"}}
{"session":"10fdc245e739","build":"183.4284.148","bucket":"-1","time":1550220481577,"group":{"id":"settings","version":"8"},"event":{"data":{"created":1550220481609,"name":"alwaysShowWindowsButton","value":false},"id":"UISettings"}}
{"session":"10fdc245e739","build":"183.4284.148","bucket":"-1","time":1550220481577,"group":{"id":"settings","version":"8"},"event":{"data":{"created":1550220481609,"name":"animateWindows","value":true},"id":"UISettings"}}
{"session":"10fdc245e739","build":"183.4284.148","bucket":"-1","time":1550220481577,"group":{"id":"settings","version":"8"},"event":{"data":{"created":1550220481610,"name":"closeNonModifiedFilesFirst","value":false},"id":"UISettings"}}
{"session":"10fdc245e739","build":"183.4284.148","bucket":"-1","time":1550220481577,"group":{"id":"settings","version":"8"},"event":{"data":{"created":1550220481610,"name":"closeTabButtonOnTheRight","value":true},"id":"UISettings"}}
{"session":"10fdc245e739","build":"183.4284.148","bucket":"-1","time":1550220481577,"group":{"id":"settings","version":"8"},"event":{"data":{"created":1550220481610,"name":"cycleScrolling","value":true},"id":"UISettings"}}
{"session":"10fdc245e739","build":"183.4284.148","bucket":"-1","time":1550220481577,"group":{"id":"settings","version":"8"},"event":{"data":{"created":1550220481611,"name":"defaultAutoScrollToSource","value":false},"id":"UISettings"}}
{"session":"10fdc245e739","build":"183.4284.148","bucket":"-1","time":1550220481577,"group":{"id":"settings","version":"8"},"event":{"data":{"created":1550220481611,"name":"disableMnemonics","value":false},"id":"UISettings"}}
{"session":"10fdc245e739","build":"183.4284.148","bucket":"-1","time":1550220481577,"group":{"id":"settings","version":"8"},"event":{"data":{"created":1550220481611,"name":"disableMnemonicsInControls","value":false},"id":"UISettings"}}
{"session":"10fdc245e739","build":"183.4284.148","bucket":"-1","time":1550220481577,"group":{"id":"settings","version":"8"},"event":{"data":{"created":1550220481612,"name":"dndWithPressedAltOnly","value":false},"id":"UISettings"}}
{"session":"10fdc245e739","build":"183.4284.148","bucket":"-1","time":1550220481577,"group":{"id":"settings","version":"8"},"event":{"data":{"created":1550220481612,"name":"enableAlphaMode","value":false},"id":"UISettings"}}
{"session":"10fdc245e739","build":"183.4284.148","bucket":"-1","time":1550220481577,"group":{"id":"settings","version":"8"},"event":{"data":{"created":1550220481612,"name":"hideKnownExtensionInTabs","value":false},"id":"UISettings"}}
{"session":"10fdc245e739","build":"183.4284.148","bucket":"-1","time":1550220481577,"group":{"id":"settings","version":"8"},"event":{"data":{"created":1550220481612,"name":"hideNavigationOnFocusLoss","value":true},"id":"UISettings"}}
{"session":"10fdc245e739","build":"183.4284.148","bucket":"-1","time":1550220481577,"group":{"id":"settings","version":"8"},"event":{"data":{"created":1550220481613,"name":"hideTabsIfNeed","value":true},"id":"UISettings"}}
{"session":"10fdc245e739","build":"183.4284.148","bucket":"-1","time":1550220481577,"group":{"id":"settings","version":"8"},"event":{"data":{"created":1550220481613,"name":"hideToolStripes","value":false},"id":"UISettings"}}
{"session":"10fdc245e739","build":"183.4284.148","bucket":"-1","time":1550220481577,"group":{"id":"settings","version":"8"},"event":{"data":{"created":1550220481613,"name":"leftHorizontalSplit","value":false},"id":"UISettings"}}
{"session":"10fdc245e739","build":"183.4284.148","bucket":"-1","time":1550220481577,"group":{"id":"settings","version":"8"},"event":{"data":{"created":1550220481614,"name":"markModifiedTabsWithAsterisk","value":false},"id":"UISettings"}}
{"session":"10fdc245e739","build":"183.4284.148","bucket":"-1","time":1550220481577,"group":{"id":"settings","version":"8"},"event":{"data":{"created":1550220481614,"name":"mergeEqualStackTraces","value":true},"id":"UISettings"}}
{"session":"10fdc245e739","build":"183.4284.148","bucket":"-1","time":1550220481577,"group":{"id":"settings","version":"8"},"event":{"data":{"created":1550220481615,"name":"moveMouseOnDefaultButton","value":false},"id":"UISettings"}}
{"session":"10fdc245e739","build":"183.4284.148","bucket":"-1","time":1550220481577,"group":{"id":"settings","version":"8"},"event":{"data":{"created":1550220481615,"name":"navigateToPreview","value":false},"id":"UISettings"}}
{"session":"10fdc245e739","build":"183.4284.148","bucket":"-1","time":1550220481577,"group":{"id":"settings","version":"8"},"event":{"data":{"created":1550220481615,"name":"overrideConsoleCycleBufferSize","value":false},"id":"UISettings"}}
{"session":"10fdc245e739","build":"183.4284.148","bucket":"-1","time":1550220481577,"group":{"id":"settings","version":"8"},"event":{"data":{"created":1550220481615,"name":"overrideLafFonts","value":false},"id":"UISettings"}}
{"session":"10fdc245e739","build":"183.4284.148","bucket":"-1","time":1550220481577,"group":{"id":"settings","version":"8"},"event":{"data":{"created":1550220481615,"name":"pinFindInPath","value":false},"id":"UISettings"}}
{"session":"10fdc245e739","build":"183.4284.148","bucket":"-1","time":1550220481577,"group":{"id":"settings","version":"8"},"event":{"data":{"created":1550220481616,"name":"presentationMode","value":false},"id":"UISettings"}}
{"session":"10fdc245e739","build":"183.4284.148","bucket":"-1","time":1550220481577,"group":{"id":"settings","version":"8"},"event":{"data":{"created":1550220481616,"name":"reuseNotModifiedTabs","value":false},"id":"UISettings"}}
{"session":"10fdc245e739","build":"183.4284.148","bucket":"-1","time":1550220481577,"group":{"id":"settings","version":"8"},"event":{"data":{"created":1550220481616,"name":"rightHorizontalSplit","value":false},"id":"UISettings"}}
{"session":"10fdc245e739","build":"183.4284.148","bucket":"-1","time":1550220481577,"group":{"id":"settings","version":"8"},"event":{"data":{"created":1550220481617,"name":"scrollTabLayoutInEditor","value":true},"id":"UISettings"}}
{"session":"10fdc245e739","build":"183.4284.148","bucket":"-1","time":1550220481577,"group":{"id":"settings","version":"8"},"event":{"data":{"created":1550220481618,"name":"showCloseButton","value":true},"id":"UISettings"}}
{"session":"10fdc245e739","build":"183.4284.148","bucket":"-1","time":1550220481577,"group":{"id":"settings","version":"8"},"event":{"data":{"created":1550220481618,"name":"showDirectoryForNonUniqueFilenames","value":true},"id":"UISettings"}}
{"session":"10fdc245e739","build":"183.4284.148","bucket":"-1","time":1550220481577,"group":{"id":"settings","version":"8"},"event":{"data":{"created":1550220481618,"name":"showEditorToolTip","value":true},"id":"UISettings"}}
{"session":"10fdc245e739","build":"183.4284.148","bucket":"-1","time":1550220481577,"group":{"id":"settings","version":"8"},"event":{"data":{"created":1550220481618,"name":"showIconInQuickNavigation","value":true},"id":"UISettings"}}
{"session":"10fdc245e739","build":"183.4284.148","bucket":"-1","time":1550220481578,"group":{"id":"settings","version":"8"},"event":{"data":{"created":1550220481618,"name":"showIconsInMenus","value":true},"id":"UISettings"}}
{"session":"10fdc245e739","build":"183.4284.148","bucket":"-1","time":1550220481578,"group":{"id":"settings","version":"8"},"event":{"data":{"created":1550220481619,"name":"showMainToolbar","value":false},"id":"UISettings"}}
{"session":"10fdc245e739","build":"183.4284.148","bucket":"-1","time":1550220481578,"group":{"id":"settings","version":"8"},"event":{"data":{"created":1550220481619,"name":"showMemoryIndicator","value":false},"id":"UISettings"}}
{"session":"10fdc245e739","build":"183.4284.148","bucket":"-1","time":1550220481578,"group":{"id":"settings","version":"8"},"event":{"data":{"created":1550220481619,"name":"showNavigationBar","value":true},"id":"UISettings"}}
{"session":"10fdc245e739","build":"183.4284.148","bucket":"-1","time":1550220481578,"group":{"id":"settings","version":"8"},"event":{"data":{"created":1550220481619,"name":"showStatusBar","value":true},"id":"UISettings"}}
{"session":"10fdc245e739","build":"183.4284.148","bucket":"-1","time":1550220481578,"group":{"id":"settings","version":"8"},"event":{"data":{"created":1550220481620,"name":"showTabsTooltips","value":true},"id":"UISettings"}}
{"session":"10fdc245e739","build":"183.4284.148","bucket":"-1","time":1550220481578,"group":{"id":"settings","version":"8"},"event":{"data":{"created":1550220481620,"name":"showToolWindowsNumbers","value":true},"id":"UISettings"}}
{"session":"10fdc245e739","build":"183.4284.148","bucket":"-1","time":1550220481578,"group":{"id":"settings","version":"8"},"event":{"data":{"created":1550220481620,"name":"smoothScrolling","value":false},"id":"UISettings"}}
{"session":"10fdc245e739","build":"183.4284.148","bucket":"-1","time":1550220481578,"group":{"id":"settings","version":"8"},"event":{"data":{"created":1550220481621,"name":"sortBookmarks","value":false},"id":"UISettings"}}
{"session":"10fdc245e739","build":"183.4284.148","bucket":"-1","time":1550220481578,"group":{"id":"settings","version":"8"},"event":{"data":{"created":1550220481621,"name":"sortLookupElementsLexicographically","value":false},"id":"UISettings"}}
{"session":"10fdc245e739","build":"183.4284.148","bucket":"-1","time":1550220481578,"group":{"id":"settings","version":"8"},"event":{"data":{"created":1550220481621,"name":"useSmallLabelsOnTabs","value":false},"id":"UISettings"}}
{"session":"10fdc245e739","build":"183.4284.148","bucket":"-1","time":1550220481578,"group":{"id":"settings","version":"8"},"event":{"data":{"created":1550220481621,"name":"wideScreenSupport","value":false},"id":"UISettings"}}
{"session":"10fdc245e739","build":"183.4284.148","bucket":"-1","time":1550220483307,"group":{"id":"settings","version":"8"},"event":{"data":{"created":1550220483308,"name":"autoSaveIfInactive","value":false},"id":"GeneralSettings"}}
{"session":"10fdc245e739","build":"183.4284.148","bucket":"-1","time":1550220483307,"group":{"id":"settings","version":"8"},"event":{"data":{"created":1550220483309,"name":"confirmExit","value":true},"id":"GeneralSettings"}}
{"session":"10fdc245e739","build":"183.4284.148","bucket":"-1","time":1550220483307,"group":{"id":"settings","version":"8"},"event":{"data":{"created":1550220483309,"name":"reopenLastProject","value":true},"id":"GeneralSettings"}}
{"session":"10fdc245e739","build":"183.4284.148","bucket":"-1","time":1550220483307,"group":{"id":"settings","version":"8"},"event":{"data":{"created":1550220483309,"name":"saveOnFrameDeactivation","value":true},"id":"GeneralSettings"}}
{"session":"10fdc245e739","build":"183.4284.148","bucket":"-1","time":1550220483307,"group":{"id":"settings","version":"8"},"event":{"data":{"created":1550220483309,"name":"searchInBackground","value":false},"id":"GeneralSettings"}}
{"session":"10fdc245e739","build":"183.4284.148","bucket":"-1","time":1550220483307,"group":{"id":"settings","version":"8"},"event":{"data":{"default":false,"created":1550220483309,"name":"showTipsOnStartup","value":false},"id":"GeneralSettings"}}
{"session":"10fdc245e739","build":"183.4284.148","bucket":"-1","time":1550220483307,"group":{"id":"settings","version":"8"},"event":{"data":{"created":1550220483310,"name":"showWelcomeScreen","value":true},"id":"GeneralSettings"}}
{"session":"10fdc245e739","build":"183.4284.148","bucket":"-1","time":1550220483307,"group":{"id":"settings","version":"8"},"event":{"data":{"created":1550220483310,"name":"supportScreenReaders","value":false},"id":"GeneralSettings"}}
{"session":"10fdc245e739","build":"183.4284.148","bucket":"-1","time":1550220483307,"group":{"id":"settings","version":"8"},"event":{"data":{"created":1550220483310,"name":"syncOnFrameActivation","value":true},"id":"GeneralSettings"}}
{"session":"10fdc245e739","build":"183.4284.148","bucket":"-1","time":1550220483307,"group":{"id":"settings","version":"8"},"event":{"data":{"created":1550220483310,"name":"useDefaultBrowser","value":true},"id":"GeneralSettings"}}
{"session":"10fdc245e739","build":"183.4284.148","bucket":"-1","time":1550220483307,"group":{"id":"settings","version":"8"},"event":{"data":{"created":1550220483310,"name":"useSafeWrite","value":true},"id":"GeneralSettings"}}
{"session":"10fdc245e739","build":"183.4284.148","bucket":"-1","time":1550220490394,"group":{"id":"ui.dialogs","version":"8"},"event":{"count":1,"data":{"created":1550220490394,"type":"show"},"id":"com.intellij.openapi.progress.util.ProgressDialog$MyDialogWrapper"}}
{"session":"10fdc245e739","build":"183.4284.148","bucket":"-1","time":1550220490937,"group":{"id":"statistics.lifecycle.app","version":"8"},"event":{"count":1,"data":{"created":1550220490937,"data_2":"8","data_1":"timeSecondsGrouped"},"id":"ide.freeze"}}
{"session":"10fdc245e739","build":"183.4284.148","bucket":"-1","time":1550220490937,"group":{"id":"lifecycle","version":"8"},"event":{"count":1,"data":{"durationSeconds":8,"created":1550220490938},"id":"ide.freeze"}}
{"session":"10fdc245e739","build":"183.4284.148","bucket":"-1","time":1550220496862,"group":{"id":"ui.dialogs","version":"8"},"event":{"count":1,"data":{"code":1,"created":1550220496863,"type":"close"},"id":"com.intellij.openapi.progress.util.ProgressDialog$MyDialogWrapper"}}
{"session":"10fdc245e739","build":"183.4284.148","bucket":"-1","time":1550220496915,"group":{"id":"statistics.lifecycle.project","version":"8"},"event":{"count":1,"data":{"created":1550220496924,"project":"1467702432"},"id":"project.opened"}}
{"session":"10fdc245e739","build":"183.4284.148","bucket":"-1","time":1550220496915,"group":{"id":"lifecycle","version":"8"},"event":{"count":1,"data":{"created":1550220496928},"id":"project.opened"}}
{"session":"10fdc245e739","build":"183.4284.148","bucket":"-1","time":1550220499787,"group":{"id":"ui.dialogs","version":"8"},"event":{"count":1,"data":{"created":1550220499787,"type":"show"},"id":"com.intellij.openapi.progress.util.ProgressDialog$MyDialogWrapper"}}
{"session":"10fdc245e739","build":"183.4284.148","bucket":"-1","time":1550220501392,"group":{"id":"toolwindow","version":"8"},"event":{"count":1,"data":{"created":1550220501392,"data_1":"Windows"},"id":"Project_by_Activation"}}
{"session":"10fdc245e739","build":"183.4284.148","bucket":"-1","time":1550220501693,"group":{"id":"statistics.lifecycle.app","version":"8"},"event":{"count":1,"data":{"created":1550220501695},"id":"ide.start"}}
{"session":"10fdc245e739","build":"183.4284.148","bucket":"-1","time":1550220501693,"group":{"id":"lifecycle","version":"8"},"event":{"count":1,"data":{"created":1550220501695},"id":"app.started"}}
{"session":"10fdc245e739","build":"183.4284.148","bucket":"-1","time":1550220502395,"group":{"id":"ui.dialogs","version":"8"},"event":{"count":1,"data":{"code":1,"created":1550220502395,"type":"close"},"id":"com.intellij.openapi.progress.util.ProgressDialog$MyDialogWrapper"}}
{"session":"10fdc245e739","build":"183.4284.148","bucket":"-1","time":1550220502569,"group":{"id":"statistics.lifecycle.project","version":"8"},"event":{"count":1,"data":{"created":1550220502569,"project":"1467702432"},"id":"project.open.time.12"}}
{"session":"10fdc245e739","build":"183.4284.148","bucket":"-1","time":1550220502569,"group":{"id":"lifecycle","version":"8"},"event":{"count":1,"data":{"created":1550220502571,"time.ms":12811},"id":"project.opening.finished"}}
{"session":"10fdc245e739","build":"183.4284.148","bucket":"-1","time":1550220516057,"group":{"id":"statistics.file.types.open","version":"8"},"event":{"count":1,"data":{"created":1550220516061,"project":"1467702432"},"id":"Properties"}}
{"session":"10fdc245e739","build":"183.4284.148","bucket":"-1","time":1550220528571,"group":{"id":"statistics.file.types.edit","version":"8"},"event":{"count":1,"data":{"created":1550220528572,"project":"1467702432"},"id":"Properties"}}
{"session":"10fdc245e739","build":"183.4284.148","bucket":"-1","time":1550220530221,"group":{"id":"actions.v2","version":"8"},"event":{"count":3,"data":{"context_menu":false,"last":1550220530439,"created":1550220530221,"data_1":"Windows"},"id":"EditorBackSpace"}}
{"session":"10fdc245e739","build":"183.4284.148","bucket":"-1","time":1550220550083,"group":{"id":"actions.v2","version":"8"},"event":{"count":1,"data":{"context_menu":true,"created":1550220550083,"place":"ProjectViewPopup","data_1":"Windows"},"id":"NewFile"}}
{"session":"10fdc245e739","build":"183.4284.148","bucket":"-1","time":1550220550114,"group":{"id":"ui.dialogs","version":"8"},"event":{"count":1,"data":{"created":1550220550114,"type":"show"},"id":"com.intellij.openapi.ui.Messages$InputDialog"}}
{"session":"10fdc245e739","build":"183.4284.148","bucket":"-1","time":1550220555403,"group":{"id":"actions.v2","version":"8"},"event":{"count":1,"data":{"context_menu":false,"created":1550220555403,"data_1":"Windows"},"id":"EditorBackSpace"}}
{"session":"10fdc245e739","build":"183.4284.148","bucket":"-1","time":1550220555991,"group":{"id":"actions.v2","version":"8"},"event":{"count":1,"data":{"context_menu":false,"created":1550220555991,"data_1":"Windows"},"id":"DialogOkAction_Enter"}}
{"session":"10fdc245e739","build":"183.4284.148","bucket":"-1","time":1550220556088,"group":{"id":"ui.dialogs","version":"8"},"event":{"count":1,"data":{"code":0,"created":1550220556088,"type":"close"},"id":"com.intellij.openapi.ui.Messages$InputDialog"}}
{"session":"10fdc245e739","build":"183.4284.148","bucket":"-1","time":1550220556197,"group":{"id":"statistics.file.types.open","version":"8"},"event":{"count":1,"data":{"created":1550220556206,"project":"1467702432"},"id":"YAML"}}
{"session":"10fdc245e739","build":"183.4284.148","bucket":"-1","time":1550220556365,"group":{"id":"ui.dialogs","version":"8"},"event":{"count":1,"data":{"created":1550220556365,"type":"show"},"id":"com.intellij.util.ui.ConfirmationDialog"}}
{"session":"10fdc245e739","build":"183.4284.148","bucket":"-1","time":1550220561174,"group":{"id":"ui.dialogs","version":"8"},"event":{"count":1,"data":{"code":1,"created":1550220561174,"type":"close"},"id":"com.intellij.util.ui.ConfirmationDialog"}}
{"session":"10fdc245e739","build":"183.4284.148","bucket":"-1","time":1550220577489,"group":{"id":"statistics.actions.main.menu.v2","version":"8"},"event":{"count":1,"data":{"created":1550220577489,"data_1":"Windows"},"id":"File_->_Project_Structure..."}}
{"session":"10fdc245e739","build":"183.4284.148","bucket":"-1","time":1550220577495,"group":{"id":"actions.v2","version":"8"},"event":{"count":1,"data":{"context_menu":true,"created":1550220577495,"place":"MainMenu","data_1":"Windows"},"id":"ShowProjectStructureSettings"}}
{"session":"10fdc245e739","build":"183.4284.148","bucket":"-1","time":1550220578020,"group":{"id":"ui.dialogs","version":"8"},"event":{"count":1,"data":{"created":1550220578020,"type":"show"},"id":"com.intellij.ide.actions.ShowStructureSettingsAction$1"}}
{"session":"10fdc245e739","build":"183.4284.148","bucket":"-1","time":1550220581157,"group":{"id":"statistics.ui.toolbar.clicks","version":"8"},"event":{"count":2,"data":{"last":1550220589075,"created":1550220581157,"data_1":"Windows"},"id":"com.intellij.ui.AnActionButton$AnActionButtonWrapper@ToolbarDecorator"}}
{"session":"10fdc245e739","build":"183.4284.148","bucket":"-1","time":1550220595206,"group":{"id":"ui.dialogs","version":"8"},"event":{"count":1,"data":{"code":1,"created":1550220595206,"type":"close"},"id":"com.intellij.ide.actions.ShowStructureSettingsAction$1"}}
{"session":"10fdc245e739","build":"183.4284.148","bucket":"-1","time":1550220597273,"group":{"id":"actions.v2","version":"8"},"event":{"count":1,"data":{"context_menu":false,"created":1550220597273,"data_1":"Windows"},"id":"$Delete"}}
{"session":"10fdc245e739","build":"183.4284.148","bucket":"-1","time":1550220597356,"group":{"id":"ui.dialogs","version":"8"},"event":{"count":1,"data":{"created":1550220597356,"type":"show"},"id":"com.intellij.ide.util.DeleteHandler$2"}}
{"session":"10fdc245e739","build":"183.4284.148","bucket":"-1","time":1550220599429,"group":{"id":"ui.dialogs","version":"8"},"event":{"count":2,"data":{"code":0,"last":1550220599516,"created":1550220599430,"type":"close"},"id":"com.intellij.ide.util.DeleteHandler$2"}}
{"session":"10fdc245e739","build":"183.4284.148","bucket":"-1","time":1550220603811,"group":{"id":"ui.dialogs","version":"8"},"event":{"count":1,"data":{"created":1550220603811,"type":"show"},"id":"com.intellij.openapi.ui.messages.MessageDialog"}}
{"session":"10fdc245e739","build":"183.4284.148","bucket":"-1","time":1550220604940,"group":{"id":"statistics.lifecycle.app","version":"8"},"event":{"count":1,"data":{"created":1550220604940},"id":"ide.close"}}
{"session":"10fdc245e739","build":"183.4284.148","bucket":"-1","time":1550220604940,"group":{"id":"lifecycle","version":"8"},"event":{"count":1,"data":{"restart":false,"created":1550220604940},"id":"app.closed"}}
{"session":"10fdc245e739","build":"183.4284.148","bucket":"-1","time":1550220605002,"group":{"id":"statistics.lifecycle.project","version":"8"},"event":{"count":1,"data":{"created":1550220605003,"project":"1467702432"},"id":"project.closed"}}
{"session":"10fdc245e739","build":"183.4284.148","bucket":"-1","time":1550220605437,"group":{"id":"lifecycle","version":"8"},"event":{"count":1,"data":{"created":1550220605437},"id":"project.closed"}}
