{"session":"f98b79abbfe1","build":"183.4284.148","bucket":"-1","time":1551431191942,"group":{"id":"system.os.name","version":"8"},"event":{"data":{"created":1551431191943},"id":"Windows"}}
{"session":"f98b79abbfe1","build":"183.4284.148","bucket":"-1","time":1551431191943,"group":{"id":"system.os.version","version":"8"},"event":{"data":{"created":1551431191957},"id":"10.0"}}
{"session":"f98b79abbfe1","build":"183.4284.148","bucket":"-1","time":1551431191943,"group":{"id":"system.jvm.vendor","version":"8"},"event":{"data":{"created":1551431191969},"id":"JetBrains_s.r.o"}}
{"session":"f98b79abbfe1","build":"183.4284.148","bucket":"-1","time":1551431191943,"group":{"id":"system.jvm.version","version":"8"},"event":{"data":{"created":1551431191970},"id":"1.8"}}
{"session":"f98b79abbfe1","build":"183.4284.148","bucket":"-1","time":1551431191943,"group":{"id":"settings","version":"8"},"event":{"data":{"created":1551431191971,"name":"activeMruEditorOnClose","value":false},"id":"UISettings"}}
{"session":"f98b79abbfe1","build":"183.4284.148","bucket":"-1","time":1551431191943,"group":{"id":"settings","version":"8"},"event":{"data":{"created":1551431191971,"name":"activeRightEditorOnClose","value":false},"id":"UISettings"}}
{"session":"f98b79abbfe1","build":"183.4284.148","bucket":"-1","time":1551431191943,"group":{"id":"settings","version":"8"},"event":{"data":{"created":1551431191972,"name":"allowMergeButtons","value":true},"id":"UISettings"}}
{"session":"f98b79abbfe1","build":"183.4284.148","bucket":"-1","time":1551431191943,"group":{"id":"settings","version":"8"},"event":{"data":{"created":1551431191972,"name":"alwaysShowWindowsButton","value":false},"id":"UISettings"}}
{"session":"f98b79abbfe1","build":"183.4284.148","bucket":"-1","time":1551431191943,"group":{"id":"settings","version":"8"},"event":{"data":{"created":1551431191972,"name":"animateWindows","value":true},"id":"UISettings"}}
{"session":"f98b79abbfe1","build":"183.4284.148","bucket":"-1","time":1551431191943,"group":{"id":"settings","version":"8"},"event":{"data":{"created":1551431191972,"name":"closeNonModifiedFilesFirst","value":false},"id":"UISettings"}}
{"session":"f98b79abbfe1","build":"183.4284.148","bucket":"-1","time":1551431191943,"group":{"id":"settings","version":"8"},"event":{"data":{"created":1551431191973,"name":"closeTabButtonOnTheRight","value":true},"id":"UISettings"}}
{"session":"f98b79abbfe1","build":"183.4284.148","bucket":"-1","time":1551431191943,"group":{"id":"settings","version":"8"},"event":{"data":{"created":1551431191973,"name":"cycleScrolling","value":true},"id":"UISettings"}}
{"session":"f98b79abbfe1","build":"183.4284.148","bucket":"-1","time":1551431191943,"group":{"id":"settings","version":"8"},"event":{"data":{"created":1551431191973,"name":"defaultAutoScrollToSource","value":false},"id":"UISettings"}}
{"session":"f98b79abbfe1","build":"183.4284.148","bucket":"-1","time":1551431191943,"group":{"id":"settings","version":"8"},"event":{"data":{"created":1551431191974,"name":"disableMnemonics","value":false},"id":"UISettings"}}
{"session":"f98b79abbfe1","build":"183.4284.148","bucket":"-1","time":1551431191943,"group":{"id":"settings","version":"8"},"event":{"data":{"created":1551431191974,"name":"disableMnemonicsInControls","value":false},"id":"UISettings"}}
{"session":"f98b79abbfe1","build":"183.4284.148","bucket":"-1","time":1551431191943,"group":{"id":"settings","version":"8"},"event":{"data":{"created":1551431191977,"name":"dndWithPressedAltOnly","value":false},"id":"UISettings"}}
{"session":"f98b79abbfe1","build":"183.4284.148","bucket":"-1","time":1551431191943,"group":{"id":"settings","version":"8"},"event":{"data":{"created":1551431191977,"name":"enableAlphaMode","value":false},"id":"UISettings"}}
{"session":"f98b79abbfe1","build":"183.4284.148","bucket":"-1","time":1551431191943,"group":{"id":"settings","version":"8"},"event":{"data":{"created":1551431191978,"name":"hideKnownExtensionInTabs","value":false},"id":"UISettings"}}
{"session":"f98b79abbfe1","build":"183.4284.148","bucket":"-1","time":1551431191943,"group":{"id":"settings","version":"8"},"event":{"data":{"created":1551431191978,"name":"hideNavigationOnFocusLoss","value":true},"id":"UISettings"}}
{"session":"f98b79abbfe1","build":"183.4284.148","bucket":"-1","time":1551431191943,"group":{"id":"settings","version":"8"},"event":{"data":{"created":1551431191978,"name":"hideTabsIfNeed","value":true},"id":"UISettings"}}
{"session":"f98b79abbfe1","build":"183.4284.148","bucket":"-1","time":1551431191943,"group":{"id":"settings","version":"8"},"event":{"data":{"created":1551431191979,"name":"hideToolStripes","value":false},"id":"UISettings"}}
{"session":"f98b79abbfe1","build":"183.4284.148","bucket":"-1","time":1551431191943,"group":{"id":"settings","version":"8"},"event":{"data":{"created":1551431191979,"name":"leftHorizontalSplit","value":false},"id":"UISettings"}}
{"session":"f98b79abbfe1","build":"183.4284.148","bucket":"-1","time":1551431191943,"group":{"id":"settings","version":"8"},"event":{"data":{"created":1551431191979,"name":"markModifiedTabsWithAsterisk","value":false},"id":"UISettings"}}
{"session":"f98b79abbfe1","build":"183.4284.148","bucket":"-1","time":1551431191943,"group":{"id":"settings","version":"8"},"event":{"data":{"created":1551431191979,"name":"mergeEqualStackTraces","value":true},"id":"UISettings"}}
{"session":"f98b79abbfe1","build":"183.4284.148","bucket":"-1","time":1551431191943,"group":{"id":"settings","version":"8"},"event":{"data":{"created":1551431191979,"name":"moveMouseOnDefaultButton","value":false},"id":"UISettings"}}
{"session":"f98b79abbfe1","build":"183.4284.148","bucket":"-1","time":1551431191943,"group":{"id":"settings","version":"8"},"event":{"data":{"created":1551431191981,"name":"navigateToPreview","value":false},"id":"UISettings"}}
{"session":"f98b79abbfe1","build":"183.4284.148","bucket":"-1","time":1551431191943,"group":{"id":"settings","version":"8"},"event":{"data":{"created":1551431191981,"name":"overrideConsoleCycleBufferSize","value":false},"id":"UISettings"}}
{"session":"f98b79abbfe1","build":"183.4284.148","bucket":"-1","time":1551431191943,"group":{"id":"settings","version":"8"},"event":{"data":{"created":1551431191981,"name":"overrideLafFonts","value":false},"id":"UISettings"}}
{"session":"f98b79abbfe1","build":"183.4284.148","bucket":"-1","time":1551431191943,"group":{"id":"settings","version":"8"},"event":{"data":{"created":1551431191981,"name":"pinFindInPath","value":false},"id":"UISettings"}}
{"session":"f98b79abbfe1","build":"183.4284.148","bucket":"-1","time":1551431191944,"group":{"id":"settings","version":"8"},"event":{"data":{"created":1551431191981,"name":"presentationMode","value":false},"id":"UISettings"}}
{"session":"f98b79abbfe1","build":"183.4284.148","bucket":"-1","time":1551431191944,"group":{"id":"settings","version":"8"},"event":{"data":{"created":1551431191982,"name":"reuseNotModifiedTabs","value":false},"id":"UISettings"}}
{"session":"f98b79abbfe1","build":"183.4284.148","bucket":"-1","time":1551431191944,"group":{"id":"settings","version":"8"},"event":{"data":{"created":1551431191982,"name":"rightHorizontalSplit","value":false},"id":"UISettings"}}
{"session":"f98b79abbfe1","build":"183.4284.148","bucket":"-1","time":1551431191944,"group":{"id":"settings","version":"8"},"event":{"data":{"created":1551431191982,"name":"scrollTabLayoutInEditor","value":true},"id":"UISettings"}}
{"session":"f98b79abbfe1","build":"183.4284.148","bucket":"-1","time":1551431191944,"group":{"id":"settings","version":"8"},"event":{"data":{"created":1551431191982,"name":"showCloseButton","value":true},"id":"UISettings"}}
{"session":"f98b79abbfe1","build":"183.4284.148","bucket":"-1","time":1551431191944,"group":{"id":"settings","version":"8"},"event":{"data":{"created":1551431191982,"name":"showDirectoryForNonUniqueFilenames","value":true},"id":"UISettings"}}
{"session":"f98b79abbfe1","build":"183.4284.148","bucket":"-1","time":1551431191944,"group":{"id":"settings","version":"8"},"event":{"data":{"created":1551431191982,"name":"showEditorToolTip","value":true},"id":"UISettings"}}
{"session":"f98b79abbfe1","build":"183.4284.148","bucket":"-1","time":1551431191944,"group":{"id":"settings","version":"8"},"event":{"data":{"created":1551431191983,"name":"showIconInQuickNavigation","value":true},"id":"UISettings"}}
{"session":"f98b79abbfe1","build":"183.4284.148","bucket":"-1","time":1551431191944,"group":{"id":"settings","version":"8"},"event":{"data":{"created":1551431191983,"name":"showIconsInMenus","value":true},"id":"UISettings"}}
{"session":"f98b79abbfe1","build":"183.4284.148","bucket":"-1","time":1551431191944,"group":{"id":"settings","version":"8"},"event":{"data":{"created":1551431191983,"name":"showMainToolbar","value":false},"id":"UISettings"}}
{"session":"f98b79abbfe1","build":"183.4284.148","bucket":"-1","time":1551431191944,"group":{"id":"settings","version":"8"},"event":{"data":{"created":1551431191983,"name":"showMemoryIndicator","value":false},"id":"UISettings"}}
{"session":"f98b79abbfe1","build":"183.4284.148","bucket":"-1","time":1551431191944,"group":{"id":"settings","version":"8"},"event":{"data":{"created":1551431191983,"name":"showNavigationBar","value":true},"id":"UISettings"}}
{"session":"f98b79abbfe1","build":"183.4284.148","bucket":"-1","time":1551431191944,"group":{"id":"settings","version":"8"},"event":{"data":{"created":1551431191983,"name":"showStatusBar","value":true},"id":"UISettings"}}
{"session":"f98b79abbfe1","build":"183.4284.148","bucket":"-1","time":1551431191944,"group":{"id":"settings","version":"8"},"event":{"data":{"created":1551431191983,"name":"showTabsTooltips","value":true},"id":"UISettings"}}
{"session":"f98b79abbfe1","build":"183.4284.148","bucket":"-1","time":1551431191944,"group":{"id":"settings","version":"8"},"event":{"data":{"created":1551431191984,"name":"showToolWindowsNumbers","value":true},"id":"UISettings"}}
{"session":"f98b79abbfe1","build":"183.4284.148","bucket":"-1","time":1551431191944,"group":{"id":"settings","version":"8"},"event":{"data":{"created":1551431191984,"name":"smoothScrolling","value":false},"id":"UISettings"}}
{"session":"f98b79abbfe1","build":"183.4284.148","bucket":"-1","time":1551431191944,"group":{"id":"settings","version":"8"},"event":{"data":{"created":1551431191984,"name":"sortBookmarks","value":false},"id":"UISettings"}}
{"session":"f98b79abbfe1","build":"183.4284.148","bucket":"-1","time":1551431191944,"group":{"id":"settings","version":"8"},"event":{"data":{"created":1551431191984,"name":"sortLookupElementsLexicographically","value":false},"id":"UISettings"}}
{"session":"f98b79abbfe1","build":"183.4284.148","bucket":"-1","time":1551431191944,"group":{"id":"settings","version":"8"},"event":{"data":{"created":1551431191984,"name":"useSmallLabelsOnTabs","value":false},"id":"UISettings"}}
{"session":"f98b79abbfe1","build":"183.4284.148","bucket":"-1","time":1551431191944,"group":{"id":"settings","version":"8"},"event":{"data":{"created":1551431191984,"name":"wideScreenSupport","value":false},"id":"UISettings"}}
{"session":"f98b79abbfe1","build":"183.4284.148","bucket":"-1","time":1551431192703,"group":{"id":"settings","version":"8"},"event":{"data":{"created":1551431192703,"name":"autoSaveIfInactive","value":false},"id":"GeneralSettings"}}
{"session":"f98b79abbfe1","build":"183.4284.148","bucket":"-1","time":1551431192703,"group":{"id":"settings","version":"8"},"event":{"data":{"created":1551431192704,"name":"confirmExit","value":true},"id":"GeneralSettings"}}
{"session":"f98b79abbfe1","build":"183.4284.148","bucket":"-1","time":1551431192703,"group":{"id":"settings","version":"8"},"event":{"data":{"created":1551431192704,"name":"reopenLastProject","value":true},"id":"GeneralSettings"}}
{"session":"f98b79abbfe1","build":"183.4284.148","bucket":"-1","time":1551431192703,"group":{"id":"settings","version":"8"},"event":{"data":{"created":1551431192704,"name":"saveOnFrameDeactivation","value":true},"id":"GeneralSettings"}}
{"session":"f98b79abbfe1","build":"183.4284.148","bucket":"-1","time":1551431192703,"group":{"id":"settings","version":"8"},"event":{"data":{"created":1551431192704,"name":"searchInBackground","value":false},"id":"GeneralSettings"}}
{"session":"f98b79abbfe1","build":"183.4284.148","bucket":"-1","time":1551431192703,"group":{"id":"settings","version":"8"},"event":{"data":{"default":false,"created":1551431192704,"name":"showTipsOnStartup","value":false},"id":"GeneralSettings"}}
{"session":"f98b79abbfe1","build":"183.4284.148","bucket":"-1","time":1551431192703,"group":{"id":"settings","version":"8"},"event":{"data":{"created":1551431192704,"name":"showWelcomeScreen","value":true},"id":"GeneralSettings"}}
{"session":"f98b79abbfe1","build":"183.4284.148","bucket":"-1","time":1551431192703,"group":{"id":"settings","version":"8"},"event":{"data":{"created":1551431192704,"name":"supportScreenReaders","value":false},"id":"GeneralSettings"}}
{"session":"f98b79abbfe1","build":"183.4284.148","bucket":"-1","time":1551431192703,"group":{"id":"settings","version":"8"},"event":{"data":{"created":1551431192704,"name":"syncOnFrameActivation","value":true},"id":"GeneralSettings"}}
{"session":"f98b79abbfe1","build":"183.4284.148","bucket":"-1","time":1551431192703,"group":{"id":"settings","version":"8"},"event":{"data":{"created":1551431192705,"name":"useDefaultBrowser","value":true},"id":"GeneralSettings"}}
{"session":"f98b79abbfe1","build":"183.4284.148","bucket":"-1","time":1551431192703,"group":{"id":"settings","version":"8"},"event":{"data":{"created":1551431192705,"name":"useSafeWrite","value":true},"id":"GeneralSettings"}}
{"session":"f98b79abbfe1","build":"183.4284.148","bucket":"-1","time":1551431194748,"group":{"id":"ui.dialogs","version":"8"},"event":{"count":1,"data":{"created":1551431194748,"type":"show"},"id":"com.intellij.openapi.progress.util.ProgressDialog$MyDialogWrapper"}}
{"session":"f98b79abbfe1","build":"183.4284.148","bucket":"-1","time":1551431197469,"group":{"id":"ui.dialogs","version":"8"},"event":{"count":1,"data":{"code":1,"created":1551431197470,"type":"close"},"id":"com.intellij.openapi.progress.util.ProgressDialog$MyDialogWrapper"}}
{"session":"f98b79abbfe1","build":"183.4284.148","bucket":"-1","time":1551431197506,"group":{"id":"statistics.lifecycle.project","version":"8"},"event":{"count":1,"data":{"created":1551431197506,"project":"1467702432"},"id":"project.opened"}}
{"session":"f98b79abbfe1","build":"183.4284.148","bucket":"-1","time":1551431197507,"group":{"id":"lifecycle","version":"8"},"event":{"count":1,"data":{"created":1551431197507},"id":"project.opened"}}
{"session":"f98b79abbfe1","build":"183.4284.148","bucket":"-1","time":1551431198883,"group":{"id":"ui.dialogs","version":"8"},"event":{"count":1,"data":{"created":1551431198883,"type":"show"},"id":"com.intellij.openapi.progress.util.ProgressDialog$MyDialogWrapper"}}
{"session":"f98b79abbfe1","build":"183.4284.148","bucket":"-1","time":1551431200838,"group":{"id":"toolwindow","version":"8"},"event":{"count":1,"data":{"created":1551431200838,"data_1":"Windows"},"id":"Project_by_Activation"}}
{"session":"f98b79abbfe1","build":"183.4284.148","bucket":"-1","time":1551431201330,"group":{"id":"statistics.lifecycle.app","version":"8"},"event":{"count":1,"data":{"created":1551431201330},"id":"ide.start"}}
{"session":"f98b79abbfe1","build":"183.4284.148","bucket":"-1","time":1551431201330,"group":{"id":"lifecycle","version":"8"},"event":{"count":1,"data":{"created":1551431201330},"id":"app.started"}}
{"session":"f98b79abbfe1","build":"183.4284.148","bucket":"-1","time":1551431202182,"group":{"id":"ui.dialogs","version":"8"},"event":{"count":1,"data":{"code":1,"created":1551431202188,"type":"close"},"id":"com.intellij.openapi.progress.util.ProgressDialog$MyDialogWrapper"}}
{"session":"f98b79abbfe1","build":"183.4284.148","bucket":"-1","time":1551431202232,"group":{"id":"statistics.lifecycle.project","version":"8"},"event":{"count":1,"data":{"created":1551431202232,"project":"1467702432"},"id":"project.open.time.8"}}
{"session":"f98b79abbfe1","build":"183.4284.148","bucket":"-1","time":1551431202232,"group":{"id":"lifecycle","version":"8"},"event":{"count":1,"data":{"created":1551431202235,"time.ms":8041},"id":"project.opening.finished"}}
{"session":"f98b79abbfe1","build":"183.4284.148","bucket":"-1","time":1551431220258,"group":{"id":"statistics.productivity","version":"8"},"event":{"count":1,"data":{"created":1551431220259},"id":"editing.select.word"}}
{"session":"f98b79abbfe1","build":"183.4284.148","bucket":"-1","time":1551431229019,"group":{"id":"actions.v2","version":"8"},"event":{"count":1,"data":{"context_menu":false,"created":1551431229019,"data_1":"Windows"},"id":"EditorBackSpace"}}
{"session":"f98b79abbfe1","build":"183.4284.148","bucket":"-1","time":1551431229491,"group":{"id":"statistics.lifecycle.app","version":"8"},"event":{"count":1,"data":{"created":1551431229491},"id":"ide.error"}}
{"session":"f98b79abbfe1","build":"183.4284.148","bucket":"-1","time":1551431236626,"group":{"id":"ui.dialogs","version":"8"},"event":{"count":1,"data":{"created":1551431236626,"type":"show"},"id":"com.intellij.diagnostic.IdeMessagePanel$3"}}
{"session":"f98b79abbfe1","build":"183.4284.148","bucket":"-1","time":1551431245593,"group":{"id":"ui.dialogs","version":"8"},"event":{"count":1,"data":{"code":1,"created":1551431245593,"type":"close"},"id":"com.intellij.diagnostic.IdeMessagePanel$3"}}
{"session":"f98b79abbfe1","build":"183.4284.148","bucket":"-1","time":1551431245614,"group":{"id":"toolwindow","version":"8"},"event":{"count":1,"data":{"created":1551431245614,"data_1":"Windows"},"id":"Run_by_Activation"}}
{"session":"f98b79abbfe1","build":"183.4284.148","bucket":"-1","time":1551431263070,"group":{"id":"ui.dialogs","version":"8"},"event":{"count":1,"data":{"created":1551431263071,"type":"show"},"id":"com.intellij.openapi.ui.messages.MessageDialog"}}
{"session":"f98b79abbfe1","build":"183.4284.148","bucket":"-1","time":1551431266372,"group":{"id":"statistics.lifecycle.app","version":"8"},"event":{"count":1,"data":{"created":1551431266372},"id":"ide.close"}}
{"session":"f98b79abbfe1","build":"183.4284.148","bucket":"-1","time":1551431266372,"group":{"id":"lifecycle","version":"8"},"event":{"count":1,"data":{"restart":false,"created":1551431266382},"id":"app.closed"}}
{"session":"f98b79abbfe1","build":"183.4284.148","bucket":"-1","time":1551431266426,"group":{"id":"statistics.lifecycle.project","version":"8"},"event":{"count":1,"data":{"created":1551431266427,"project":"1467702432"},"id":"project.closed"}}
{"session":"f98b79abbfe1","build":"183.4284.148","bucket":"-1","time":1551431266735,"group":{"id":"lifecycle","version":"8"},"event":{"count":1,"data":{"created":1551431266735},"id":"project.closed"}}
