{"session":"76b7245637fd","build":"183.4284.148","bucket":"-1","time":1551428203422,"group":{"id":"settings","version":"8"},"event":{"data":{"created":1551428203431,"name":"activeMruEditorOnClose","value":false},"id":"UISettings"}}
{"session":"76b7245637fd","build":"183.4284.148","bucket":"-1","time":1551428203422,"group":{"id":"settings","version":"8"},"event":{"data":{"created":1551428203454,"name":"activeRightEditorOnClose","value":false},"id":"UISettings"}}
{"session":"76b7245637fd","build":"183.4284.148","bucket":"-1","time":1551428203422,"group":{"id":"settings","version":"8"},"event":{"data":{"created":1551428203463,"name":"allowMergeButtons","value":true},"id":"UISettings"}}
{"session":"76b7245637fd","build":"183.4284.148","bucket":"-1","time":1551428203422,"group":{"id":"settings","version":"8"},"event":{"data":{"created":1551428203463,"name":"alwaysShowWindowsButton","value":false},"id":"UISettings"}}
{"session":"76b7245637fd","build":"183.4284.148","bucket":"-1","time":1551428203422,"group":{"id":"settings","version":"8"},"event":{"data":{"created":1551428203464,"name":"animateWindows","value":true},"id":"UISettings"}}
{"session":"76b7245637fd","build":"183.4284.148","bucket":"-1","time":1551428203422,"group":{"id":"settings","version":"8"},"event":{"data":{"created":1551428203464,"name":"closeNonModifiedFilesFirst","value":false},"id":"UISettings"}}
{"session":"76b7245637fd","build":"183.4284.148","bucket":"-1","time":1551428203422,"group":{"id":"settings","version":"8"},"event":{"data":{"created":1551428203465,"name":"closeTabButtonOnTheRight","value":true},"id":"UISettings"}}
{"session":"76b7245637fd","build":"183.4284.148","bucket":"-1","time":1551428203422,"group":{"id":"settings","version":"8"},"event":{"data":{"created":1551428203465,"name":"cycleScrolling","value":true},"id":"UISettings"}}
{"session":"76b7245637fd","build":"183.4284.148","bucket":"-1","time":1551428203422,"group":{"id":"settings","version":"8"},"event":{"data":{"created":1551428203465,"name":"defaultAutoScrollToSource","value":false},"id":"UISettings"}}
{"session":"76b7245637fd","build":"183.4284.148","bucket":"-1","time":1551428203422,"group":{"id":"settings","version":"8"},"event":{"data":{"created":1551428203466,"name":"disableMnemonics","value":false},"id":"UISettings"}}
{"session":"76b7245637fd","build":"183.4284.148","bucket":"-1","time":1551428203422,"group":{"id":"settings","version":"8"},"event":{"data":{"created":1551428203468,"name":"disableMnemonicsInControls","value":false},"id":"UISettings"}}
{"session":"76b7245637fd","build":"183.4284.148","bucket":"-1","time":1551428203422,"group":{"id":"settings","version":"8"},"event":{"data":{"created":1551428203468,"name":"dndWithPressedAltOnly","value":false},"id":"UISettings"}}
{"session":"76b7245637fd","build":"183.4284.148","bucket":"-1","time":1551428203422,"group":{"id":"settings","version":"8"},"event":{"data":{"created":1551428203468,"name":"enableAlphaMode","value":false},"id":"UISettings"}}
{"session":"76b7245637fd","build":"183.4284.148","bucket":"-1","time":1551428203423,"group":{"id":"settings","version":"8"},"event":{"data":{"created":1551428203469,"name":"hideKnownExtensionInTabs","value":false},"id":"UISettings"}}
{"session":"76b7245637fd","build":"183.4284.148","bucket":"-1","time":1551428203423,"group":{"id":"settings","version":"8"},"event":{"data":{"created":1551428203469,"name":"hideNavigationOnFocusLoss","value":true},"id":"UISettings"}}
{"session":"76b7245637fd","build":"183.4284.148","bucket":"-1","time":1551428203423,"group":{"id":"settings","version":"8"},"event":{"data":{"created":1551428203469,"name":"hideTabsIfNeed","value":true},"id":"UISettings"}}
{"session":"76b7245637fd","build":"183.4284.148","bucket":"-1","time":1551428203423,"group":{"id":"settings","version":"8"},"event":{"data":{"created":1551428203469,"name":"hideToolStripes","value":false},"id":"UISettings"}}
{"session":"76b7245637fd","build":"183.4284.148","bucket":"-1","time":1551428203423,"group":{"id":"settings","version":"8"},"event":{"data":{"created":1551428203470,"name":"leftHorizontalSplit","value":false},"id":"UISettings"}}
{"session":"76b7245637fd","build":"183.4284.148","bucket":"-1","time":1551428203423,"group":{"id":"settings","version":"8"},"event":{"data":{"created":1551428203470,"name":"markModifiedTabsWithAsterisk","value":false},"id":"UISettings"}}
{"session":"76b7245637fd","build":"183.4284.148","bucket":"-1","time":1551428203423,"group":{"id":"settings","version":"8"},"event":{"data":{"created":1551428203470,"name":"mergeEqualStackTraces","value":true},"id":"UISettings"}}
{"session":"76b7245637fd","build":"183.4284.148","bucket":"-1","time":1551428203423,"group":{"id":"settings","version":"8"},"event":{"data":{"created":1551428203471,"name":"moveMouseOnDefaultButton","value":false},"id":"UISettings"}}
{"session":"76b7245637fd","build":"183.4284.148","bucket":"-1","time":1551428203423,"group":{"id":"settings","version":"8"},"event":{"data":{"created":1551428203471,"name":"navigateToPreview","value":false},"id":"UISettings"}}
{"session":"76b7245637fd","build":"183.4284.148","bucket":"-1","time":1551428203423,"group":{"id":"settings","version":"8"},"event":{"data":{"created":1551428203471,"name":"overrideConsoleCycleBufferSize","value":false},"id":"UISettings"}}
{"session":"76b7245637fd","build":"183.4284.148","bucket":"-1","time":1551428203423,"group":{"id":"settings","version":"8"},"event":{"data":{"created":1551428203471,"name":"overrideLafFonts","value":false},"id":"UISettings"}}
{"session":"76b7245637fd","build":"183.4284.148","bucket":"-1","time":1551428203423,"group":{"id":"settings","version":"8"},"event":{"data":{"created":1551428203471,"name":"pinFindInPath","value":false},"id":"UISettings"}}
{"session":"76b7245637fd","build":"183.4284.148","bucket":"-1","time":1551428203423,"group":{"id":"settings","version":"8"},"event":{"data":{"created":1551428203472,"name":"presentationMode","value":false},"id":"UISettings"}}
{"session":"76b7245637fd","build":"183.4284.148","bucket":"-1","time":1551428203423,"group":{"id":"settings","version":"8"},"event":{"data":{"created":1551428203472,"name":"reuseNotModifiedTabs","value":false},"id":"UISettings"}}
{"session":"76b7245637fd","build":"183.4284.148","bucket":"-1","time":1551428203423,"group":{"id":"settings","version":"8"},"event":{"data":{"created":1551428203472,"name":"rightHorizontalSplit","value":false},"id":"UISettings"}}
{"session":"76b7245637fd","build":"183.4284.148","bucket":"-1","time":1551428203423,"group":{"id":"settings","version":"8"},"event":{"data":{"created":1551428203472,"name":"scrollTabLayoutInEditor","value":true},"id":"UISettings"}}
{"session":"76b7245637fd","build":"183.4284.148","bucket":"-1","time":1551428203423,"group":{"id":"settings","version":"8"},"event":{"data":{"created":1551428203473,"name":"showCloseButton","value":true},"id":"UISettings"}}
{"session":"76b7245637fd","build":"183.4284.148","bucket":"-1","time":1551428203423,"group":{"id":"settings","version":"8"},"event":{"data":{"created":1551428203473,"name":"showDirectoryForNonUniqueFilenames","value":true},"id":"UISettings"}}
{"session":"76b7245637fd","build":"183.4284.148","bucket":"-1","time":1551428203423,"group":{"id":"settings","version":"8"},"event":{"data":{"created":1551428203473,"name":"showEditorToolTip","value":true},"id":"UISettings"}}
{"session":"76b7245637fd","build":"183.4284.148","bucket":"-1","time":1551428203423,"group":{"id":"settings","version":"8"},"event":{"data":{"created":1551428203473,"name":"showIconInQuickNavigation","value":true},"id":"UISettings"}}
{"session":"76b7245637fd","build":"183.4284.148","bucket":"-1","time":1551428203423,"group":{"id":"settings","version":"8"},"event":{"data":{"created":1551428203473,"name":"showIconsInMenus","value":true},"id":"UISettings"}}
{"session":"76b7245637fd","build":"183.4284.148","bucket":"-1","time":1551428203423,"group":{"id":"settings","version":"8"},"event":{"data":{"created":1551428203474,"name":"showMainToolbar","value":false},"id":"UISettings"}}
{"session":"76b7245637fd","build":"183.4284.148","bucket":"-1","time":1551428203423,"group":{"id":"settings","version":"8"},"event":{"data":{"created":1551428203474,"name":"showMemoryIndicator","value":false},"id":"UISettings"}}
{"session":"76b7245637fd","build":"183.4284.148","bucket":"-1","time":1551428203423,"group":{"id":"settings","version":"8"},"event":{"data":{"created":1551428203474,"name":"showNavigationBar","value":true},"id":"UISettings"}}
{"session":"76b7245637fd","build":"183.4284.148","bucket":"-1","time":1551428203423,"group":{"id":"settings","version":"8"},"event":{"data":{"created":1551428203475,"name":"showStatusBar","value":true},"id":"UISettings"}}
{"session":"76b7245637fd","build":"183.4284.148","bucket":"-1","time":1551428203423,"group":{"id":"settings","version":"8"},"event":{"data":{"created":1551428203475,"name":"showTabsTooltips","value":true},"id":"UISettings"}}
{"session":"76b7245637fd","build":"183.4284.148","bucket":"-1","time":1551428203423,"group":{"id":"settings","version":"8"},"event":{"data":{"created":1551428203475,"name":"showToolWindowsNumbers","value":true},"id":"UISettings"}}
{"session":"76b7245637fd","build":"183.4284.148","bucket":"-1","time":1551428203423,"group":{"id":"settings","version":"8"},"event":{"data":{"created":1551428203475,"name":"smoothScrolling","value":false},"id":"UISettings"}}
{"session":"76b7245637fd","build":"183.4284.148","bucket":"-1","time":1551428203423,"group":{"id":"settings","version":"8"},"event":{"data":{"created":1551428203476,"name":"sortBookmarks","value":false},"id":"UISettings"}}
{"session":"76b7245637fd","build":"183.4284.148","bucket":"-1","time":1551428203423,"group":{"id":"settings","version":"8"},"event":{"data":{"created":1551428203476,"name":"sortLookupElementsLexicographically","value":false},"id":"UISettings"}}
{"session":"76b7245637fd","build":"183.4284.148","bucket":"-1","time":1551428203423,"group":{"id":"settings","version":"8"},"event":{"data":{"created":1551428203476,"name":"useSmallLabelsOnTabs","value":false},"id":"UISettings"}}
{"session":"76b7245637fd","build":"183.4284.148","bucket":"-1","time":1551428203423,"group":{"id":"settings","version":"8"},"event":{"data":{"created":1551428203476,"name":"wideScreenSupport","value":false},"id":"UISettings"}}
{"session":"76b7245637fd","build":"183.4284.148","bucket":"-1","time":1551428203445,"group":{"id":"system.os.name","version":"8"},"event":{"data":{"created":1551428203476},"id":"Windows"}}
{"session":"76b7245637fd","build":"183.4284.148","bucket":"-1","time":1551428203445,"group":{"id":"system.os.version","version":"8"},"event":{"data":{"created":1551428203476},"id":"10.0"}}
{"session":"76b7245637fd","build":"183.4284.148","bucket":"-1","time":1551428203445,"group":{"id":"system.jvm.vendor","version":"8"},"event":{"data":{"created":1551428203479},"id":"JetBrains_s.r.o"}}
{"session":"76b7245637fd","build":"183.4284.148","bucket":"-1","time":1551428203445,"group":{"id":"system.jvm.version","version":"8"},"event":{"data":{"created":1551428203480},"id":"1.8"}}
{"session":"76b7245637fd","build":"183.4284.148","bucket":"-1","time":1551428204152,"group":{"id":"settings","version":"8"},"event":{"data":{"created":1551428204153,"name":"autoSaveIfInactive","value":false},"id":"GeneralSettings"}}
{"session":"76b7245637fd","build":"183.4284.148","bucket":"-1","time":1551428204153,"group":{"id":"settings","version":"8"},"event":{"data":{"created":1551428204159,"name":"confirmExit","value":true},"id":"GeneralSettings"}}
{"session":"76b7245637fd","build":"183.4284.148","bucket":"-1","time":1551428204153,"group":{"id":"settings","version":"8"},"event":{"data":{"created":1551428204160,"name":"reopenLastProject","value":true},"id":"GeneralSettings"}}
{"session":"76b7245637fd","build":"183.4284.148","bucket":"-1","time":1551428204153,"group":{"id":"settings","version":"8"},"event":{"data":{"created":1551428204160,"name":"saveOnFrameDeactivation","value":true},"id":"GeneralSettings"}}
{"session":"76b7245637fd","build":"183.4284.148","bucket":"-1","time":1551428204153,"group":{"id":"settings","version":"8"},"event":{"data":{"created":1551428204160,"name":"searchInBackground","value":false},"id":"GeneralSettings"}}
{"session":"76b7245637fd","build":"183.4284.148","bucket":"-1","time":1551428204153,"group":{"id":"settings","version":"8"},"event":{"data":{"default":false,"created":1551428204160,"name":"showTipsOnStartup","value":false},"id":"GeneralSettings"}}
{"session":"76b7245637fd","build":"183.4284.148","bucket":"-1","time":1551428204153,"group":{"id":"settings","version":"8"},"event":{"data":{"created":1551428204161,"name":"showWelcomeScreen","value":true},"id":"GeneralSettings"}}
{"session":"76b7245637fd","build":"183.4284.148","bucket":"-1","time":1551428204153,"group":{"id":"settings","version":"8"},"event":{"data":{"created":1551428204161,"name":"supportScreenReaders","value":false},"id":"GeneralSettings"}}
{"session":"76b7245637fd","build":"183.4284.148","bucket":"-1","time":1551428204153,"group":{"id":"settings","version":"8"},"event":{"data":{"created":1551428204163,"name":"syncOnFrameActivation","value":true},"id":"GeneralSettings"}}
{"session":"76b7245637fd","build":"183.4284.148","bucket":"-1","time":1551428204153,"group":{"id":"settings","version":"8"},"event":{"data":{"created":1551428204163,"name":"useDefaultBrowser","value":true},"id":"GeneralSettings"}}
{"session":"76b7245637fd","build":"183.4284.148","bucket":"-1","time":1551428204153,"group":{"id":"settings","version":"8"},"event":{"data":{"created":1551428204163,"name":"useSafeWrite","value":true},"id":"GeneralSettings"}}
{"session":"76b7245637fd","build":"183.4284.148","bucket":"-1","time":1551428206559,"group":{"id":"ui.dialogs","version":"8"},"event":{"count":1,"data":{"created":1551428206559,"type":"show"},"id":"com.intellij.openapi.progress.util.ProgressDialog$MyDialogWrapper"}}
{"session":"76b7245637fd","build":"183.4284.148","bucket":"-1","time":1551428209322,"group":{"id":"ui.dialogs","version":"8"},"event":{"count":1,"data":{"code":1,"created":1551428209322,"type":"close"},"id":"com.intellij.openapi.progress.util.ProgressDialog$MyDialogWrapper"}}
{"session":"76b7245637fd","build":"183.4284.148","bucket":"-1","time":1551428209373,"group":{"id":"statistics.lifecycle.project","version":"8"},"event":{"count":1,"data":{"created":1551428209373,"project":"1467702432"},"id":"project.opened"}}
{"session":"76b7245637fd","build":"183.4284.148","bucket":"-1","time":1551428209375,"group":{"id":"lifecycle","version":"8"},"event":{"count":1,"data":{"created":1551428209375},"id":"project.opened"}}
{"session":"76b7245637fd","build":"183.4284.148","bucket":"-1","time":1551428210779,"group":{"id":"ui.dialogs","version":"8"},"event":{"count":1,"data":{"created":1551428210786,"type":"show"},"id":"com.intellij.openapi.progress.util.ProgressDialog$MyDialogWrapper"}}
{"session":"76b7245637fd","build":"183.4284.148","bucket":"-1","time":1551428214061,"group":{"id":"statistics.lifecycle.app","version":"8"},"event":{"count":1,"data":{"created":1551428214062},"id":"ide.start"}}
{"session":"76b7245637fd","build":"183.4284.148","bucket":"-1","time":1551428214061,"group":{"id":"lifecycle","version":"8"},"event":{"count":1,"data":{"created":1551428214066},"id":"app.started"}}
{"session":"76b7245637fd","build":"183.4284.148","bucket":"-1","time":1551428214728,"group":{"id":"statistics.lifecycle.app","version":"8"},"event":{"count":1,"data":{"created":1551428214728},"id":"ide.error"}}
{"session":"76b7245637fd","build":"183.4284.148","bucket":"-1","time":1551428214968,"group":{"id":"ui.dialogs","version":"8"},"event":{"count":1,"data":{"code":1,"created":1551428214970,"type":"close"},"id":"com.intellij.openapi.progress.util.ProgressDialog$MyDialogWrapper"}}
{"session":"76b7245637fd","build":"183.4284.148","bucket":"-1","time":1551428215188,"group":{"id":"statistics.lifecycle.project","version":"8"},"event":{"count":1,"data":{"created":1551428215190,"project":"1467702432"},"id":"project.open.time.9"}}
{"session":"76b7245637fd","build":"183.4284.148","bucket":"-1","time":1551428215188,"group":{"id":"lifecycle","version":"8"},"event":{"count":1,"data":{"created":1551428215190,"time.ms":9134},"id":"project.opening.finished"}}
{"session":"76b7245637fd","build":"183.4284.148","bucket":"-1","time":1551428215454,"group":{"id":"statistics.lifecycle.app","version":"8"},"event":{"count":10,"data":{"last":1551428221767,"created":1551428215454},"id":"ide.error"}}
{"session":"76b7245637fd","build":"183.4284.148","bucket":"-1","time":1551428222202,"group":{"id":"ui.dialogs","version":"8"},"event":{"count":1,"data":{"created":1551428222202,"type":"show"},"id":"com.intellij.openapi.ui.messages.MessageDialog"}}
{"session":"76b7245637fd","build":"183.4284.148","bucket":"-1","time":1551428223385,"group":{"id":"statistics.lifecycle.app","version":"8"},"event":{"count":1,"data":{"created":1551428223387},"id":"ide.close"}}
{"session":"76b7245637fd","build":"183.4284.148","bucket":"-1","time":1551428223385,"group":{"id":"lifecycle","version":"8"},"event":{"count":1,"data":{"restart":false,"created":1551428223390},"id":"app.closed"}}
{"session":"76b7245637fd","build":"183.4284.148","bucket":"-1","time":1551428223549,"group":{"id":"statistics.lifecycle.project","version":"8"},"event":{"count":1,"data":{"created":1551428223549,"project":"1467702432"},"id":"project.closed"}}
{"session":"76b7245637fd","build":"183.4284.148","bucket":"-1","time":1551428224080,"group":{"id":"lifecycle","version":"8"},"event":{"count":1,"data":{"created":1551428224080},"id":"project.closed"}}
