{"session":"a4111af3e8da","build":"183.4284.148","bucket":"-1","time":1551342095777,"group":{"id":"settings","version":"8"},"event":{"data":{"created":1551342095802,"name":"activeMruEditorOnClose","value":false},"id":"UISettings"}}
{"session":"a4111af3e8da","build":"183.4284.148","bucket":"-1","time":1551342095778,"group":{"id":"settings","version":"8"},"event":{"data":{"created":1551342095835,"name":"activeRightEditorOnClose","value":false},"id":"UISettings"}}
{"session":"a4111af3e8da","build":"183.4284.148","bucket":"-1","time":1551342095778,"group":{"id":"settings","version":"8"},"event":{"data":{"created":1551342095846,"name":"allowMergeButtons","value":true},"id":"UISettings"}}
{"session":"a4111af3e8da","build":"183.4284.148","bucket":"-1","time":1551342095778,"group":{"id":"settings","version":"8"},"event":{"data":{"created":1551342095848,"name":"alwaysShowWindowsButton","value":false},"id":"UISettings"}}
{"session":"a4111af3e8da","build":"183.4284.148","bucket":"-1","time":1551342095778,"group":{"id":"settings","version":"8"},"event":{"data":{"created":1551342095849,"name":"animateWindows","value":true},"id":"UISettings"}}
{"session":"a4111af3e8da","build":"183.4284.148","bucket":"-1","time":1551342095778,"group":{"id":"settings","version":"8"},"event":{"data":{"created":1551342095849,"name":"closeNonModifiedFilesFirst","value":false},"id":"UISettings"}}
{"session":"a4111af3e8da","build":"183.4284.148","bucket":"-1","time":1551342095778,"group":{"id":"settings","version":"8"},"event":{"data":{"created":1551342095850,"name":"closeTabButtonOnTheRight","value":true},"id":"UISettings"}}
{"session":"a4111af3e8da","build":"183.4284.148","bucket":"-1","time":1551342095778,"group":{"id":"settings","version":"8"},"event":{"data":{"created":1551342095850,"name":"cycleScrolling","value":true},"id":"UISettings"}}
{"session":"a4111af3e8da","build":"183.4284.148","bucket":"-1","time":1551342095778,"group":{"id":"settings","version":"8"},"event":{"data":{"created":1551342095851,"name":"defaultAutoScrollToSource","value":false},"id":"UISettings"}}
{"session":"a4111af3e8da","build":"183.4284.148","bucket":"-1","time":1551342095778,"group":{"id":"settings","version":"8"},"event":{"data":{"created":1551342095851,"name":"disableMnemonics","value":false},"id":"UISettings"}}
{"session":"a4111af3e8da","build":"183.4284.148","bucket":"-1","time":1551342095778,"group":{"id":"settings","version":"8"},"event":{"data":{"created":1551342095851,"name":"disableMnemonicsInControls","value":false},"id":"UISettings"}}
{"session":"a4111af3e8da","build":"183.4284.148","bucket":"-1","time":1551342095778,"group":{"id":"settings","version":"8"},"event":{"data":{"created":1551342095852,"name":"dndWithPressedAltOnly","value":false},"id":"UISettings"}}
{"session":"a4111af3e8da","build":"183.4284.148","bucket":"-1","time":1551342095778,"group":{"id":"settings","version":"8"},"event":{"data":{"created":1551342095852,"name":"enableAlphaMode","value":false},"id":"UISettings"}}
{"session":"a4111af3e8da","build":"183.4284.148","bucket":"-1","time":1551342095778,"group":{"id":"settings","version":"8"},"event":{"data":{"created":1551342095852,"name":"hideKnownExtensionInTabs","value":false},"id":"UISettings"}}
{"session":"a4111af3e8da","build":"183.4284.148","bucket":"-1","time":1551342095778,"group":{"id":"settings","version":"8"},"event":{"data":{"created":1551342095853,"name":"hideNavigationOnFocusLoss","value":true},"id":"UISettings"}}
{"session":"a4111af3e8da","build":"183.4284.148","bucket":"-1","time":1551342095778,"group":{"id":"settings","version":"8"},"event":{"data":{"created":1551342095853,"name":"hideTabsIfNeed","value":true},"id":"UISettings"}}
{"session":"a4111af3e8da","build":"183.4284.148","bucket":"-1","time":1551342095778,"group":{"id":"settings","version":"8"},"event":{"data":{"created":1551342095853,"name":"hideToolStripes","value":false},"id":"UISettings"}}
{"session":"a4111af3e8da","build":"183.4284.148","bucket":"-1","time":1551342095778,"group":{"id":"settings","version":"8"},"event":{"data":{"created":1551342095853,"name":"leftHorizontalSplit","value":false},"id":"UISettings"}}
{"session":"a4111af3e8da","build":"183.4284.148","bucket":"-1","time":1551342095778,"group":{"id":"settings","version":"8"},"event":{"data":{"created":1551342095855,"name":"markModifiedTabsWithAsterisk","value":false},"id":"UISettings"}}
{"session":"a4111af3e8da","build":"183.4284.148","bucket":"-1","time":1551342095778,"group":{"id":"settings","version":"8"},"event":{"data":{"created":1551342095856,"name":"mergeEqualStackTraces","value":true},"id":"UISettings"}}
{"session":"a4111af3e8da","build":"183.4284.148","bucket":"-1","time":1551342095778,"group":{"id":"settings","version":"8"},"event":{"data":{"created":1551342095857,"name":"moveMouseOnDefaultButton","value":false},"id":"UISettings"}}
{"session":"a4111af3e8da","build":"183.4284.148","bucket":"-1","time":1551342095778,"group":{"id":"settings","version":"8"},"event":{"data":{"created":1551342095857,"name":"navigateToPreview","value":false},"id":"UISettings"}}
{"session":"a4111af3e8da","build":"183.4284.148","bucket":"-1","time":1551342095778,"group":{"id":"settings","version":"8"},"event":{"data":{"created":1551342095857,"name":"overrideConsoleCycleBufferSize","value":false},"id":"UISettings"}}
{"session":"a4111af3e8da","build":"183.4284.148","bucket":"-1","time":1551342095778,"group":{"id":"settings","version":"8"},"event":{"data":{"created":1551342095857,"name":"overrideLafFonts","value":false},"id":"UISettings"}}
{"session":"a4111af3e8da","build":"183.4284.148","bucket":"-1","time":1551342095778,"group":{"id":"settings","version":"8"},"event":{"data":{"created":1551342095858,"name":"pinFindInPath","value":false},"id":"UISettings"}}
{"session":"a4111af3e8da","build":"183.4284.148","bucket":"-1","time":1551342095778,"group":{"id":"settings","version":"8"},"event":{"data":{"created":1551342095858,"name":"presentationMode","value":false},"id":"UISettings"}}
{"session":"a4111af3e8da","build":"183.4284.148","bucket":"-1","time":1551342095778,"group":{"id":"settings","version":"8"},"event":{"data":{"created":1551342095858,"name":"reuseNotModifiedTabs","value":false},"id":"UISettings"}}
{"session":"a4111af3e8da","build":"183.4284.148","bucket":"-1","time":1551342095778,"group":{"id":"settings","version":"8"},"event":{"data":{"created":1551342095858,"name":"rightHorizontalSplit","value":false},"id":"UISettings"}}
{"session":"a4111af3e8da","build":"183.4284.148","bucket":"-1","time":1551342095778,"group":{"id":"settings","version":"8"},"event":{"data":{"created":1551342095858,"name":"scrollTabLayoutInEditor","value":true},"id":"UISettings"}}
{"session":"a4111af3e8da","build":"183.4284.148","bucket":"-1","time":1551342095778,"group":{"id":"settings","version":"8"},"event":{"data":{"created":1551342095858,"name":"showCloseButton","value":true},"id":"UISettings"}}
{"session":"a4111af3e8da","build":"183.4284.148","bucket":"-1","time":1551342095778,"group":{"id":"settings","version":"8"},"event":{"data":{"created":1551342095859,"name":"showDirectoryForNonUniqueFilenames","value":true},"id":"UISettings"}}
{"session":"a4111af3e8da","build":"183.4284.148","bucket":"-1","time":1551342095778,"group":{"id":"settings","version":"8"},"event":{"data":{"created":1551342095859,"name":"showEditorToolTip","value":true},"id":"UISettings"}}
{"session":"a4111af3e8da","build":"183.4284.148","bucket":"-1","time":1551342095778,"group":{"id":"settings","version":"8"},"event":{"data":{"created":1551342095859,"name":"showIconInQuickNavigation","value":true},"id":"UISettings"}}
{"session":"a4111af3e8da","build":"183.4284.148","bucket":"-1","time":1551342095778,"group":{"id":"settings","version":"8"},"event":{"data":{"created":1551342095859,"name":"showIconsInMenus","value":true},"id":"UISettings"}}
{"session":"a4111af3e8da","build":"183.4284.148","bucket":"-1","time":1551342095778,"group":{"id":"settings","version":"8"},"event":{"data":{"created":1551342095859,"name":"showMainToolbar","value":false},"id":"UISettings"}}
{"session":"a4111af3e8da","build":"183.4284.148","bucket":"-1","time":1551342095778,"group":{"id":"settings","version":"8"},"event":{"data":{"created":1551342095860,"name":"showMemoryIndicator","value":false},"id":"UISettings"}}
{"session":"a4111af3e8da","build":"183.4284.148","bucket":"-1","time":1551342095778,"group":{"id":"settings","version":"8"},"event":{"data":{"created":1551342095860,"name":"showNavigationBar","value":true},"id":"UISettings"}}
{"session":"a4111af3e8da","build":"183.4284.148","bucket":"-1","time":1551342095778,"group":{"id":"settings","version":"8"},"event":{"data":{"created":1551342095860,"name":"showStatusBar","value":true},"id":"UISettings"}}
{"session":"a4111af3e8da","build":"183.4284.148","bucket":"-1","time":1551342095778,"group":{"id":"settings","version":"8"},"event":{"data":{"created":1551342095860,"name":"showTabsTooltips","value":true},"id":"UISettings"}}
{"session":"a4111af3e8da","build":"183.4284.148","bucket":"-1","time":1551342095778,"group":{"id":"settings","version":"8"},"event":{"data":{"created":1551342095861,"name":"showToolWindowsNumbers","value":true},"id":"UISettings"}}
{"session":"a4111af3e8da","build":"183.4284.148","bucket":"-1","time":1551342095778,"group":{"id":"settings","version":"8"},"event":{"data":{"created":1551342095861,"name":"smoothScrolling","value":false},"id":"UISettings"}}
{"session":"a4111af3e8da","build":"183.4284.148","bucket":"-1","time":1551342095778,"group":{"id":"settings","version":"8"},"event":{"data":{"created":1551342095861,"name":"sortBookmarks","value":false},"id":"UISettings"}}
{"session":"a4111af3e8da","build":"183.4284.148","bucket":"-1","time":1551342095778,"group":{"id":"settings","version":"8"},"event":{"data":{"created":1551342095861,"name":"sortLookupElementsLexicographically","value":false},"id":"UISettings"}}
{"session":"a4111af3e8da","build":"183.4284.148","bucket":"-1","time":1551342095778,"group":{"id":"settings","version":"8"},"event":{"data":{"created":1551342095861,"name":"useSmallLabelsOnTabs","value":false},"id":"UISettings"}}
{"session":"a4111af3e8da","build":"183.4284.148","bucket":"-1","time":1551342095778,"group":{"id":"settings","version":"8"},"event":{"data":{"created":1551342095862,"name":"wideScreenSupport","value":false},"id":"UISettings"}}
{"session":"a4111af3e8da","build":"183.4284.148","bucket":"-1","time":1551342095867,"group":{"id":"system.os.name","version":"8"},"event":{"data":{"created":1551342095867},"id":"Windows"}}
{"session":"a4111af3e8da","build":"183.4284.148","bucket":"-1","time":1551342095867,"group":{"id":"system.os.version","version":"8"},"event":{"data":{"created":1551342095867},"id":"10.0"}}
{"session":"a4111af3e8da","build":"183.4284.148","bucket":"-1","time":1551342095869,"group":{"id":"system.jvm.vendor","version":"8"},"event":{"data":{"created":1551342095869},"id":"JetBrains_s.r.o"}}
{"session":"a4111af3e8da","build":"183.4284.148","bucket":"-1","time":1551342095870,"group":{"id":"system.jvm.version","version":"8"},"event":{"data":{"created":1551342095870},"id":"1.8"}}
{"session":"a4111af3e8da","build":"183.4284.148","bucket":"-1","time":1551342096508,"group":{"id":"settings","version":"8"},"event":{"data":{"created":1551342096508,"name":"autoSaveIfInactive","value":false},"id":"GeneralSettings"}}
{"session":"a4111af3e8da","build":"183.4284.148","bucket":"-1","time":1551342096508,"group":{"id":"settings","version":"8"},"event":{"data":{"created":1551342096508,"name":"confirmExit","value":true},"id":"GeneralSettings"}}
{"session":"a4111af3e8da","build":"183.4284.148","bucket":"-1","time":1551342096508,"group":{"id":"settings","version":"8"},"event":{"data":{"created":1551342096512,"name":"reopenLastProject","value":true},"id":"GeneralSettings"}}
{"session":"a4111af3e8da","build":"183.4284.148","bucket":"-1","time":1551342096508,"group":{"id":"settings","version":"8"},"event":{"data":{"created":1551342096514,"name":"saveOnFrameDeactivation","value":true},"id":"GeneralSettings"}}
{"session":"a4111af3e8da","build":"183.4284.148","bucket":"-1","time":1551342096508,"group":{"id":"settings","version":"8"},"event":{"data":{"created":1551342096514,"name":"searchInBackground","value":false},"id":"GeneralSettings"}}
{"session":"a4111af3e8da","build":"183.4284.148","bucket":"-1","time":1551342096508,"group":{"id":"settings","version":"8"},"event":{"data":{"default":false,"created":1551342096514,"name":"showTipsOnStartup","value":false},"id":"GeneralSettings"}}
{"session":"a4111af3e8da","build":"183.4284.148","bucket":"-1","time":1551342096508,"group":{"id":"settings","version":"8"},"event":{"data":{"created":1551342096514,"name":"showWelcomeScreen","value":true},"id":"GeneralSettings"}}
{"session":"a4111af3e8da","build":"183.4284.148","bucket":"-1","time":1551342096508,"group":{"id":"settings","version":"8"},"event":{"data":{"created":1551342096514,"name":"supportScreenReaders","value":false},"id":"GeneralSettings"}}
{"session":"a4111af3e8da","build":"183.4284.148","bucket":"-1","time":1551342096508,"group":{"id":"settings","version":"8"},"event":{"data":{"created":1551342096515,"name":"syncOnFrameActivation","value":true},"id":"GeneralSettings"}}
{"session":"a4111af3e8da","build":"183.4284.148","bucket":"-1","time":1551342096508,"group":{"id":"settings","version":"8"},"event":{"data":{"created":1551342096515,"name":"useDefaultBrowser","value":true},"id":"GeneralSettings"}}
{"session":"a4111af3e8da","build":"183.4284.148","bucket":"-1","time":1551342096508,"group":{"id":"settings","version":"8"},"event":{"data":{"created":1551342096515,"name":"useSafeWrite","value":true},"id":"GeneralSettings"}}
{"session":"a4111af3e8da","build":"183.4284.148","bucket":"-1","time":1551342098353,"group":{"id":"ui.dialogs","version":"8"},"event":{"count":1,"data":{"created":1551342098353,"type":"show"},"id":"com.intellij.openapi.progress.util.ProgressDialog$MyDialogWrapper"}}
{"session":"a4111af3e8da","build":"183.4284.148","bucket":"-1","time":1551342100779,"group":{"id":"ui.dialogs","version":"8"},"event":{"count":1,"data":{"code":1,"created":1551342100780,"type":"close"},"id":"com.intellij.openapi.progress.util.ProgressDialog$MyDialogWrapper"}}
{"session":"a4111af3e8da","build":"183.4284.148","bucket":"-1","time":1551342100825,"group":{"id":"statistics.lifecycle.project","version":"8"},"event":{"count":1,"data":{"created":1551342100825,"project":"1467702432"},"id":"project.opened"}}
{"session":"a4111af3e8da","build":"183.4284.148","bucket":"-1","time":1551342100826,"group":{"id":"lifecycle","version":"8"},"event":{"count":1,"data":{"created":1551342100826},"id":"project.opened"}}
{"session":"a4111af3e8da","build":"183.4284.148","bucket":"-1","time":1551342102192,"group":{"id":"ui.dialogs","version":"8"},"event":{"count":1,"data":{"created":1551342102195,"type":"show"},"id":"com.intellij.openapi.progress.util.ProgressDialog$MyDialogWrapper"}}
{"session":"a4111af3e8da","build":"183.4284.148","bucket":"-1","time":1551342105239,"group":{"id":"statistics.lifecycle.app","version":"8"},"event":{"count":1,"data":{"created":1551342105239},"id":"ide.start"}}
{"session":"a4111af3e8da","build":"183.4284.148","bucket":"-1","time":1551342105239,"group":{"id":"lifecycle","version":"8"},"event":{"count":1,"data":{"created":1551342105240},"id":"app.started"}}
{"session":"a4111af3e8da","build":"183.4284.148","bucket":"-1","time":1551342105913,"group":{"id":"ui.dialogs","version":"8"},"event":{"count":1,"data":{"code":1,"created":1551342105913,"type":"close"},"id":"com.intellij.openapi.progress.util.ProgressDialog$MyDialogWrapper"}}
{"session":"a4111af3e8da","build":"183.4284.148","bucket":"-1","time":1551342106067,"group":{"id":"statistics.lifecycle.project","version":"8"},"event":{"count":1,"data":{"created":1551342106069,"project":"1467702432"},"id":"project.open.time.8"}}
{"session":"a4111af3e8da","build":"183.4284.148","bucket":"-1","time":1551342106067,"group":{"id":"lifecycle","version":"8"},"event":{"count":1,"data":{"created":1551342106070,"time.ms":8228},"id":"project.opening.finished"}}
{"session":"a4111af3e8da","build":"183.4284.148","bucket":"-1","time":1551342121506,"group":{"id":"statistics.actions.main.menu.v2","version":"8"},"event":{"count":1,"data":{"created":1551342121506,"data_1":"Windows"},"id":"File_->_Settings..."}}
{"session":"a4111af3e8da","build":"183.4284.148","bucket":"-1","time":1551342121531,"group":{"id":"actions.v2","version":"8"},"event":{"count":1,"data":{"context_menu":true,"created":1551342121531,"place":"MainMenu","data_1":"Windows"},"id":"ShowSettings"}}
{"session":"a4111af3e8da","build":"183.4284.148","bucket":"-1","time":1551342122219,"group":{"id":"ui.dialogs","version":"8"},"event":{"count":1,"data":{"created":1551342122219,"type":"show"},"id":"com.intellij.openapi.options.newEditor.SettingsDialog"}}
{"session":"a4111af3e8da","build":"183.4284.148","bucket":"-1","time":1551342173771,"group":{"id":"ui.dialogs","version":"8"},"event":{"count":1,"data":{"code":1,"created":1551342173771,"type":"close"},"id":"com.intellij.openapi.options.newEditor.SettingsDialog"}}
{"session":"a4111af3e8da","build":"183.4284.148","bucket":"-1","time":1551342176450,"group":{"id":"statistics.actions.main.menu.v2","version":"8"},"event":{"count":1,"data":{"created":1551342176450,"data_1":"Windows"},"id":"File_->_Settings..."}}
{"session":"a4111af3e8da","build":"183.4284.148","bucket":"-1","time":1551342176453,"group":{"id":"actions.v2","version":"8"},"event":{"count":1,"data":{"context_menu":true,"created":1551342176453,"place":"MainMenu","data_1":"Windows"},"id":"ShowSettings"}}
{"session":"a4111af3e8da","build":"183.4284.148","bucket":"-1","time":1551342176555,"group":{"id":"ui.dialogs","version":"8"},"event":{"count":1,"data":{"created":1551342176555,"type":"show"},"id":"com.intellij.openapi.options.newEditor.SettingsDialog"}}
{"session":"a4111af3e8da","build":"183.4284.148","bucket":"-1","time":1551342296578,"group":{"id":"ui.dialogs","version":"8"},"event":{"count":1,"data":{"code":1,"created":1551342296578,"type":"close"},"id":"com.intellij.openapi.options.newEditor.SettingsDialog"}}
{"session":"a4111af3e8da","build":"183.4284.148","bucket":"-1","time":1551342301363,"group":{"id":"statistics.actions.main.menu.v2","version":"8"},"event":{"count":1,"data":{"created":1551342301363,"data_1":"Windows"},"id":"File_->_Settings..."}}
{"session":"a4111af3e8da","build":"183.4284.148","bucket":"-1","time":1551342301366,"group":{"id":"actions.v2","version":"8"},"event":{"count":1,"data":{"context_menu":true,"created":1551342301366,"place":"MainMenu","data_1":"Windows"},"id":"ShowSettings"}}
{"session":"a4111af3e8da","build":"183.4284.148","bucket":"-1","time":1551342301462,"group":{"id":"ui.dialogs","version":"8"},"event":{"count":1,"data":{"created":1551342301462,"type":"show"},"id":"com.intellij.openapi.options.newEditor.SettingsDialog"}}
{"session":"a4111af3e8da","build":"183.4284.148","bucket":"-1","time":1551342305939,"group":{"id":"ui.dialogs","version":"8"},"event":{"count":1,"data":{"code":1,"created":1551342305939,"type":"close"},"id":"com.intellij.openapi.options.newEditor.SettingsDialog"}}
{"session":"a4111af3e8da","build":"183.4284.148","bucket":"-1","time":1551342307528,"group":{"id":"ui.dialogs","version":"8"},"event":{"count":1,"data":{"created":1551342307528,"type":"show"},"id":"com.intellij.openapi.ui.messages.MessageDialog"}}
{"session":"a4111af3e8da","build":"183.4284.148","bucket":"-1","time":1551342308905,"group":{"id":"statistics.lifecycle.app","version":"8"},"event":{"count":1,"data":{"created":1551342308905},"id":"ide.close"}}
{"session":"a4111af3e8da","build":"183.4284.148","bucket":"-1","time":1551342308905,"group":{"id":"lifecycle","version":"8"},"event":{"count":1,"data":{"restart":false,"created":1551342308906},"id":"app.closed"}}
{"session":"a4111af3e8da","build":"183.4284.148","bucket":"-1","time":1551342308974,"group":{"id":"statistics.lifecycle.project","version":"8"},"event":{"count":1,"data":{"created":1551342308976,"project":"1467702432"},"id":"project.closed"}}
{"session":"a4111af3e8da","build":"183.4284.148","bucket":"-1","time":1551342309549,"group":{"id":"lifecycle","version":"8"},"event":{"count":1,"data":{"created":1551342309549},"id":"project.closed"}}
