{"session":"7e51cb0e48a7","build":"183.4284.148","bucket":"-1","time":1550218431633,"group":{"id":"system.os.name","version":"8"},"event":{"data":{"created":1550218431634},"id":"Windows"}}
{"session":"7e51cb0e48a7","build":"183.4284.148","bucket":"-1","time":1550218431633,"group":{"id":"system.os.version","version":"8"},"event":{"data":{"created":1550218431654},"id":"10.0"}}
{"session":"7e51cb0e48a7","build":"183.4284.148","bucket":"-1","time":1550218431634,"group":{"id":"system.jvm.vendor","version":"8"},"event":{"data":{"created":1550218431670},"id":"JetBrains_s.r.o"}}
{"session":"7e51cb0e48a7","build":"183.4284.148","bucket":"-1","time":1550218431634,"group":{"id":"system.jvm.version","version":"8"},"event":{"data":{"created":1550218431671},"id":"1.8"}}
{"session":"7e51cb0e48a7","build":"183.4284.148","bucket":"-1","time":1550218431636,"group":{"id":"settings","version":"8"},"event":{"data":{"created":1550218431672,"name":"activeMruEditorOnClose","value":false},"id":"UISettings"}}
{"session":"7e51cb0e48a7","build":"183.4284.148","bucket":"-1","time":1550218431636,"group":{"id":"settings","version":"8"},"event":{"data":{"created":1550218431673,"name":"activeRightEditorOnClose","value":false},"id":"UISettings"}}
{"session":"7e51cb0e48a7","build":"183.4284.148","bucket":"-1","time":1550218431636,"group":{"id":"settings","version":"8"},"event":{"data":{"created":1550218431674,"name":"allowMergeButtons","value":true},"id":"UISettings"}}
{"session":"7e51cb0e48a7","build":"183.4284.148","bucket":"-1","time":1550218431637,"group":{"id":"settings","version":"8"},"event":{"data":{"created":1550218431675,"name":"alwaysShowWindowsButton","value":false},"id":"UISettings"}}
{"session":"7e51cb0e48a7","build":"183.4284.148","bucket":"-1","time":1550218431637,"group":{"id":"settings","version":"8"},"event":{"data":{"created":1550218431675,"name":"animateWindows","value":true},"id":"UISettings"}}
{"session":"7e51cb0e48a7","build":"183.4284.148","bucket":"-1","time":1550218431637,"group":{"id":"settings","version":"8"},"event":{"data":{"created":1550218431675,"name":"closeNonModifiedFilesFirst","value":false},"id":"UISettings"}}
{"session":"7e51cb0e48a7","build":"183.4284.148","bucket":"-1","time":1550218431637,"group":{"id":"settings","version":"8"},"event":{"data":{"created":1550218431676,"name":"closeTabButtonOnTheRight","value":true},"id":"UISettings"}}
{"session":"7e51cb0e48a7","build":"183.4284.148","bucket":"-1","time":1550218431637,"group":{"id":"settings","version":"8"},"event":{"data":{"created":1550218431676,"name":"cycleScrolling","value":true},"id":"UISettings"}}
{"session":"7e51cb0e48a7","build":"183.4284.148","bucket":"-1","time":1550218431637,"group":{"id":"settings","version":"8"},"event":{"data":{"created":1550218431676,"name":"defaultAutoScrollToSource","value":false},"id":"UISettings"}}
{"session":"7e51cb0e48a7","build":"183.4284.148","bucket":"-1","time":1550218431637,"group":{"id":"settings","version":"8"},"event":{"data":{"created":1550218431677,"name":"disableMnemonics","value":false},"id":"UISettings"}}
{"session":"7e51cb0e48a7","build":"183.4284.148","bucket":"-1","time":1550218431637,"group":{"id":"settings","version":"8"},"event":{"data":{"created":1550218431677,"name":"disableMnemonicsInControls","value":false},"id":"UISettings"}}
{"session":"7e51cb0e48a7","build":"183.4284.148","bucket":"-1","time":1550218431637,"group":{"id":"settings","version":"8"},"event":{"data":{"created":1550218431677,"name":"dndWithPressedAltOnly","value":false},"id":"UISettings"}}
{"session":"7e51cb0e48a7","build":"183.4284.148","bucket":"-1","time":1550218431637,"group":{"id":"settings","version":"8"},"event":{"data":{"created":1550218431678,"name":"enableAlphaMode","value":false},"id":"UISettings"}}
{"session":"7e51cb0e48a7","build":"183.4284.148","bucket":"-1","time":1550218431637,"group":{"id":"settings","version":"8"},"event":{"data":{"created":1550218431678,"name":"hideKnownExtensionInTabs","value":false},"id":"UISettings"}}
{"session":"7e51cb0e48a7","build":"183.4284.148","bucket":"-1","time":1550218431637,"group":{"id":"settings","version":"8"},"event":{"data":{"created":1550218431678,"name":"hideNavigationOnFocusLoss","value":true},"id":"UISettings"}}
{"session":"7e51cb0e48a7","build":"183.4284.148","bucket":"-1","time":1550218431637,"group":{"id":"settings","version":"8"},"event":{"data":{"created":1550218431678,"name":"hideTabsIfNeed","value":true},"id":"UISettings"}}
{"session":"7e51cb0e48a7","build":"183.4284.148","bucket":"-1","time":1550218431637,"group":{"id":"settings","version":"8"},"event":{"data":{"created":1550218431679,"name":"hideToolStripes","value":false},"id":"UISettings"}}
{"session":"7e51cb0e48a7","build":"183.4284.148","bucket":"-1","time":1550218431637,"group":{"id":"settings","version":"8"},"event":{"data":{"created":1550218431679,"name":"leftHorizontalSplit","value":false},"id":"UISettings"}}
{"session":"7e51cb0e48a7","build":"183.4284.148","bucket":"-1","time":1550218431637,"group":{"id":"settings","version":"8"},"event":{"data":{"created":1550218431679,"name":"markModifiedTabsWithAsterisk","value":false},"id":"UISettings"}}
{"session":"7e51cb0e48a7","build":"183.4284.148","bucket":"-1","time":1550218431637,"group":{"id":"settings","version":"8"},"event":{"data":{"created":1550218431680,"name":"mergeEqualStackTraces","value":true},"id":"UISettings"}}
{"session":"7e51cb0e48a7","build":"183.4284.148","bucket":"-1","time":1550218431637,"group":{"id":"settings","version":"8"},"event":{"data":{"created":1550218431680,"name":"moveMouseOnDefaultButton","value":false},"id":"UISettings"}}
{"session":"7e51cb0e48a7","build":"183.4284.148","bucket":"-1","time":1550218431637,"group":{"id":"settings","version":"8"},"event":{"data":{"created":1550218431681,"name":"navigateToPreview","value":false},"id":"UISettings"}}
{"session":"7e51cb0e48a7","build":"183.4284.148","bucket":"-1","time":1550218431637,"group":{"id":"settings","version":"8"},"event":{"data":{"created":1550218431681,"name":"overrideConsoleCycleBufferSize","value":false},"id":"UISettings"}}
{"session":"7e51cb0e48a7","build":"183.4284.148","bucket":"-1","time":1550218431637,"group":{"id":"settings","version":"8"},"event":{"data":{"created":1550218431681,"name":"overrideLafFonts","value":false},"id":"UISettings"}}
{"session":"7e51cb0e48a7","build":"183.4284.148","bucket":"-1","time":1550218431637,"group":{"id":"settings","version":"8"},"event":{"data":{"created":1550218431682,"name":"pinFindInPath","value":false},"id":"UISettings"}}
{"session":"7e51cb0e48a7","build":"183.4284.148","bucket":"-1","time":1550218431637,"group":{"id":"settings","version":"8"},"event":{"data":{"created":1550218431682,"name":"presentationMode","value":false},"id":"UISettings"}}
{"session":"7e51cb0e48a7","build":"183.4284.148","bucket":"-1","time":1550218431637,"group":{"id":"settings","version":"8"},"event":{"data":{"created":1550218431682,"name":"reuseNotModifiedTabs","value":false},"id":"UISettings"}}
{"session":"7e51cb0e48a7","build":"183.4284.148","bucket":"-1","time":1550218431637,"group":{"id":"settings","version":"8"},"event":{"data":{"created":1550218431682,"name":"rightHorizontalSplit","value":false},"id":"UISettings"}}
{"session":"7e51cb0e48a7","build":"183.4284.148","bucket":"-1","time":1550218431637,"group":{"id":"settings","version":"8"},"event":{"data":{"created":1550218431683,"name":"scrollTabLayoutInEditor","value":true},"id":"UISettings"}}
{"session":"7e51cb0e48a7","build":"183.4284.148","bucket":"-1","time":1550218431637,"group":{"id":"settings","version":"8"},"event":{"data":{"created":1550218431683,"name":"showCloseButton","value":true},"id":"UISettings"}}
{"session":"7e51cb0e48a7","build":"183.4284.148","bucket":"-1","time":1550218431637,"group":{"id":"settings","version":"8"},"event":{"data":{"created":1550218431683,"name":"showDirectoryForNonUniqueFilenames","value":true},"id":"UISettings"}}
{"session":"7e51cb0e48a7","build":"183.4284.148","bucket":"-1","time":1550218431637,"group":{"id":"settings","version":"8"},"event":{"data":{"created":1550218431683,"name":"showEditorToolTip","value":true},"id":"UISettings"}}
{"session":"7e51cb0e48a7","build":"183.4284.148","bucket":"-1","time":1550218431637,"group":{"id":"settings","version":"8"},"event":{"data":{"created":1550218431683,"name":"showIconInQuickNavigation","value":true},"id":"UISettings"}}
{"session":"7e51cb0e48a7","build":"183.4284.148","bucket":"-1","time":1550218431637,"group":{"id":"settings","version":"8"},"event":{"data":{"created":1550218431685,"name":"showIconsInMenus","value":true},"id":"UISettings"}}
{"session":"7e51cb0e48a7","build":"183.4284.148","bucket":"-1","time":1550218431637,"group":{"id":"settings","version":"8"},"event":{"data":{"created":1550218431685,"name":"showMainToolbar","value":false},"id":"UISettings"}}
{"session":"7e51cb0e48a7","build":"183.4284.148","bucket":"-1","time":1550218431637,"group":{"id":"settings","version":"8"},"event":{"data":{"created":1550218431685,"name":"showMemoryIndicator","value":false},"id":"UISettings"}}
{"session":"7e51cb0e48a7","build":"183.4284.148","bucket":"-1","time":1550218431637,"group":{"id":"settings","version":"8"},"event":{"data":{"created":1550218431686,"name":"showNavigationBar","value":true},"id":"UISettings"}}
{"session":"7e51cb0e48a7","build":"183.4284.148","bucket":"-1","time":1550218431637,"group":{"id":"settings","version":"8"},"event":{"data":{"created":1550218431686,"name":"showStatusBar","value":true},"id":"UISettings"}}
{"session":"7e51cb0e48a7","build":"183.4284.148","bucket":"-1","time":1550218431637,"group":{"id":"settings","version":"8"},"event":{"data":{"created":1550218431686,"name":"showTabsTooltips","value":true},"id":"UISettings"}}
{"session":"7e51cb0e48a7","build":"183.4284.148","bucket":"-1","time":1550218431637,"group":{"id":"settings","version":"8"},"event":{"data":{"created":1550218431686,"name":"showToolWindowsNumbers","value":true},"id":"UISettings"}}
{"session":"7e51cb0e48a7","build":"183.4284.148","bucket":"-1","time":1550218431637,"group":{"id":"settings","version":"8"},"event":{"data":{"created":1550218431686,"name":"smoothScrolling","value":false},"id":"UISettings"}}
{"session":"7e51cb0e48a7","build":"183.4284.148","bucket":"-1","time":1550218431637,"group":{"id":"settings","version":"8"},"event":{"data":{"created":1550218431687,"name":"sortBookmarks","value":false},"id":"UISettings"}}
{"session":"7e51cb0e48a7","build":"183.4284.148","bucket":"-1","time":1550218431637,"group":{"id":"settings","version":"8"},"event":{"data":{"created":1550218431687,"name":"sortLookupElementsLexicographically","value":false},"id":"UISettings"}}
{"session":"7e51cb0e48a7","build":"183.4284.148","bucket":"-1","time":1550218431637,"group":{"id":"settings","version":"8"},"event":{"data":{"created":1550218431687,"name":"useSmallLabelsOnTabs","value":false},"id":"UISettings"}}
{"session":"7e51cb0e48a7","build":"183.4284.148","bucket":"-1","time":1550218431637,"group":{"id":"settings","version":"8"},"event":{"data":{"created":1550218431687,"name":"wideScreenSupport","value":false},"id":"UISettings"}}
{"session":"7e51cb0e48a7","build":"183.4284.148","bucket":"-1","time":1550218434276,"group":{"id":"settings","version":"8"},"event":{"data":{"created":1550218434276,"name":"autoSaveIfInactive","value":false},"id":"GeneralSettings"}}
{"session":"7e51cb0e48a7","build":"183.4284.148","bucket":"-1","time":1550218434276,"group":{"id":"settings","version":"8"},"event":{"data":{"created":1550218434277,"name":"confirmExit","value":true},"id":"GeneralSettings"}}
{"session":"7e51cb0e48a7","build":"183.4284.148","bucket":"-1","time":1550218434276,"group":{"id":"settings","version":"8"},"event":{"data":{"created":1550218434277,"name":"reopenLastProject","value":true},"id":"GeneralSettings"}}
{"session":"7e51cb0e48a7","build":"183.4284.148","bucket":"-1","time":1550218434276,"group":{"id":"settings","version":"8"},"event":{"data":{"created":1550218434277,"name":"saveOnFrameDeactivation","value":true},"id":"GeneralSettings"}}
{"session":"7e51cb0e48a7","build":"183.4284.148","bucket":"-1","time":1550218434276,"group":{"id":"settings","version":"8"},"event":{"data":{"created":1550218434278,"name":"searchInBackground","value":false},"id":"GeneralSettings"}}
{"session":"7e51cb0e48a7","build":"183.4284.148","bucket":"-1","time":1550218434276,"group":{"id":"settings","version":"8"},"event":{"data":{"default":false,"created":1550218434278,"name":"showTipsOnStartup","value":false},"id":"GeneralSettings"}}
{"session":"7e51cb0e48a7","build":"183.4284.148","bucket":"-1","time":1550218434276,"group":{"id":"settings","version":"8"},"event":{"data":{"created":1550218434278,"name":"showWelcomeScreen","value":true},"id":"GeneralSettings"}}
{"session":"7e51cb0e48a7","build":"183.4284.148","bucket":"-1","time":1550218434276,"group":{"id":"settings","version":"8"},"event":{"data":{"created":1550218434278,"name":"supportScreenReaders","value":false},"id":"GeneralSettings"}}
{"session":"7e51cb0e48a7","build":"183.4284.148","bucket":"-1","time":1550218434276,"group":{"id":"settings","version":"8"},"event":{"data":{"created":1550218434278,"name":"syncOnFrameActivation","value":true},"id":"GeneralSettings"}}
{"session":"7e51cb0e48a7","build":"183.4284.148","bucket":"-1","time":1550218434276,"group":{"id":"settings","version":"8"},"event":{"data":{"created":1550218434278,"name":"useDefaultBrowser","value":true},"id":"GeneralSettings"}}
{"session":"7e51cb0e48a7","build":"183.4284.148","bucket":"-1","time":1550218434276,"group":{"id":"settings","version":"8"},"event":{"data":{"created":1550218434278,"name":"useSafeWrite","value":true},"id":"GeneralSettings"}}
{"session":"7e51cb0e48a7","build":"183.4284.148","bucket":"-1","time":1550218446329,"group":{"id":"ui.dialogs","version":"8"},"event":{"count":1,"data":{"created":1550218446330,"type":"show"},"id":"com.intellij.openapi.progress.util.ProgressDialog$MyDialogWrapper"}}
{"session":"7e51cb0e48a7","build":"183.4284.148","bucket":"-1","time":1550218446908,"group":{"id":"statistics.lifecycle.app","version":"8"},"event":{"count":1,"data":{"created":1550218446908,"data_2":"10+","data_1":"timeSecondsGrouped"},"id":"ide.freeze"}}
{"session":"7e51cb0e48a7","build":"183.4284.148","bucket":"-1","time":1550218446927,"group":{"id":"lifecycle","version":"8"},"event":{"count":1,"data":{"durationSeconds":13,"created":1550218446927},"id":"ide.freeze"}}
{"session":"7e51cb0e48a7","build":"183.4284.148","bucket":"-1","time":1550218455667,"group":{"id":"ui.dialogs","version":"8"},"event":{"count":1,"data":{"code":1,"created":1550218455667,"type":"close"},"id":"com.intellij.openapi.progress.util.ProgressDialog$MyDialogWrapper"}}
{"session":"7e51cb0e48a7","build":"183.4284.148","bucket":"-1","time":1550218456071,"group":{"id":"statistics.lifecycle.project","version":"8"},"event":{"count":1,"data":{"created":1550218456071,"project":"1467702432"},"id":"project.opened"}}
{"session":"7e51cb0e48a7","build":"183.4284.148","bucket":"-1","time":1550218456071,"group":{"id":"lifecycle","version":"8"},"event":{"count":1,"data":{"created":1550218456071},"id":"project.opened"}}
{"session":"7e51cb0e48a7","build":"183.4284.148","bucket":"-1","time":1550218460153,"group":{"id":"ui.dialogs","version":"8"},"event":{"count":1,"data":{"created":1550218460153,"type":"show"},"id":"com.intellij.openapi.progress.util.ProgressDialog$MyDialogWrapper"}}
{"session":"7e51cb0e48a7","build":"183.4284.148","bucket":"-1","time":1550218467954,"group":{"id":"statistics.lifecycle.app","version":"8"},"event":{"count":1,"data":{"created":1550218467954,"data_2":"7","data_1":"timeSecondsGrouped"},"id":"ide.freeze"}}
{"session":"7e51cb0e48a7","build":"183.4284.148","bucket":"-1","time":1550218467954,"group":{"id":"lifecycle","version":"8"},"event":{"count":1,"data":{"durationSeconds":7,"created":1550218467955},"id":"ide.freeze"}}
{"session":"7e51cb0e48a7","build":"183.4284.148","bucket":"-1","time":1550218469038,"group":{"id":"toolwindow","version":"8"},"event":{"count":1,"data":{"created":1550218469038,"data_1":"Windows"},"id":"Project_by_Activation"}}
{"session":"7e51cb0e48a7","build":"183.4284.148","bucket":"-1","time":1550218471746,"group":{"id":"statistics.lifecycle.app","version":"8"},"event":{"count":1,"data":{"created":1550218471747},"id":"ide.start"}}
{"session":"7e51cb0e48a7","build":"183.4284.148","bucket":"-1","time":1550218471747,"group":{"id":"lifecycle","version":"8"},"event":{"count":1,"data":{"created":1550218471747},"id":"app.started"}}
{"session":"7e51cb0e48a7","build":"183.4284.148","bucket":"-1","time":1550218476653,"group":{"id":"ui.dialogs","version":"8"},"event":{"count":1,"data":{"code":1,"created":1550218476653,"type":"close"},"id":"com.intellij.openapi.progress.util.ProgressDialog$MyDialogWrapper"}}
{"session":"7e51cb0e48a7","build":"183.4284.148","bucket":"-1","time":1550218477067,"group":{"id":"statistics.lifecycle.project","version":"8"},"event":{"count":1,"data":{"created":1550218477074,"project":"1467702432"},"id":"project.open.time.32"}}
{"session":"7e51cb0e48a7","build":"183.4284.148","bucket":"-1","time":1550218477068,"group":{"id":"lifecycle","version":"8"},"event":{"count":1,"data":{"created":1550218477074,"time.ms":32053},"id":"project.opening.finished"}}
{"session":"7e51cb0e48a7","build":"183.4284.148","bucket":"-1","time":1550218486081,"group":{"id":"statistics.lifecycle.app","version":"8"},"event":{"count":1,"data":{"created":1550218486081,"data_2":"6","data_1":"timeSecondsGrouped"},"id":"ide.freeze"}}
{"session":"7e51cb0e48a7","build":"183.4284.148","bucket":"-1","time":1550218486081,"group":{"id":"lifecycle","version":"8"},"event":{"count":1,"data":{"durationSeconds":6,"created":1550218486081},"id":"ide.freeze"}}
{"session":"7e51cb0e48a7","build":"183.4284.148","bucket":"-1","time":1550218886369,"group":{"id":"statistics.actions.main.menu.v2","version":"8"},"event":{"count":1,"data":{"created":1550218886369,"data_1":"Windows"},"id":"File_->_Settings..."}}
{"session":"7e51cb0e48a7","build":"183.4284.148","bucket":"-1","time":1550218886420,"group":{"id":"actions.v2","version":"8"},"event":{"count":1,"data":{"context_menu":true,"created":1550218886420,"place":"MainMenu","data_1":"Windows"},"id":"ShowSettings"}}
{"session":"7e51cb0e48a7","build":"183.4284.148","bucket":"-1","time":1550218888244,"group":{"id":"ui.dialogs","version":"8"},"event":{"count":1,"data":{"created":1550218888244,"type":"show"},"id":"com.intellij.openapi.options.newEditor.SettingsDialog"}}
{"session":"7e51cb0e48a7","build":"183.4284.148","bucket":"-1","time":1550218890624,"group":{"id":"ui.dialogs","version":"8"},"event":{"count":1,"data":{"code":1,"created":1550218890624,"type":"close"},"id":"com.intellij.openapi.options.newEditor.SettingsDialog"}}
{"session":"7e51cb0e48a7","build":"183.4284.148","bucket":"-1","time":1550218892497,"group":{"id":"statistics.actions.main.menu.v2","version":"8"},"event":{"count":1,"data":{"created":1550218892497,"data_1":"Windows"},"id":"File_->_Project_Structure..."}}
{"session":"7e51cb0e48a7","build":"183.4284.148","bucket":"-1","time":1550218892501,"group":{"id":"actions.v2","version":"8"},"event":{"count":1,"data":{"context_menu":true,"created":1550218892501,"place":"MainMenu","data_1":"Windows"},"id":"ShowProjectStructureSettings"}}
{"session":"7e51cb0e48a7","build":"183.4284.148","bucket":"-1","time":1550218893230,"group":{"id":"ui.dialogs","version":"8"},"event":{"count":1,"data":{"created":1550218893230,"type":"show"},"id":"com.intellij.ide.actions.ShowStructureSettingsAction$1"}}
{"session":"7e51cb0e48a7","build":"183.4284.148","bucket":"-1","time":1550218895922,"group":{"id":"statistics.ui.toolbar.clicks","version":"8"},"event":{"count":1,"data":{"created":1550218895922,"data_1":"Windows"},"id":"com.intellij.ui.AnActionButton$AnActionButtonWrapper@ToolbarDecorator"}}
{"session":"7e51cb0e48a7","build":"183.4284.148","bucket":"-1","time":1550218900180,"group":{"id":"ui.dialogs","version":"8"},"event":{"count":1,"data":{"created":1550218900180,"type":"show"},"id":"com.intellij.ide.projectWizard.NewProjectWizard"}}
{"session":"7e51cb0e48a7","build":"183.4284.148","bucket":"-1","time":1550218905731,"group":{"id":"ui.dialogs","version":"8"},"event":{"count":1,"data":{"code":1,"created":1550218905731,"type":"close"},"id":"com.intellij.ide.projectWizard.NewProjectWizard"}}
{"session":"7e51cb0e48a7","build":"183.4284.148","bucket":"-1","time":1550218906377,"group":{"id":"ui.dialogs","version":"8"},"event":{"count":1,"data":{"code":1,"created":1550218906377,"type":"close"},"id":"com.intellij.ide.actions.ShowStructureSettingsAction$1"}}
{"session":"7e51cb0e48a7","build":"183.4284.148","bucket":"-1","time":1550218908955,"group":{"id":"ui.dialogs","version":"8"},"event":{"count":1,"data":{"created":1550218908955,"type":"show"},"id":"com.intellij.openapi.ui.messages.MessageDialog"}}
{"session":"7e51cb0e48a7","build":"183.4284.148","bucket":"-1","time":1550218910146,"group":{"id":"statistics.lifecycle.app","version":"8"},"event":{"count":1,"data":{"created":1550218910146},"id":"ide.close"}}
{"session":"7e51cb0e48a7","build":"183.4284.148","bucket":"-1","time":1550218910146,"group":{"id":"lifecycle","version":"8"},"event":{"count":1,"data":{"restart":false,"created":1550218910146},"id":"app.closed"}}
{"session":"7e51cb0e48a7","build":"183.4284.148","bucket":"-1","time":1550218910169,"group":{"id":"statistics.lifecycle.project","version":"8"},"event":{"count":1,"data":{"created":1550218910169,"project":"1467702432"},"id":"project.closed"}}
{"session":"7e51cb0e48a7","build":"183.4284.148","bucket":"-1","time":1550218910410,"group":{"id":"lifecycle","version":"8"},"event":{"count":1,"data":{"created":1550218910410},"id":"project.closed"}}
