{"session":"479660a5dd79","build":"183.4284.148","bucket":"-1","time":1551428443760,"group":{"id":"settings","version":"8"},"event":{"data":{"created":1551428443761,"name":"activeMruEditorOnClose","value":false},"id":"UISettings"}}
{"session":"479660a5dd79","build":"183.4284.148","bucket":"-1","time":1551428443760,"group":{"id":"settings","version":"8"},"event":{"data":{"created":1551428443775,"name":"activeRightEditorOnClose","value":false},"id":"UISettings"}}
{"session":"479660a5dd79","build":"183.4284.148","bucket":"-1","time":1551428443760,"group":{"id":"settings","version":"8"},"event":{"data":{"created":1551428443785,"name":"allowMergeButtons","value":true},"id":"UISettings"}}
{"session":"479660a5dd79","build":"183.4284.148","bucket":"-1","time":1551428443760,"group":{"id":"settings","version":"8"},"event":{"data":{"created":1551428443785,"name":"alwaysShowWindowsButton","value":false},"id":"UISettings"}}
{"session":"479660a5dd79","build":"183.4284.148","bucket":"-1","time":1551428443760,"group":{"id":"settings","version":"8"},"event":{"data":{"created":1551428443786,"name":"animateWindows","value":true},"id":"UISettings"}}
{"session":"479660a5dd79","build":"183.4284.148","bucket":"-1","time":1551428443760,"group":{"id":"settings","version":"8"},"event":{"data":{"created":1551428443787,"name":"closeNonModifiedFilesFirst","value":false},"id":"UISettings"}}
{"session":"479660a5dd79","build":"183.4284.148","bucket":"-1","time":1551428443760,"group":{"id":"settings","version":"8"},"event":{"data":{"created":1551428443787,"name":"closeTabButtonOnTheRight","value":true},"id":"UISettings"}}
{"session":"479660a5dd79","build":"183.4284.148","bucket":"-1","time":1551428443760,"group":{"id":"settings","version":"8"},"event":{"data":{"created":1551428443789,"name":"cycleScrolling","value":true},"id":"UISettings"}}
{"session":"479660a5dd79","build":"183.4284.148","bucket":"-1","time":1551428443760,"group":{"id":"settings","version":"8"},"event":{"data":{"created":1551428443789,"name":"defaultAutoScrollToSource","value":false},"id":"UISettings"}}
{"session":"479660a5dd79","build":"183.4284.148","bucket":"-1","time":1551428443760,"group":{"id":"settings","version":"8"},"event":{"data":{"created":1551428443790,"name":"disableMnemonics","value":false},"id":"UISettings"}}
{"session":"479660a5dd79","build":"183.4284.148","bucket":"-1","time":1551428443760,"group":{"id":"settings","version":"8"},"event":{"data":{"created":1551428443790,"name":"disableMnemonicsInControls","value":false},"id":"UISettings"}}
{"session":"479660a5dd79","build":"183.4284.148","bucket":"-1","time":1551428443760,"group":{"id":"settings","version":"8"},"event":{"data":{"created":1551428443790,"name":"dndWithPressedAltOnly","value":false},"id":"UISettings"}}
{"session":"479660a5dd79","build":"183.4284.148","bucket":"-1","time":1551428443760,"group":{"id":"settings","version":"8"},"event":{"data":{"created":1551428443791,"name":"enableAlphaMode","value":false},"id":"UISettings"}}
{"session":"479660a5dd79","build":"183.4284.148","bucket":"-1","time":1551428443760,"group":{"id":"settings","version":"8"},"event":{"data":{"created":1551428443792,"name":"hideKnownExtensionInTabs","value":false},"id":"UISettings"}}
{"session":"479660a5dd79","build":"183.4284.148","bucket":"-1","time":1551428443760,"group":{"id":"settings","version":"8"},"event":{"data":{"created":1551428443792,"name":"hideNavigationOnFocusLoss","value":true},"id":"UISettings"}}
{"session":"479660a5dd79","build":"183.4284.148","bucket":"-1","time":1551428443760,"group":{"id":"settings","version":"8"},"event":{"data":{"created":1551428443792,"name":"hideTabsIfNeed","value":true},"id":"UISettings"}}
{"session":"479660a5dd79","build":"183.4284.148","bucket":"-1","time":1551428443760,"group":{"id":"settings","version":"8"},"event":{"data":{"created":1551428443793,"name":"hideToolStripes","value":false},"id":"UISettings"}}
{"session":"479660a5dd79","build":"183.4284.148","bucket":"-1","time":1551428443761,"group":{"id":"settings","version":"8"},"event":{"data":{"created":1551428443793,"name":"leftHorizontalSplit","value":false},"id":"UISettings"}}
{"session":"479660a5dd79","build":"183.4284.148","bucket":"-1","time":1551428443761,"group":{"id":"settings","version":"8"},"event":{"data":{"created":1551428443793,"name":"markModifiedTabsWithAsterisk","value":false},"id":"UISettings"}}
{"session":"479660a5dd79","build":"183.4284.148","bucket":"-1","time":1551428443761,"group":{"id":"settings","version":"8"},"event":{"data":{"created":1551428443794,"name":"mergeEqualStackTraces","value":true},"id":"UISettings"}}
{"session":"479660a5dd79","build":"183.4284.148","bucket":"-1","time":1551428443761,"group":{"id":"settings","version":"8"},"event":{"data":{"created":1551428443794,"name":"moveMouseOnDefaultButton","value":false},"id":"UISettings"}}
{"session":"479660a5dd79","build":"183.4284.148","bucket":"-1","time":1551428443761,"group":{"id":"settings","version":"8"},"event":{"data":{"created":1551428443795,"name":"navigateToPreview","value":false},"id":"UISettings"}}
{"session":"479660a5dd79","build":"183.4284.148","bucket":"-1","time":1551428443761,"group":{"id":"settings","version":"8"},"event":{"data":{"created":1551428443795,"name":"overrideConsoleCycleBufferSize","value":false},"id":"UISettings"}}
{"session":"479660a5dd79","build":"183.4284.148","bucket":"-1","time":1551428443761,"group":{"id":"settings","version":"8"},"event":{"data":{"created":1551428443796,"name":"overrideLafFonts","value":false},"id":"UISettings"}}
{"session":"479660a5dd79","build":"183.4284.148","bucket":"-1","time":1551428443761,"group":{"id":"settings","version":"8"},"event":{"data":{"created":1551428443797,"name":"pinFindInPath","value":false},"id":"UISettings"}}
{"session":"479660a5dd79","build":"183.4284.148","bucket":"-1","time":1551428443761,"group":{"id":"settings","version":"8"},"event":{"data":{"created":1551428443797,"name":"presentationMode","value":false},"id":"UISettings"}}
{"session":"479660a5dd79","build":"183.4284.148","bucket":"-1","time":1551428443761,"group":{"id":"settings","version":"8"},"event":{"data":{"created":1551428443797,"name":"reuseNotModifiedTabs","value":false},"id":"UISettings"}}
{"session":"479660a5dd79","build":"183.4284.148","bucket":"-1","time":1551428443761,"group":{"id":"settings","version":"8"},"event":{"data":{"created":1551428443798,"name":"rightHorizontalSplit","value":false},"id":"UISettings"}}
{"session":"479660a5dd79","build":"183.4284.148","bucket":"-1","time":1551428443761,"group":{"id":"settings","version":"8"},"event":{"data":{"created":1551428443798,"name":"scrollTabLayoutInEditor","value":true},"id":"UISettings"}}
{"session":"479660a5dd79","build":"183.4284.148","bucket":"-1","time":1551428443761,"group":{"id":"settings","version":"8"},"event":{"data":{"created":1551428443798,"name":"showCloseButton","value":true},"id":"UISettings"}}
{"session":"479660a5dd79","build":"183.4284.148","bucket":"-1","time":1551428443761,"group":{"id":"settings","version":"8"},"event":{"data":{"created":1551428443798,"name":"showDirectoryForNonUniqueFilenames","value":true},"id":"UISettings"}}
{"session":"479660a5dd79","build":"183.4284.148","bucket":"-1","time":1551428443761,"group":{"id":"settings","version":"8"},"event":{"data":{"created":1551428443799,"name":"showEditorToolTip","value":true},"id":"UISettings"}}
{"session":"479660a5dd79","build":"183.4284.148","bucket":"-1","time":1551428443761,"group":{"id":"settings","version":"8"},"event":{"data":{"created":1551428443799,"name":"showIconInQuickNavigation","value":true},"id":"UISettings"}}
{"session":"479660a5dd79","build":"183.4284.148","bucket":"-1","time":1551428443761,"group":{"id":"settings","version":"8"},"event":{"data":{"created":1551428443799,"name":"showIconsInMenus","value":true},"id":"UISettings"}}
{"session":"479660a5dd79","build":"183.4284.148","bucket":"-1","time":1551428443761,"group":{"id":"settings","version":"8"},"event":{"data":{"created":1551428443799,"name":"showMainToolbar","value":false},"id":"UISettings"}}
{"session":"479660a5dd79","build":"183.4284.148","bucket":"-1","time":1551428443761,"group":{"id":"settings","version":"8"},"event":{"data":{"created":1551428443800,"name":"showMemoryIndicator","value":false},"id":"UISettings"}}
{"session":"479660a5dd79","build":"183.4284.148","bucket":"-1","time":1551428443761,"group":{"id":"settings","version":"8"},"event":{"data":{"created":1551428443800,"name":"showNavigationBar","value":true},"id":"UISettings"}}
{"session":"479660a5dd79","build":"183.4284.148","bucket":"-1","time":1551428443761,"group":{"id":"settings","version":"8"},"event":{"data":{"created":1551428443800,"name":"showStatusBar","value":true},"id":"UISettings"}}
{"session":"479660a5dd79","build":"183.4284.148","bucket":"-1","time":1551428443761,"group":{"id":"settings","version":"8"},"event":{"data":{"created":1551428443800,"name":"showTabsTooltips","value":true},"id":"UISettings"}}
{"session":"479660a5dd79","build":"183.4284.148","bucket":"-1","time":1551428443761,"group":{"id":"settings","version":"8"},"event":{"data":{"created":1551428443801,"name":"showToolWindowsNumbers","value":true},"id":"UISettings"}}
{"session":"479660a5dd79","build":"183.4284.148","bucket":"-1","time":1551428443761,"group":{"id":"settings","version":"8"},"event":{"data":{"created":1551428443801,"name":"smoothScrolling","value":false},"id":"UISettings"}}
{"session":"479660a5dd79","build":"183.4284.148","bucket":"-1","time":1551428443761,"group":{"id":"settings","version":"8"},"event":{"data":{"created":1551428443801,"name":"sortBookmarks","value":false},"id":"UISettings"}}
{"session":"479660a5dd79","build":"183.4284.148","bucket":"-1","time":1551428443761,"group":{"id":"settings","version":"8"},"event":{"data":{"created":1551428443801,"name":"sortLookupElementsLexicographically","value":false},"id":"UISettings"}}
{"session":"479660a5dd79","build":"183.4284.148","bucket":"-1","time":1551428443761,"group":{"id":"settings","version":"8"},"event":{"data":{"created":1551428443801,"name":"useSmallLabelsOnTabs","value":false},"id":"UISettings"}}
{"session":"479660a5dd79","build":"183.4284.148","bucket":"-1","time":1551428443761,"group":{"id":"settings","version":"8"},"event":{"data":{"created":1551428443802,"name":"wideScreenSupport","value":false},"id":"UISettings"}}
{"session":"479660a5dd79","build":"183.4284.148","bucket":"-1","time":1551428443771,"group":{"id":"system.os.name","version":"8"},"event":{"data":{"created":1551428443802},"id":"Windows"}}
{"session":"479660a5dd79","build":"183.4284.148","bucket":"-1","time":1551428443771,"group":{"id":"system.os.version","version":"8"},"event":{"data":{"created":1551428443802},"id":"10.0"}}
{"session":"479660a5dd79","build":"183.4284.148","bucket":"-1","time":1551428443771,"group":{"id":"system.jvm.vendor","version":"8"},"event":{"data":{"created":1551428443802},"id":"JetBrains_s.r.o"}}
{"session":"479660a5dd79","build":"183.4284.148","bucket":"-1","time":1551428443771,"group":{"id":"system.jvm.version","version":"8"},"event":{"data":{"created":1551428443804},"id":"1.8"}}
{"session":"479660a5dd79","build":"183.4284.148","bucket":"-1","time":1551428444505,"group":{"id":"settings","version":"8"},"event":{"data":{"created":1551428444505,"name":"autoSaveIfInactive","value":false},"id":"GeneralSettings"}}
{"session":"479660a5dd79","build":"183.4284.148","bucket":"-1","time":1551428444505,"group":{"id":"settings","version":"8"},"event":{"data":{"created":1551428444505,"name":"confirmExit","value":true},"id":"GeneralSettings"}}
{"session":"479660a5dd79","build":"183.4284.148","bucket":"-1","time":1551428444505,"group":{"id":"settings","version":"8"},"event":{"data":{"created":1551428444505,"name":"reopenLastProject","value":true},"id":"GeneralSettings"}}
{"session":"479660a5dd79","build":"183.4284.148","bucket":"-1","time":1551428444505,"group":{"id":"settings","version":"8"},"event":{"data":{"created":1551428444505,"name":"saveOnFrameDeactivation","value":true},"id":"GeneralSettings"}}
{"session":"479660a5dd79","build":"183.4284.148","bucket":"-1","time":1551428444505,"group":{"id":"settings","version":"8"},"event":{"data":{"created":1551428444506,"name":"searchInBackground","value":false},"id":"GeneralSettings"}}
{"session":"479660a5dd79","build":"183.4284.148","bucket":"-1","time":1551428444505,"group":{"id":"settings","version":"8"},"event":{"data":{"default":false,"created":1551428444506,"name":"showTipsOnStartup","value":false},"id":"GeneralSettings"}}
{"session":"479660a5dd79","build":"183.4284.148","bucket":"-1","time":1551428444505,"group":{"id":"settings","version":"8"},"event":{"data":{"created":1551428444508,"name":"showWelcomeScreen","value":true},"id":"GeneralSettings"}}
{"session":"479660a5dd79","build":"183.4284.148","bucket":"-1","time":1551428444505,"group":{"id":"settings","version":"8"},"event":{"data":{"created":1551428444509,"name":"supportScreenReaders","value":false},"id":"GeneralSettings"}}
{"session":"479660a5dd79","build":"183.4284.148","bucket":"-1","time":1551428444505,"group":{"id":"settings","version":"8"},"event":{"data":{"created":1551428444515,"name":"syncOnFrameActivation","value":true},"id":"GeneralSettings"}}
{"session":"479660a5dd79","build":"183.4284.148","bucket":"-1","time":1551428444505,"group":{"id":"settings","version":"8"},"event":{"data":{"created":1551428444516,"name":"useDefaultBrowser","value":true},"id":"GeneralSettings"}}
{"session":"479660a5dd79","build":"183.4284.148","bucket":"-1","time":1551428444505,"group":{"id":"settings","version":"8"},"event":{"data":{"created":1551428444518,"name":"useSafeWrite","value":true},"id":"GeneralSettings"}}
{"session":"479660a5dd79","build":"183.4284.148","bucket":"-1","time":1551428446961,"group":{"id":"ui.dialogs","version":"8"},"event":{"count":1,"data":{"created":1551428446961,"type":"show"},"id":"com.intellij.openapi.progress.util.ProgressDialog$MyDialogWrapper"}}
{"session":"479660a5dd79","build":"183.4284.148","bucket":"-1","time":1551428449675,"group":{"id":"ui.dialogs","version":"8"},"event":{"count":1,"data":{"code":1,"created":1551428449675,"type":"close"},"id":"com.intellij.openapi.progress.util.ProgressDialog$MyDialogWrapper"}}
{"session":"479660a5dd79","build":"183.4284.148","bucket":"-1","time":1551428449723,"group":{"id":"statistics.lifecycle.project","version":"8"},"event":{"count":1,"data":{"created":1551428449724,"project":"1467702432"},"id":"project.opened"}}
{"session":"479660a5dd79","build":"183.4284.148","bucket":"-1","time":1551428449725,"group":{"id":"lifecycle","version":"8"},"event":{"count":1,"data":{"created":1551428449725},"id":"project.opened"}}
{"session":"479660a5dd79","build":"183.4284.148","bucket":"-1","time":1551428451252,"group":{"id":"ui.dialogs","version":"8"},"event":{"count":1,"data":{"created":1551428451255,"type":"show"},"id":"com.intellij.openapi.progress.util.ProgressDialog$MyDialogWrapper"}}
{"session":"479660a5dd79","build":"183.4284.148","bucket":"-1","time":1551428454157,"group":{"id":"statistics.lifecycle.app","version":"8"},"event":{"count":1,"data":{"created":1551428454157},"id":"ide.start"}}
{"session":"479660a5dd79","build":"183.4284.148","bucket":"-1","time":1551428454157,"group":{"id":"lifecycle","version":"8"},"event":{"count":1,"data":{"created":1551428454158},"id":"app.started"}}
{"session":"479660a5dd79","build":"183.4284.148","bucket":"-1","time":1551428455023,"group":{"id":"ui.dialogs","version":"8"},"event":{"count":1,"data":{"code":1,"created":1551428455034,"type":"close"},"id":"com.intellij.openapi.progress.util.ProgressDialog$MyDialogWrapper"}}
{"session":"479660a5dd79","build":"183.4284.148","bucket":"-1","time":1551428455111,"group":{"id":"statistics.lifecycle.project","version":"8"},"event":{"count":1,"data":{"created":1551428455112,"project":"1467702432"},"id":"project.open.time.8"}}
{"session":"479660a5dd79","build":"183.4284.148","bucket":"-1","time":1551428455111,"group":{"id":"lifecycle","version":"8"},"event":{"count":1,"data":{"created":1551428455113,"time.ms":8746},"id":"project.opening.finished"}}
{"session":"479660a5dd79","build":"183.4284.148","bucket":"-1","time":1551428470110,"group":{"id":"toolwindow","version":"8"},"event":{"count":1,"data":{"created":1551428470110,"data_1":"Windows"},"id":"Project_by_Activation"}}
{"session":"479660a5dd79","build":"183.4284.148","bucket":"-1","time":1551428485187,"group":{"id":"statistics.file.types.open","version":"8"},"event":{"count":1,"data":{"created":1551428485187,"project":"1467702432"},"id":"Properties"}}
{"session":"479660a5dd79","build":"183.4284.148","bucket":"-1","time":1551428492471,"group":{"id":"ui.dialogs","version":"8"},"event":{"count":1,"data":{"created":1551428492471,"type":"show"},"id":"com.intellij.openapi.ui.messages.MessageDialog"}}
{"session":"479660a5dd79","build":"183.4284.148","bucket":"-1","time":1551428493538,"group":{"id":"statistics.lifecycle.app","version":"8"},"event":{"count":1,"data":{"created":1551428493538},"id":"ide.close"}}
{"session":"479660a5dd79","build":"183.4284.148","bucket":"-1","time":1551428493538,"group":{"id":"lifecycle","version":"8"},"event":{"count":1,"data":{"restart":false,"created":1551428493538},"id":"app.closed"}}
{"session":"479660a5dd79","build":"183.4284.148","bucket":"-1","time":1551428493637,"group":{"id":"statistics.lifecycle.project","version":"8"},"event":{"count":1,"data":{"created":1551428493638,"project":"1467702432"},"id":"project.closed"}}
{"session":"479660a5dd79","build":"183.4284.148","bucket":"-1","time":1551428494434,"group":{"id":"lifecycle","version":"8"},"event":{"count":1,"data":{"created":1551428494434},"id":"project.closed"}}
