{"session":"a19281bbe8a0","build":"183.4284.148","bucket":"-1","time":1551343678880,"group":{"id":"settings","version":"8"},"event":{"data":{"created":1551343678888,"name":"activeMruEditorOnClose","value":false},"id":"UISettings"}}
{"session":"a19281bbe8a0","build":"183.4284.148","bucket":"-1","time":1551343678881,"group":{"id":"settings","version":"8"},"event":{"data":{"created":1551343678917,"name":"activeRightEditorOnClose","value":false},"id":"UISettings"}}
{"session":"a19281bbe8a0","build":"183.4284.148","bucket":"-1","time":1551343678881,"group":{"id":"settings","version":"8"},"event":{"data":{"created":1551343678939,"name":"allowMergeButtons","value":true},"id":"UISettings"}}
{"session":"a19281bbe8a0","build":"183.4284.148","bucket":"-1","time":1551343678881,"group":{"id":"settings","version":"8"},"event":{"data":{"created":1551343678940,"name":"alwaysShowWindowsButton","value":false},"id":"UISettings"}}
{"session":"a19281bbe8a0","build":"183.4284.148","bucket":"-1","time":1551343678881,"group":{"id":"settings","version":"8"},"event":{"data":{"created":1551343678941,"name":"animateWindows","value":true},"id":"UISettings"}}
{"session":"a19281bbe8a0","build":"183.4284.148","bucket":"-1","time":1551343678881,"group":{"id":"settings","version":"8"},"event":{"data":{"created":1551343678941,"name":"closeNonModifiedFilesFirst","value":false},"id":"UISettings"}}
{"session":"a19281bbe8a0","build":"183.4284.148","bucket":"-1","time":1551343678881,"group":{"id":"settings","version":"8"},"event":{"data":{"created":1551343678941,"name":"closeTabButtonOnTheRight","value":true},"id":"UISettings"}}
{"session":"a19281bbe8a0","build":"183.4284.148","bucket":"-1","time":1551343678881,"group":{"id":"settings","version":"8"},"event":{"data":{"created":1551343678943,"name":"cycleScrolling","value":true},"id":"UISettings"}}
{"session":"a19281bbe8a0","build":"183.4284.148","bucket":"-1","time":1551343678881,"group":{"id":"settings","version":"8"},"event":{"data":{"created":1551343678943,"name":"defaultAutoScrollToSource","value":false},"id":"UISettings"}}
{"session":"a19281bbe8a0","build":"183.4284.148","bucket":"-1","time":1551343678881,"group":{"id":"settings","version":"8"},"event":{"data":{"created":1551343678943,"name":"disableMnemonics","value":false},"id":"UISettings"}}
{"session":"a19281bbe8a0","build":"183.4284.148","bucket":"-1","time":1551343678881,"group":{"id":"settings","version":"8"},"event":{"data":{"created":1551343678944,"name":"disableMnemonicsInControls","value":false},"id":"UISettings"}}
{"session":"a19281bbe8a0","build":"183.4284.148","bucket":"-1","time":1551343678881,"group":{"id":"settings","version":"8"},"event":{"data":{"created":1551343678944,"name":"dndWithPressedAltOnly","value":false},"id":"UISettings"}}
{"session":"a19281bbe8a0","build":"183.4284.148","bucket":"-1","time":1551343678881,"group":{"id":"settings","version":"8"},"event":{"data":{"created":1551343678944,"name":"enableAlphaMode","value":false},"id":"UISettings"}}
{"session":"a19281bbe8a0","build":"183.4284.148","bucket":"-1","time":1551343678881,"group":{"id":"settings","version":"8"},"event":{"data":{"created":1551343678944,"name":"hideKnownExtensionInTabs","value":false},"id":"UISettings"}}
{"session":"a19281bbe8a0","build":"183.4284.148","bucket":"-1","time":1551343678881,"group":{"id":"settings","version":"8"},"event":{"data":{"created":1551343678945,"name":"hideNavigationOnFocusLoss","value":true},"id":"UISettings"}}
{"session":"a19281bbe8a0","build":"183.4284.148","bucket":"-1","time":1551343678881,"group":{"id":"settings","version":"8"},"event":{"data":{"created":1551343678945,"name":"hideTabsIfNeed","value":true},"id":"UISettings"}}
{"session":"a19281bbe8a0","build":"183.4284.148","bucket":"-1","time":1551343678881,"group":{"id":"settings","version":"8"},"event":{"data":{"created":1551343678945,"name":"hideToolStripes","value":false},"id":"UISettings"}}
{"session":"a19281bbe8a0","build":"183.4284.148","bucket":"-1","time":1551343678881,"group":{"id":"settings","version":"8"},"event":{"data":{"created":1551343678945,"name":"leftHorizontalSplit","value":false},"id":"UISettings"}}
{"session":"a19281bbe8a0","build":"183.4284.148","bucket":"-1","time":1551343678881,"group":{"id":"settings","version":"8"},"event":{"data":{"created":1551343678962,"name":"markModifiedTabsWithAsterisk","value":false},"id":"UISettings"}}
{"session":"a19281bbe8a0","build":"183.4284.148","bucket":"-1","time":1551343678881,"group":{"id":"settings","version":"8"},"event":{"data":{"created":1551343678963,"name":"mergeEqualStackTraces","value":true},"id":"UISettings"}}
{"session":"a19281bbe8a0","build":"183.4284.148","bucket":"-1","time":1551343678881,"group":{"id":"settings","version":"8"},"event":{"data":{"created":1551343678963,"name":"moveMouseOnDefaultButton","value":false},"id":"UISettings"}}
{"session":"a19281bbe8a0","build":"183.4284.148","bucket":"-1","time":1551343678881,"group":{"id":"settings","version":"8"},"event":{"data":{"created":1551343678963,"name":"navigateToPreview","value":false},"id":"UISettings"}}
{"session":"a19281bbe8a0","build":"183.4284.148","bucket":"-1","time":1551343678881,"group":{"id":"settings","version":"8"},"event":{"data":{"created":1551343678963,"name":"overrideConsoleCycleBufferSize","value":false},"id":"UISettings"}}
{"session":"a19281bbe8a0","build":"183.4284.148","bucket":"-1","time":1551343678881,"group":{"id":"settings","version":"8"},"event":{"data":{"created":1551343678965,"name":"overrideLafFonts","value":false},"id":"UISettings"}}
{"session":"a19281bbe8a0","build":"183.4284.148","bucket":"-1","time":1551343678881,"group":{"id":"settings","version":"8"},"event":{"data":{"created":1551343678965,"name":"pinFindInPath","value":false},"id":"UISettings"}}
{"session":"a19281bbe8a0","build":"183.4284.148","bucket":"-1","time":1551343678881,"group":{"id":"settings","version":"8"},"event":{"data":{"created":1551343678966,"name":"presentationMode","value":false},"id":"UISettings"}}
{"session":"a19281bbe8a0","build":"183.4284.148","bucket":"-1","time":1551343678881,"group":{"id":"settings","version":"8"},"event":{"data":{"created":1551343678966,"name":"reuseNotModifiedTabs","value":false},"id":"UISettings"}}
{"session":"a19281bbe8a0","build":"183.4284.148","bucket":"-1","time":1551343678881,"group":{"id":"settings","version":"8"},"event":{"data":{"created":1551343678966,"name":"rightHorizontalSplit","value":false},"id":"UISettings"}}
{"session":"a19281bbe8a0","build":"183.4284.148","bucket":"-1","time":1551343678881,"group":{"id":"settings","version":"8"},"event":{"data":{"created":1551343678966,"name":"scrollTabLayoutInEditor","value":true},"id":"UISettings"}}
{"session":"a19281bbe8a0","build":"183.4284.148","bucket":"-1","time":1551343678881,"group":{"id":"settings","version":"8"},"event":{"data":{"created":1551343678966,"name":"showCloseButton","value":true},"id":"UISettings"}}
{"session":"a19281bbe8a0","build":"183.4284.148","bucket":"-1","time":1551343678881,"group":{"id":"settings","version":"8"},"event":{"data":{"created":1551343678966,"name":"showDirectoryForNonUniqueFilenames","value":true},"id":"UISettings"}}
{"session":"a19281bbe8a0","build":"183.4284.148","bucket":"-1","time":1551343678881,"group":{"id":"settings","version":"8"},"event":{"data":{"created":1551343678967,"name":"showEditorToolTip","value":true},"id":"UISettings"}}
{"session":"a19281bbe8a0","build":"183.4284.148","bucket":"-1","time":1551343678881,"group":{"id":"settings","version":"8"},"event":{"data":{"created":1551343678967,"name":"showIconInQuickNavigation","value":true},"id":"UISettings"}}
{"session":"a19281bbe8a0","build":"183.4284.148","bucket":"-1","time":1551343678881,"group":{"id":"settings","version":"8"},"event":{"data":{"created":1551343678967,"name":"showIconsInMenus","value":true},"id":"UISettings"}}
{"session":"a19281bbe8a0","build":"183.4284.148","bucket":"-1","time":1551343678881,"group":{"id":"settings","version":"8"},"event":{"data":{"created":1551343678967,"name":"showMainToolbar","value":false},"id":"UISettings"}}
{"session":"a19281bbe8a0","build":"183.4284.148","bucket":"-1","time":1551343678881,"group":{"id":"settings","version":"8"},"event":{"data":{"created":1551343678967,"name":"showMemoryIndicator","value":false},"id":"UISettings"}}
{"session":"a19281bbe8a0","build":"183.4284.148","bucket":"-1","time":1551343678881,"group":{"id":"settings","version":"8"},"event":{"data":{"created":1551343678967,"name":"showNavigationBar","value":true},"id":"UISettings"}}
{"session":"a19281bbe8a0","build":"183.4284.148","bucket":"-1","time":1551343678881,"group":{"id":"settings","version":"8"},"event":{"data":{"created":1551343678967,"name":"showStatusBar","value":true},"id":"UISettings"}}
{"session":"a19281bbe8a0","build":"183.4284.148","bucket":"-1","time":1551343678881,"group":{"id":"settings","version":"8"},"event":{"data":{"created":1551343678968,"name":"showTabsTooltips","value":true},"id":"UISettings"}}
{"session":"a19281bbe8a0","build":"183.4284.148","bucket":"-1","time":1551343678881,"group":{"id":"settings","version":"8"},"event":{"data":{"created":1551343678968,"name":"showToolWindowsNumbers","value":true},"id":"UISettings"}}
{"session":"a19281bbe8a0","build":"183.4284.148","bucket":"-1","time":1551343678881,"group":{"id":"settings","version":"8"},"event":{"data":{"created":1551343678968,"name":"smoothScrolling","value":false},"id":"UISettings"}}
{"session":"a19281bbe8a0","build":"183.4284.148","bucket":"-1","time":1551343678881,"group":{"id":"settings","version":"8"},"event":{"data":{"created":1551343678968,"name":"sortBookmarks","value":false},"id":"UISettings"}}
{"session":"a19281bbe8a0","build":"183.4284.148","bucket":"-1","time":1551343678881,"group":{"id":"settings","version":"8"},"event":{"data":{"created":1551343678968,"name":"sortLookupElementsLexicographically","value":false},"id":"UISettings"}}
{"session":"a19281bbe8a0","build":"183.4284.148","bucket":"-1","time":1551343678881,"group":{"id":"settings","version":"8"},"event":{"data":{"created":1551343678968,"name":"useSmallLabelsOnTabs","value":false},"id":"UISettings"}}
{"session":"a19281bbe8a0","build":"183.4284.148","bucket":"-1","time":1551343678881,"group":{"id":"settings","version":"8"},"event":{"data":{"created":1551343678968,"name":"wideScreenSupport","value":false},"id":"UISettings"}}
{"session":"a19281bbe8a0","build":"183.4284.148","bucket":"-1","time":1551343678981,"group":{"id":"system.os.name","version":"8"},"event":{"data":{"created":1551343678981},"id":"Windows"}}
{"session":"a19281bbe8a0","build":"183.4284.148","bucket":"-1","time":1551343678982,"group":{"id":"system.os.version","version":"8"},"event":{"data":{"created":1551343678982},"id":"10.0"}}
{"session":"a19281bbe8a0","build":"183.4284.148","bucket":"-1","time":1551343678983,"group":{"id":"system.jvm.vendor","version":"8"},"event":{"data":{"created":1551343678983},"id":"JetBrains_s.r.o"}}
{"session":"a19281bbe8a0","build":"183.4284.148","bucket":"-1","time":1551343678985,"group":{"id":"system.jvm.version","version":"8"},"event":{"data":{"created":1551343678985},"id":"1.8"}}
{"session":"a19281bbe8a0","build":"183.4284.148","bucket":"-1","time":1551343679719,"group":{"id":"settings","version":"8"},"event":{"data":{"created":1551343679721,"name":"autoSaveIfInactive","value":false},"id":"GeneralSettings"}}
{"session":"a19281bbe8a0","build":"183.4284.148","bucket":"-1","time":1551343679719,"group":{"id":"settings","version":"8"},"event":{"data":{"created":1551343679721,"name":"confirmExit","value":true},"id":"GeneralSettings"}}
{"session":"a19281bbe8a0","build":"183.4284.148","bucket":"-1","time":1551343679719,"group":{"id":"settings","version":"8"},"event":{"data":{"created":1551343679721,"name":"reopenLastProject","value":true},"id":"GeneralSettings"}}
{"session":"a19281bbe8a0","build":"183.4284.148","bucket":"-1","time":1551343679719,"group":{"id":"settings","version":"8"},"event":{"data":{"created":1551343679721,"name":"saveOnFrameDeactivation","value":true},"id":"GeneralSettings"}}
{"session":"a19281bbe8a0","build":"183.4284.148","bucket":"-1","time":1551343679719,"group":{"id":"settings","version":"8"},"event":{"data":{"created":1551343679723,"name":"searchInBackground","value":false},"id":"GeneralSettings"}}
{"session":"a19281bbe8a0","build":"183.4284.148","bucket":"-1","time":1551343679719,"group":{"id":"settings","version":"8"},"event":{"data":{"default":false,"created":1551343679723,"name":"showTipsOnStartup","value":false},"id":"GeneralSettings"}}
{"session":"a19281bbe8a0","build":"183.4284.148","bucket":"-1","time":1551343679719,"group":{"id":"settings","version":"8"},"event":{"data":{"created":1551343679723,"name":"showWelcomeScreen","value":true},"id":"GeneralSettings"}}
{"session":"a19281bbe8a0","build":"183.4284.148","bucket":"-1","time":1551343679719,"group":{"id":"settings","version":"8"},"event":{"data":{"created":1551343679723,"name":"supportScreenReaders","value":false},"id":"GeneralSettings"}}
{"session":"a19281bbe8a0","build":"183.4284.148","bucket":"-1","time":1551343679719,"group":{"id":"settings","version":"8"},"event":{"data":{"created":1551343679723,"name":"syncOnFrameActivation","value":true},"id":"GeneralSettings"}}
{"session":"a19281bbe8a0","build":"183.4284.148","bucket":"-1","time":1551343679719,"group":{"id":"settings","version":"8"},"event":{"data":{"created":1551343679724,"name":"useDefaultBrowser","value":true},"id":"GeneralSettings"}}
{"session":"a19281bbe8a0","build":"183.4284.148","bucket":"-1","time":1551343679719,"group":{"id":"settings","version":"8"},"event":{"data":{"created":1551343679724,"name":"useSafeWrite","value":true},"id":"GeneralSettings"}}
{"session":"a19281bbe8a0","build":"183.4284.148","bucket":"-1","time":1551343682215,"group":{"id":"ui.dialogs","version":"8"},"event":{"count":1,"data":{"created":1551343682215,"type":"show"},"id":"com.intellij.openapi.progress.util.ProgressDialog$MyDialogWrapper"}}
{"session":"a19281bbe8a0","build":"183.4284.148","bucket":"-1","time":1551343685031,"group":{"id":"ui.dialogs","version":"8"},"event":{"count":1,"data":{"code":1,"created":1551343685033,"type":"close"},"id":"com.intellij.openapi.progress.util.ProgressDialog$MyDialogWrapper"}}
{"session":"a19281bbe8a0","build":"183.4284.148","bucket":"-1","time":1551343685080,"group":{"id":"statistics.lifecycle.project","version":"8"},"event":{"count":1,"data":{"created":1551343685080,"project":"1467702432"},"id":"project.opened"}}
{"session":"a19281bbe8a0","build":"183.4284.148","bucket":"-1","time":1551343685081,"group":{"id":"lifecycle","version":"8"},"event":{"count":1,"data":{"created":1551343685081},"id":"project.opened"}}
{"session":"a19281bbe8a0","build":"183.4284.148","bucket":"-1","time":1551343686475,"group":{"id":"toolwindow","version":"8"},"event":{"count":1,"data":{"created":1551343686475,"data_1":"Windows"},"id":"PsiViewer_by_Activation"}}
{"session":"a19281bbe8a0","build":"183.4284.148","bucket":"-1","time":1551343686626,"group":{"id":"ui.dialogs","version":"8"},"event":{"count":1,"data":{"created":1551343686627,"type":"show"},"id":"com.intellij.openapi.progress.util.ProgressDialog$MyDialogWrapper"}}
{"session":"a19281bbe8a0","build":"183.4284.148","bucket":"-1","time":1551343690034,"group":{"id":"statistics.lifecycle.app","version":"8"},"event":{"count":1,"data":{"created":1551343690034},"id":"ide.start"}}
{"session":"a19281bbe8a0","build":"183.4284.148","bucket":"-1","time":1551343690034,"group":{"id":"lifecycle","version":"8"},"event":{"count":1,"data":{"created":1551343690034},"id":"app.started"}}
{"session":"a19281bbe8a0","build":"183.4284.148","bucket":"-1","time":1551343690816,"group":{"id":"ui.dialogs","version":"8"},"event":{"count":1,"data":{"code":1,"created":1551343690817,"type":"close"},"id":"com.intellij.openapi.progress.util.ProgressDialog$MyDialogWrapper"}}
{"session":"a19281bbe8a0","build":"183.4284.148","bucket":"-1","time":1551343691157,"group":{"id":"statistics.lifecycle.project","version":"8"},"event":{"count":1,"data":{"created":1551343691157,"project":"1467702432"},"id":"project.open.time.9"}}
{"session":"a19281bbe8a0","build":"183.4284.148","bucket":"-1","time":1551343691157,"group":{"id":"lifecycle","version":"8"},"event":{"count":1,"data":{"created":1551343691160,"time.ms":9443},"id":"project.opening.finished"}}
{"session":"a19281bbe8a0","build":"183.4284.148","bucket":"-1","time":1551343693625,"group":{"id":"toolwindow","version":"8"},"event":{"count":1,"data":{"created":1551343693625,"data_1":"Windows"},"id":"Project_by_Activation"}}
{"session":"a19281bbe8a0","build":"183.4284.148","bucket":"-1","time":1551343694008,"group":{"id":"statistics.file.types.open","version":"8"},"event":{"count":1,"data":{"created":1551343694012,"project":"1467702432"},"id":"test_file_name"}}
{"session":"a19281bbe8a0","build":"183.4284.148","bucket":"-1","time":1551343700207,"group":{"id":"actions.v2","version":"8"},"event":{"count":1,"data":{"context_menu":true,"created":1551343700207,"place":"EditorPopup","data_1":"Windows"},"id":"third.party.plugin.action"}}
{"session":"a19281bbe8a0","build":"183.4284.148","bucket":"-1","time":1551343700219,"group":{"id":"toolwindow","version":"8"},"event":{"count":1,"data":{"created":1551343700219,"data_1":"Windows"},"id":"PsiViewer_by_Activation"}}
{"session":"a19281bbe8a0","build":"183.4284.148","bucket":"-1","time":1551343708890,"group":{"id":"actions.v2","version":"8"},"event":{"count":1,"data":{"context_menu":true,"created":1551343708890,"place":"EditorPopup","data_1":"Windows"},"id":"third.party.plugin.action"}}
{"session":"a19281bbe8a0","build":"183.4284.148","bucket":"-1","time":1551343708892,"group":{"id":"toolwindow","version":"8"},"event":{"count":1,"data":{"created":1551343708892,"data_1":"Windows"},"id":"PsiViewer_by_Activation"}}
{"session":"a19281bbe8a0","build":"183.4284.148","bucket":"-1","time":1551343716105,"group":{"id":"actions.v2","version":"8"},"event":{"count":7,"data":{"context_menu":false,"last":1551343721321,"created":1551343716105,"data_1":"Windows"},"id":"EditorBackSpace"}}
{"session":"a19281bbe8a0","build":"183.4284.148","bucket":"-1","time":1551343724502,"group":{"id":"statistics.file.types.edit","version":"8"},"event":{"count":1,"data":{"created":1551343724502,"project":"1467702432"},"id":"test_file_name"}}
{"session":"a19281bbe8a0","build":"183.4284.148","bucket":"-1","time":1551343731583,"group":{"id":"actions.v2","version":"8"},"event":{"count":3,"data":{"context_menu":false,"last":1551343731903,"created":1551343731583,"data_1":"Windows"},"id":"EditorBackSpace"}}
{"session":"a19281bbe8a0","build":"183.4284.148","bucket":"-1","time":1551343748900,"group":{"id":"actions.v2","version":"8"},"event":{"count":5,"data":{"context_menu":false,"last":1551343756804,"created":1551343748900,"data_1":"Windows"},"id":"EditorBackSpace"}}
{"session":"a19281bbe8a0","build":"183.4284.148","bucket":"-1","time":1551343767738,"group":{"id":"statistics.ui.toolbar.clicks","version":"8"},"event":{"count":1,"data":{"created":1551343767739,"data_1":"Windows"},"id":"com.intellij.openapi.wm.impl.ToolWindowHeader$HideAction@ToolwindowTitle"}}
{"session":"a19281bbe8a0","build":"183.4284.148","bucket":"-1","time":1551343773017,"group":{"id":"ui.dialogs","version":"8"},"event":{"count":1,"data":{"created":1551343773017,"type":"show"},"id":"com.intellij.openapi.ui.messages.MessageDialog"}}
{"session":"a19281bbe8a0","build":"183.4284.148","bucket":"-1","time":1551343774410,"group":{"id":"statistics.lifecycle.app","version":"8"},"event":{"count":1,"data":{"created":1551343774410},"id":"ide.close"}}
{"session":"a19281bbe8a0","build":"183.4284.148","bucket":"-1","time":1551343774410,"group":{"id":"lifecycle","version":"8"},"event":{"count":1,"data":{"restart":false,"created":1551343774411},"id":"app.closed"}}
{"session":"a19281bbe8a0","build":"183.4284.148","bucket":"-1","time":1551343774434,"group":{"id":"statistics.lifecycle.project","version":"8"},"event":{"count":1,"data":{"created":1551343774434,"project":"1467702432"},"id":"project.closed"}}
{"session":"a19281bbe8a0","build":"183.4284.148","bucket":"-1","time":1551343774597,"group":{"id":"lifecycle","version":"8"},"event":{"count":1,"data":{"created":1551343774597},"id":"project.closed"}}
